level=warn ts=2026-01-09T22:45:57.362845826Z caller=main.go:119 msg="-- CONFIGURATION WARNINGS --"
level=warn ts=2026-01-09T22:45:57.362883896Z caller=main.go:125 msg="Inline, unscoped overrides are deprecated. Please use the new overrides config format."
level=info ts=2026-01-09T22:45:57.362976157Z caller=main.go:103 msg="Starting Tempo" version="(version=2.9.0, branch=HEAD, revision=f1b3ef152)" target=compactor
level=info msg="server listening on addresses" http=[::]:3101 grpc=[::]:43701
level=info ts=2026-01-09T22:45:57.364357818Z caller=server.go:281 msg="server listening on addresses" http=[::]:3200 grpc=[::]:9095
level=info ts=2026-01-09T22:45:57.374070774Z caller=cache.go:55 msg="caches available to storage backend" parquet-footer=false bloom=false parquet-offset-idx=false parquet-column-idx=false trace-id-index=false parquet-page=false
level=info ts=2026-01-09T22:45:57.375553219Z caller=memberlist_client.go:484 msg="Using memberlist cluster label and node name" cluster_label= node=tempo-tempostack-compactor-7f54fdcdb5-58brd-90fd0f40
level=info ts=2026-01-09T22:45:57.376311059Z caller=module_service.go:82 msg=starting module=internal-server
level=info ts=2026-01-09T22:45:57.3769588Z caller=module_service.go:82 msg=starting module=server
level=info ts=2026-01-09T22:45:57.377030953Z caller=module_service.go:82 msg=starting module=cache-provider
level=info ts=2026-01-09T22:45:57.377086112Z caller=module_service.go:82 msg=starting module=store
level=info ts=2026-01-09T22:45:57.377333032Z caller=module_service.go:82 msg=starting module=memberlist-kv
level=info ts=2026-01-09T22:45:57.377392255Z caller=module_service.go:82 msg=starting module=overrides
level=info ts=2026-01-09T22:45:57.377566328Z caller=module_service.go:82 msg=starting module=compactor
level=info ts=2026-01-09T22:45:57.377801732Z caller=memberlist_client.go:628 msg="memberlist fast-join starting" nodes_found=1 to_join=2
level=info ts=2026-01-09T22:45:57.389882549Z caller=memberlist_client.go:648 msg="memberlist fast-join finished" joined_nodes=3 elapsed_time=12.084172ms
level=info ts=2026-01-09T22:45:57.389912491Z caller=memberlist_client.go:666 phase=startup msg="joining memberlist cluster" join_members=tempo-tempostack-gossip-ring
level=info ts=2026-01-09T22:45:57.389972196Z caller=basic_lifecycler.go:321 msg="instance not found in the ring" instance=tempo-tempostack-compactor-7f54fdcdb5-58brd ring=compactor
level=info ts=2026-01-09T22:45:57.391011307Z caller=compactor.go:125 msg="waiting until compactor is ACTIVE in the ring"
level=info ts=2026-01-09T22:45:57.397449182Z caller=memberlist_client.go:673 phase=startup msg="joining memberlist cluster succeeded" reached_nodes=3 elapsed_time=7.526393ms
level=info ts=2026-01-09T22:46:02.993247693Z caller=compactor.go:131 msg="compactor is ACTIVE in the ring"
level=info ts=2026-01-09T22:46:02.993292103Z caller=compactor.go:140 msg="waiting until compactor ring topology is stable" min_waiting=1m0s max_waiting=5m0s
level=warn ts=2026-01-09T22:46:31.26096118Z caller=tcp_transport.go:496 component="memberlist TCPTransport" msg="WriteTo failed" addr=10.128.2.37:7946 err="dial tcp 10.128.2.37:7946: i/o timeout"
level=info ts=2026-01-09T22:47:02.99431599Z caller=compactor.go:144 msg="compactor ring topology is stable"
level=info ts=2026-01-09T22:47:02.994372981Z caller=tempodb.go:638 msg="polling enabled" interval=5m0s blocklist_concurrency=50
level=info ts=2026-01-09T22:47:03.006070617Z caller=poller.go:252 msg="blocklist poll complete" seconds=0.011669491
level=info ts=2026-01-09T22:47:03.006116919Z caller=compactor.go:157 msg="enabling compaction"
level=info ts=2026-01-09T22:47:03.00612802Z caller=tempodb.go:598 msg="compaction and retention enabled."
level=info ts=2026-01-09T22:47:03.006157132Z caller=app.go:213 msg="Tempo started"
level=info ts=2026-01-09T22:52:03.038067216Z caller=poller.go:305 msg="writing tenant index" tenant=tenant-1 metas=9 compactedMetas=0
level=info ts=2026-01-09T22:52:03.050126053Z caller=poller.go:252 msg="blocklist poll complete" seconds=0.043635027
level=info ts=2026-01-09T22:52:33.013116282Z caller=compactor.go:145 msg="starting compaction cycle" tenantID=tenant-1 offset=0
level=info ts=2026-01-09T22:52:33.01318159Z caller=compactor.go:170 msg="Compacting hash" hashString=tenant-1-0-491110-0
level=info ts=2026-01-09T22:52:33.01323068Z caller=compactor.go:266 msg="compacting block" version=vParquet4 tenantID=tenant-1 blockID=2279ad66-0f7b-4a79-bd7c-0a31b8b4b73b startTime="2026-01-09 22:44:35 +0000 UTC" endTime="2026-01-09 22:46:50 +0000 UTC" totalObjects=42017 size=178026866 compactionLevel=0 encoding=none totalRecords=42017 bloomShardCount=1 footerSize=18850 replicationFactor=0
level=info ts=2026-01-09T22:52:33.017164681Z caller=compactor.go:266 msg="compacting block" version=vParquet4 tenantID=tenant-1 blockID=f67ef5cd-1616-4f69-bd2d-9e7b4fbeb0f7 startTime="2026-01-09 22:45:05 +0000 UTC" endTime="2026-01-09 22:47:59 +0000 UTC" totalObjects=118123 size=501113833 compactionLevel=0 encoding=none totalRecords=118123 bloomShardCount=2 footerSize=33850 replicationFactor=0
level=info ts=2026-01-09T22:52:33.019324189Z caller=compactor.go:266 msg="compacting block" version=vParquet4 tenantID=tenant-1 blockID=412911aa-6dde-45a1-9cd9-6b92ec9f1005 startTime="2026-01-09 22:44:35 +0000 UTC" endTime="2026-01-09 22:47:31 +0000 UTC" totalObjects=119159 size=505523243 compactionLevel=0 encoding=none totalRecords=119159 bloomShardCount=2 footerSize=33853 replicationFactor=0
level=info ts=2026-01-09T22:52:33.021052554Z caller=compactor.go:266 msg="compacting block" version=vParquet4 tenantID=tenant-1 blockID=d737bfea-a39b-4e0b-ae9e-a0f9d5df1236 startTime="2026-01-09 22:48:05 +0000 UTC" endTime="2026-01-09 22:51:00 +0000 UTC" totalObjects=128494 size=545221522 compactionLevel=0 encoding=none totalRecords=128494 bloomShardCount=2 footerSize=33857 replicationFactor=0
level=info ts=2026-01-09T22:52:56.298718095Z caller=compactor.go:263 msg="flushed to block" bytes=336724118 objects=79333 values=99998816
level=info ts=2026-01-09T22:53:12.203963404Z caller=compactor.go:263 msg="flushed to block" bytes=336739275 objects=79334 values=99999817
level=info ts=2026-01-09T22:53:30.577343694Z caller=compactor.go:263 msg="flushed to block" bytes=336746585 objects=79337 values=99999724
level=info ts=2026-01-09T22:53:44.826914791Z caller=compactor.go:277 msg="wrote compacted block" version=vParquet4 tenantID=tenant-1 blockID=c947b1c6-3ea5-47d6-bd24-e7f496926117 startTime="2026-01-09 22:44:35 +0000 UTC" endTime="2026-01-09 22:51:00 +0000 UTC" totalObjects=312609 size=1327081139 compactionLevel=1 encoding=none totalRecords=312609 bloomShardCount=5 footerSize=63925 replicationFactor=0 dedicatedColumns=[]
level=info ts=2026-01-09T22:53:44.851875008Z caller=compactor.go:360 msg="compaction complete" elapsed=1m11.838647017s blockID=c947b1c6-3ea5-47d6-bd24-e7f496926117
level=info ts=2026-01-09T22:53:44.851933519Z caller=compactor.go:170 msg="Compacting hash" hashString=tenant-1-0-491110-0
level=info ts=2026-01-09T22:53:44.851963313Z caller=compactor.go:266 msg="compacting block" version=vParquet4 tenantID=tenant-1 blockID=d8d94c23-28fb-4c1c-84a3-312f711e296a startTime="2026-01-09 22:47:04 +0000 UTC" endTime="2026-01-09 22:50:00 +0000 UTC" totalObjects=129801 size=550781891 compactionLevel=0 encoding=none totalRecords=129801 bloomShardCount=2 footerSize=33857 replicationFactor=0
level=info ts=2026-01-09T22:53:44.853652278Z caller=compactor.go:266 msg="compacting block" version=vParquet4 tenantID=tenant-1 blockID=4db45b02-72b3-4493-a89c-a76f680cdad5 startTime="2026-01-09 22:46:36 +0000 UTC" endTime="2026-01-09 22:49:33 +0000 UTC" totalObjects=130903 size=555467804 compactionLevel=0 encoding=none totalRecords=130903 bloomShardCount=2 footerSize=33860 replicationFactor=0
level=info ts=2026-01-09T22:53:44.855394018Z caller=compactor.go:266 msg="compacting block" version=vParquet4 tenantID=tenant-1 blockID=18c831e0-018a-46d7-afa2-64665e3dab57 startTime="2026-01-09 22:47:35 +0000 UTC" endTime="2026-01-09 22:50:33 +0000 UTC" totalObjects=131076 size=556208383 compactionLevel=0 encoding=none totalRecords=131076 bloomShardCount=2 footerSize=33860 replicationFactor=0
level=info ts=2026-01-09T22:53:44.857016227Z caller=compactor.go:266 msg="compacting block" version=vParquet4 tenantID=tenant-1 blockID=c5447a2b-e39f-4b1e-9848-bd4e3eb92776 startTime="2026-01-09 22:46:04 +0000 UTC" endTime="2026-01-09 22:48:59 +0000 UTC" totalObjects=131216 size=556797435 compactionLevel=0 encoding=none totalRecords=131216 bloomShardCount=2 footerSize=33860 replicationFactor=0
level=info ts=2026-01-09T22:54:10.19839275Z caller=compactor.go:263 msg="flushed to block" bytes=336735135 objects=79336 values=99999103
level=info ts=2026-01-09T22:54:26.466553171Z caller=compactor.go:263 msg="flushed to block" bytes=336749500 objects=79337 values=99999388
level=info ts=2026-01-09T22:54:46.263155347Z caller=compactor.go:263 msg="flushed to block" bytes=336751224 objects=79339 values=99999828
level=info ts=2026-01-09T22:55:02.11947054Z caller=compactor.go:263 msg="flushed to block" bytes=336745761 objects=79340 values=99999603
level=info ts=2026-01-09T22:55:04.779802345Z caller=compactor.go:277 msg="wrote compacted block" version=vParquet4 tenantID=tenant-1 blockID=b12cfe31-911d-46e6-8df1-fd7ffc29df62 startTime="2026-01-09 22:46:04 +0000 UTC" endTime="2026-01-09 22:50:33 +0000 UTC" totalObjects=330852 size=1404255502 compactionLevel=1 encoding=none totalRecords=330852 bloomShardCount=7 footerSize=78767 replicationFactor=0 dedicatedColumns=[]
level=info ts=2026-01-09T22:55:04.803127949Z caller=compactor.go:360 msg="compaction complete" elapsed=1m19.951169262s blockID=b12cfe31-911d-46e6-8df1-fd7ffc29df62
level=info ts=2026-01-09T22:55:04.803182638Z caller=compactor.go:158 msg="compaction cycle complete. No more blocks to compact" tenantID=tenant-1
level=info ts=2026-01-09T22:55:04.803207381Z caller=compactor.go:145 msg="starting compaction cycle" tenantID=tenant-1 offset=0
level=info ts=2026-01-09T22:55:04.803221129Z caller=compactor.go:170 msg="Compacting hash" hashString=tenant-1-1-491110-0
level=info ts=2026-01-09T22:55:04.80324706Z caller=compactor.go:266 msg="compacting block" version=vParquet4 tenantID=tenant-1 blockID=c947b1c6-3ea5-47d6-bd24-e7f496926117 startTime="2026-01-09 22:44:35 +0000 UTC" endTime="2026-01-09 22:51:00 +0000 UTC" totalObjects=312609 size=1327081139 compactionLevel=1 encoding=none totalRecords=312609 bloomShardCount=5 footerSize=63925 replicationFactor=0
level=info ts=2026-01-09T22:55:04.805028519Z caller=compactor.go:266 msg="compacting block" version=vParquet4 tenantID=tenant-1 blockID=b12cfe31-911d-46e6-8df1-fd7ffc29df62 startTime="2026-01-09 22:46:04 +0000 UTC" endTime="2026-01-09 22:50:33 +0000 UTC" totalObjects=330852 size=1404255502 compactionLevel=1 encoding=none totalRecords=330852 bloomShardCount=7 footerSize=78767 replicationFactor=0
level=info ts=2026-01-09T22:55:25.312177751Z caller=compactor.go:263 msg="flushed to block" bytes=336716677 objects=79334 values=99999806
level=info ts=2026-01-09T22:55:43.397265824Z caller=compactor.go:263 msg="flushed to block" bytes=336741427 objects=79336 values=99999465
level=info ts=2026-01-09T22:55:57.979500822Z caller=compactor.go:263 msg="flushed to block" bytes=336736178 objects=79336 values=99999572
level=info ts=2026-01-09T22:56:18.480508932Z caller=compactor.go:263 msg="flushed to block" bytes=336730455 objects=79337 values=99999896
level=info ts=2026-01-09T22:56:36.64260161Z caller=compactor.go:263 msg="flushed to block" bytes=336736505 objects=79338 values=99998925
level=info ts=2026-01-09T22:56:54.333861581Z caller=compactor.go:263 msg="flushed to block" bytes=336721854 objects=79337 values=99999172
level=info ts=2026-01-09T22:57:03.0362727Z caller=poller.go:305 msg="writing tenant index" tenant=tenant-1 metas=13 compactedMetas=8
level=info ts=2026-01-09T22:57:03.059120536Z caller=poller.go:252 msg="blocklist poll complete" seconds=0.052427283
level=info ts=2026-01-09T22:57:08.776118269Z caller=compactor.go:263 msg="flushed to block" bytes=336735835 objects=79340 values=99999642
level=info ts=2026-01-09T22:57:13.669731187Z caller=compactor.go:277 msg="wrote compacted block" version=vParquet4 tenantID=tenant-1 blockID=29236644-0032-41f6-aa6f-348f9d4cb591 startTime="2026-01-09 22:44:35 +0000 UTC" endTime="2026-01-09 22:51:00 +0000 UTC" totalObjects=580096 size=2462224829 compactionLevel=2 encoding=none totalRecords=580096 bloomShardCount=8 footerSize=123831 replicationFactor=0 dedicatedColumns=[]
level=info ts=2026-01-09T22:57:13.682057365Z caller=compactor.go:360 msg="compaction complete" elapsed=2m8.8788102s blockID=29236644-0032-41f6-aa6f-348f9d4cb591
level=info ts=2026-01-09T22:57:13.682107759Z caller=compactor.go:158 msg="compaction cycle complete. No more blocks to compact" tenantID=tenant-1
level=info ts=2026-01-09T22:57:13.68214947Z caller=compactor.go:145 msg="starting compaction cycle" tenantID=tenant-1 offset=0
level=info ts=2026-01-09T22:57:13.682167153Z caller=compactor.go:170 msg="Compacting hash" hashString=tenant-1-0-491110-0
level=info ts=2026-01-09T22:57:13.682190655Z caller=compactor.go:266 msg="compacting block" version=vParquet4 tenantID=tenant-1 blockID=715ae850-15b2-4a76-bfcc-d108c28f4dac startTime="2026-01-09 22:53:04 +0000 UTC" endTime="2026-01-09 22:56:00 +0000 UTC" totalObjects=126574 size=537045936 compactionLevel=0 encoding=none totalRecords=126574 bloomShardCount=2 footerSize=33855 replicationFactor=0
level=info ts=2026-01-09T22:57:13.684127393Z caller=compactor.go:266 msg="compacting block" version=vParquet4 tenantID=tenant-1 blockID=6c5e25a8-adb6-4752-a32b-e601daae8aab startTime="2026-01-09 22:52:35 +0000 UTC" endTime="2026-01-09 22:55:34 +0000 UTC" totalObjects=126574 size=537039534 compactionLevel=0 encoding=none totalRecords=126574 bloomShardCount=2 footerSize=33855 replicationFactor=0
level=info ts=2026-01-09T22:57:13.685969789Z caller=compactor.go:266 msg="compacting block" version=vParquet4 tenantID=tenant-1 blockID=95ebe2e5-12cb-49eb-9b65-d17c630ec003 startTime="2026-01-09 22:51:36 +0000 UTC" endTime="2026-01-09 22:54:34 +0000 UTC" totalObjects=126652 size=537387293 compactionLevel=0 encoding=none totalRecords=126652 bloomShardCount=2 footerSize=33856 replicationFactor=0
level=info ts=2026-01-09T22:57:13.687963905Z caller=compactor.go:266 msg="compacting block" version=vParquet4 tenantID=tenant-1 blockID=8b0f530e-48ef-47c1-8907-36da42c4b217 startTime="2026-01-09 22:52:05 +0000 UTC" endTime="2026-01-09 22:55:01 +0000 UTC" totalObjects=127387 size=540514993 compactionLevel=0 encoding=none totalRecords=127387 bloomShardCount=2 footerSize=33856 replicationFactor=0
level=info ts=2026-01-09T22:57:39.26616884Z caller=compactor.go:263 msg="flushed to block" bytes=336739688 objects=79338 values=99999852
level=info ts=2026-01-09T22:57:54.963652787Z caller=compactor.go:263 msg="flushed to block" bytes=336742515 objects=79337 values=99999348
level=info ts=2026-01-09T22:58:16.334892635Z caller=compactor.go:263 msg="flushed to block" bytes=336739564 objects=79337 values=99999915
level=info ts=2026-01-09T22:58:33.440548739Z caller=compactor.go:263 msg="flushed to block" bytes=336742824 objects=79336 values=99999000
level=info ts=2026-01-09T22:58:34.840781578Z caller=compactor.go:277 msg="wrote compacted block" version=vParquet4 tenantID=tenant-1 blockID=fd103363-3c32-4b2d-bad4-2744c65b9739 startTime="2026-01-09 22:51:36 +0000 UTC" endTime="2026-01-09 22:56:00 +0000 UTC" totalObjects=324051 size=1375486531 compactionLevel=1 encoding=none totalRecords=324051 bloomShardCount=6 footerSize=78626 replicationFactor=0 dedicatedColumns=[]
level=info ts=2026-01-09T22:58:34.865834065Z caller=compactor.go:360 msg="compaction complete" elapsed=1m21.183644938s blockID=fd103363-3c32-4b2d-bad4-2744c65b9739
level=info ts=2026-01-09T22:58:34.865901345Z caller=compactor.go:170 msg="Compacting hash" hashString=tenant-1-0-491110-0
level=info ts=2026-01-09T22:58:34.865934126Z caller=compactor.go:266 msg="compacting block" version=vParquet4 tenantID=tenant-1 blockID=c37d8d71-c587-47e3-8b3f-2cafae52befb startTime="2026-01-09 22:50:05 +0000 UTC" endTime="2026-01-09 22:53:00 +0000 UTC" totalObjects=128059 size=543369084 compactionLevel=0 encoding=none totalRecords=128059 bloomShardCount=2 footerSize=33855 replicationFactor=0
level=info ts=2026-01-09T22:58:34.867723868Z caller=compactor.go:266 msg="compacting block" version=vParquet4 tenantID=tenant-1 blockID=48b477ac-1c5b-42c6-a7d5-bd39ae19f0d1 startTime="2026-01-09 22:50:35 +0000 UTC" endTime="2026-01-09 22:53:34 +0000 UTC" totalObjects=129032 size=547511758 compactionLevel=0 encoding=none totalRecords=129032 bloomShardCount=2 footerSize=33857 replicationFactor=0
level=info ts=2026-01-09T22:58:34.869504751Z caller=compactor.go:266 msg="compacting block" version=vParquet4 tenantID=tenant-1 blockID=00655b3c-cbd8-479d-ade0-a39a0c049214 startTime="2026-01-09 22:49:05 +0000 UTC" endTime="2026-01-09 22:52:00 +0000 UTC" totalObjects=129506 size=549534361 compactionLevel=0 encoding=none totalRecords=129506 bloomShardCount=2 footerSize=33857 replicationFactor=0
level=info ts=2026-01-09T22:58:34.871518034Z caller=compactor.go:266 msg="compacting block" version=vParquet4 tenantID=tenant-1 blockID=74bd97e4-9dde-4838-a7d5-fe89d1d8133b startTime="2026-01-09 22:49:35 +0000 UTC" endTime="2026-01-09 22:52:34 +0000 UTC" totalObjects=130400 size=553339551 compactionLevel=0 encoding=none totalRecords=130400 bloomShardCount=2 footerSize=33856 replicationFactor=0
level=info ts=2026-01-09T22:59:00.463434934Z caller=compactor.go:263 msg="flushed to block" bytes=336732449 objects=79335 values=99999379
level=info ts=2026-01-09T22:59:19.192863108Z caller=compactor.go:263 msg="flushed to block" bytes=336756111 objects=79337 values=99999488
level=info ts=2026-01-09T22:59:39.455949054Z caller=compactor.go:263 msg="flushed to block" bytes=336737888 objects=79337 values=99999131
level=info ts=2026-01-09T22:59:55.137385866Z caller=compactor.go:263 msg="flushed to block" bytes=336744000 objects=79336 values=99999333
level=info ts=2026-01-09T22:59:57.416692316Z caller=compactor.go:277 msg="wrote compacted block" version=vParquet4 tenantID=tenant-1 blockID=d3191ef9-47f7-442f-8946-8023c3f68c62 startTime="2026-01-09 22:49:05 +0000 UTC" endTime="2026-01-09 22:53:34 +0000 UTC" totalObjects=329068 size=1396721972 compactionLevel=1 encoding=none totalRecords=329068 bloomShardCount=7 footerSize=78757 replicationFactor=0 dedicatedColumns=[]
level=info ts=2026-01-09T22:59:57.443347135Z caller=compactor.go:360 msg="compaction complete" elapsed=1m22.577420205s blockID=d3191ef9-47f7-442f-8946-8023c3f68c62
level=info ts=2026-01-09T22:59:57.443409212Z caller=compactor.go:170 msg="Compacting hash" hashString=tenant-1-0-491110-0
level=info ts=2026-01-09T22:59:57.443458185Z caller=compactor.go:266 msg="compacting block" version=vParquet4 tenantID=tenant-1 blockID=f43f3e8a-e470-48dd-85cd-dd69e00a52c5 startTime="2026-01-09 22:48:35 +0000 UTC" endTime="2026-01-09 22:51:34 +0000 UTC" totalObjects=130805 size=555055918 compactionLevel=0 encoding=none totalRecords=130805 bloomShardCount=2 footerSize=33860 replicationFactor=0
level=info ts=2026-01-09T22:59:57.445541686Z caller=compactor.go:266 msg="compacting block" version=vParquet4 tenantID=tenant-1 blockID=bce21625-b88d-47c8-b4d7-73ad2324866e startTime="2026-01-09 22:51:05 +0000 UTC" endTime="2026-01-09 22:54:00 +0000 UTC" totalObjects=131205 size=556756172 compactionLevel=0 encoding=none totalRecords=131205 bloomShardCount=2 footerSize=33860 replicationFactor=0
level=info ts=2026-01-09T22:59:57.449502039Z caller=compactor.go:266 msg="compacting block" version=vParquet4 tenantID=tenant-1 blockID=5818f8f1-2950-4b40-b0f9-89a406311b4f startTime="2026-01-09 22:45:35 +0000 UTC" endTime="2026-01-09 22:48:33 +0000 UTC" totalObjects=131371 size=557460504 compactionLevel=0 encoding=none totalRecords=131371 bloomShardCount=2 footerSize=33860 replicationFactor=0
level=info ts=2026-01-09T23:00:20.602059248Z caller=compactor.go:263 msg="flushed to block" bytes=336735404 objects=79338 values=99998826
level=info ts=2026-01-09T23:00:34.954037655Z caller=compactor.go:263 msg="flushed to block" bytes=336748212 objects=79337 values=99999656
level=info ts=2026-01-09T23:00:53.30616943Z caller=compactor.go:263 msg="flushed to block" bytes=336744355 objects=79337 values=99999779
level=info ts=2026-01-09T23:01:15.704696037Z caller=compactor.go:263 msg="flushed to block" bytes=336733079 objects=79335 values=99999581
level=info ts=2026-01-09T23:01:31.618572685Z caller=compactor.go:277 msg="wrote compacted block" version=vParquet4 tenantID=tenant-1 blockID=10ad75ed-4433-42c6-93d8-6801a519c312 startTime="2026-01-09 22:45:35 +0000 UTC" endTime="2026-01-09 22:54:00 +0000 UTC" totalObjects=393381 size=1669984178 compactionLevel=1 encoding=none totalRecords=393381 bloomShardCount=5 footerSize=78933 replicationFactor=0 dedicatedColumns=[]
level=info ts=2026-01-09T23:01:31.655220443Z caller=compactor.go:360 msg="compaction complete" elapsed=1m34.211766202s blockID=10ad75ed-4433-42c6-93d8-6801a519c312
level=info ts=2026-01-09T23:01:31.655268682Z caller=compactor.go:158 msg="compaction cycle complete. No more blocks to compact" tenantID=tenant-1
level=info ts=2026-01-09T23:01:31.65529224Z caller=compactor.go:145 msg="starting compaction cycle" tenantID=tenant-1 offset=0
level=info ts=2026-01-09T23:01:31.655306902Z caller=compactor.go:170 msg="Compacting hash" hashString=tenant-1-1-491110-0
level=info ts=2026-01-09T23:01:31.655329672Z caller=compactor.go:266 msg="compacting block" version=vParquet4 tenantID=tenant-1 blockID=fd103363-3c32-4b2d-bad4-2744c65b9739 startTime="2026-01-09 22:51:36 +0000 UTC" endTime="2026-01-09 22:56:00 +0000 UTC" totalObjects=324051 size=1375486531 compactionLevel=1 encoding=none totalRecords=324051 bloomShardCount=6 footerSize=78626 replicationFactor=0
level=info ts=2026-01-09T23:01:31.659905586Z caller=compactor.go:266 msg="compacting block" version=vParquet4 tenantID=tenant-1 blockID=d3191ef9-47f7-442f-8946-8023c3f68c62 startTime="2026-01-09 22:49:05 +0000 UTC" endTime="2026-01-09 22:53:34 +0000 UTC" totalObjects=329068 size=1396721972 compactionLevel=1 encoding=none totalRecords=329068 bloomShardCount=7 footerSize=78757 replicationFactor=0
level=info ts=2026-01-09T23:01:31.667557185Z caller=compactor.go:266 msg="compacting block" version=vParquet4 tenantID=tenant-1 blockID=10ad75ed-4433-42c6-93d8-6801a519c312 startTime="2026-01-09 22:45:35 +0000 UTC" endTime="2026-01-09 22:54:00 +0000 UTC" totalObjects=393381 size=1669984178 compactionLevel=1 encoding=none totalRecords=393381 bloomShardCount=5 footerSize=78933 replicationFactor=0
level=info ts=2026-01-09T23:02:03.098887151Z caller=poller.go:305 msg="writing tenant index" tenant=tenant-1 metas=12 compactedMetas=21
level=info ts=2026-01-09T23:02:03.129357987Z caller=poller.go:252 msg="blocklist poll complete" seconds=0.122853
level=info ts=2026-01-09T23:02:22.049324878Z caller=compactor.go:263 msg="flushed to block" bytes=336705877 objects=79336 values=99999670
level=info ts=2026-01-09T23:02:40.015339133Z caller=compactor.go:263 msg="flushed to block" bytes=336730159 objects=79338 values=99999811
level=info ts=2026-01-09T23:03:28.665033376Z caller=compactor.go:263 msg="flushed to block" bytes=336729669 objects=79337 values=99999442
level=info ts=2026-01-09T23:03:46.485579205Z caller=compactor.go:263 msg="flushed to block" bytes=336730170 objects=79338 values=99999169
level=info ts=2026-01-09T23:04:13.315446004Z caller=compactor.go:263 msg="flushed to block" bytes=336730219 objects=79337 values=99999450
level=info ts=2026-01-09T23:04:49.607691785Z caller=compactor.go:263 msg="flushed to block" bytes=336720903 objects=79336 values=99999140
level=info ts=2026-01-09T23:05:19.860284378Z caller=compactor.go:263 msg="flushed to block" bytes=336723014 objects=79337 values=99999767
level=info ts=2026-01-09T23:06:00.437382296Z caller=compactor.go:263 msg="flushed to block" bytes=336717087 objects=79336 values=99999849
ts=2026-01-09T23:06:03.139147739Z caller=memberlist_logger.go:74 level=error msg="Push/Pull with tempo-tempostack-ingester-1-e04b7db4 failed: read tcp 10.130.2.34:59494->10.129.2.49:7946: i/o timeout"
level=info ts=2026-01-09T23:06:29.380480177Z caller=compactor.go:263 msg="flushed to block" bytes=336716229 objects=79335 values=99998803
level=info ts=2026-01-09T23:06:46.820404681Z caller=compactor.go:263 msg="flushed to block" bytes=336733568 objects=79339 values=99998894
level=info ts=2026-01-09T23:07:02.486356872Z caller=compactor.go:277 msg="wrote compacted block" version=vParquet4 tenantID=tenant-1 blockID=ca9bcca1-c4cf-4fe3-8779-ff418b065441 startTime="2026-01-09 22:45:35 +0000 UTC" endTime="2026-01-09 22:56:00 +0000 UTC" totalObjects=853853 size=3624486752 compactionLevel=2 encoding=none totalRecords=853853 bloomShardCount=13 footerSize=168938 replicationFactor=0 dedicatedColumns=[]
level=info ts=2026-01-09T23:07:02.524147632Z caller=compactor.go:360 msg="compaction complete" elapsed=5m30.868821875s blockID=ca9bcca1-c4cf-4fe3-8779-ff418b065441
level=info ts=2026-01-09T23:07:02.524195269Z caller=compactor.go:184 msg="compacted blocks for a maintenance cycle, bailing out" tenantID=tenant-1
level=info ts=2026-01-09T23:07:02.524229433Z caller=compactor.go:145 msg="starting compaction cycle" tenantID=tenant-1 offset=0
level=info ts=2026-01-09T23:07:02.524246007Z caller=compactor.go:170 msg="Compacting hash" hashString=tenant-1-0-491110-0
level=info ts=2026-01-09T23:07:02.524270398Z caller=compactor.go:266 msg="compacting block" version=vParquet4 tenantID=tenant-1 blockID=32f0e558-7c2c-4b94-a28f-2ed70f2ecc5d startTime="2026-01-09 22:54:37 +0000 UTC" endTime="2026-01-09 22:57:34 +0000 UTC" totalObjects=112781 size=478442428 compactionLevel=0 encoding=none totalRecords=112781 bloomShardCount=2 footerSize=33814 replicationFactor=0
level=info ts=2026-01-09T23:07:02.529786656Z caller=compactor.go:266 msg="compacting block" version=vParquet4 tenantID=tenant-1 blockID=a2ddff5f-1918-4352-8f5f-34bbe681a3f5 startTime="2026-01-09 22:56:05 +0000 UTC" endTime="2026-01-09 22:59:00 +0000 UTC" totalObjects=116767 size=495375814 compactionLevel=0 encoding=none totalRecords=116767 bloomShardCount=2 footerSize=33850 replicationFactor=0
level=info ts=2026-01-09T23:07:02.534566474Z caller=compactor.go:266 msg="compacting block" version=vParquet4 tenantID=tenant-1 blockID=9e64b3f5-4962-485f-b81c-15d7bfa0a3bc startTime="2026-01-09 22:55:37 +0000 UTC" endTime="2026-01-09 22:58:35 +0000 UTC" totalObjects=116808 size=495539647 compactionLevel=0 encoding=none totalRecords=116808 bloomShardCount=2 footerSize=33850 replicationFactor=0
level=info ts=2026-01-09T23:07:02.538978661Z caller=compactor.go:266 msg="compacting block" version=vParquet4 tenantID=tenant-1 blockID=0399dabf-1c5a-4b7d-b4ae-282c4328e66a startTime="2026-01-09 22:54:05 +0000 UTC" endTime="2026-01-09 22:57:00 +0000 UTC" totalObjects=118387 size=502262014 compactionLevel=0 encoding=none totalRecords=118387 bloomShardCount=2 footerSize=33850 replicationFactor=0
level=info ts=2026-01-09T23:07:03.059891328Z caller=poller.go:305 msg="writing tenant index" tenant=tenant-1 metas=13 compactedMetas=24
level=info ts=2026-01-09T23:07:03.084513044Z caller=poller.go:252 msg="blocklist poll complete" seconds=0.077609917
level=info ts=2026-01-09T23:08:01.998494239Z caller=compactor.go:263 msg="flushed to block" bytes=336737366 objects=79337 values=99999504
level=info ts=2026-01-09T23:08:20.489566501Z caller=compactor.go:263 msg="flushed to block" bytes=336744975 objects=79335 values=99998912
level=info ts=2026-01-09T23:08:45.98397896Z caller=compactor.go:263 msg="flushed to block" bytes=336748071 objects=79337 values=99999756
level=info ts=2026-01-09T23:09:26.161321106Z caller=compactor.go:263 msg="flushed to block" bytes=336738706 objects=79333 values=99999240
level=info ts=2026-01-09T23:09:34.109190935Z caller=compactor.go:277 msg="wrote compacted block" version=vParquet4 tenantID=tenant-1 blockID=ddc49609-da1a-45aa-a7b3-6b75e77ec5a5 startTime="2026-01-09 22:54:05 +0000 UTC" endTime="2026-01-09 22:59:00 +0000 UTC" totalObjects=355709 size=1509747995 compactionLevel=1 encoding=none totalRecords=355709 bloomShardCount=6 footerSize=78874 replicationFactor=0 dedicatedColumns=[]
level=info ts=2026-01-09T23:09:34.158397658Z caller=compactor.go:360 msg="compaction complete" elapsed=2m31.634131434s blockID=ddc49609-da1a-45aa-a7b3-6b75e77ec5a5
level=info ts=2026-01-09T23:09:34.158489891Z caller=compactor.go:170 msg="Compacting hash" hashString=tenant-1-0-491110-0
level=info ts=2026-01-09T23:09:34.158519103Z caller=compactor.go:266 msg="compacting block" version=vParquet4 tenantID=tenant-1 blockID=23948a0d-e6df-4b57-a3f1-c7f0a05abc7f startTime="2026-01-09 22:55:05 +0000 UTC" endTime="2026-01-09 22:58:00 +0000 UTC" totalObjects=119327 size=506230769 compactionLevel=0 encoding=none totalRecords=119327 bloomShardCount=2 footerSize=33853 replicationFactor=0
level=info ts=2026-01-09T23:09:34.163729807Z caller=compactor.go:266 msg="compacting block" version=vParquet4 tenantID=tenant-1 blockID=425f08ba-2718-40c8-9b44-355cfdce7316 startTime="2026-01-09 22:53:36 +0000 UTC" endTime="2026-01-09 22:56:35 +0000 UTC" totalObjects=124018 size=526183861 compactionLevel=0 encoding=none totalRecords=124018 bloomShardCount=2 footerSize=33855 replicationFactor=0
level=info ts=2026-01-09T23:09:34.16853099Z caller=compactor.go:266 msg="compacting block" version=vParquet4 tenantID=tenant-1 blockID=0bc8cabe-7646-4b2e-8931-2ff0628e41f5 startTime="2026-01-09 22:56:36 +0000 UTC" endTime="2026-01-09 22:59:56 +0000 UTC" totalObjects=134469 size=570657480 compactionLevel=0 encoding=none totalRecords=134469 bloomShardCount=2 footerSize=33865 replicationFactor=0
level=info ts=2026-01-09T23:10:26.970636518Z caller=compactor.go:263 msg="flushed to block" bytes=336737264 objects=79336 values=99999258
level=info ts=2026-01-09T23:10:42.697248886Z caller=compactor.go:263 msg="flushed to block" bytes=336738100 objects=79336 values=99999632
level=info ts=2026-01-09T23:11:06.595644315Z caller=compactor.go:263 msg="flushed to block" bytes=336749202 objects=79338 values=99999170
level=info ts=2026-01-09T23:11:35.424922107Z caller=compactor.go:263 msg="flushed to block" bytes=336733303 objects=79334 values=99999285
level=info ts=2026-01-09T23:11:46.974306873Z caller=compactor.go:277 msg="wrote compacted block" version=vParquet4 tenantID=tenant-1 blockID=5bd6b10c-9b12-46b2-9a58-4496e5b5c749 startTime="2026-01-09 22:53:36 +0000 UTC" endTime="2026-01-09 22:59:56 +0000 UTC" totalObjects=377814 size=1603753430 compactionLevel=1 encoding=none totalRecords=377814 bloomShardCount=5 footerSize=78890 replicationFactor=0 dedicatedColumns=[]
level=info ts=2026-01-09T23:11:47.000247324Z caller=compactor.go:360 msg="compaction complete" elapsed=2m12.841732083s blockID=5bd6b10c-9b12-46b2-9a58-4496e5b5c749
level=info ts=2026-01-09T23:11:47.000327558Z caller=compactor.go:170 msg="Compacting hash" hashString=tenant-1-2-491110-0
level=info ts=2026-01-09T23:11:47.00036082Z caller=compactor.go:266 msg="compacting block" version=vParquet4 tenantID=tenant-1 blockID=29236644-0032-41f6-aa6f-348f9d4cb591 startTime="2026-01-09 22:44:35 +0000 UTC" endTime="2026-01-09 22:51:00 +0000 UTC" totalObjects=580096 size=2462224829 compactionLevel=2 encoding=none totalRecords=580096 bloomShardCount=8 footerSize=123831 replicationFactor=0
level=info ts=2026-01-09T23:11:47.004668256Z caller=compactor.go:266 msg="compacting block" version=vParquet4 tenantID=tenant-1 blockID=ca9bcca1-c4cf-4fe3-8779-ff418b065441 startTime="2026-01-09 22:45:35 +0000 UTC" endTime="2026-01-09 22:56:00 +0000 UTC" totalObjects=853853 size=3624486752 compactionLevel=2 encoding=none totalRecords=853853 bloomShardCount=13 footerSize=168938 replicationFactor=0
level=info ts=2026-01-09T23:12:03.093500046Z caller=poller.go:305 msg="writing tenant index" tenant=tenant-1 metas=11 compactedMetas=31
level=info ts=2026-01-09T23:12:03.152761622Z caller=poller.go:252 msg="blocklist poll complete" seconds=0.145846619
level=info ts=2026-01-09T23:12:32.113804316Z caller=compactor.go:263 msg="flushed to block" bytes=336679536 objects=79333 values=99998744
level=info ts=2026-01-09T23:13:01.32068652Z caller=compactor.go:263 msg="flushed to block" bytes=336718436 objects=79337 values=99999839
level=info ts=2026-01-09T23:13:47.02938246Z caller=compactor.go:263 msg="flushed to block" bytes=336712493 objects=79336 values=99999008
level=info ts=2026-01-09T23:14:06.090332279Z caller=compactor.go:263 msg="flushed to block" bytes=336724025 objects=79337 values=99999844
level=info ts=2026-01-09T23:14:47.444341169Z caller=compactor.go:263 msg="flushed to block" bytes=336714948 objects=79335 values=99998862
level=info ts=2026-01-09T23:15:13.237981572Z caller=compactor.go:263 msg="flushed to block" bytes=336719537 objects=79337 values=99999134
level=info ts=2026-01-09T23:15:44.319666145Z caller=compactor.go:263 msg="flushed to block" bytes=336726078 objects=79337 values=99999845
level=info ts=2026-01-09T23:16:11.440716439Z caller=compactor.go:263 msg="flushed to block" bytes=336708601 objects=79335 values=99999096
level=info ts=2026-01-09T23:16:57.121020027Z caller=compactor.go:263 msg="flushed to block" bytes=336725231 objects=79340 values=99999315
level=info ts=2026-01-09T23:17:03.070638868Z caller=poller.go:305 msg="writing tenant index" tenant=tenant-1 metas=14 compactedMetas=31
level=info ts=2026-01-09T23:17:03.116531957Z caller=poller.go:252 msg="blocklist poll complete" seconds=0.10936809
level=info ts=2026-01-09T23:17:15.117005068Z caller=compactor.go:263 msg="flushed to block" bytes=336715002 objects=79336 values=99999752
level=info ts=2026-01-09T23:17:56.483015404Z caller=compactor.go:263 msg="flushed to block" bytes=336716658 objects=79336 values=99998777
level=info ts=2026-01-09T23:18:27.003648666Z caller=compactor.go:263 msg="flushed to block" bytes=336718354 objects=79336 values=99999445
level=info ts=2026-01-09T23:18:57.559587473Z caller=compactor.go:263 msg="flushed to block" bytes=336716352 objects=79337 values=99999006
level=info ts=2026-01-09T23:19:28.414663295Z caller=compactor.go:263 msg="flushed to block" bytes=336727796 objects=79341 values=99999819
level=info ts=2026-01-09T23:19:59.441742969Z caller=compactor.go:263 msg="flushed to block" bytes=336715941 objects=79337 values=99999502
level=info ts=2026-01-09T23:20:10.760775968Z caller=compactor.go:277 msg="wrote compacted block" version=vParquet4 tenantID=tenant-1 blockID=8297c286-14cf-4048-bacd-c38f2b471d68 startTime="2026-01-09 22:44:35 +0000 UTC" endTime="2026-01-09 22:56:00 +0000 UTC" totalObjects=1239817 size=5262712024 compactionLevel=3 encoding=none totalRecords=1239817 bloomShardCount=17 footerSize=243971 replicationFactor=0 dedicatedColumns=[]
level=info ts=2026-01-09T23:20:10.798670929Z caller=compactor.go:360 msg="compaction complete" elapsed=8m23.798316315s blockID=8297c286-14cf-4048-bacd-c38f2b471d68
level=info ts=2026-01-09T23:20:10.798719943Z caller=compactor.go:184 msg="compacted blocks for a maintenance cycle, bailing out" tenantID=tenant-1
level=info ts=2026-01-09T23:20:10.798758053Z caller=compactor.go:145 msg="starting compaction cycle" tenantID=tenant-1 offset=0
level=info ts=2026-01-09T23:20:10.798774844Z caller=compactor.go:170 msg="Compacting hash" hashString=tenant-1-0-491111-0
level=info ts=2026-01-09T23:20:10.79879626Z caller=compactor.go:266 msg="compacting block" version=vParquet4 tenantID=tenant-1 blockID=3b5b5b4f-dba3-444b-8f96-6c37112363d4 startTime="2026-01-09 22:58:15 +0000 UTC" endTime="2026-01-09 23:03:11 +0000 UTC" totalObjects=114729 size=486696669 compactionLevel=0 encoding=none totalRecords=114729 bloomShardCount=2 footerSize=33815 replicationFactor=0
level=info ts=2026-01-09T23:20:10.808150595Z caller=compactor.go:266 msg="compacting block" version=vParquet4 tenantID=tenant-1 blockID=d1ae5f44-9cab-4252-bfc9-bfc0ed0ee850 startTime="2026-01-09 22:57:58 +0000 UTC" endTime="2026-01-09 23:01:42 +0000 UTC" totalObjects=115586 size=490353867 compactionLevel=0 encoding=none totalRecords=115586 bloomShardCount=2 footerSize=33815 replicationFactor=0
level=info ts=2026-01-09T23:20:10.815837704Z caller=compactor.go:266 msg="compacting block" version=vParquet4 tenantID=tenant-1 blockID=31663670-350e-4180-b494-5a6a1c95c149 startTime="2026-01-09 23:03:35 +0000 UTC" endTime="2026-01-09 23:08:38 +0000 UTC" totalObjects=115604 size=490432280 compactionLevel=0 encoding=none totalRecords=115604 bloomShardCount=2 footerSize=33815 replicationFactor=0
level=info ts=2026-01-09T23:20:10.822073585Z caller=compactor.go:266 msg="compacting block" version=vParquet4 tenantID=tenant-1 blockID=a362ca99-db16-4456-b8eb-23262e4f4c8c startTime="2026-01-09 23:05:16 +0000 UTC" endTime="2026-01-09 23:10:36 +0000 UTC" totalObjects=116688 size=495046984 compactionLevel=0 encoding=none totalRecords=116688 bloomShardCount=2 footerSize=33850 replicationFactor=0
level=info ts=2026-01-09T23:21:20.922353507Z caller=compactor.go:263 msg="flushed to block" bytes=336736691 objects=79336 values=99999318
level=info ts=2026-01-09T23:21:39.431327598Z caller=compactor.go:263 msg="flushed to block" bytes=336741850 objects=79334 values=99998777
level=info ts=2026-01-09T23:21:57.958482539Z caller=compactor.go:263 msg="flushed to block" bytes=336742052 objects=79335 values=99998776
level=info ts=2026-01-09T23:22:03.089772378Z caller=poller.go:305 msg="writing tenant index" tenant=tenant-1 metas=17 compactedMetas=33
level=info ts=2026-01-09T23:22:03.137723317Z caller=poller.go:252 msg="blocklist poll complete" seconds=0.130989612
level=info ts=2026-01-09T23:22:36.826583442Z caller=compactor.go:263 msg="flushed to block" bytes=336750944 objects=79337 values=99999189
level=info ts=2026-01-09T23:22:44.24905433Z caller=compactor.go:277 msg="wrote compacted block" version=vParquet4 tenantID=tenant-1 blockID=cd348852-8f50-41f5-9abf-927cb5f2922c startTime="2026-01-09 22:57:58 +0000 UTC" endTime="2026-01-09 23:10:36 +0000 UTC" totalObjects=354747 size=1505664330 compactionLevel=1 encoding=none totalRecords=354747 bloomShardCount=6 footerSize=78874 replicationFactor=0 dedicatedColumns=[]
level=info ts=2026-01-09T23:22:44.29426824Z caller=compactor.go:360 msg="compaction complete" elapsed=2m33.495474586s blockID=cd348852-8f50-41f5-9abf-927cb5f2922c
level=info ts=2026-01-09T23:22:44.294330929Z caller=compactor.go:170 msg="Compacting hash" hashString=tenant-1-0-491111-0
level=info ts=2026-01-09T23:22:44.294354457Z caller=compactor.go:266 msg="compacting block" version=vParquet4 tenantID=tenant-1 blockID=8921dfcd-8743-4f77-a734-8e1975c73061 startTime="2026-01-09 23:01:14 +0000 UTC" endTime="2026-01-09 23:07:06 +0000 UTC" totalObjects=116712 size=495136855 compactionLevel=0 encoding=none totalRecords=116712 bloomShardCount=2 footerSize=33850 replicationFactor=0
level=info ts=2026-01-09T23:22:44.299392968Z caller=compactor.go:266 msg="compacting block" version=vParquet4 tenantID=tenant-1 blockID=05b54c43-929a-4b94-9679-d05d010765eb startTime="2026-01-09 22:59:46 +0000 UTC" endTime="2026-01-09 23:05:28 +0000 UTC" totalObjects=116742 size=495258922 compactionLevel=0 encoding=none totalRecords=116742 bloomShardCount=2 footerSize=33850 replicationFactor=0
level=info ts=2026-01-09T23:22:44.303338689Z caller=compactor.go:266 msg="compacting block" version=vParquet4 tenantID=tenant-1 blockID=fd60bd7b-ae77-4719-a50c-754d74f84180 startTime="2026-01-09 23:08:46 +0000 UTC" endTime="2026-01-09 23:14:06 +0000 UTC" totalObjects=117656 size=499137531 compactionLevel=0 encoding=none totalRecords=117656 bloomShardCount=2 footerSize=33850 replicationFactor=0
level=info ts=2026-01-09T23:22:44.307485849Z caller=compactor.go:266 msg="compacting block" version=vParquet4 tenantID=tenant-1 blockID=b1e351e2-47c3-43c2-883c-fbbf7116fdbc startTime="2026-01-09 23:06:46 +0000 UTC" endTime="2026-01-09 23:11:47 +0000 UTC" totalObjects=118596 size=503143539 compactionLevel=0 encoding=none totalRecords=118596 bloomShardCount=2 footerSize=33850 replicationFactor=0
level=info ts=2026-01-09T23:23:49.990770573Z caller=compactor.go:263 msg="flushed to block" bytes=336746455 objects=79337 values=99999531
level=info ts=2026-01-09T23:24:07.39690052Z caller=compactor.go:263 msg="flushed to block" bytes=336737591 objects=79335 values=99999584
level=info ts=2026-01-09T23:24:26.51501043Z caller=compactor.go:263 msg="flushed to block" bytes=336747089 objects=79337 values=99998834
level=info ts=2026-01-09T23:25:03.311640439Z caller=compactor.go:263 msg="flushed to block" bytes=336748962 objects=79338 values=99999602
level=info ts=2026-01-09T23:25:16.24674247Z caller=compactor.go:277 msg="wrote compacted block" version=vParquet4 tenantID=tenant-1 blockID=edba1c85-1247-432a-989b-edade1c9588d startTime="2026-01-09 22:59:46 +0000 UTC" endTime="2026-01-09 23:14:06 +0000 UTC" totalObjects=374323 size=1588903983 compactionLevel=1 encoding=none totalRecords=374323 bloomShardCount=6 footerSize=78889 replicationFactor=0 dedicatedColumns=[]
level=info ts=2026-01-09T23:25:16.312902475Z caller=compactor.go:360 msg="compaction complete" elapsed=2m32.01855008s blockID=edba1c85-1247-432a-989b-edade1c9588d
level=info ts=2026-01-09T23:25:16.312969751Z caller=compactor.go:184 msg="compacted blocks for a maintenance cycle, bailing out" tenantID=tenant-1
level=info ts=2026-01-09T23:25:16.313007769Z caller=compactor.go:145 msg="starting compaction cycle" tenantID=tenant-1 offset=0
level=info ts=2026-01-09T23:25:16.313024177Z caller=compactor.go:170 msg="Compacting hash" hashString=tenant-1-0-491111-0
level=info ts=2026-01-09T23:25:16.313054992Z caller=compactor.go:266 msg="compacting block" version=vParquet4 tenantID=tenant-1 blockID=b9b188a5-3420-443d-9bbc-24cba9ccb655 startTime="2026-01-09 23:12:45 +0000 UTC" endTime="2026-01-09 23:17:18 +0000 UTC" totalObjects=113157 size=480027892 compactionLevel=0 encoding=none totalRecords=113157 bloomShardCount=2 footerSize=33814 replicationFactor=0
level=info ts=2026-01-09T23:25:16.318462448Z caller=compactor.go:266 msg="compacting block" version=vParquet4 tenantID=tenant-1 blockID=d9519782-0589-4919-bf42-05c00603b5d4 startTime="2026-01-09 23:12:14 +0000 UTC" endTime="2026-01-09 23:17:16 +0000 UTC" totalObjects=113450 size=481273110 compactionLevel=0 encoding=none totalRecords=113450 bloomShardCount=2 footerSize=33814 replicationFactor=0
level=info ts=2026-01-09T23:25:16.322170641Z caller=compactor.go:266 msg="compacting block" version=vParquet4 tenantID=tenant-1 blockID=0ab92994-96be-439b-88f7-b3fb3d35ad32 startTime="2026-01-09 23:15:25 +0000 UTC" endTime="2026-01-09 23:19:57 +0000 UTC" totalObjects=115167 size=488575484 compactionLevel=0 encoding=none totalRecords=115167 bloomShardCount=2 footerSize=33815 replicationFactor=0
level=info ts=2026-01-09T23:25:16.327468445Z caller=compactor.go:266 msg="compacting block" version=vParquet4 tenantID=tenant-1 blockID=246568cc-cf67-4a17-9b18-65628a188b0f startTime="2026-01-09 23:15:24 +0000 UTC" endTime="2026-01-09 23:20:36 +0000 UTC" totalObjects=118278 size=501786839 compactionLevel=0 encoding=none totalRecords=118278 bloomShardCount=2 footerSize=33850 replicationFactor=0
level=info ts=2026-01-09T23:26:20.931499435Z caller=compactor.go:263 msg="flushed to block" bytes=336742016 objects=79338 values=99998852
level=info ts=2026-01-09T23:26:42.150611032Z caller=compactor.go:263 msg="flushed to block" bytes=336736240 objects=79335 values=99999779
level=info ts=2026-01-09T23:27:03.090391439Z caller=poller.go:305 msg="writing tenant index" tenant=tenant-1 metas=14 compactedMetas=41
level=info ts=2026-01-09T23:27:03.133959346Z caller=poller.go:252 msg="blocklist poll complete" seconds=0.127572531
level=info ts=2026-01-09T23:27:18.193304506Z caller=compactor.go:263 msg="flushed to block" bytes=336742747 objects=79336 values=99999591
level=info ts=2026-01-09T23:27:27.453899921Z caller=compactor.go:277 msg="wrote compacted block" version=vParquet4 tenantID=tenant-1 blockID=d6b5d980-fefe-4d81-ae4c-c9681b1d7b60 startTime="2026-01-09 23:12:14 +0000 UTC" endTime="2026-01-09 23:20:36 +0000 UTC" totalObjects=278040 size=1179995111 compactionLevel=1 encoding=none totalRecords=278040 bloomShardCount=6 footerSize=63869 replicationFactor=0 dedicatedColumns=[]
level=info ts=2026-01-09T23:27:27.501701426Z caller=compactor.go:360 msg="compaction complete" elapsed=2m11.188649631s blockID=d6b5d980-fefe-4d81-ae4c-c9681b1d7b60
level=info ts=2026-01-09T23:27:27.501782279Z caller=compactor.go:170 msg="Compacting hash" hashString=tenant-1-0-491111-0
level=info ts=2026-01-09T23:27:27.50181081Z caller=compactor.go:266 msg="compacting block" version=vParquet4 tenantID=tenant-1 blockID=46d7cee2-e6e5-44bc-8663-99f084b1855f startTime="2026-01-09 23:09:56 +0000 UTC" endTime="2026-01-09 23:14:37 +0000 UTC" totalObjects=120524 size=511304017 compactionLevel=0 encoding=none totalRecords=120524 bloomShardCount=2 footerSize=33855 replicationFactor=0
level=info ts=2026-01-09T23:27:27.50560921Z caller=compactor.go:266 msg="compacting block" version=vParquet4 tenantID=tenant-1 blockID=b6ea9e46-3cc7-49a6-835f-f26db4072506 startTime="2026-01-09 22:57:04 +0000 UTC" endTime="2026-01-09 23:00:14 +0000 UTC" totalObjects=125732 size=533470367 compactionLevel=0 encoding=none totalRecords=125732 bloomShardCount=2 footerSize=33855 replicationFactor=0
level=info ts=2026-01-09T23:28:06.094172526Z caller=compactor.go:263 msg="flushed to block" bytes=336757251 objects=79337 values=99999658
level=info ts=2026-01-09T23:28:31.50909207Z caller=compactor.go:263 msg="flushed to block" bytes=336760209 objects=79338 values=99999764
level=info ts=2026-01-09T23:28:54.369118394Z caller=compactor.go:263 msg="flushed to block" bytes=336755154 objects=79336 values=99999142
level=info ts=2026-01-09T23:28:56.057052726Z caller=compactor.go:277 msg="wrote compacted block" version=vParquet4 tenantID=tenant-1 blockID=03c128df-25ca-4c4c-be26-a4eeb42fcd02 startTime="2026-01-09 22:57:04 +0000 UTC" endTime="2026-01-09 23:14:37 +0000 UTC" totalObjects=246256 size=1045244367 compactionLevel=1 encoding=none totalRecords=246256 bloomShardCount=3 footerSize=63723 replicationFactor=0 dedicatedColumns=[]
level=info ts=2026-01-09T23:28:56.083213877Z caller=compactor.go:360 msg="compaction complete" elapsed=1m28.581407561s blockID=03c128df-25ca-4c4c-be26-a4eeb42fcd02
level=info ts=2026-01-09T23:28:56.083275495Z caller=compactor.go:170 msg="Compacting hash" hashString=tenant-1-1-491111-0
level=info ts=2026-01-09T23:28:56.0832994Z caller=compactor.go:266 msg="compacting block" version=vParquet4 tenantID=tenant-1 blockID=cd348852-8f50-41f5-9abf-927cb5f2922c startTime="2026-01-09 22:57:58 +0000 UTC" endTime="2026-01-09 23:10:36 +0000 UTC" totalObjects=354747 size=1505664330 compactionLevel=1 encoding=none totalRecords=354747 bloomShardCount=6 footerSize=78874 replicationFactor=0
level=info ts=2026-01-09T23:28:56.087708441Z caller=compactor.go:266 msg="compacting block" version=vParquet4 tenantID=tenant-1 blockID=edba1c85-1247-432a-989b-edade1c9588d startTime="2026-01-09 22:59:46 +0000 UTC" endTime="2026-01-09 23:14:06 +0000 UTC" totalObjects=374323 size=1588903983 compactionLevel=1 encoding=none totalRecords=374323 bloomShardCount=6 footerSize=78889 replicationFactor=0
level=info ts=2026-01-09T23:29:37.440259188Z caller=compactor.go:263 msg="flushed to block" bytes=336718448 objects=79336 values=99999228
level=info ts=2026-01-09T23:30:16.493939746Z caller=compactor.go:263 msg="flushed to block" bytes=336748832 objects=79338 values=99999403
level=info ts=2026-01-09T23:30:35.037950518Z caller=compactor.go:263 msg="flushed to block" bytes=336729247 objects=79334 values=99999037
level=info ts=2026-01-09T23:31:09.253058665Z caller=compactor.go:263 msg="flushed to block" bytes=336733847 objects=79336 values=99999089
level=info ts=2026-01-09T23:31:41.21074101Z caller=compactor.go:263 msg="flushed to block" bytes=336730690 objects=79337 values=99999632
level=info ts=2026-01-09T23:31:58.945886224Z caller=compactor.go:263 msg="flushed to block" bytes=336739242 objects=79337 values=99999177
level=info ts=2026-01-09T23:32:03.120076475Z caller=poller.go:305 msg="writing tenant index" tenant=tenant-1 metas=14 compactedMetas=47
level=info ts=2026-01-09T23:32:03.144551942Z caller=poller.go:252 msg="blocklist poll complete" seconds=0.138105973
level=info ts=2026-01-09T23:32:28.927394756Z caller=compactor.go:263 msg="flushed to block" bytes=336735953 objects=79337 values=99999013
level=info ts=2026-01-09T23:32:36.774674249Z caller=compactor.go:277 msg="wrote compacted block" version=vParquet4 tenantID=tenant-1 blockID=d946c139-c552-42bb-88a8-82775b797984 startTime="2026-01-09 22:57:58 +0000 UTC" endTime="2026-01-09 23:14:06 +0000 UTC" totalObjects=590422 size=2506095404 compactionLevel=2 encoding=none totalRecords=590422 bloomShardCount=9 footerSize=123862 replicationFactor=0 dedicatedColumns=[]
level=info ts=2026-01-09T23:32:36.795702686Z caller=compactor.go:360 msg="compaction complete" elapsed=3m40.712407593s blockID=d946c139-c552-42bb-88a8-82775b797984
level=info ts=2026-01-09T23:32:36.795753801Z caller=compactor.go:184 msg="compacted blocks for a maintenance cycle, bailing out" tenantID=tenant-1
level=info ts=2026-01-09T23:32:36.795796978Z caller=compactor.go:145 msg="starting compaction cycle" tenantID=tenant-1 offset=0
level=info ts=2026-01-09T23:32:36.79581296Z caller=compactor.go:170 msg="Compacting hash" hashString=tenant-1-0-491111-0
level=info ts=2026-01-09T23:32:36.795834142Z caller=compactor.go:266 msg="compacting block" version=vParquet4 tenantID=tenant-1 blockID=0f5dd802-378b-43eb-ac89-3b948914a96a startTime="2026-01-09 23:26:18 +0000 UTC" endTime="2026-01-09 23:30:47 +0000 UTC" totalObjects=114013 size=483659137 compactionLevel=0 encoding=none totalRecords=114013 bloomShardCount=2 footerSize=33814 replicationFactor=0
level=info ts=2026-01-09T23:32:36.800208436Z caller=compactor.go:266 msg="compacting block" version=vParquet4 tenantID=tenant-1 blockID=a929683a-572c-46bb-b3fc-94ddfdc32f3c startTime="2026-01-09 23:20:55 +0000 UTC" endTime="2026-01-09 23:25:27 +0000 UTC" totalObjects=114924 size=487531041 compactionLevel=0 encoding=none totalRecords=114924 bloomShardCount=2 footerSize=33815 replicationFactor=0
level=info ts=2026-01-09T23:32:36.804325159Z caller=compactor.go:266 msg="compacting block" version=vParquet4 tenantID=tenant-1 blockID=d1b7fa00-10b5-469e-bc0f-c61c2a6cc581 startTime="2026-01-09 23:23:35 +0000 UTC" endTime="2026-01-09 23:28:07 +0000 UTC" totalObjects=115583 size=490328791 compactionLevel=0 encoding=none totalRecords=115583 bloomShardCount=2 footerSize=33815 replicationFactor=0
level=info ts=2026-01-09T23:32:36.810555523Z caller=compactor.go:266 msg="compacting block" version=vParquet4 tenantID=tenant-1 blockID=bc7db80b-4e96-4364-99d1-da0ee562fa3d startTime="2026-01-09 23:18:44 +0000 UTC" endTime="2026-01-09 23:23:56 +0000 UTC" totalObjects=116525 size=494354085 compactionLevel=0 encoding=none totalRecords=116525 bloomShardCount=2 footerSize=33850 replicationFactor=0
level=info ts=2026-01-09T23:33:42.26596319Z caller=compactor.go:263 msg="flushed to block" bytes=336732234 objects=79334 values=99999880
level=info ts=2026-01-09T23:33:58.029528646Z caller=compactor.go:263 msg="flushed to block" bytes=336742859 objects=79339 values=99998967
level=info ts=2026-01-09T23:34:14.130500046Z caller=compactor.go:263 msg="flushed to block" bytes=336734620 objects=79336 values=99999383
level=info ts=2026-01-09T23:34:47.506503574Z caller=compactor.go:263 msg="flushed to block" bytes=336750022 objects=79339 values=99999614
level=info ts=2026-01-09T23:35:03.008738782Z caller=compactor.go:263 msg="flushed to block" bytes=336744461 objects=79337 values=99999154
level=info ts=2026-01-09T23:35:08.310211029Z caller=compactor.go:277 msg="wrote compacted block" version=vParquet4 tenantID=tenant-1 blockID=2ac9da81-4a07-401a-8588-2f4bb67cec05 startTime="2026-01-09 23:18:44 +0000 UTC" endTime="2026-01-09 23:30:47 +0000 UTC" totalObjects=423696 size=1798333466 compactionLevel=1 encoding=none totalRecords=423696 bloomShardCount=6 footerSize=93825 replicationFactor=0 dedicatedColumns=[]
level=info ts=2026-01-09T23:35:08.349984073Z caller=compactor.go:360 msg="compaction complete" elapsed=2m31.554151762s blockID=2ac9da81-4a07-401a-8588-2f4bb67cec05
level=info ts=2026-01-09T23:35:08.350036217Z caller=compactor.go:170 msg="Compacting hash" hashString=tenant-1-0-491111-0
level=info ts=2026-01-09T23:35:08.350059064Z caller=compactor.go:266 msg="compacting block" version=vParquet4 tenantID=tenant-1 blockID=95022e8c-2b63-43c0-8647-c3e50f5b7f3b startTime="2026-01-09 23:22:04 +0000 UTC" endTime="2026-01-09 23:27:16 +0000 UTC" totalObjects=118346 size=502070328 compactionLevel=0 encoding=none totalRecords=118346 bloomShardCount=2 footerSize=33850 replicationFactor=0
level=info ts=2026-01-09T23:35:08.354053405Z caller=compactor.go:266 msg="compacting block" version=vParquet4 tenantID=tenant-1 blockID=08652f0a-8467-407f-8db0-4747206c9831 startTime="2026-01-09 23:25:25 +0000 UTC" endTime="2026-01-09 23:30:36 +0000 UTC" totalObjects=118448 size=502488471 compactionLevel=0 encoding=none totalRecords=118448 bloomShardCount=2 footerSize=33850 replicationFactor=0
level=info ts=2026-01-09T23:35:08.358234127Z caller=compactor.go:266 msg="compacting block" version=vParquet4 tenantID=tenant-1 blockID=09f6a998-0d05-479e-9275-be2b171c5801 startTime="2026-01-09 23:18:05 +0000 UTC" endTime="2026-01-09 23:22:47 +0000 UTC" totalObjects=120036 size=509238359 compactionLevel=0 encoding=none totalRecords=120036 bloomShardCount=2 footerSize=33855 replicationFactor=0
level=info ts=2026-01-09T23:36:00.090949705Z caller=compactor.go:263 msg="flushed to block" bytes=336733746 objects=79335 values=99999128
level=info ts=2026-01-09T23:36:15.629312042Z caller=compactor.go:263 msg="flushed to block" bytes=336734176 objects=79337 values=99999572
level=info ts=2026-01-09T23:36:40.26507847Z caller=compactor.go:263 msg="flushed to block" bytes=336750325 objects=79339 values=99999281
level=info ts=2026-01-09T23:37:03.131219141Z caller=poller.go:305 msg="writing tenant index" tenant=tenant-1 metas=12 compactedMetas=53
level=info ts=2026-01-09T23:37:03.184531289Z caller=poller.go:252 msg="blocklist poll complete" seconds=0.17817568
level=info ts=2026-01-09T23:37:08.289673771Z caller=compactor.go:263 msg="flushed to block" bytes=336750454 objects=79338 values=99999399
level=info ts=2026-01-09T23:37:17.638078575Z caller=compactor.go:277 msg="wrote compacted block" version=vParquet4 tenantID=tenant-1 blockID=0c1133e8-5ed7-4f2b-bae8-541d8bf922f0 startTime="2026-01-09 23:18:05 +0000 UTC" endTime="2026-01-09 23:30:36 +0000 UTC" totalObjects=356830 size=1514475148 compactionLevel=1 encoding=none totalRecords=356830 bloomShardCount=5 footerSize=78874 replicationFactor=0 dedicatedColumns=[]
level=info ts=2026-01-09T23:37:17.742463444Z caller=compactor.go:360 msg="compaction complete" elapsed=2m9.392405879s blockID=0c1133e8-5ed7-4f2b-bae8-541d8bf922f0
level=info ts=2026-01-09T23:37:17.74252307Z caller=compactor.go:170 msg="Compacting hash" hashString=tenant-1-1-491111-0
level=info ts=2026-01-09T23:37:17.742546631Z caller=compactor.go:266 msg="compacting block" version=vParquet4 tenantID=tenant-1 blockID=03c128df-25ca-4c4c-be26-a4eeb42fcd02 startTime="2026-01-09 22:57:04 +0000 UTC" endTime="2026-01-09 23:14:37 +0000 UTC" totalObjects=246256 size=1045244367 compactionLevel=1 encoding=none totalRecords=246256 bloomShardCount=3 footerSize=63723 replicationFactor=0
level=info ts=2026-01-09T23:37:17.748594954Z caller=compactor.go:266 msg="compacting block" version=vParquet4 tenantID=tenant-1 blockID=d6b5d980-fefe-4d81-ae4c-c9681b1d7b60 startTime="2026-01-09 23:12:14 +0000 UTC" endTime="2026-01-09 23:20:36 +0000 UTC" totalObjects=278040 size=1179995111 compactionLevel=1 encoding=none totalRecords=278040 bloomShardCount=6 footerSize=63869 replicationFactor=0
level=info ts=2026-01-09T23:37:57.533164563Z caller=compactor.go:263 msg="flushed to block" bytes=336733293 objects=79336 values=99999276
level=info ts=2026-01-09T23:38:26.341746356Z caller=compactor.go:263 msg="flushed to block" bytes=336754039 objects=79339 values=99999370
level=info ts=2026-01-09T23:38:53.189353957Z caller=compactor.go:263 msg="flushed to block" bytes=336745975 objects=79336 values=99999107
level=info ts=2026-01-09T23:39:22.015484199Z caller=compactor.go:263 msg="flushed to block" bytes=336740400 objects=79336 values=99998921
level=info ts=2026-01-09T23:39:47.681108202Z caller=compactor.go:263 msg="flushed to block" bytes=336747885 objects=79338 values=99999407
level=info ts=2026-01-09T23:40:10.402910109Z caller=compactor.go:263 msg="flushed to block" bytes=336744322 objects=79334 values=99999735
level=info ts=2026-01-09T23:40:16.946558242Z caller=compactor.go:277 msg="wrote compacted block" version=vParquet4 tenantID=tenant-1 blockID=2759c04e-406f-4118-8d41-02d3dda18647 startTime="2026-01-09 22:57:04 +0000 UTC" endTime="2026-01-09 23:20:36 +0000 UTC" totalObjects=506231 size=2148751334 compactionLevel=2 encoding=none totalRecords=506231 bloomShardCount=7 footerSize=108844 replicationFactor=0 dedicatedColumns=[]
level=info ts=2026-01-09T23:40:16.981147912Z caller=compactor.go:360 msg="compaction complete" elapsed=2m59.238604541s blockID=2759c04e-406f-4118-8d41-02d3dda18647
level=info ts=2026-01-09T23:40:16.981202948Z caller=compactor.go:184 msg="compacted blocks for a maintenance cycle, bailing out" tenantID=tenant-1
level=info ts=2026-01-09T23:40:16.981240795Z caller=compactor.go:145 msg="starting compaction cycle" tenantID=tenant-1 offset=0
level=info ts=2026-01-09T23:40:16.981255349Z caller=compactor.go:170 msg="Compacting hash" hashString=tenant-1-0-491111-0
level=info ts=2026-01-09T23:40:16.981277038Z caller=compactor.go:266 msg="compacting block" version=vParquet4 tenantID=tenant-1 blockID=ecedcc44-8368-4c85-a00a-07dea19dbc7f startTime="2026-01-09 23:28:44 +0000 UTC" endTime="2026-01-09 23:33:55 +0000 UTC" totalObjects=114224 size=484566561 compactionLevel=0 encoding=none totalRecords=114224 bloomShardCount=2 footerSize=33814 replicationFactor=0
level=info ts=2026-01-09T23:40:16.988579804Z caller=compactor.go:266 msg="compacting block" version=vParquet4 tenantID=tenant-1 blockID=3aae58fb-872e-4a42-8880-d5b3ae143896 startTime="2026-01-09 23:28:56 +0000 UTC" endTime="2026-01-09 23:33:37 +0000 UTC" totalObjects=118637 size=503297885 compactionLevel=0 encoding=none totalRecords=118637 bloomShardCount=2 footerSize=33850 replicationFactor=0
level=info ts=2026-01-09T23:41:00.372780205Z caller=compactor.go:263 msg="flushed to block" bytes=336749892 objects=79336 values=99999773
level=info ts=2026-01-09T23:41:27.722355879Z caller=compactor.go:277 msg="wrote compacted block" version=vParquet4 tenantID=tenant-1 blockID=a223e785-2b7b-4ad0-8b78-8f1a0b5e245a startTime="2026-01-09 23:28:44 +0000 UTC" endTime="2026-01-09 23:33:55 +0000 UTC" totalObjects=140798 size=597578197 compactionLevel=1 encoding=none totalRecords=140798 bloomShardCount=3 footerSize=33866 replicationFactor=0 dedicatedColumns=[]
level=info ts=2026-01-09T23:41:27.745767263Z caller=compactor.go:360 msg="compaction complete" elapsed=1m10.764492835s blockID=a223e785-2b7b-4ad0-8b78-8f1a0b5e245a
level=info ts=2026-01-09T23:41:27.745843114Z caller=compactor.go:170 msg="Compacting hash" hashString=tenant-1-1-491111-0
level=info ts=2026-01-09T23:41:27.745876027Z caller=compactor.go:266 msg="compacting block" version=vParquet4 tenantID=tenant-1 blockID=0c1133e8-5ed7-4f2b-bae8-541d8bf922f0 startTime="2026-01-09 23:18:05 +0000 UTC" endTime="2026-01-09 23:30:36 +0000 UTC" totalObjects=356830 size=1514475148 compactionLevel=1 encoding=none totalRecords=356830 bloomShardCount=5 footerSize=78874 replicationFactor=0
level=info ts=2026-01-09T23:41:27.749178003Z caller=compactor.go:266 msg="compacting block" version=vParquet4 tenantID=tenant-1 blockID=2ac9da81-4a07-401a-8588-2f4bb67cec05 startTime="2026-01-09 23:18:44 +0000 UTC" endTime="2026-01-09 23:30:47 +0000 UTC" totalObjects=423696 size=1798333466 compactionLevel=1 encoding=none totalRecords=423696 bloomShardCount=6 footerSize=93825 replicationFactor=0
level=info ts=2026-01-09T23:42:03.104097915Z caller=poller.go:305 msg="writing tenant index" tenant=tenant-1 metas=12 compactedMetas=60
level=info ts=2026-01-09T23:42:03.134814098Z caller=poller.go:252 msg="blocklist poll complete" seconds=0.128356583
level=info ts=2026-01-09T23:42:14.693608528Z caller=compactor.go:263 msg="flushed to block" bytes=336719045 objects=79333 values=99999597
level=info ts=2026-01-09T23:42:53.413207141Z caller=compactor.go:263 msg="flushed to block" bytes=336742812 objects=79339 values=99999724
level=info ts=2026-01-09T23:43:30.285178244Z caller=compactor.go:263 msg="flushed to block" bytes=336731550 objects=79336 values=99999403
level=info ts=2026-01-09T23:43:59.40903973Z caller=compactor.go:263 msg="flushed to block" bytes=336747126 objects=79340 values=99999642
level=info ts=2026-01-09T23:44:34.302503859Z caller=compactor.go:263 msg="flushed to block" bytes=336747460 objects=79339 values=99999190
level=info ts=2026-01-09T23:45:04.049603344Z caller=compactor.go:263 msg="flushed to block" bytes=336737496 objects=79337 values=99999097
level=info ts=2026-01-09T23:45:06.094196535Z caller=compactor.go:277 msg="wrote compacted block" version=vParquet4 tenantID=tenant-1 blockID=c63bec71-fd47-437f-b7d8-f2da8a6c0614 startTime="2026-01-09 23:18:05 +0000 UTC" endTime="2026-01-09 23:30:47 +0000 UTC" totalObjects=483172 size=2050964633 compactionLevel=2 encoding=none totalRecords=483172 bloomShardCount=10 footerSize=108644 replicationFactor=0 dedicatedColumns=[]
level=info ts=2026-01-09T23:45:06.120366487Z caller=compactor.go:360 msg="compaction complete" elapsed=3m38.374493338s blockID=c63bec71-fd47-437f-b7d8-f2da8a6c0614
level=info ts=2026-01-09T23:45:06.120437837Z caller=compactor.go:170 msg="Compacting hash" hashString=tenant-1-1-491110-0
level=info ts=2026-01-09T23:45:06.120462463Z caller=compactor.go:266 msg="compacting block" version=vParquet4 tenantID=tenant-1 blockID=ddc49609-da1a-45aa-a7b3-6b75e77ec5a5 startTime="2026-01-09 22:54:05 +0000 UTC" endTime="2026-01-09 22:59:00 +0000 UTC" totalObjects=355709 size=1509747995 compactionLevel=1 encoding=none totalRecords=355709 bloomShardCount=6 footerSize=78874 replicationFactor=0
level=info ts=2026-01-09T23:45:06.127751604Z caller=compactor.go:266 msg="compacting block" version=vParquet4 tenantID=tenant-1 blockID=5bd6b10c-9b12-46b2-9a58-4496e5b5c749 startTime="2026-01-09 22:53:36 +0000 UTC" endTime="2026-01-09 22:59:56 +0000 UTC" totalObjects=377814 size=1603753430 compactionLevel=1 encoding=none totalRecords=377814 bloomShardCount=5 footerSize=78890 replicationFactor=0
level=info ts=2026-01-09T23:45:49.214070573Z caller=compactor.go:263 msg="flushed to block" bytes=336720213 objects=79336 values=99999402
level=info ts=2026-01-09T23:46:27.823686826Z caller=compactor.go:263 msg="flushed to block" bytes=336735643 objects=79337 values=99999959
level=info ts=2026-01-09T23:47:03.182130587Z caller=poller.go:305 msg="writing tenant index" tenant=tenant-1 metas=14 compactedMetas=62
level=info ts=2026-01-09T23:47:03.21252978Z caller=poller.go:252 msg="blocklist poll complete" seconds=0.205458226
level=info ts=2026-01-09T23:47:12.667619418Z caller=compactor.go:263 msg="flushed to block" bytes=336741980 objects=79337 values=99998983
level=info ts=2026-01-09T23:47:33.522142996Z caller=compactor.go:263 msg="flushed to block" bytes=336740847 objects=79337 values=99998896
level=info ts=2026-01-09T23:48:09.997228008Z caller=compactor.go:263 msg="flushed to block" bytes=336726151 objects=79334 values=99999457
level=info ts=2026-01-09T23:48:43.836012867Z caller=compactor.go:263 msg="flushed to block" bytes=336744036 objects=79336 values=99999966
level=info ts=2026-01-09T23:48:51.388664965Z caller=compactor.go:277 msg="wrote compacted block" version=vParquet4 tenantID=tenant-1 blockID=74e6ab1c-56e0-446d-9623-c362fa886a96 startTime="2026-01-09 22:53:36 +0000 UTC" endTime="2026-01-09 22:59:56 +0000 UTC" totalObjects=508802 size=2159618428 compactionLevel=2 encoding=none totalRecords=508802 bloomShardCount=9 footerSize=108854 replicationFactor=0 dedicatedColumns=[]
level=info ts=2026-01-09T23:48:51.43406856Z caller=compactor.go:360 msg="compaction complete" elapsed=3m45.31360883s blockID=74e6ab1c-56e0-446d-9623-c362fa886a96
level=info ts=2026-01-09T23:48:51.434129206Z caller=compactor.go:184 msg="compacted blocks for a maintenance cycle, bailing out" tenantID=tenant-1
level=info ts=2026-01-09T23:48:51.4341706Z caller=compactor.go:145 msg="starting compaction cycle" tenantID=tenant-1 offset=0
level=info ts=2026-01-09T23:48:51.434184972Z caller=compactor.go:170 msg="Compacting hash" hashString=tenant-1-0-491111-0
level=info ts=2026-01-09T23:48:51.43420539Z caller=compactor.go:266 msg="compacting block" version=vParquet4 tenantID=tenant-1 blockID=4ad8e771-f11c-413d-8032-89dad1d69deb startTime="2026-01-09 23:39:56 +0000 UTC" endTime="2026-01-09 23:44:17 +0000 UTC" totalObjects=113118 size=479871057 compactionLevel=0 encoding=none totalRecords=113118 bloomShardCount=2 footerSize=33814 replicationFactor=0
level=info ts=2026-01-09T23:48:51.438227444Z caller=compactor.go:266 msg="compacting block" version=vParquet4 tenantID=tenant-1 blockID=fec00e47-cd99-4a75-8014-8e6ba56c0a8a startTime="2026-01-09 23:38:44 +0000 UTC" endTime="2026-01-09 23:43:46 +0000 UTC" totalObjects=115262 size=488971466 compactionLevel=0 encoding=none totalRecords=115262 bloomShardCount=2 footerSize=33814 replicationFactor=0
level=info ts=2026-01-09T23:48:51.442169258Z caller=compactor.go:266 msg="compacting block" version=vParquet4 tenantID=tenant-1 blockID=3dbc580d-1180-4f5c-820f-6da3a51d0d3c startTime="2026-01-09 23:32:05 +0000 UTC" endTime="2026-01-09 23:37:16 +0000 UTC" totalObjects=115826 size=491355508 compactionLevel=0 encoding=none totalRecords=115826 bloomShardCount=2 footerSize=33815 replicationFactor=0
level=info ts=2026-01-09T23:48:51.446754876Z caller=compactor.go:266 msg="compacting block" version=vParquet4 tenantID=tenant-1 blockID=e05c75dc-3932-4ff5-9cfe-932f42553117 startTime="2026-01-09 23:35:24 +0000 UTC" endTime="2026-01-09 23:40:36 +0000 UTC" totalObjects=116653 size=494885521 compactionLevel=0 encoding=none totalRecords=116653 bloomShardCount=2 footerSize=33850 replicationFactor=0
level=info ts=2026-01-09T23:51:08.125813494Z caller=compactor.go:263 msg="flushed to block" bytes=336739527 objects=79336 values=99999867
level=info ts=2026-01-09T23:51:27.168272538Z caller=compactor.go:263 msg="flushed to block" bytes=336734515 objects=79335 values=99998855
level=info ts=2026-01-09T23:51:49.497318391Z caller=compactor.go:263 msg="flushed to block" bytes=336742230 objects=79336 values=99999946
level=info ts=2026-01-09T23:52:03.144968053Z caller=poller.go:305 msg="writing tenant index" tenant=tenant-1 metas=18 compactedMetas=64
level=info ts=2026-01-09T23:52:03.179161333Z caller=poller.go:252 msg="blocklist poll complete" seconds=0.171933272
level=info ts=2026-01-09T23:52:55.201692618Z caller=compactor.go:263 msg="flushed to block" bytes=336746240 objects=79339 values=99999792
level=info ts=2026-01-09T23:53:12.956710498Z caller=compactor.go:277 msg="wrote compacted block" version=vParquet4 tenantID=tenant-1 blockID=7fa641a3-d379-43c9-9291-ccf498a5ab74 startTime="2026-01-09 23:32:05 +0000 UTC" endTime="2026-01-09 23:44:17 +0000 UTC" totalObjects=391971 size=1663995896 compactionLevel=1 encoding=none totalRecords=391971 bloomShardCount=6 footerSize=78933 replicationFactor=0 dedicatedColumns=[]
level=info ts=2026-01-09T23:53:12.997696502Z caller=compactor.go:360 msg="compaction complete" elapsed=4m21.563493808s blockID=7fa641a3-d379-43c9-9291-ccf498a5ab74
level=info ts=2026-01-09T23:53:12.997757573Z caller=compactor.go:170 msg="Compacting hash" hashString=tenant-1-0-491111-0
level=info ts=2026-01-09T23:53:12.997778287Z caller=compactor.go:266 msg="compacting block" version=vParquet4 tenantID=tenant-1 blockID=6e0ea16f-a591-400a-b62f-46dc20230edd startTime="2026-01-09 23:34:36 +0000 UTC" endTime="2026-01-09 23:39:07 +0000 UTC" totalObjects=117219 size=497281003 compactionLevel=0 encoding=none totalRecords=117219 bloomShardCount=2 footerSize=33850 replicationFactor=0
level=info ts=2026-01-09T23:53:13.000784592Z caller=compactor.go:266 msg="compacting block" version=vParquet4 tenantID=tenant-1 blockID=9db59158-6d05-48eb-a292-889a6aef55b6 startTime="2026-01-09 23:37:17 +0000 UTC" endTime="2026-01-09 23:41:47 +0000 UTC" totalObjects=117407 size=498081875 compactionLevel=0 encoding=none totalRecords=117407 bloomShardCount=2 footerSize=33849 replicationFactor=0
level=info ts=2026-01-09T23:53:13.00393976Z caller=compactor.go:266 msg="compacting block" version=vParquet4 tenantID=tenant-1 blockID=32e8e891-8354-44e8-b55c-ca7fe7218fe9 startTime="2026-01-09 23:31:46 +0000 UTC" endTime="2026-01-09 23:36:27 +0000 UTC" totalObjects=118943 size=504585055 compactionLevel=0 encoding=none totalRecords=118943 bloomShardCount=2 footerSize=33852 replicationFactor=0
level=info ts=2026-01-09T23:55:19.51919075Z caller=compactor.go:263 msg="flushed to block" bytes=336733580 objects=79337 values=99999366
level=info ts=2026-01-09T23:55:39.689622974Z caller=compactor.go:263 msg="flushed to block" bytes=336734271 objects=79335 values=99999092
level=info ts=2026-01-09T23:56:17.924140536Z caller=compactor.go:263 msg="flushed to block" bytes=336746695 objects=79338 values=99999121
level=info ts=2026-01-09T23:57:03.006491831Z caller=retention.go:113 msg="deleting block" blockID=c5447a2b-e39f-4b1e-9848-bd4e3eb92776 tenantID=tenant-1
level=info ts=2026-01-09T23:57:03.04266641Z caller=retention.go:113 msg="deleting block" blockID=d737bfea-a39b-4e0b-ae9e-a0f9d5df1236 tenantID=tenant-1
level=info ts=2026-01-09T23:57:03.079277631Z caller=retention.go:113 msg="deleting block" blockID=d8d94c23-28fb-4c1c-84a3-312f711e296a tenantID=tenant-1
level=info ts=2026-01-09T23:57:03.098223711Z caller=poller.go:305 msg="writing tenant index" tenant=tenant-1 metas=18 compactedMetas=66
level=info ts=2026-01-09T23:57:03.101514297Z caller=retention.go:113 msg="deleting block" blockID=f67ef5cd-1616-4f69-bd2d-9e7b4fbeb0f7 tenantID=tenant-1
level=info ts=2026-01-09T23:57:03.112582901Z caller=poller.go:252 msg="blocklist poll complete" seconds=0.106181406
level=info ts=2026-01-09T23:57:03.124189702Z caller=retention.go:113 msg="deleting block" blockID=18c831e0-018a-46d7-afa2-64665e3dab57 tenantID=tenant-1
level=info ts=2026-01-09T23:57:03.146213042Z caller=retention.go:113 msg="deleting block" blockID=2279ad66-0f7b-4a79-bd7c-0a31b8b4b73b tenantID=tenant-1
level=info ts=2026-01-09T23:57:03.168754868Z caller=retention.go:113 msg="deleting block" blockID=412911aa-6dde-45a1-9cd9-6b92ec9f1005 tenantID=tenant-1
level=info ts=2026-01-09T23:57:03.191316464Z caller=retention.go:113 msg="deleting block" blockID=4db45b02-72b3-4493-a89c-a76f680cdad5 tenantID=tenant-1
level=info ts=2026-01-09T23:57:14.309990486Z caller=compactor.go:263 msg="flushed to block" bytes=336748847 objects=79337 values=99999738
level=info ts=2026-01-09T23:57:23.597223138Z caller=compactor.go:277 msg="wrote compacted block" version=vParquet4 tenantID=tenant-1 blockID=689e1829-c1b7-4f2a-bb65-73483f04cbc5 startTime="2026-01-09 23:31:46 +0000 UTC" endTime="2026-01-09 23:41:47 +0000 UTC" totalObjects=353569 size=1500627393 compactionLevel=1 encoding=none totalRecords=353569 bloomShardCount=5 footerSize=78839 replicationFactor=0 dedicatedColumns=[]
level=info ts=2026-01-09T23:57:23.637633851Z caller=compactor.go:360 msg="compaction complete" elapsed=4m10.639855169s blockID=689e1829-c1b7-4f2a-bb65-73483f04cbc5
level=info ts=2026-01-09T23:57:23.637715357Z caller=compactor.go:184 msg="compacted blocks for a maintenance cycle, bailing out" tenantID=tenant-1
level=info ts=2026-01-09T23:57:23.637786935Z caller=compactor.go:145 msg="starting compaction cycle" tenantID=tenant-1 offset=0
level=info ts=2026-01-09T23:57:23.637810867Z caller=compactor.go:170 msg="Compacting hash" hashString=tenant-1-0-491111-0
level=info ts=2026-01-09T23:57:23.637846751Z caller=compactor.go:266 msg="compacting block" version=vParquet4 tenantID=tenant-1 blockID=069dde6e-d9d1-490c-ac5d-a35dd4a444a9 startTime="2026-01-09 23:45:05 +0000 UTC" endTime="2026-01-09 23:49:27 +0000 UTC" totalObjects=113232 size=480356818 compactionLevel=0 encoding=none totalRecords=113232 bloomShardCount=2 footerSize=33814 replicationFactor=0
level=info ts=2026-01-09T23:57:23.643028966Z caller=compactor.go:266 msg="compacting block" version=vParquet4 tenantID=tenant-1 blockID=4530eea2-a8e3-4caf-b860-016efc38957f startTime="2026-01-09 23:49:25 +0000 UTC" endTime="2026-01-09 23:53:17 +0000 UTC" totalObjects=114253 size=484691792 compactionLevel=0 encoding=none totalRecords=114253 bloomShardCount=2 footerSize=33814 replicationFactor=0
level=info ts=2026-01-09T23:57:23.648084354Z caller=compactor.go:266 msg="compacting block" version=vParquet4 tenantID=tenant-1 blockID=fcc6ce4d-9843-42a8-9d59-ab7c75b356e5 startTime="2026-01-09 23:48:44 +0000 UTC" endTime="2026-01-09 23:53:35 +0000 UTC" totalObjects=117225 size=497313248 compactionLevel=0 encoding=none totalRecords=117225 bloomShardCount=2 footerSize=33850 replicationFactor=0
level=info ts=2026-01-09T23:57:23.653072696Z caller=compactor.go:266 msg="compacting block" version=vParquet4 tenantID=tenant-1 blockID=c5bc8781-a65e-4d3f-92b5-d708665bf1e6 startTime="2026-01-09 23:51:25 +0000 UTC" endTime="2026-01-09 23:55:16 +0000 UTC" totalObjects=118581 size=503061932 compactionLevel=0 encoding=none totalRecords=118581 bloomShardCount=2 footerSize=33850 replicationFactor=0
level=info ts=2026-01-10T00:00:19.772886988Z caller=compactor.go:263 msg="flushed to block" bytes=336751571 objects=79338 values=99999295
level=info ts=2026-01-10T00:00:39.400207843Z caller=compactor.go:263 msg="flushed to block" bytes=336745391 objects=79338 values=99999998
level=info ts=2026-01-10T00:01:03.178117375Z caller=compactor.go:263 msg="flushed to block" bytes=336743662 objects=79336 values=99999785
