2026/01/09 22:45:57 maxprocs: Leaving GOMAXPROCS=16: CPU quota undefined

*******************************************************************************

🛑  WARNING: End-of-life Notice for Jaeger v1

You are currently running a v1 version of Jaeger, which is deprecated and will
reach end-of-life on December 31st, 2025. This means there will be no further
development, bug fixes, or security patches for v1 after this date.

We strongly recommend migrating to Jaeger v2 for continued support and access
to new features.

For detailed migration instructions, please refer to the official Jaeger
documentation:  https://www.jaegertracing.io/docs/latest/migration/

Tracking issue: https://github.com/jaegertracing/jaeger/issues/6321

🛑  WARNING: End-of-life Notice for Jaeger v1

*******************************************************************************

WARNING: found deprecated command line option --span-storage.type=grpc, please use environment variable SPAN_STORAGE_TYPE instead
2026/01/09 22:45:57 application version: git-commit=7d6c4221934c8579ce4b2814ba2c60211c7eb5d4, git-version=1.68.0, build-date=2025-12-11T21:39:31Z
{"level":"info","ts":1767998757.3778837,"caller":"flags/service.go:125","msg":"Mounting metrics handler on admin server","route":"/metrics"}
{"level":"info","ts":1767998757.377936,"caller":"flags/service.go:131","msg":"Mounting expvar handler on admin server","route":"/debug/vars"}
{"level":"info","ts":1767998757.3781111,"caller":"flags/admin.go:106","msg":"Mounting health check on admin server","route":"/"}
{"level":"info","ts":1767998757.3782074,"caller":"flags/admin.go:123","msg":"Starting admin HTTP server"}
{"level":"info","ts":1767998757.3782566,"caller":"flags/admin.go:137","msg":"Admin server started","http.host-port":"[::]:16687","health-status":"unavailable"}
{"level":"info","ts":1767998757.3787637,"caller":"grpc@v1.71.1/clientconn.go:176","msg":"[core] original dial target is: \"localhost:7777\""}
{"level":"info","ts":1767998757.378809,"caller":"grpc@v1.71.1/clientconn.go:459","msg":"[core] [Channel #1]Channel created"}
{"level":"info","ts":1767998757.3788264,"caller":"grpc@v1.71.1/clientconn.go:207","msg":"[core] [Channel #1]parsed dial target is: resolver.Target{URL:url.URL{Scheme:\"passthrough\", Opaque:\"\", User:(*url.Userinfo)(nil), Host:\"\", Path:\"/localhost:7777\", RawPath:\"\", OmitHost:false, ForceQuery:false, RawQuery:\"\", Fragment:\"\", RawFragment:\"\"}}"}
{"level":"info","ts":1767998757.3788357,"caller":"grpc@v1.71.1/clientconn.go:208","msg":"[core] [Channel #1]Channel authority set to \"localhost:7777\""}
{"level":"info","ts":1767998757.378998,"caller":"grpc@v1.71.1/resolver_wrapper.go:210","msg":"[core] [Channel #1]Resolver state updated: {\n  \"Addresses\": [\n    {\n      \"Addr\": \"localhost:7777\",\n      \"ServerName\": \"\",\n      \"Attributes\": null,\n      \"BalancerAttributes\": null,\n      \"Metadata\": null\n    }\n  ],\n  \"Endpoints\": [\n    {\n      \"Addresses\": [\n        {\n          \"Addr\": \"localhost:7777\",\n          \"ServerName\": \"\",\n          \"Attributes\": null,\n          \"BalancerAttributes\": null,\n          \"Metadata\": null\n        }\n      ],\n      \"Attributes\": null\n    }\n  ],\n  \"ServiceConfig\": null,\n  \"Attributes\": null\n} (resolver returned new addresses)"}
{"level":"info","ts":1767998757.3790472,"caller":"grpc@v1.71.1/balancer_wrapper.go:122","msg":"[core] [Channel #1]Channel switches to new LB policy \"pick_first\""}
{"level":"info","ts":1767998757.3790927,"caller":"gracefulswitch/gracefulswitch.go:194","msg":"[pick-first-lb] [pick-first-lb 0xc000318ba0] Received new config {\n  \"shuffleAddressList\": false\n}, resolver state {\n  \"Addresses\": [\n    {\n      \"Addr\": \"localhost:7777\",\n      \"ServerName\": \"\",\n      \"Attributes\": null,\n      \"BalancerAttributes\": null,\n      \"Metadata\": null\n    }\n  ],\n  \"Endpoints\": [\n    {\n      \"Addresses\": [\n        {\n          \"Addr\": \"localhost:7777\",\n          \"ServerName\": \"\",\n          \"Attributes\": null,\n          \"BalancerAttributes\": null,\n          \"Metadata\": null\n        }\n      ],\n      \"Attributes\": null\n    }\n  ],\n  \"ServiceConfig\": null,\n  \"Attributes\": null\n}"}
{"level":"info","ts":1767998757.379122,"caller":"grpc@v1.71.1/balancer_wrapper.go:195","msg":"[core] [Channel #1 SubChannel #2]Subchannel created"}
{"level":"info","ts":1767998757.3791368,"caller":"grpc@v1.71.1/clientconn.go:563","msg":"[core] [Channel #1]Channel Connectivity change to CONNECTING"}
{"level":"info","ts":1767998757.3791544,"caller":"grpc@v1.71.1/clientconn.go:364","msg":"[core] [Channel #1]Channel exiting idle mode"}
{"level":"info","ts":1767998757.3791852,"caller":"grpc@v1.71.1/clientconn.go:176","msg":"[core] original dial target is: \"localhost:7777\""}
{"level":"info","ts":1767998757.3791976,"caller":"grpc@v1.71.1/clientconn.go:459","msg":"[core] [Channel #3]Channel created"}
{"level":"info","ts":1767998757.3792086,"caller":"grpc@v1.71.1/clientconn.go:207","msg":"[core] [Channel #3]parsed dial target is: resolver.Target{URL:url.URL{Scheme:\"passthrough\", Opaque:\"\", User:(*url.Userinfo)(nil), Host:\"\", Path:\"/localhost:7777\", RawPath:\"\", OmitHost:false, ForceQuery:false, RawQuery:\"\", Fragment:\"\", RawFragment:\"\"}}"}
{"level":"info","ts":1767998757.379221,"caller":"grpc@v1.71.1/clientconn.go:208","msg":"[core] [Channel #3]Channel authority set to \"localhost:7777\""}
{"level":"info","ts":1767998757.3791966,"caller":"grpc@v1.71.1/clientconn.go:1224","msg":"[core] [Channel #1 SubChannel #2]Subchannel Connectivity change to CONNECTING"}
{"level":"info","ts":1767998757.3792577,"caller":"grpc@v1.71.1/clientconn.go:1344","msg":"[core] [Channel #1 SubChannel #2]Subchannel picks a new address \"localhost:7777\" to connect"}
{"level":"info","ts":1767998757.379341,"caller":"grpc@v1.71.1/resolver_wrapper.go:210","msg":"[core] [Channel #3]Resolver state updated: {\n  \"Addresses\": [\n    {\n      \"Addr\": \"localhost:7777\",\n      \"ServerName\": \"\",\n      \"Attributes\": null,\n      \"BalancerAttributes\": null,\n      \"Metadata\": null\n    }\n  ],\n  \"Endpoints\": [\n    {\n      \"Addresses\": [\n        {\n          \"Addr\": \"localhost:7777\",\n          \"ServerName\": \"\",\n          \"Attributes\": null,\n          \"BalancerAttributes\": null,\n          \"Metadata\": null\n        }\n      ],\n      \"Attributes\": null\n    }\n  ],\n  \"ServiceConfig\": null,\n  \"Attributes\": null\n} (resolver returned new addresses)"}
{"level":"info","ts":1767998757.3793466,"caller":"pickfirst/pickfirst.go:184","msg":"[pick-first-lb] [pick-first-lb 0xc000318ba0] Received SubConn state update: 0xc0004e7d10, {ConnectivityState:CONNECTING ConnectionError:<nil> connectedAddress:{Addr: ServerName: Attributes:<nil> BalancerAttributes:<nil> Metadata:<nil>}}"}
{"level":"info","ts":1767998757.3793743,"caller":"grpc@v1.71.1/balancer_wrapper.go:122","msg":"[core] [Channel #3]Channel switches to new LB policy \"pick_first\""}
{"level":"info","ts":1767998757.3794754,"caller":"gracefulswitch/gracefulswitch.go:194","msg":"[pick-first-lb] [pick-first-lb 0xc0004360c0] Received new config {\n  \"shuffleAddressList\": false\n}, resolver state {\n  \"Addresses\": [\n    {\n      \"Addr\": \"localhost:7777\",\n      \"ServerName\": \"\",\n      \"Attributes\": null,\n      \"BalancerAttributes\": null,\n      \"Metadata\": null\n    }\n  ],\n  \"Endpoints\": [\n    {\n      \"Addresses\": [\n        {\n          \"Addr\": \"localhost:7777\",\n          \"ServerName\": \"\",\n          \"Attributes\": null,\n          \"BalancerAttributes\": null,\n          \"Metadata\": null\n        }\n      ],\n      \"Attributes\": null\n    }\n  ],\n  \"ServiceConfig\": null,\n  \"Attributes\": null\n}"}
{"level":"info","ts":1767998757.3794985,"caller":"grpc@v1.71.1/balancer_wrapper.go:195","msg":"[core] [Channel #3 SubChannel #4]Subchannel created"}
{"level":"info","ts":1767998757.3795118,"caller":"grpc@v1.71.1/clientconn.go:563","msg":"[core] [Channel #3]Channel Connectivity change to CONNECTING"}
{"level":"info","ts":1767998757.3795292,"caller":"grpc@v1.71.1/clientconn.go:364","msg":"[core] [Channel #3]Channel exiting idle mode"}
{"level":"info","ts":1767998757.3795624,"caller":"grpc@v1.71.1/clientconn.go:1224","msg":"[core] [Channel #3 SubChannel #4]Subchannel Connectivity change to CONNECTING"}
{"level":"info","ts":1767998757.3795817,"caller":"grpc@v1.71.1/clientconn.go:1344","msg":"[core] [Channel #3 SubChannel #4]Subchannel picks a new address \"localhost:7777\" to connect"}
{"level":"info","ts":1767998757.3795514,"caller":"grpc/factory.go:113","msg":"Remote storage configuration","configuration":{"Tenancy":{"Enabled":true,"Header":"x-scope-orgid","Tenants":[]},"Endpoint":"localhost:7777","Compression":"","TLSSetting":{"CAFile":"","CAPem":"[REDACTED]","IncludeSystemCACertsPool":false,"CertFile":"","CertPem":"[REDACTED]","KeyFile":"","KeyPem":"[REDACTED]","MinVersion":"","MaxVersion":"","CipherSuites":null,"ReloadInterval":0,"CurvePreferences":null,"Insecure":true,"InsecureSkipVerify":false,"ServerName":""},"Keepalive":null,"ReadBufferSize":0,"WriteBufferSize":0,"WaitForReady":false,"Headers":null,"BalancerName":"","Authority":"","Auth":null,"Timeout":5000000000}}
{"level":"info","ts":1767998757.3796341,"caller":"pickfirst/pickfirst.go:184","msg":"[pick-first-lb] [pick-first-lb 0xc0004360c0] Received SubConn state update: 0xc0003cc050, {ConnectivityState:CONNECTING ConnectionError:<nil> connectedAddress:{Addr: ServerName: Attributes:<nil> BalancerAttributes:<nil> Metadata:<nil>}}"}
{"level":"info","ts":1767998757.3806853,"caller":"app/flags.go:168","msg":"Archive storage not initialized"}
{"level":"info","ts":1767998757.3812222,"caller":"grpc@v1.71.1/clientconn.go:1346","msg":"[core] Creating new client transport to \"{Addr: \\\"localhost:7777\\\", ServerName: \\\"localhost:7777\\\", }\": connection error: desc = \"transport: Error while dialing: dial tcp [::1]:7777: connect: connection refused\""}
{"level":"warn","ts":1767998757.3812647,"caller":"grpc@v1.71.1/clientconn.go:1406","msg":"[core] [Channel #3 SubChannel #4]grpc: addrConn.createTransport failed to connect to {Addr: \"localhost:7777\", ServerName: \"localhost:7777\", }. Err: connection error: desc = \"transport: Error while dialing: dial tcp [::1]:7777: connect: connection refused\""}
{"level":"info","ts":1767998757.381296,"caller":"grpc@v1.71.1/clientconn.go:1226","msg":"[core] [Channel #3 SubChannel #4]Subchannel Connectivity change to TRANSIENT_FAILURE, last error: connection error: desc = \"transport: Error while dialing: dial tcp [::1]:7777: connect: connection refused\""}
{"level":"info","ts":1767998757.381297,"caller":"grpc@v1.71.1/clientconn.go:1346","msg":"[core] Creating new client transport to \"{Addr: \\\"localhost:7777\\\", ServerName: \\\"localhost:7777\\\", }\": connection error: desc = \"transport: Error while dialing: dial tcp [::1]:7777: connect: connection refused\""}
{"level":"warn","ts":1767998757.3813252,"caller":"grpc@v1.71.1/clientconn.go:1406","msg":"[core] [Channel #1 SubChannel #2]grpc: addrConn.createTransport failed to connect to {Addr: \"localhost:7777\", ServerName: \"localhost:7777\", }. Err: connection error: desc = \"transport: Error while dialing: dial tcp [::1]:7777: connect: connection refused\""}
{"level":"info","ts":1767998757.3813326,"caller":"pickfirst/pickfirst.go:184","msg":"[pick-first-lb] [pick-first-lb 0xc0004360c0] Received SubConn state update: 0xc0003cc050, {ConnectivityState:TRANSIENT_FAILURE ConnectionError:connection error: desc = \"transport: Error while dialing: dial tcp [::1]:7777: connect: connection refused\" connectedAddress:{Addr: ServerName: Attributes:<nil> BalancerAttributes:<nil> Metadata:<nil>}}"}
{"level":"info","ts":1767998757.3813453,"caller":"grpc@v1.71.1/clientconn.go:1226","msg":"[core] [Channel #1 SubChannel #2]Subchannel Connectivity change to TRANSIENT_FAILURE, last error: connection error: desc = \"transport: Error while dialing: dial tcp [::1]:7777: connect: connection refused\""}
{"level":"info","ts":1767998757.3813484,"caller":"grpc@v1.71.1/clientconn.go:563","msg":"[core] [Channel #3]Channel Connectivity change to TRANSIENT_FAILURE"}
{"level":"info","ts":1767998757.3813803,"caller":"pickfirst/pickfirst.go:184","msg":"[pick-first-lb] [pick-first-lb 0xc000318ba0] Received SubConn state update: 0xc0004e7d10, {ConnectivityState:TRANSIENT_FAILURE ConnectionError:connection error: desc = \"transport: Error while dialing: dial tcp [::1]:7777: connect: connection refused\" connectedAddress:{Addr: ServerName: Attributes:<nil> BalancerAttributes:<nil> Metadata:<nil>}}"}
{"level":"info","ts":1767998757.3813965,"caller":"grpc@v1.71.1/clientconn.go:563","msg":"[core] [Channel #1]Channel Connectivity change to TRANSIENT_FAILURE"}
{"level":"info","ts":1767998757.3814387,"caller":"grpc@v1.71.1/server.go:690","msg":"[core] [Server #5]Server created"}
{"level":"info","ts":1767998757.3819356,"caller":"app/static_handler.go:92","msg":"Using UI configuration","path":""}
{"level":"info","ts":1767998757.3823175,"caller":"app/server.go:256","msg":"Query server started","http_addr":"[::]:16686","grpc_addr":"[::]:16685"}
{"level":"info","ts":1767998757.3823426,"caller":"healthcheck/handler.go:118","msg":"Health Check state change","status":"ready"}
{"level":"info","ts":1767998757.3823555,"caller":"app/server.go:284","msg":"Starting HTTP server","port":16686,"addr":":16686"}
{"level":"info","ts":1767998757.38237,"caller":"app/server.go:298","msg":"Starting GRPC server","port":16685,"addr":":16685"}
{"level":"info","ts":1767998757.3824284,"caller":"grpc@v1.71.1/server.go:886","msg":"[core] [Server #5 ListenSocket #6]ListenSocket created"}
{"level":"info","ts":1767998758.381406,"caller":"grpc@v1.71.1/clientconn.go:1226","msg":"[core] [Channel #1 SubChannel #2]Subchannel Connectivity change to IDLE, last error: connection error: desc = \"transport: Error while dialing: dial tcp [::1]:7777: connect: connection refused\""}
{"level":"info","ts":1767998758.3814704,"caller":"pickfirst/pickfirst.go:184","msg":"[pick-first-lb] [pick-first-lb 0xc000318ba0] Received SubConn state update: 0xc0004e7d10, {ConnectivityState:IDLE ConnectionError:connection error: desc = \"transport: Error while dialing: dial tcp [::1]:7777: connect: connection refused\" connectedAddress:{Addr: ServerName: Attributes:<nil> BalancerAttributes:<nil> Metadata:<nil>}}"}
{"level":"info","ts":1767998758.3814158,"caller":"grpc@v1.71.1/clientconn.go:1226","msg":"[core] [Channel #3 SubChannel #4]Subchannel Connectivity change to IDLE, last error: connection error: desc = \"transport: Error while dialing: dial tcp [::1]:7777: connect: connection refused\""}
{"level":"info","ts":1767998758.3815217,"caller":"grpc@v1.71.1/clientconn.go:1224","msg":"[core] [Channel #1 SubChannel #2]Subchannel Connectivity change to CONNECTING"}
{"level":"info","ts":1767998758.3815367,"caller":"pickfirst/pickfirst.go:184","msg":"[pick-first-lb] [pick-first-lb 0xc0004360c0] Received SubConn state update: 0xc0003cc050, {ConnectivityState:IDLE ConnectionError:connection error: desc = \"transport: Error while dialing: dial tcp [::1]:7777: connect: connection refused\" connectedAddress:{Addr: ServerName: Attributes:<nil> BalancerAttributes:<nil> Metadata:<nil>}}"}
{"level":"info","ts":1767998758.381549,"caller":"grpc@v1.71.1/clientconn.go:1344","msg":"[core] [Channel #1 SubChannel #2]Subchannel picks a new address \"localhost:7777\" to connect"}
{"level":"info","ts":1767998758.381572,"caller":"grpc@v1.71.1/clientconn.go:1224","msg":"[core] [Channel #3 SubChannel #4]Subchannel Connectivity change to CONNECTING"}
{"level":"info","ts":1767998758.3815846,"caller":"grpc@v1.71.1/clientconn.go:1344","msg":"[core] [Channel #3 SubChannel #4]Subchannel picks a new address \"localhost:7777\" to connect"}
{"level":"info","ts":1767998758.3816261,"caller":"pickfirst/pickfirst.go:184","msg":"[pick-first-lb] [pick-first-lb 0xc000318ba0] Received SubConn state update: 0xc0004e7d10, {ConnectivityState:CONNECTING ConnectionError:<nil> connectedAddress:{Addr: ServerName: Attributes:<nil> BalancerAttributes:<nil> Metadata:<nil>}}"}
{"level":"info","ts":1767998758.3816383,"caller":"pickfirst/pickfirst.go:184","msg":"[pick-first-lb] [pick-first-lb 0xc0004360c0] Received SubConn state update: 0xc0003cc050, {ConnectivityState:CONNECTING ConnectionError:<nil> connectedAddress:{Addr: ServerName: Attributes:<nil> BalancerAttributes:<nil> Metadata:<nil>}}"}
{"level":"info","ts":1767998758.3820784,"caller":"grpc@v1.71.1/clientconn.go:1224","msg":"[core] [Channel #1 SubChannel #2]Subchannel Connectivity change to READY"}
{"level":"info","ts":1767998758.382131,"caller":"pickfirst/pickfirst.go:184","msg":"[pick-first-lb] [pick-first-lb 0xc000318ba0] Received SubConn state update: 0xc0004e7d10, {ConnectivityState:READY ConnectionError:<nil> connectedAddress:{Addr:localhost:7777 ServerName:localhost:7777 Attributes:<nil> BalancerAttributes:<nil> Metadata:<nil>}}"}
{"level":"info","ts":1767998758.3821285,"caller":"grpc@v1.71.1/clientconn.go:1224","msg":"[core] [Channel #3 SubChannel #4]Subchannel Connectivity change to READY"}
{"level":"info","ts":1767998758.3821476,"caller":"grpc@v1.71.1/clientconn.go:563","msg":"[core] [Channel #1]Channel Connectivity change to READY"}
{"level":"info","ts":1767998758.382166,"caller":"pickfirst/pickfirst.go:184","msg":"[pick-first-lb] [pick-first-lb 0xc0004360c0] Received SubConn state update: 0xc0003cc050, {ConnectivityState:READY ConnectionError:<nil> connectedAddress:{Addr:localhost:7777 ServerName:localhost:7777 Attributes:<nil> BalancerAttributes:<nil> Metadata:<nil>}}"}
{"level":"info","ts":1767998758.3821788,"caller":"grpc@v1.71.1/clientconn.go:563","msg":"[core] [Channel #3]Channel Connectivity change to READY"}
{"level":"info","ts":1768000557.4786882,"caller":"grpc@v1.71.1/resolver_wrapper.go:111","msg":"[core] [Channel #1]Closing the name resolver"}
{"level":"info","ts":1768000557.4787145,"caller":"grpc@v1.71.1/resolver_wrapper.go:111","msg":"[core] [Channel #3]Closing the name resolver"}
{"level":"info","ts":1768000557.4787536,"caller":"grpc@v1.71.1/balancer_wrapper.go:160","msg":"[core] [Channel #3]ccBalancerWrapper: closing"}
{"level":"info","ts":1768000557.478756,"caller":"grpc@v1.71.1/balancer_wrapper.go:160","msg":"[core] [Channel #1]ccBalancerWrapper: closing"}
{"level":"info","ts":1768000557.4787683,"caller":"grpc@v1.71.1/clientconn.go:563","msg":"[core] [Channel #3]Channel Connectivity change to IDLE"}
{"level":"info","ts":1768000557.4787724,"caller":"grpc@v1.71.1/clientconn.go:563","msg":"[core] [Channel #1]Channel Connectivity change to IDLE"}
{"level":"info","ts":1768000557.4787767,"caller":"grpc@v1.71.1/clientconn.go:398","msg":"[core] [Channel #3]Channel entering idle mode"}
{"level":"info","ts":1768000557.478783,"caller":"grpc@v1.71.1/clientconn.go:398","msg":"[core] [Channel #1]Channel entering idle mode"}
{"level":"info","ts":1768000557.4788318,"caller":"grpc@v1.71.1/clientconn.go:1224","msg":"[core] [Channel #3 SubChannel #4]Subchannel Connectivity change to SHUTDOWN"}
{"level":"info","ts":1768000557.4788454,"caller":"grpc@v1.71.1/clientconn.go:881","msg":"[core] [Channel #3 SubChannel #4]Subchannel deleted"}
{"level":"info","ts":1768000557.4788446,"caller":"grpc@v1.71.1/clientconn.go:1224","msg":"[core] [Channel #1 SubChannel #2]Subchannel Connectivity change to SHUTDOWN"}
{"level":"info","ts":1768000557.4788532,"caller":"grpc@v1.71.1/clientconn.go:1576","msg":"[transport] [client-transport 0xc00017e908] GracefulClose called"}
{"level":"info","ts":1768000557.4788601,"caller":"grpc@v1.71.1/clientconn.go:881","msg":"[core] [Channel #1 SubChannel #2]Subchannel deleted"}
{"level":"info","ts":1768000557.4788702,"caller":"grpc@v1.71.1/clientconn.go:1576","msg":"[transport] [client-transport 0xc000554488] GracefulClose called"}
{"level":"info","ts":1768000557.478875,"caller":"transport/http2_client.go:1063","msg":"[transport] [client-transport 0xc00017e908] Closing: connection error: desc = \"no active streams left to process while draining\""}
{"level":"info","ts":1768000557.478894,"caller":"transport/http2_client.go:1063","msg":"[transport] [client-transport 0xc000554488] Closing: connection error: desc = \"no active streams left to process while draining\""}
{"level":"info","ts":1768000557.4789026,"caller":"transport/controlbuf.go:580","msg":"[transport] [client-transport 0xc00017e908] loopyWriter exiting with error: connection error: desc = \"no active streams left to process while draining\""}
{"level":"info","ts":1768000557.478929,"caller":"transport/controlbuf.go:580","msg":"[transport] [client-transport 0xc000554488] loopyWriter exiting with error: connection error: desc = \"no active streams left to process while draining\""}
