2026/01/07 19:08:41 maxprocs: Leaving GOMAXPROCS=16: CPU quota undefined

*******************************************************************************

🛑  WARNING: End-of-life Notice for Jaeger v1

You are currently running a v1 version of Jaeger, which is deprecated and will
reach end-of-life on December 31st, 2025. This means there will be no further
development, bug fixes, or security patches for v1 after this date.

We strongly recommend migrating to Jaeger v2 for continued support and access
to new features.

For detailed migration instructions, please refer to the official Jaeger
documentation:  https://www.jaegertracing.io/docs/latest/migration/

Tracking issue: https://github.com/jaegertracing/jaeger/issues/6321

🛑  WARNING: End-of-life Notice for Jaeger v1

*******************************************************************************

WARNING: found deprecated command line option --span-storage.type=grpc, please use environment variable SPAN_STORAGE_TYPE instead
2026/01/07 19:08:41 application version: git-commit=7d6c4221934c8579ce4b2814ba2c60211c7eb5d4, git-version=1.68.0, build-date=2025-12-11T21:39:31Z
{"level":"info","ts":1767812921.2456145,"caller":"flags/service.go:125","msg":"Mounting metrics handler on admin server","route":"/metrics"}
{"level":"info","ts":1767812921.2456756,"caller":"flags/service.go:131","msg":"Mounting expvar handler on admin server","route":"/debug/vars"}
{"level":"info","ts":1767812921.2459075,"caller":"flags/admin.go:106","msg":"Mounting health check on admin server","route":"/"}
{"level":"info","ts":1767812921.246024,"caller":"flags/admin.go:123","msg":"Starting admin HTTP server"}
{"level":"info","ts":1767812921.2460775,"caller":"flags/admin.go:137","msg":"Admin server started","http.host-port":"[::]:16687","health-status":"unavailable"}
{"level":"info","ts":1767812921.2475119,"caller":"grpc@v1.71.1/clientconn.go:176","msg":"[core] original dial target is: \"localhost:7777\""}
{"level":"info","ts":1767812921.2476768,"caller":"grpc@v1.71.1/clientconn.go:459","msg":"[core] [Channel #1]Channel created"}
{"level":"info","ts":1767812921.247729,"caller":"grpc@v1.71.1/clientconn.go:207","msg":"[core] [Channel #1]parsed dial target is: resolver.Target{URL:url.URL{Scheme:\"passthrough\", Opaque:\"\", User:(*url.Userinfo)(nil), Host:\"\", Path:\"/localhost:7777\", RawPath:\"\", OmitHost:false, ForceQuery:false, RawQuery:\"\", Fragment:\"\", RawFragment:\"\"}}"}
{"level":"info","ts":1767812921.2477696,"caller":"grpc@v1.71.1/clientconn.go:208","msg":"[core] [Channel #1]Channel authority set to \"localhost:7777\""}
{"level":"info","ts":1767812921.2479405,"caller":"grpc@v1.71.1/resolver_wrapper.go:210","msg":"[core] [Channel #1]Resolver state updated: {\n  \"Addresses\": [\n    {\n      \"Addr\": \"localhost:7777\",\n      \"ServerName\": \"\",\n      \"Attributes\": null,\n      \"BalancerAttributes\": null,\n      \"Metadata\": null\n    }\n  ],\n  \"Endpoints\": [\n    {\n      \"Addresses\": [\n        {\n          \"Addr\": \"localhost:7777\",\n          \"ServerName\": \"\",\n          \"Attributes\": null,\n          \"BalancerAttributes\": null,\n          \"Metadata\": null\n        }\n      ],\n      \"Attributes\": null\n    }\n  ],\n  \"ServiceConfig\": null,\n  \"Attributes\": null\n} (resolver returned new addresses)"}
{"level":"info","ts":1767812921.2479732,"caller":"grpc@v1.71.1/balancer_wrapper.go:122","msg":"[core] [Channel #1]Channel switches to new LB policy \"pick_first\""}
{"level":"info","ts":1767812921.2480047,"caller":"gracefulswitch/gracefulswitch.go:194","msg":"[pick-first-lb] [pick-first-lb 0xc0006190e0] Received new config {\n  \"shuffleAddressList\": false\n}, resolver state {\n  \"Addresses\": [\n    {\n      \"Addr\": \"localhost:7777\",\n      \"ServerName\": \"\",\n      \"Attributes\": null,\n      \"BalancerAttributes\": null,\n      \"Metadata\": null\n    }\n  ],\n  \"Endpoints\": [\n    {\n      \"Addresses\": [\n        {\n          \"Addr\": \"localhost:7777\",\n          \"ServerName\": \"\",\n          \"Attributes\": null,\n          \"BalancerAttributes\": null,\n          \"Metadata\": null\n        }\n      ],\n      \"Attributes\": null\n    }\n  ],\n  \"ServiceConfig\": null,\n  \"Attributes\": null\n}"}
{"level":"info","ts":1767812921.248024,"caller":"grpc@v1.71.1/balancer_wrapper.go:195","msg":"[core] [Channel #1 SubChannel #2]Subchannel created"}
{"level":"info","ts":1767812921.2480373,"caller":"grpc@v1.71.1/clientconn.go:563","msg":"[core] [Channel #1]Channel Connectivity change to CONNECTING"}
{"level":"info","ts":1767812921.2480536,"caller":"grpc@v1.71.1/clientconn.go:364","msg":"[core] [Channel #1]Channel exiting idle mode"}
{"level":"info","ts":1767812921.2480884,"caller":"grpc@v1.71.1/clientconn.go:176","msg":"[core] original dial target is: \"localhost:7777\""}
{"level":"info","ts":1767812921.2481062,"caller":"grpc@v1.71.1/clientconn.go:459","msg":"[core] [Channel #3]Channel created"}
{"level":"info","ts":1767812921.2481215,"caller":"grpc@v1.71.1/clientconn.go:207","msg":"[core] [Channel #3]parsed dial target is: resolver.Target{URL:url.URL{Scheme:\"passthrough\", Opaque:\"\", User:(*url.Userinfo)(nil), Host:\"\", Path:\"/localhost:7777\", RawPath:\"\", OmitHost:false, ForceQuery:false, RawQuery:\"\", Fragment:\"\", RawFragment:\"\"}}"}
{"level":"info","ts":1767812921.2481325,"caller":"grpc@v1.71.1/clientconn.go:208","msg":"[core] [Channel #3]Channel authority set to \"localhost:7777\""}
{"level":"info","ts":1767812921.248151,"caller":"grpc@v1.71.1/clientconn.go:1224","msg":"[core] [Channel #1 SubChannel #2]Subchannel Connectivity change to CONNECTING"}
{"level":"info","ts":1767812921.2481687,"caller":"grpc@v1.71.1/resolver_wrapper.go:210","msg":"[core] [Channel #3]Resolver state updated: {\n  \"Addresses\": [\n    {\n      \"Addr\": \"localhost:7777\",\n      \"ServerName\": \"\",\n      \"Attributes\": null,\n      \"BalancerAttributes\": null,\n      \"Metadata\": null\n    }\n  ],\n  \"Endpoints\": [\n    {\n      \"Addresses\": [\n        {\n          \"Addr\": \"localhost:7777\",\n          \"ServerName\": \"\",\n          \"Attributes\": null,\n          \"BalancerAttributes\": null,\n          \"Metadata\": null\n        }\n      ],\n      \"Attributes\": null\n    }\n  ],\n  \"ServiceConfig\": null,\n  \"Attributes\": null\n} (resolver returned new addresses)"}
{"level":"info","ts":1767812921.2481842,"caller":"grpc@v1.71.1/balancer_wrapper.go:122","msg":"[core] [Channel #3]Channel switches to new LB policy \"pick_first\""}
{"level":"info","ts":1767812921.2481923,"caller":"grpc@v1.71.1/clientconn.go:1344","msg":"[core] [Channel #1 SubChannel #2]Subchannel picks a new address \"localhost:7777\" to connect"}
{"level":"info","ts":1767812921.2482111,"caller":"gracefulswitch/gracefulswitch.go:194","msg":"[pick-first-lb] [pick-first-lb 0xc000619680] Received new config {\n  \"shuffleAddressList\": false\n}, resolver state {\n  \"Addresses\": [\n    {\n      \"Addr\": \"localhost:7777\",\n      \"ServerName\": \"\",\n      \"Attributes\": null,\n      \"BalancerAttributes\": null,\n      \"Metadata\": null\n    }\n  ],\n  \"Endpoints\": [\n    {\n      \"Addresses\": [\n        {\n          \"Addr\": \"localhost:7777\",\n          \"ServerName\": \"\",\n          \"Attributes\": null,\n          \"BalancerAttributes\": null,\n          \"Metadata\": null\n        }\n      ],\n      \"Attributes\": null\n    }\n  ],\n  \"ServiceConfig\": null,\n  \"Attributes\": null\n}"}
{"level":"info","ts":1767812921.2482245,"caller":"grpc@v1.71.1/balancer_wrapper.go:195","msg":"[core] [Channel #3 SubChannel #4]Subchannel created"}
{"level":"info","ts":1767812921.2482326,"caller":"grpc@v1.71.1/clientconn.go:563","msg":"[core] [Channel #3]Channel Connectivity change to CONNECTING"}
{"level":"info","ts":1767812921.2482414,"caller":"grpc@v1.71.1/clientconn.go:364","msg":"[core] [Channel #3]Channel exiting idle mode"}
{"level":"info","ts":1767812921.2483003,"caller":"pickfirst/pickfirst.go:184","msg":"[pick-first-lb] [pick-first-lb 0xc0006190e0] Received SubConn state update: 0xc00031e140, {ConnectivityState:CONNECTING ConnectionError:<nil> connectedAddress:{Addr: ServerName: Attributes:<nil> BalancerAttributes:<nil> Metadata:<nil>}}"}
{"level":"info","ts":1767812921.2482507,"caller":"grpc/factory.go:113","msg":"Remote storage configuration","configuration":{"Tenancy":{"Enabled":true,"Header":"x-scope-orgid","Tenants":[]},"Endpoint":"localhost:7777","Compression":"","TLSSetting":{"CAFile":"","CAPem":"[REDACTED]","IncludeSystemCACertsPool":false,"CertFile":"","CertPem":"[REDACTED]","KeyFile":"","KeyPem":"[REDACTED]","MinVersion":"","MaxVersion":"","CipherSuites":null,"ReloadInterval":0,"CurvePreferences":null,"Insecure":true,"InsecureSkipVerify":false,"ServerName":""},"Keepalive":null,"ReadBufferSize":0,"WriteBufferSize":0,"WaitForReady":false,"Headers":null,"BalancerName":"","Authority":"","Auth":null,"Timeout":5000000000}}
{"level":"info","ts":1767812921.2484071,"caller":"grpc@v1.71.1/clientconn.go:1224","msg":"[core] [Channel #3 SubChannel #4]Subchannel Connectivity change to CONNECTING"}
{"level":"info","ts":1767812921.2484398,"caller":"grpc@v1.71.1/clientconn.go:1344","msg":"[core] [Channel #3 SubChannel #4]Subchannel picks a new address \"localhost:7777\" to connect"}
{"level":"info","ts":1767812921.248481,"caller":"pickfirst/pickfirst.go:184","msg":"[pick-first-lb] [pick-first-lb 0xc000619680] Received SubConn state update: 0xc00031e320, {ConnectivityState:CONNECTING ConnectionError:<nil> connectedAddress:{Addr: ServerName: Attributes:<nil> BalancerAttributes:<nil> Metadata:<nil>}}"}
{"level":"info","ts":1767812921.2485938,"caller":"app/flags.go:168","msg":"Archive storage not initialized"}
{"level":"info","ts":1767812921.2489738,"caller":"grpc@v1.71.1/server.go:690","msg":"[core] [Server #5]Server created"}
{"level":"info","ts":1767812921.248977,"caller":"grpc@v1.71.1/clientconn.go:1346","msg":"[core] Creating new client transport to \"{Addr: \\\"localhost:7777\\\", ServerName: \\\"localhost:7777\\\", }\": connection error: desc = \"transport: Error while dialing: dial tcp [::1]:7777: connect: connection refused\""}
{"level":"info","ts":1767812921.2489936,"caller":"grpc@v1.71.1/clientconn.go:1346","msg":"[core] Creating new client transport to \"{Addr: \\\"localhost:7777\\\", ServerName: \\\"localhost:7777\\\", }\": connection error: desc = \"transport: Error while dialing: dial tcp [::1]:7777: connect: connection refused\""}
{"level":"warn","ts":1767812921.2490091,"caller":"grpc@v1.71.1/clientconn.go:1406","msg":"[core] [Channel #3 SubChannel #4]grpc: addrConn.createTransport failed to connect to {Addr: \"localhost:7777\", ServerName: \"localhost:7777\", }. Err: connection error: desc = \"transport: Error while dialing: dial tcp [::1]:7777: connect: connection refused\""}
{"level":"info","ts":1767812921.2490258,"caller":"grpc@v1.71.1/clientconn.go:1226","msg":"[core] [Channel #3 SubChannel #4]Subchannel Connectivity change to TRANSIENT_FAILURE, last error: connection error: desc = \"transport: Error while dialing: dial tcp [::1]:7777: connect: connection refused\""}
{"level":"warn","ts":1767812921.2490294,"caller":"grpc@v1.71.1/clientconn.go:1406","msg":"[core] [Channel #1 SubChannel #2]grpc: addrConn.createTransport failed to connect to {Addr: \"localhost:7777\", ServerName: \"localhost:7777\", }. Err: connection error: desc = \"transport: Error while dialing: dial tcp [::1]:7777: connect: connection refused\""}
{"level":"info","ts":1767812921.2490466,"caller":"pickfirst/pickfirst.go:184","msg":"[pick-first-lb] [pick-first-lb 0xc000619680] Received SubConn state update: 0xc00031e320, {ConnectivityState:TRANSIENT_FAILURE ConnectionError:connection error: desc = \"transport: Error while dialing: dial tcp [::1]:7777: connect: connection refused\" connectedAddress:{Addr: ServerName: Attributes:<nil> BalancerAttributes:<nil> Metadata:<nil>}}"}
{"level":"info","ts":1767812921.249056,"caller":"grpc@v1.71.1/clientconn.go:563","msg":"[core] [Channel #3]Channel Connectivity change to TRANSIENT_FAILURE"}
{"level":"info","ts":1767812921.2490559,"caller":"grpc@v1.71.1/clientconn.go:1226","msg":"[core] [Channel #1 SubChannel #2]Subchannel Connectivity change to TRANSIENT_FAILURE, last error: connection error: desc = \"transport: Error while dialing: dial tcp [::1]:7777: connect: connection refused\""}
{"level":"info","ts":1767812921.2490847,"caller":"pickfirst/pickfirst.go:184","msg":"[pick-first-lb] [pick-first-lb 0xc0006190e0] Received SubConn state update: 0xc00031e140, {ConnectivityState:TRANSIENT_FAILURE ConnectionError:connection error: desc = \"transport: Error while dialing: dial tcp [::1]:7777: connect: connection refused\" connectedAddress:{Addr: ServerName: Attributes:<nil> BalancerAttributes:<nil> Metadata:<nil>}}"}
{"level":"info","ts":1767812921.2491,"caller":"grpc@v1.71.1/clientconn.go:563","msg":"[core] [Channel #1]Channel Connectivity change to TRANSIENT_FAILURE"}
{"level":"info","ts":1767812921.2494087,"caller":"app/static_handler.go:92","msg":"Using UI configuration","path":""}
{"level":"info","ts":1767812921.2497816,"caller":"app/server.go:256","msg":"Query server started","http_addr":"[::]:16686","grpc_addr":"[::]:16685"}
{"level":"info","ts":1767812921.2498026,"caller":"healthcheck/handler.go:118","msg":"Health Check state change","status":"ready"}
{"level":"info","ts":1767812921.249814,"caller":"app/server.go:284","msg":"Starting HTTP server","port":16686,"addr":":16686"}
{"level":"info","ts":1767812921.2498288,"caller":"app/server.go:298","msg":"Starting GRPC server","port":16685,"addr":":16685"}
{"level":"info","ts":1767812921.2498806,"caller":"grpc@v1.71.1/server.go:886","msg":"[core] [Server #5 ListenSocket #6]ListenSocket created"}
{"level":"info","ts":1767812922.2491577,"caller":"grpc@v1.71.1/clientconn.go:1226","msg":"[core] [Channel #1 SubChannel #2]Subchannel Connectivity change to IDLE, last error: connection error: desc = \"transport: Error while dialing: dial tcp [::1]:7777: connect: connection refused\""}
{"level":"info","ts":1767812922.2492142,"caller":"grpc@v1.71.1/clientconn.go:1226","msg":"[core] [Channel #3 SubChannel #4]Subchannel Connectivity change to IDLE, last error: connection error: desc = \"transport: Error while dialing: dial tcp [::1]:7777: connect: connection refused\""}
{"level":"info","ts":1767812922.24923,"caller":"pickfirst/pickfirst.go:184","msg":"[pick-first-lb] [pick-first-lb 0xc0006190e0] Received SubConn state update: 0xc00031e140, {ConnectivityState:IDLE ConnectionError:connection error: desc = \"transport: Error while dialing: dial tcp [::1]:7777: connect: connection refused\" connectedAddress:{Addr: ServerName: Attributes:<nil> BalancerAttributes:<nil> Metadata:<nil>}}"}
{"level":"info","ts":1767812922.249275,"caller":"pickfirst/pickfirst.go:184","msg":"[pick-first-lb] [pick-first-lb 0xc000619680] Received SubConn state update: 0xc00031e320, {ConnectivityState:IDLE ConnectionError:connection error: desc = \"transport: Error while dialing: dial tcp [::1]:7777: connect: connection refused\" connectedAddress:{Addr: ServerName: Attributes:<nil> BalancerAttributes:<nil> Metadata:<nil>}}"}
{"level":"info","ts":1767812922.2492995,"caller":"grpc@v1.71.1/clientconn.go:1224","msg":"[core] [Channel #1 SubChannel #2]Subchannel Connectivity change to CONNECTING"}
{"level":"info","ts":1767812922.2493172,"caller":"grpc@v1.71.1/clientconn.go:1344","msg":"[core] [Channel #1 SubChannel #2]Subchannel picks a new address \"localhost:7777\" to connect"}
{"level":"info","ts":1767812922.249338,"caller":"grpc@v1.71.1/clientconn.go:1224","msg":"[core] [Channel #3 SubChannel #4]Subchannel Connectivity change to CONNECTING"}
{"level":"info","ts":1767812922.249355,"caller":"grpc@v1.71.1/clientconn.go:1344","msg":"[core] [Channel #3 SubChannel #4]Subchannel picks a new address \"localhost:7777\" to connect"}
{"level":"info","ts":1767812922.2493975,"caller":"pickfirst/pickfirst.go:184","msg":"[pick-first-lb] [pick-first-lb 0xc000619680] Received SubConn state update: 0xc00031e320, {ConnectivityState:CONNECTING ConnectionError:<nil> connectedAddress:{Addr: ServerName: Attributes:<nil> BalancerAttributes:<nil> Metadata:<nil>}}"}
{"level":"info","ts":1767812922.249398,"caller":"pickfirst/pickfirst.go:184","msg":"[pick-first-lb] [pick-first-lb 0xc0006190e0] Received SubConn state update: 0xc00031e140, {ConnectivityState:CONNECTING ConnectionError:<nil> connectedAddress:{Addr: ServerName: Attributes:<nil> BalancerAttributes:<nil> Metadata:<nil>}}"}
{"level":"info","ts":1767812922.2498655,"caller":"grpc@v1.71.1/clientconn.go:1224","msg":"[core] [Channel #1 SubChannel #2]Subchannel Connectivity change to READY"}
{"level":"info","ts":1767812922.2498991,"caller":"grpc@v1.71.1/clientconn.go:1224","msg":"[core] [Channel #3 SubChannel #4]Subchannel Connectivity change to READY"}
{"level":"info","ts":1767812922.2499166,"caller":"pickfirst/pickfirst.go:184","msg":"[pick-first-lb] [pick-first-lb 0xc0006190e0] Received SubConn state update: 0xc00031e140, {ConnectivityState:READY ConnectionError:<nil> connectedAddress:{Addr:localhost:7777 ServerName:localhost:7777 Attributes:<nil> BalancerAttributes:<nil> Metadata:<nil>}}"}
{"level":"info","ts":1767812922.249928,"caller":"pickfirst/pickfirst.go:184","msg":"[pick-first-lb] [pick-first-lb 0xc000619680] Received SubConn state update: 0xc00031e320, {ConnectivityState:READY ConnectionError:<nil> connectedAddress:{Addr:localhost:7777 ServerName:localhost:7777 Attributes:<nil> BalancerAttributes:<nil> Metadata:<nil>}}"}
{"level":"info","ts":1767812922.2499385,"caller":"grpc@v1.71.1/clientconn.go:563","msg":"[core] [Channel #3]Channel Connectivity change to READY"}
{"level":"info","ts":1767812922.249938,"caller":"grpc@v1.71.1/clientconn.go:563","msg":"[core] [Channel #1]Channel Connectivity change to READY"}
{"level":"info","ts":1767814721.3473697,"caller":"grpc@v1.71.1/resolver_wrapper.go:111","msg":"[core] [Channel #3]Closing the name resolver"}
{"level":"info","ts":1767814721.3473828,"caller":"grpc@v1.71.1/resolver_wrapper.go:111","msg":"[core] [Channel #1]Closing the name resolver"}
{"level":"info","ts":1767814721.3474257,"caller":"grpc@v1.71.1/balancer_wrapper.go:160","msg":"[core] [Channel #3]ccBalancerWrapper: closing"}
{"level":"info","ts":1767814721.3474357,"caller":"grpc@v1.71.1/balancer_wrapper.go:160","msg":"[core] [Channel #1]ccBalancerWrapper: closing"}
{"level":"info","ts":1767814721.347438,"caller":"grpc@v1.71.1/clientconn.go:563","msg":"[core] [Channel #3]Channel Connectivity change to IDLE"}
{"level":"info","ts":1767814721.347448,"caller":"grpc@v1.71.1/clientconn.go:398","msg":"[core] [Channel #3]Channel entering idle mode"}
{"level":"info","ts":1767814721.347449,"caller":"grpc@v1.71.1/clientconn.go:563","msg":"[core] [Channel #1]Channel Connectivity change to IDLE"}
{"level":"info","ts":1767814721.3474567,"caller":"grpc@v1.71.1/clientconn.go:398","msg":"[core] [Channel #1]Channel entering idle mode"}
{"level":"info","ts":1767814721.3474972,"caller":"grpc@v1.71.1/clientconn.go:1224","msg":"[core] [Channel #3 SubChannel #4]Subchannel Connectivity change to SHUTDOWN"}
{"level":"info","ts":1767814721.3475003,"caller":"grpc@v1.71.1/clientconn.go:1224","msg":"[core] [Channel #1 SubChannel #2]Subchannel Connectivity change to SHUTDOWN"}
{"level":"info","ts":1767814721.347511,"caller":"grpc@v1.71.1/clientconn.go:881","msg":"[core] [Channel #3 SubChannel #4]Subchannel deleted"}
{"level":"info","ts":1767814721.3475132,"caller":"grpc@v1.71.1/clientconn.go:881","msg":"[core] [Channel #1 SubChannel #2]Subchannel deleted"}
{"level":"info","ts":1767814721.3475184,"caller":"grpc@v1.71.1/clientconn.go:1576","msg":"[transport] [client-transport 0xc000196908] GracefulClose called"}
{"level":"info","ts":1767814721.3475204,"caller":"grpc@v1.71.1/clientconn.go:1576","msg":"[transport] [client-transport 0xc00048e008] GracefulClose called"}
{"level":"info","ts":1767814721.3475363,"caller":"transport/http2_client.go:1063","msg":"[transport] [client-transport 0xc00048e008] Closing: connection error: desc = \"no active streams left to process while draining\""}
{"level":"info","ts":1767814721.347541,"caller":"transport/http2_client.go:1063","msg":"[transport] [client-transport 0xc000196908] Closing: connection error: desc = \"no active streams left to process while draining\""}
{"level":"info","ts":1767814721.3475657,"caller":"transport/controlbuf.go:580","msg":"[transport] [client-transport 0xc00048e008] loopyWriter exiting with error: connection error: desc = \"no active streams left to process while draining\""}
{"level":"info","ts":1767814721.3475661,"caller":"transport/controlbuf.go:580","msg":"[transport] [client-transport 0xc000196908] loopyWriter exiting with error: connection error: desc = \"no active streams left to process while draining\""}
