level=warn ts=2026-01-07T19:08:41.236251811Z caller=main.go:119 msg="-- CONFIGURATION WARNINGS --"
level=warn ts=2026-01-07T19:08:41.236346157Z caller=main.go:125 msg="Inline, unscoped overrides are deprecated. Please use the new overrides config format."
level=info ts=2026-01-07T19:08:41.237404258Z caller=main.go:103 msg="Starting Tempo" version="(version=2.9.0, branch=HEAD, revision=f1b3ef152)" target=compactor
level=info msg="server listening on addresses" http=[::]:3101 grpc=[::]:34333
level=info ts=2026-01-07T19:08:41.248311971Z caller=cache.go:55 msg="caches available to storage backend" parquet-footer=false bloom=false parquet-offset-idx=false parquet-column-idx=false trace-id-index=false parquet-page=false
level=info ts=2026-01-07T19:08:41.249309856Z caller=server.go:281 msg="server listening on addresses" http=[::]:3200 grpc=[::]:9095
level=info ts=2026-01-07T19:08:41.250502551Z caller=memberlist_client.go:484 msg="Using memberlist cluster label and node name" cluster_label= node=tempo-tempostack-compactor-8784f6758-mcdcn-6c63b845
level=info ts=2026-01-07T19:08:41.251122379Z caller=module_service.go:82 msg=starting module=cache-provider
level=info ts=2026-01-07T19:08:41.251141495Z caller=module_service.go:82 msg=starting module=internal-server
level=info ts=2026-01-07T19:08:41.251253767Z caller=module_service.go:82 msg=starting module=server
level=info ts=2026-01-07T19:08:41.251332219Z caller=module_service.go:82 msg=starting module=memberlist-kv
level=info ts=2026-01-07T19:08:41.251596268Z caller=module_service.go:82 msg=starting module=store
level=info ts=2026-01-07T19:08:41.25198521Z caller=module_service.go:82 msg=starting module=overrides
level=info ts=2026-01-07T19:08:41.252051871Z caller=module_service.go:82 msg=starting module=compactor
level=info ts=2026-01-07T19:08:41.252058191Z caller=memberlist_client.go:628 msg="memberlist fast-join starting" nodes_found=1 to_join=2
ts=2026-01-07T19:08:41.25441178Z caller=memberlist_logger.go:74 level=warn msg="Failed to resolve tempo-tempostack-gossip-ring: lookup tempo-tempostack-gossip-ring on 172.30.0.10:53: no such host"
level=info ts=2026-01-07T19:08:41.254430874Z caller=memberlist_client.go:634 msg="fast-joining node failed" node=tempo-tempostack-gossip-ring err="1 error occurred:\n\t* Failed to resolve tempo-tempostack-gossip-ring: lookup tempo-tempostack-gossip-ring on 172.30.0.10:53: no such host\n\n"
level=warn ts=2026-01-07T19:08:41.25444599Z caller=memberlist_client.go:644 msg="memberlist fast-join failed because no node has been successfully reached" elapsed_time=2.390507ms
level=error ts=2026-01-07T19:08:41.254454138Z caller=memberlist_client.go:521 msg="failed to fast-join the memberlist cluster at startup" err="no memberlist node reached during fast-join procedure"
level=info ts=2026-01-07T19:08:41.254466934Z caller=memberlist_client.go:666 phase=startup msg="joining memberlist cluster" join_members=tempo-tempostack-gossip-ring
level=info ts=2026-01-07T19:08:41.254499449Z caller=basic_lifecycler.go:321 msg="instance not found in the ring" instance=tempo-tempostack-compactor-8784f6758-mcdcn ring=compactor
level=info ts=2026-01-07T19:08:41.25453909Z caller=ring.go:365 msg="ring doesn't exist in KV store yet"
level=info ts=2026-01-07T19:08:41.254833064Z caller=compactor.go:125 msg="waiting until compactor is ACTIVE in the ring"
ts=2026-01-07T19:08:41.256925435Z caller=memberlist_logger.go:74 level=warn msg="Failed to resolve tempo-tempostack-gossip-ring: lookup tempo-tempostack-gossip-ring on 172.30.0.10:53: no such host"
level=warn ts=2026-01-07T19:08:41.25694355Z caller=memberlist_client.go:700 phase=startup msg="joining memberlist cluster" attempts=1 max_attempts=10 err="1 error occurred:\n\t* Failed to resolve tempo-tempostack-gossip-ring: lookup tempo-tempostack-gossip-ring on 172.30.0.10:53: no such host\n\n"
ts=2026-01-07T19:08:42.750467295Z caller=memberlist_logger.go:74 level=warn msg="Failed to resolve tempo-tempostack-gossip-ring: lookup tempo-tempostack-gossip-ring on 172.30.0.10:53: no such host"
level=warn ts=2026-01-07T19:08:42.750495363Z caller=memberlist_client.go:700 phase=startup msg="joining memberlist cluster" attempts=2 max_attempts=10 err="1 error occurred:\n\t* Failed to resolve tempo-tempostack-gossip-ring: lookup tempo-tempostack-gossip-ring on 172.30.0.10:53: no such host\n\n"
level=info ts=2026-01-07T19:08:46.47537558Z caller=memberlist_client.go:673 phase=startup msg="joining memberlist cluster succeeded" reached_nodes=6 elapsed_time=5.220902527s
level=info ts=2026-01-07T19:08:47.045838583Z caller=compactor.go:131 msg="compactor is ACTIVE in the ring"
level=info ts=2026-01-07T19:08:47.045891975Z caller=compactor.go:140 msg="waiting until compactor ring topology is stable" min_waiting=1m0s max_waiting=5m0s
level=info ts=2026-01-07T19:09:47.046186505Z caller=compactor.go:144 msg="compactor ring topology is stable"
level=info ts=2026-01-07T19:09:47.046336657Z caller=tempodb.go:638 msg="polling enabled" interval=5m0s blocklist_concurrency=50
level=info ts=2026-01-07T19:09:47.057479208Z caller=poller.go:252 msg="blocklist poll complete" seconds=0.011097738
level=info ts=2026-01-07T19:09:47.057517622Z caller=compactor.go:157 msg="enabling compaction"
level=info ts=2026-01-07T19:09:47.057526224Z caller=tempodb.go:598 msg="compaction and retention enabled."
level=info ts=2026-01-07T19:09:47.057561308Z caller=app.go:213 msg="Tempo started"
level=info ts=2026-01-07T19:14:47.083368185Z caller=poller.go:305 msg="writing tenant index" tenant=tenant-1 metas=2 compactedMetas=0
level=info ts=2026-01-07T19:14:47.101059766Z caller=poller.go:252 msg="blocklist poll complete" seconds=0.042659663
level=info ts=2026-01-07T19:15:17.065293908Z caller=compactor.go:145 msg="starting compaction cycle" tenantID=tenant-1 offset=0
level=info ts=2026-01-07T19:15:17.065339762Z caller=compactor.go:170 msg="Compacting hash" hashString=tenant-1-0-491059-0
level=info ts=2026-01-07T19:15:17.065385176Z caller=compactor.go:266 msg="compacting block" version=vParquet4 tenantID=tenant-1 blockID=7be37411-6525-48b1-9a84-81494511a40f startTime="2026-01-07 19:07:19 +0000 UTC" endTime="2026-01-07 19:11:10 +0000 UTC" totalObjects=114626 size=486278764 compactionLevel=0 encoding=none totalRecords=114626 bloomShardCount=2 footerSize=33811 replicationFactor=0
level=info ts=2026-01-07T19:15:17.069115707Z caller=compactor.go:266 msg="compacting block" version=vParquet4 tenantID=tenant-1 blockID=f46f3347-1042-4488-b8eb-66f6df83af70 startTime="2026-01-07 19:09:19 +0000 UTC" endTime="2026-01-07 19:13:10 +0000 UTC" totalObjects=118957 size=504655285 compactionLevel=0 encoding=none totalRecords=118957 bloomShardCount=2 footerSize=33851 replicationFactor=0
level=info ts=2026-01-07T19:15:35.12282231Z caller=compactor.go:263 msg="flushed to block" bytes=336736524 objects=79336 values=99998799
level=info ts=2026-01-07T19:15:48.671127521Z caller=compactor.go:263 msg="flushed to block" bytes=336744296 objects=79337 values=99998764
level=info ts=2026-01-07T19:16:01.15802972Z caller=compactor.go:277 msg="wrote compacted block" version=vParquet4 tenantID=tenant-1 blockID=600c73b8-65c3-4238-a65e-208779bb0e33 startTime="2026-01-07 19:07:19 +0000 UTC" endTime="2026-01-07 19:13:10 +0000 UTC" totalObjects=233583 size=991605547 compactionLevel=1 encoding=none totalRecords=233583 bloomShardCount=3 footerSize=48914 replicationFactor=0 dedicatedColumns=[]
level=info ts=2026-01-07T19:16:01.172127017Z caller=compactor.go:360 msg="compaction complete" elapsed=44.106749245s blockID=600c73b8-65c3-4238-a65e-208779bb0e33
level=info ts=2026-01-07T19:16:01.172178309Z caller=compactor.go:158 msg="compaction cycle complete. No more blocks to compact" tenantID=tenant-1
level=info ts=2026-01-07T19:16:01.172195704Z caller=compactor.go:145 msg="starting compaction cycle" tenantID=tenant-1 offset=0
level=info ts=2026-01-07T19:16:01.172203827Z caller=compactor.go:158 msg="compaction cycle complete. No more blocks to compact" tenantID=tenant-1
level=info ts=2026-01-07T19:16:31.172354702Z caller=compactor.go:145 msg="starting compaction cycle" tenantID=tenant-1 offset=0
level=info ts=2026-01-07T19:16:31.172388961Z caller=compactor.go:158 msg="compaction cycle complete. No more blocks to compact" tenantID=tenant-1
level=info ts=2026-01-07T19:17:01.17336649Z caller=compactor.go:145 msg="starting compaction cycle" tenantID=tenant-1 offset=0
level=info ts=2026-01-07T19:17:01.173401908Z caller=compactor.go:158 msg="compaction cycle complete. No more blocks to compact" tenantID=tenant-1
level=info ts=2026-01-07T19:17:31.174363999Z caller=compactor.go:145 msg="starting compaction cycle" tenantID=tenant-1 offset=0
level=info ts=2026-01-07T19:17:31.174396031Z caller=compactor.go:158 msg="compaction cycle complete. No more blocks to compact" tenantID=tenant-1
level=info ts=2026-01-07T19:18:01.17536385Z caller=compactor.go:145 msg="starting compaction cycle" tenantID=tenant-1 offset=0
level=info ts=2026-01-07T19:18:01.175400767Z caller=compactor.go:158 msg="compaction cycle complete. No more blocks to compact" tenantID=tenant-1
level=info ts=2026-01-07T19:18:31.176359734Z caller=compactor.go:145 msg="starting compaction cycle" tenantID=tenant-1 offset=0
level=info ts=2026-01-07T19:18:31.176396423Z caller=compactor.go:158 msg="compaction cycle complete. No more blocks to compact" tenantID=tenant-1
level=info ts=2026-01-07T19:19:01.177352868Z caller=compactor.go:145 msg="starting compaction cycle" tenantID=tenant-1 offset=0
level=info ts=2026-01-07T19:19:01.177396362Z caller=compactor.go:158 msg="compaction cycle complete. No more blocks to compact" tenantID=tenant-1
level=info ts=2026-01-07T19:19:31.17835999Z caller=compactor.go:145 msg="starting compaction cycle" tenantID=tenant-1 offset=0
level=info ts=2026-01-07T19:19:31.17840084Z caller=compactor.go:158 msg="compaction cycle complete. No more blocks to compact" tenantID=tenant-1
level=info ts=2026-01-07T19:19:47.081276056Z caller=poller.go:305 msg="writing tenant index" tenant=tenant-1 metas=3 compactedMetas=2
level=info ts=2026-01-07T19:19:47.246947738Z caller=poller.go:252 msg="blocklist poll complete" seconds=0.189133706
level=info ts=2026-01-07T19:20:01.17935872Z caller=compactor.go:145 msg="starting compaction cycle" tenantID=tenant-1 offset=0
level=info ts=2026-01-07T19:20:01.179423766Z caller=compactor.go:170 msg="Compacting hash" hashString=tenant-1-0-491059-0
level=info ts=2026-01-07T19:20:01.179452095Z caller=compactor.go:266 msg="compacting block" version=vParquet4 tenantID=tenant-1 blockID=6e1e845f-e028-4663-b2bd-cc98ef031e1d startTime="2026-01-07 19:11:19 +0000 UTC" endTime="2026-01-07 19:15:10 +0000 UTC" totalObjects=118995 size=504824300 compactionLevel=0 encoding=none totalRecords=118995 bloomShardCount=2 footerSize=33853 replicationFactor=0
level=info ts=2026-01-07T19:20:01.183390394Z caller=compactor.go:266 msg="compacting block" version=vParquet4 tenantID=tenant-1 blockID=33ea5d97-754e-425c-838e-a91a680cdb0e startTime="2026-01-07 19:13:19 +0000 UTC" endTime="2026-01-07 19:17:10 +0000 UTC" totalObjects=119009 size=504885435 compactionLevel=0 encoding=none totalRecords=119009 bloomShardCount=2 footerSize=33853 replicationFactor=0
level=info ts=2026-01-07T19:20:19.913192873Z caller=compactor.go:263 msg="flushed to block" bytes=336732422 objects=79334 values=99998834
level=info ts=2026-01-07T19:20:33.695386242Z caller=compactor.go:263 msg="flushed to block" bytes=336750897 objects=79337 values=99999918
level=info ts=2026-01-07T19:20:47.317302589Z caller=compactor.go:277 msg="wrote compacted block" version=vParquet4 tenantID=tenant-1 blockID=966b738a-4e0d-4b74-8955-b9b2faa0d7b3 startTime="2026-01-07 19:11:19 +0000 UTC" endTime="2026-01-07 19:17:10 +0000 UTC" totalObjects=238004 size=1010427029 compactionLevel=1 encoding=none totalRecords=238004 bloomShardCount=3 footerSize=48917 replicationFactor=0 dedicatedColumns=[]
level=info ts=2026-01-07T19:20:47.327275959Z caller=compactor.go:360 msg="compaction complete" elapsed=46.147830212s blockID=966b738a-4e0d-4b74-8955-b9b2faa0d7b3
level=info ts=2026-01-07T19:20:47.32733086Z caller=compactor.go:158 msg="compaction cycle complete. No more blocks to compact" tenantID=tenant-1
level=info ts=2026-01-07T19:20:47.327357363Z caller=compactor.go:145 msg="starting compaction cycle" tenantID=tenant-1 offset=0
level=info ts=2026-01-07T19:20:47.327371455Z caller=compactor.go:170 msg="Compacting hash" hashString=tenant-1-1-491059-0
level=info ts=2026-01-07T19:20:47.327388363Z caller=compactor.go:266 msg="compacting block" version=vParquet4 tenantID=tenant-1 blockID=600c73b8-65c3-4238-a65e-208779bb0e33 startTime="2026-01-07 19:07:19 +0000 UTC" endTime="2026-01-07 19:13:10 +0000 UTC" totalObjects=233583 size=991605547 compactionLevel=1 encoding=none totalRecords=233583 bloomShardCount=3 footerSize=48914 replicationFactor=0
level=info ts=2026-01-07T19:20:47.328926525Z caller=compactor.go:266 msg="compacting block" version=vParquet4 tenantID=tenant-1 blockID=966b738a-4e0d-4b74-8955-b9b2faa0d7b3 startTime="2026-01-07 19:11:19 +0000 UTC" endTime="2026-01-07 19:17:10 +0000 UTC" totalObjects=238004 size=1010427029 compactionLevel=1 encoding=none totalRecords=238004 bloomShardCount=3 footerSize=48917 replicationFactor=0
level=info ts=2026-01-07T19:21:05.210841814Z caller=compactor.go:263 msg="flushed to block" bytes=336712864 objects=79335 values=99999022
level=info ts=2026-01-07T19:21:19.891862973Z caller=compactor.go:263 msg="flushed to block" bytes=336735193 objects=79336 values=99999793
level=info ts=2026-01-07T19:21:34.610782521Z caller=compactor.go:263 msg="flushed to block" bytes=336736871 objects=79338 values=99999305
level=info ts=2026-01-07T19:21:52.39350208Z caller=compactor.go:263 msg="flushed to block" bytes=336738541 objects=79336 values=99999236
level=info ts=2026-01-07T19:22:06.610784018Z caller=compactor.go:263 msg="flushed to block" bytes=336727877 objects=79334 values=99998795
level=info ts=2026-01-07T19:22:18.752268608Z caller=compactor.go:277 msg="wrote compacted block" version=vParquet4 tenantID=tenant-1 blockID=9928880d-9f3c-4c1c-80c1-706dca2fe304 startTime="2026-01-07 19:07:19 +0000 UTC" endTime="2026-01-07 19:17:10 +0000 UTC" totalObjects=471587 size=2001953871 compactionLevel=2 encoding=none totalRecords=471587 bloomShardCount=6 footerSize=93938 replicationFactor=0 dedicatedColumns=[]
level=info ts=2026-01-07T19:22:18.765968701Z caller=compactor.go:360 msg="compaction complete" elapsed=1m31.438582465s blockID=9928880d-9f3c-4c1c-80c1-706dca2fe304
level=info ts=2026-01-07T19:22:18.766032015Z caller=compactor.go:158 msg="compaction cycle complete. No more blocks to compact" tenantID=tenant-1
level=info ts=2026-01-07T19:22:18.766060488Z caller=compactor.go:145 msg="starting compaction cycle" tenantID=tenant-1 offset=0
level=info ts=2026-01-07T19:22:18.766071543Z caller=compactor.go:158 msg="compaction cycle complete. No more blocks to compact" tenantID=tenant-1
level=info ts=2026-01-07T19:22:48.766345323Z caller=compactor.go:145 msg="starting compaction cycle" tenantID=tenant-1 offset=0
level=info ts=2026-01-07T19:22:48.766378703Z caller=compactor.go:158 msg="compaction cycle complete. No more blocks to compact" tenantID=tenant-1
level=info ts=2026-01-07T19:23:18.767038033Z caller=compactor.go:145 msg="starting compaction cycle" tenantID=tenant-1 offset=0
level=info ts=2026-01-07T19:23:18.767090661Z caller=compactor.go:158 msg="compaction cycle complete. No more blocks to compact" tenantID=tenant-1
level=info ts=2026-01-07T19:23:48.767065475Z caller=compactor.go:145 msg="starting compaction cycle" tenantID=tenant-1 offset=0
level=info ts=2026-01-07T19:23:48.767106742Z caller=compactor.go:158 msg="compaction cycle complete. No more blocks to compact" tenantID=tenant-1
level=info ts=2026-01-07T19:24:18.768047055Z caller=compactor.go:145 msg="starting compaction cycle" tenantID=tenant-1 offset=0
level=info ts=2026-01-07T19:24:18.768090375Z caller=compactor.go:158 msg="compaction cycle complete. No more blocks to compact" tenantID=tenant-1
level=info ts=2026-01-07T19:24:47.081960551Z caller=poller.go:305 msg="writing tenant index" tenant=tenant-1 metas=4 compactedMetas=6
level=info ts=2026-01-07T19:24:47.098442738Z caller=poller.go:252 msg="blocklist poll complete" seconds=0.040109833
level=info ts=2026-01-07T19:24:48.768817094Z caller=compactor.go:145 msg="starting compaction cycle" tenantID=tenant-1 offset=0
level=info ts=2026-01-07T19:24:48.768877845Z caller=compactor.go:170 msg="Compacting hash" hashString=tenant-1-0-491059-0
level=info ts=2026-01-07T19:24:48.76891051Z caller=compactor.go:266 msg="compacting block" version=vParquet4 tenantID=tenant-1 blockID=791d6a33-a353-483b-beee-67e4084c9d95 startTime="2026-01-07 19:19:18 +0000 UTC" endTime="2026-01-07 19:23:10 +0000 UTC" totalObjects=118934 size=504551824 compactionLevel=0 encoding=none totalRecords=118934 bloomShardCount=2 footerSize=33852 replicationFactor=0
level=info ts=2026-01-07T19:24:48.770565775Z caller=compactor.go:266 msg="compacting block" version=vParquet4 tenantID=tenant-1 blockID=b585753f-8ad6-4603-ab26-ff81e6ed2b0e startTime="2026-01-07 19:17:19 +0000 UTC" endTime="2026-01-07 19:21:10 +0000 UTC" totalObjects=118988 size=504785055 compactionLevel=0 encoding=none totalRecords=118988 bloomShardCount=2 footerSize=33853 replicationFactor=0
level=info ts=2026-01-07T19:24:48.772006335Z caller=compactor.go:266 msg="compacting block" version=vParquet4 tenantID=tenant-1 blockID=6ab4de95-a070-4615-b1c3-bb2b4525ae02 startTime="2026-01-07 19:15:19 +0000 UTC" endTime="2026-01-07 19:19:10 +0000 UTC" totalObjects=119025 size=504948179 compactionLevel=0 encoding=none totalRecords=119025 bloomShardCount=2 footerSize=33853 replicationFactor=0
level=info ts=2026-01-07T19:25:10.171931434Z caller=compactor.go:263 msg="flushed to block" bytes=336728421 objects=79336 values=99998855
level=info ts=2026-01-07T19:25:23.835153107Z caller=compactor.go:263 msg="flushed to block" bytes=336745416 objects=79338 values=99999697
level=info ts=2026-01-07T19:25:38.377224388Z caller=compactor.go:263 msg="flushed to block" bytes=336738498 objects=79336 values=99998845
level=info ts=2026-01-07T19:25:53.594971951Z caller=compactor.go:263 msg="flushed to block" bytes=336751966 objects=79336 values=99999469
level=info ts=2026-01-07T19:25:59.925271581Z caller=compactor.go:277 msg="wrote compacted block" version=vParquet4 tenantID=tenant-1 blockID=78c778ff-94d6-45d9-bf4d-1a6cce981d4b startTime="2026-01-07 19:15:19 +0000 UTC" endTime="2026-01-07 19:23:10 +0000 UTC" totalObjects=356947 size=1514977928 compactionLevel=1 encoding=none totalRecords=356947 bloomShardCount=5 footerSize=78876 replicationFactor=0 dedicatedColumns=[]
level=info ts=2026-01-07T19:25:59.940295097Z caller=compactor.go:360 msg="compaction complete" elapsed=1m11.171390201s blockID=78c778ff-94d6-45d9-bf4d-1a6cce981d4b
level=info ts=2026-01-07T19:25:59.940343419Z caller=compactor.go:158 msg="compaction cycle complete. No more blocks to compact" tenantID=tenant-1
level=info ts=2026-01-07T19:25:59.940363947Z caller=compactor.go:145 msg="starting compaction cycle" tenantID=tenant-1 offset=0
level=info ts=2026-01-07T19:25:59.940371084Z caller=compactor.go:158 msg="compaction cycle complete. No more blocks to compact" tenantID=tenant-1
level=info ts=2026-01-07T19:26:29.941036279Z caller=compactor.go:145 msg="starting compaction cycle" tenantID=tenant-1 offset=0
level=info ts=2026-01-07T19:26:29.94108341Z caller=compactor.go:158 msg="compaction cycle complete. No more blocks to compact" tenantID=tenant-1
level=info ts=2026-01-07T19:26:59.942103685Z caller=compactor.go:145 msg="starting compaction cycle" tenantID=tenant-1 offset=0
level=info ts=2026-01-07T19:26:59.942137893Z caller=compactor.go:158 msg="compaction cycle complete. No more blocks to compact" tenantID=tenant-1
level=info ts=2026-01-07T19:27:29.942895721Z caller=compactor.go:145 msg="starting compaction cycle" tenantID=tenant-1 offset=0
level=info ts=2026-01-07T19:27:29.94294487Z caller=compactor.go:158 msg="compaction cycle complete. No more blocks to compact" tenantID=tenant-1
level=info ts=2026-01-07T19:27:59.94328747Z caller=compactor.go:145 msg="starting compaction cycle" tenantID=tenant-1 offset=0
level=info ts=2026-01-07T19:27:59.943322857Z caller=compactor.go:158 msg="compaction cycle complete. No more blocks to compact" tenantID=tenant-1
level=info ts=2026-01-07T19:28:29.943441803Z caller=compactor.go:145 msg="starting compaction cycle" tenantID=tenant-1 offset=0
level=info ts=2026-01-07T19:28:29.943474208Z caller=compactor.go:158 msg="compaction cycle complete. No more blocks to compact" tenantID=tenant-1
level=info ts=2026-01-07T19:28:59.944365784Z caller=compactor.go:145 msg="starting compaction cycle" tenantID=tenant-1 offset=0
level=info ts=2026-01-07T19:28:59.944416584Z caller=compactor.go:158 msg="compaction cycle complete. No more blocks to compact" tenantID=tenant-1
level=info ts=2026-01-07T19:29:29.944872203Z caller=compactor.go:145 msg="starting compaction cycle" tenantID=tenant-1 offset=0
level=info ts=2026-01-07T19:29:29.944911383Z caller=compactor.go:158 msg="compaction cycle complete. No more blocks to compact" tenantID=tenant-1
level=info ts=2026-01-07T19:29:47.083143038Z caller=poller.go:305 msg="writing tenant index" tenant=tenant-1 metas=4 compactedMetas=9
level=info ts=2026-01-07T19:29:47.209601609Z caller=poller.go:252 msg="blocklist poll complete" seconds=0.151004838
level=info ts=2026-01-07T19:29:59.944984476Z caller=compactor.go:145 msg="starting compaction cycle" tenantID=tenant-1 offset=0
level=info ts=2026-01-07T19:29:59.94505825Z caller=compactor.go:170 msg="Compacting hash" hashString=tenant-1-0-491059-0
level=info ts=2026-01-07T19:29:59.945082706Z caller=compactor.go:266 msg="compacting block" version=vParquet4 tenantID=tenant-1 blockID=d038df73-1d0e-4b19-b4f1-beca88ef26d3 startTime="2026-01-07 19:23:18 +0000 UTC" endTime="2026-01-07 19:27:10 +0000 UTC" totalObjects=118978 size=504742372 compactionLevel=0 encoding=none totalRecords=118978 bloomShardCount=2 footerSize=33852 replicationFactor=0
level=info ts=2026-01-07T19:29:59.94837991Z caller=compactor.go:266 msg="compacting block" version=vParquet4 tenantID=tenant-1 blockID=fb11a469-7856-49c8-9028-6d02a3201aab startTime="2026-01-07 19:21:19 +0000 UTC" endTime="2026-01-07 19:25:10 +0000 UTC" totalObjects=119040 size=505013079 compactionLevel=0 encoding=none totalRecords=119040 bloomShardCount=2 footerSize=33853 replicationFactor=0
level=info ts=2026-01-07T19:30:20.650361195Z caller=compactor.go:263 msg="flushed to block" bytes=336737227 objects=79337 values=99999782
level=info ts=2026-01-07T19:30:35.891300464Z caller=compactor.go:263 msg="flushed to block" bytes=336749881 objects=79336 values=99998936
level=info ts=2026-01-07T19:30:50.950200858Z caller=compactor.go:263 msg="flushed to block" bytes=336732673 objects=79334 values=99998988
level=info ts=2026-01-07T19:30:51.012041483Z caller=compactor.go:277 msg="wrote compacted block" version=vParquet4 tenantID=tenant-1 blockID=58d734da-b598-49ac-af34-fefa0cdf5f9b startTime="2026-01-07 19:21:19 +0000 UTC" endTime="2026-01-07 19:27:10 +0000 UTC" totalObjects=238018 size=1010496389 compactionLevel=1 encoding=none totalRecords=238018 bloomShardCount=3 footerSize=63253 replicationFactor=0 dedicatedColumns=[]
level=info ts=2026-01-07T19:30:51.026024965Z caller=compactor.go:360 msg="compaction complete" elapsed=51.080945966s blockID=58d734da-b598-49ac-af34-fefa0cdf5f9b
level=info ts=2026-01-07T19:30:51.026079213Z caller=compactor.go:158 msg="compaction cycle complete. No more blocks to compact" tenantID=tenant-1
level=info ts=2026-01-07T19:30:51.026102341Z caller=compactor.go:145 msg="starting compaction cycle" tenantID=tenant-1 offset=0
level=info ts=2026-01-07T19:30:51.026115953Z caller=compactor.go:170 msg="Compacting hash" hashString=tenant-1-1-491059-0
level=info ts=2026-01-07T19:30:51.026134557Z caller=compactor.go:266 msg="compacting block" version=vParquet4 tenantID=tenant-1 blockID=58d734da-b598-49ac-af34-fefa0cdf5f9b startTime="2026-01-07 19:21:19 +0000 UTC" endTime="2026-01-07 19:27:10 +0000 UTC" totalObjects=238018 size=1010496389 compactionLevel=1 encoding=none totalRecords=238018 bloomShardCount=3 footerSize=63253 replicationFactor=0
level=info ts=2026-01-07T19:30:51.027492871Z caller=compactor.go:266 msg="compacting block" version=vParquet4 tenantID=tenant-1 blockID=78c778ff-94d6-45d9-bf4d-1a6cce981d4b startTime="2026-01-07 19:15:19 +0000 UTC" endTime="2026-01-07 19:23:10 +0000 UTC" totalObjects=356947 size=1514977928 compactionLevel=1 encoding=none totalRecords=356947 bloomShardCount=5 footerSize=78876 replicationFactor=0
level=info ts=2026-01-07T19:31:10.786150987Z caller=compactor.go:263 msg="flushed to block" bytes=336718328 objects=79337 values=99998769
level=info ts=2026-01-07T19:31:26.509753537Z caller=compactor.go:263 msg="flushed to block" bytes=336733829 objects=79336 values=99999405
level=info ts=2026-01-07T19:31:45.385194806Z caller=compactor.go:263 msg="flushed to block" bytes=336735163 objects=79337 values=99999214
level=info ts=2026-01-07T19:32:00.876247235Z caller=compactor.go:263 msg="flushed to block" bytes=336727875 objects=79337 values=99999296
level=info ts=2026-01-07T19:32:16.385640894Z caller=compactor.go:263 msg="flushed to block" bytes=336731037 objects=79336 values=99999468
level=info ts=2026-01-07T19:32:32.152788603Z caller=compactor.go:263 msg="flushed to block" bytes=336727875 objects=79332 values=99999171
level=info ts=2026-01-07T19:32:47.344166787Z caller=compactor.go:263 msg="flushed to block" bytes=336737310 objects=79337 values=99999126
level=info ts=2026-01-07T19:32:53.95064905Z caller=compactor.go:277 msg="wrote compacted block" version=vParquet4 tenantID=tenant-1 blockID=dc8705cb-8a95-49b1-b34c-5c7d67d18f0e startTime="2026-01-07 19:15:19 +0000 UTC" endTime="2026-01-07 19:27:10 +0000 UTC" totalObjects=594965 size=2525365405 compactionLevel=2 encoding=none totalRecords=594965 bloomShardCount=7 footerSize=123900 replicationFactor=0 dedicatedColumns=[]
level=info ts=2026-01-07T19:32:53.961465974Z caller=compactor.go:360 msg="compaction complete" elapsed=2m2.935332932s blockID=dc8705cb-8a95-49b1-b34c-5c7d67d18f0e
level=info ts=2026-01-07T19:32:53.9615341Z caller=compactor.go:158 msg="compaction cycle complete. No more blocks to compact" tenantID=tenant-1
level=info ts=2026-01-07T19:32:53.961563029Z caller=compactor.go:145 msg="starting compaction cycle" tenantID=tenant-1 offset=0
level=info ts=2026-01-07T19:32:53.961577326Z caller=compactor.go:170 msg="Compacting hash" hashString=tenant-1-2-491059-0
level=info ts=2026-01-07T19:32:53.961603145Z caller=compactor.go:266 msg="compacting block" version=vParquet4 tenantID=tenant-1 blockID=9928880d-9f3c-4c1c-80c1-706dca2fe304 startTime="2026-01-07 19:07:19 +0000 UTC" endTime="2026-01-07 19:17:10 +0000 UTC" totalObjects=471587 size=2001953871 compactionLevel=2 encoding=none totalRecords=471587 bloomShardCount=6 footerSize=93938 replicationFactor=0
level=info ts=2026-01-07T19:32:53.963033871Z caller=compactor.go:266 msg="compacting block" version=vParquet4 tenantID=tenant-1 blockID=dc8705cb-8a95-49b1-b34c-5c7d67d18f0e startTime="2026-01-07 19:15:19 +0000 UTC" endTime="2026-01-07 19:27:10 +0000 UTC" totalObjects=594965 size=2525365405 compactionLevel=2 encoding=none totalRecords=594965 bloomShardCount=7 footerSize=123900 replicationFactor=0
level=info ts=2026-01-07T19:33:14.587517625Z caller=compactor.go:263 msg="flushed to block" bytes=336700663 objects=79337 values=99999931
level=info ts=2026-01-07T19:33:30.607379262Z caller=compactor.go:263 msg="flushed to block" bytes=336721696 objects=79335 values=99999449
level=info ts=2026-01-07T19:33:48.043166366Z caller=compactor.go:263 msg="flushed to block" bytes=336725607 objects=79337 values=99999745
level=info ts=2026-01-07T19:34:04.545567718Z caller=compactor.go:263 msg="flushed to block" bytes=336729323 objects=79338 values=99999465
level=info ts=2026-01-07T19:34:20.773872056Z caller=compactor.go:263 msg="flushed to block" bytes=336728452 objects=79336 values=99999488
level=info ts=2026-01-07T19:34:36.634980266Z caller=compactor.go:263 msg="flushed to block" bytes=336734480 objects=79339 values=99999926
level=info ts=2026-01-07T19:34:47.081344738Z caller=poller.go:305 msg="writing tenant index" tenant=tenant-1 metas=5 compactedMetas=13
level=info ts=2026-01-07T19:34:47.100988318Z caller=poller.go:252 msg="blocklist poll complete" seconds=0.04292447
level=info ts=2026-01-07T19:34:52.895813774Z caller=compactor.go:263 msg="flushed to block" bytes=336723559 objects=79336 values=99999622
level=info ts=2026-01-07T19:35:09.230892508Z caller=compactor.go:263 msg="flushed to block" bytes=336719586 objects=79337 values=99998920
level=info ts=2026-01-07T19:35:25.420006195Z caller=compactor.go:263 msg="flushed to block" bytes=336716669 objects=79335 values=99999233
level=info ts=2026-01-07T19:35:41.522025894Z caller=compactor.go:263 msg="flushed to block" bytes=336705547 objects=79329 values=99998965
level=info ts=2026-01-07T19:35:57.469987482Z caller=compactor.go:263 msg="flushed to block" bytes=336731375 objects=79338 values=99999686
level=info ts=2026-01-07T19:36:13.173837221Z caller=compactor.go:263 msg="flushed to block" bytes=336718746 objects=79336 values=99999642
level=info ts=2026-01-07T19:36:28.676410471Z caller=compactor.go:263 msg="flushed to block" bytes=336739585 objects=79338 values=99999911
level=info ts=2026-01-07T19:36:34.788126038Z caller=compactor.go:277 msg="wrote compacted block" version=vParquet4 tenantID=tenant-1 blockID=7fb5afbe-4682-4cd1-b7c1-aba59413c56d startTime="2026-01-07 19:07:19 +0000 UTC" endTime="2026-01-07 19:27:10 +0000 UTC" totalObjects=1066552 size=4527229315 compactionLevel=3 encoding=none totalRecords=1066552 bloomShardCount=13 footerSize=213908 replicationFactor=0 dedicatedColumns=[]
level=info ts=2026-01-07T19:36:34.798191396Z caller=compactor.go:360 msg="compaction complete" elapsed=3m40.836591433s blockID=7fb5afbe-4682-4cd1-b7c1-aba59413c56d
level=info ts=2026-01-07T19:36:34.798268654Z caller=compactor.go:158 msg="compaction cycle complete. No more blocks to compact" tenantID=tenant-1
level=info ts=2026-01-07T19:36:34.798299229Z caller=compactor.go:145 msg="starting compaction cycle" tenantID=tenant-1 offset=0
level=info ts=2026-01-07T19:36:34.798316473Z caller=compactor.go:170 msg="Compacting hash" hashString=tenant-1-0-491059-0
level=info ts=2026-01-07T19:36:34.798344148Z caller=compactor.go:266 msg="compacting block" version=vParquet4 tenantID=tenant-1 blockID=11c9e076-8008-49b8-ad2b-6021098ac4b5 startTime="2026-01-07 19:27:18 +0000 UTC" endTime="2026-01-07 19:31:10 +0000 UTC" totalObjects=119001 size=504846757 compactionLevel=0 encoding=none totalRecords=119001 bloomShardCount=2 footerSize=33853 replicationFactor=0
level=info ts=2026-01-07T19:36:34.799759074Z caller=compactor.go:266 msg="compacting block" version=vParquet4 tenantID=tenant-1 blockID=b041d0da-d7c7-4c4d-8467-2e678ff905ff startTime="2026-01-07 19:25:18 +0000 UTC" endTime="2026-01-07 19:29:10 +0000 UTC" totalObjects=119030 size=504964162 compactionLevel=0 encoding=none totalRecords=119030 bloomShardCount=2 footerSize=33853 replicationFactor=0
level=info ts=2026-01-07T19:36:34.801157443Z caller=compactor.go:266 msg="compacting block" version=vParquet4 tenantID=tenant-1 blockID=46f0ad21-57fb-458e-9d15-220e136478f2 startTime="2026-01-07 19:29:19 +0000 UTC" endTime="2026-01-07 19:33:10 +0000 UTC" totalObjects=119034 size=504990489 compactionLevel=0 encoding=none totalRecords=119034 bloomShardCount=2 footerSize=33853 replicationFactor=0
level=info ts=2026-01-07T19:36:58.214992725Z caller=compactor.go:263 msg="flushed to block" bytes=336741042 objects=79337 values=99999218
level=info ts=2026-01-07T19:37:13.200685271Z caller=compactor.go:263 msg="flushed to block" bytes=336739942 objects=79335 values=99998987
level=info ts=2026-01-07T19:37:29.431584031Z caller=compactor.go:263 msg="flushed to block" bytes=336734904 objects=79335 values=99999305
level=info ts=2026-01-07T19:37:45.705558651Z caller=compactor.go:263 msg="flushed to block" bytes=336746462 objects=79337 values=99999760
level=info ts=2026-01-07T19:37:52.543216979Z caller=compactor.go:277 msg="wrote compacted block" version=vParquet4 tenantID=tenant-1 blockID=5d4e6328-c0f8-4d6b-9d67-c5ba2fddec34 startTime="2026-01-07 19:25:18 +0000 UTC" endTime="2026-01-07 19:33:10 +0000 UTC" totalObjects=357065 size=1515483409 compactionLevel=1 encoding=none totalRecords=357065 bloomShardCount=5 footerSize=78877 replicationFactor=0 dedicatedColumns=[]
level=info ts=2026-01-07T19:37:52.558923464Z caller=compactor.go:360 msg="compaction complete" elapsed=1m17.760583956s blockID=5d4e6328-c0f8-4d6b-9d67-c5ba2fddec34
level=info ts=2026-01-07T19:37:52.558986936Z caller=compactor.go:158 msg="compaction cycle complete. No more blocks to compact" tenantID=tenant-1
level=info ts=2026-01-07T19:37:52.559014603Z caller=compactor.go:145 msg="starting compaction cycle" tenantID=tenant-1 offset=0
level=info ts=2026-01-07T19:37:52.559024067Z caller=compactor.go:158 msg="compaction cycle complete. No more blocks to compact" tenantID=tenant-1
level=info ts=2026-01-07T19:38:22.559130927Z caller=compactor.go:145 msg="starting compaction cycle" tenantID=tenant-1 offset=0
level=info ts=2026-01-07T19:38:22.559188062Z caller=compactor.go:158 msg="compaction cycle complete. No more blocks to compact" tenantID=tenant-1
level=info ts=2026-01-07T19:38:52.559856419Z caller=compactor.go:145 msg="starting compaction cycle" tenantID=tenant-1 offset=0
level=info ts=2026-01-07T19:38:52.559912945Z caller=compactor.go:158 msg="compaction cycle complete. No more blocks to compact" tenantID=tenant-1
level=info ts=2026-01-07T19:39:22.560348558Z caller=compactor.go:145 msg="starting compaction cycle" tenantID=tenant-1 offset=0
level=info ts=2026-01-07T19:39:22.560381733Z caller=compactor.go:158 msg="compaction cycle complete. No more blocks to compact" tenantID=tenant-1
level=info ts=2026-01-07T19:39:47.08843832Z caller=poller.go:305 msg="writing tenant index" tenant=tenant-1 metas=5 compactedMetas=18
level=info ts=2026-01-07T19:39:47.106619624Z caller=poller.go:252 msg="blocklist poll complete" seconds=0.048221154
level=info ts=2026-01-07T19:39:52.56096303Z caller=compactor.go:145 msg="starting compaction cycle" tenantID=tenant-1 offset=0
level=info ts=2026-01-07T19:39:52.561018101Z caller=compactor.go:170 msg="Compacting hash" hashString=tenant-1-0-491059-0
level=info ts=2026-01-07T19:39:52.561053358Z caller=compactor.go:266 msg="compacting block" version=vParquet4 tenantID=tenant-1 blockID=255b2a74-988f-4528-8851-71057d714b7e startTime="2026-01-07 19:33:19 +0000 UTC" endTime="2026-01-07 19:37:10 +0000 UTC" totalObjects=118986 size=504781949 compactionLevel=0 encoding=none totalRecords=118986 bloomShardCount=2 footerSize=33853 replicationFactor=0
level=info ts=2026-01-07T19:39:52.562731267Z caller=compactor.go:266 msg="compacting block" version=vParquet4 tenantID=tenant-1 blockID=796250a4-5586-4f3c-bf6e-a11f2e2b9ec3 startTime="2026-01-07 19:35:19 +0000 UTC" endTime="2026-01-07 19:39:10 +0000 UTC" totalObjects=119006 size=504860357 compactionLevel=0 encoding=none totalRecords=119006 bloomShardCount=2 footerSize=33853 replicationFactor=0
level=info ts=2026-01-07T19:39:52.564097994Z caller=compactor.go:266 msg="compacting block" version=vParquet4 tenantID=tenant-1 blockID=fa2c0f54-4352-426c-bde0-3385f4568b45 startTime="2026-01-07 19:31:19 +0000 UTC" endTime="2026-01-07 19:35:10 +0000 UTC" totalObjects=119007 size=504867622 compactionLevel=0 encoding=none totalRecords=119007 bloomShardCount=2 footerSize=33853 replicationFactor=0
level=info ts=2026-01-07T19:40:17.46848743Z caller=compactor.go:263 msg="flushed to block" bytes=336729136 objects=79338 values=99998863
level=info ts=2026-01-07T19:40:32.967901488Z caller=compactor.go:263 msg="flushed to block" bytes=336737711 objects=79336 values=99999331
level=info ts=2026-01-07T19:40:50.684175684Z caller=compactor.go:263 msg="flushed to block" bytes=336747983 objects=79339 values=99999729
level=info ts=2026-01-07T19:41:07.156711022Z caller=compactor.go:263 msg="flushed to block" bytes=336757898 objects=79338 values=99999944
level=info ts=2026-01-07T19:41:14.644343088Z caller=compactor.go:277 msg="wrote compacted block" version=vParquet4 tenantID=tenant-1 blockID=7062e7be-8479-46dd-81a4-6ab60004ed26 startTime="2026-01-07 19:31:19 +0000 UTC" endTime="2026-01-07 19:39:10 +0000 UTC" totalObjects=356999 size=1515183569 compactionLevel=1 encoding=none totalRecords=356999 bloomShardCount=5 footerSize=78877 replicationFactor=0 dedicatedColumns=[]
level=info ts=2026-01-07T19:41:14.664032407Z caller=compactor.go:360 msg="compaction complete" elapsed=1m22.102985898s blockID=7062e7be-8479-46dd-81a4-6ab60004ed26
level=info ts=2026-01-07T19:41:14.664095614Z caller=compactor.go:158 msg="compaction cycle complete. No more blocks to compact" tenantID=tenant-1
level=info ts=2026-01-07T19:41:14.664118391Z caller=compactor.go:145 msg="starting compaction cycle" tenantID=tenant-1 offset=0
level=info ts=2026-01-07T19:41:14.664130969Z caller=compactor.go:170 msg="Compacting hash" hashString=tenant-1-1-491059-0
level=info ts=2026-01-07T19:41:14.664166659Z caller=compactor.go:266 msg="compacting block" version=vParquet4 tenantID=tenant-1 blockID=7062e7be-8479-46dd-81a4-6ab60004ed26 startTime="2026-01-07 19:31:19 +0000 UTC" endTime="2026-01-07 19:39:10 +0000 UTC" totalObjects=356999 size=1515183569 compactionLevel=1 encoding=none totalRecords=356999 bloomShardCount=5 footerSize=78877 replicationFactor=0
level=info ts=2026-01-07T19:41:14.66557234Z caller=compactor.go:266 msg="compacting block" version=vParquet4 tenantID=tenant-1 blockID=5d4e6328-c0f8-4d6b-9d67-c5ba2fddec34 startTime="2026-01-07 19:25:18 +0000 UTC" endTime="2026-01-07 19:33:10 +0000 UTC" totalObjects=357065 size=1515483409 compactionLevel=1 encoding=none totalRecords=357065 bloomShardCount=5 footerSize=78877 replicationFactor=0
level=info ts=2026-01-07T19:41:36.696697944Z caller=compactor.go:263 msg="flushed to block" bytes=336720398 objects=79338 values=99998827
level=info ts=2026-01-07T19:41:53.948035526Z caller=compactor.go:263 msg="flushed to block" bytes=336733053 objects=79337 values=99999377
level=info ts=2026-01-07T19:42:10.9641036Z caller=compactor.go:263 msg="flushed to block" bytes=336725107 objects=79335 values=99998819
level=info ts=2026-01-07T19:42:28.223191357Z caller=compactor.go:263 msg="flushed to block" bytes=336731400 objects=79336 values=99999056
level=info ts=2026-01-07T19:42:45.740954357Z caller=compactor.go:263 msg="flushed to block" bytes=336733815 objects=79337 values=99999829
level=info ts=2026-01-07T19:43:03.381923009Z caller=compactor.go:263 msg="flushed to block" bytes=336731606 objects=79337 values=99999464
level=info ts=2026-01-07T19:43:21.251141159Z caller=compactor.go:263 msg="flushed to block" bytes=336740417 objects=79336 values=99999826
level=info ts=2026-01-07T19:43:38.207225558Z caller=compactor.go:263 msg="flushed to block" bytes=336743877 objects=79339 values=99999809
level=info ts=2026-01-07T19:43:55.99443372Z caller=compactor.go:263 msg="flushed to block" bytes=336728815 objects=79336 values=99999103
level=info ts=2026-01-07T19:43:56.123593885Z caller=compactor.go:277 msg="wrote compacted block" version=vParquet4 tenantID=tenant-1 blockID=137b59f5-97b3-4e3a-82da-0b56d46f2436 startTime="2026-01-07 19:25:18 +0000 UTC" endTime="2026-01-07 19:39:10 +0000 UTC" totalObjects=714064 size=3031358500 compactionLevel=2 encoding=none totalRecords=714064 bloomShardCount=9 footerSize=153331 replicationFactor=0 dedicatedColumns=[]
level=info ts=2026-01-07T19:43:56.13889398Z caller=compactor.go:360 msg="compaction complete" elapsed=2m41.474730271s blockID=137b59f5-97b3-4e3a-82da-0b56d46f2436
level=info ts=2026-01-07T19:43:56.139079078Z caller=compactor.go:158 msg="compaction cycle complete. No more blocks to compact" tenantID=tenant-1
level=info ts=2026-01-07T19:43:56.139155892Z caller=compactor.go:145 msg="starting compaction cycle" tenantID=tenant-1 offset=0
level=info ts=2026-01-07T19:43:56.139192185Z caller=compactor.go:158 msg="compaction cycle complete. No more blocks to compact" tenantID=tenant-1
level=info ts=2026-01-07T19:44:26.140056531Z caller=compactor.go:145 msg="starting compaction cycle" tenantID=tenant-1 offset=0
level=info ts=2026-01-07T19:44:26.140201133Z caller=compactor.go:158 msg="compaction cycle complete. No more blocks to compact" tenantID=tenant-1
level=info ts=2026-01-07T19:44:47.132733318Z caller=poller.go:305 msg="writing tenant index" tenant=tenant-1 metas=4 compactedMetas=23
level=info ts=2026-01-07T19:44:47.15519831Z caller=poller.go:252 msg="blocklist poll complete" seconds=0.096921748
level=info ts=2026-01-07T19:44:56.140547017Z caller=compactor.go:145 msg="starting compaction cycle" tenantID=tenant-1 offset=0
level=info ts=2026-01-07T19:44:56.140670139Z caller=compactor.go:170 msg="Compacting hash" hashString=tenant-1-0-491059-0
level=info ts=2026-01-07T19:44:56.140751361Z caller=compactor.go:266 msg="compacting block" version=vParquet4 tenantID=tenant-1 blockID=c2c39ed8-deef-4b2e-830f-841cc14aa830 startTime="2026-01-07 19:39:19 +0000 UTC" endTime="2026-01-07 19:43:10 +0000 UTC" totalObjects=118999 size=504836464 compactionLevel=0 encoding=none totalRecords=118999 bloomShardCount=2 footerSize=33853 replicationFactor=0
level=info ts=2026-01-07T19:44:56.145407796Z caller=compactor.go:266 msg="compacting block" version=vParquet4 tenantID=tenant-1 blockID=c3155a16-88ca-457f-af66-033117525e41 startTime="2026-01-07 19:37:19 +0000 UTC" endTime="2026-01-07 19:41:10 +0000 UTC" totalObjects=119017 size=504913986 compactionLevel=0 encoding=none totalRecords=119017 bloomShardCount=2 footerSize=33853 replicationFactor=0
level=info ts=2026-01-07T19:45:20.22871338Z caller=compactor.go:263 msg="flushed to block" bytes=336748387 objects=79336 values=99999820
level=info ts=2026-01-07T19:45:37.430449857Z caller=compactor.go:263 msg="flushed to block" bytes=336750374 objects=79336 values=99999015
level=info ts=2026-01-07T19:45:54.896882564Z caller=compactor.go:263 msg="flushed to block" bytes=336749951 objects=79337 values=99999595
level=info ts=2026-01-07T19:45:54.985103024Z caller=compactor.go:277 msg="wrote compacted block" version=vParquet4 tenantID=tenant-1 blockID=eae93d37-513a-4f96-bab4-dcf2ccfd9511 startTime="2026-01-07 19:37:19 +0000 UTC" endTime="2026-01-07 19:43:10 +0000 UTC" totalObjects=238016 size=1010508474 compactionLevel=1 encoding=none totalRecords=238016 bloomShardCount=3 footerSize=63238 replicationFactor=0 dedicatedColumns=[]
level=info ts=2026-01-07T19:45:55.012081421Z caller=compactor.go:360 msg="compaction complete" elapsed=58.871333302s blockID=eae93d37-513a-4f96-bab4-dcf2ccfd9511
level=info ts=2026-01-07T19:45:55.012224467Z caller=compactor.go:158 msg="compaction cycle complete. No more blocks to compact" tenantID=tenant-1
level=info ts=2026-01-07T19:45:55.012300536Z caller=compactor.go:145 msg="starting compaction cycle" tenantID=tenant-1 offset=0
level=info ts=2026-01-07T19:45:55.012328972Z caller=compactor.go:158 msg="compaction cycle complete. No more blocks to compact" tenantID=tenant-1
level=info ts=2026-01-07T19:46:25.01445408Z caller=compactor.go:145 msg="starting compaction cycle" tenantID=tenant-1 offset=0
level=info ts=2026-01-07T19:46:25.014588395Z caller=compactor.go:158 msg="compaction cycle complete. No more blocks to compact" tenantID=tenant-1
level=info ts=2026-01-07T19:46:55.017295918Z caller=compactor.go:145 msg="starting compaction cycle" tenantID=tenant-1 offset=0
level=info ts=2026-01-07T19:46:55.01733536Z caller=compactor.go:158 msg="compaction cycle complete. No more blocks to compact" tenantID=tenant-1
level=info ts=2026-01-07T19:47:25.018409517Z caller=compactor.go:145 msg="starting compaction cycle" tenantID=tenant-1 offset=0
level=info ts=2026-01-07T19:47:25.018447032Z caller=compactor.go:158 msg="compaction cycle complete. No more blocks to compact" tenantID=tenant-1
level=info ts=2026-01-07T19:47:55.019536503Z caller=compactor.go:145 msg="starting compaction cycle" tenantID=tenant-1 offset=0
level=info ts=2026-01-07T19:47:55.01967664Z caller=compactor.go:158 msg="compaction cycle complete. No more blocks to compact" tenantID=tenant-1
level=info ts=2026-01-07T19:48:25.019821457Z caller=compactor.go:145 msg="starting compaction cycle" tenantID=tenant-1 offset=0
level=info ts=2026-01-07T19:48:25.019867819Z caller=compactor.go:158 msg="compaction cycle complete. No more blocks to compact" tenantID=tenant-1
level=info ts=2026-01-07T19:48:55.02079951Z caller=compactor.go:145 msg="starting compaction cycle" tenantID=tenant-1 offset=0
level=info ts=2026-01-07T19:48:55.020992462Z caller=compactor.go:158 msg="compaction cycle complete. No more blocks to compact" tenantID=tenant-1
level=info ts=2026-01-07T19:49:25.021188309Z caller=compactor.go:145 msg="starting compaction cycle" tenantID=tenant-1 offset=0
level=info ts=2026-01-07T19:49:25.021255564Z caller=compactor.go:158 msg="compaction cycle complete. No more blocks to compact" tenantID=tenant-1
level=info ts=2026-01-07T19:49:47.148822558Z caller=poller.go:305 msg="writing tenant index" tenant=tenant-1 metas=5 compactedMetas=25
level=info ts=2026-01-07T19:49:47.171398907Z caller=poller.go:252 msg="blocklist poll complete" seconds=0.113488812
level=info ts=2026-01-07T19:49:55.021538634Z caller=compactor.go:145 msg="starting compaction cycle" tenantID=tenant-1 offset=0
level=info ts=2026-01-07T19:49:55.021724864Z caller=compactor.go:170 msg="Compacting hash" hashString=tenant-1-0-491059-0
level=info ts=2026-01-07T19:49:55.021817722Z caller=compactor.go:266 msg="compacting block" version=vParquet4 tenantID=tenant-1 blockID=56fe856a-f2c8-4a26-9e3f-7ea80de502bf startTime="2026-01-07 19:43:18 +0000 UTC" endTime="2026-01-07 19:47:10 +0000 UTC" totalObjects=119021 size=504927802 compactionLevel=0 encoding=none totalRecords=119021 bloomShardCount=2 footerSize=33853 replicationFactor=0
level=info ts=2026-01-07T19:49:55.023581532Z caller=compactor.go:266 msg="compacting block" version=vParquet4 tenantID=tenant-1 blockID=71d3dfd9-4754-47c9-945a-5f81db789e66 startTime="2026-01-07 19:41:20 +0000 UTC" endTime="2026-01-07 19:45:10 +0000 UTC" totalObjects=119039 size=505014848 compactionLevel=0 encoding=none totalRecords=119039 bloomShardCount=2 footerSize=33853 replicationFactor=0
level=info ts=2026-01-07T19:50:21.423107192Z caller=compactor.go:263 msg="flushed to block" bytes=336737889 objects=79337 values=99999856
level=info ts=2026-01-07T19:50:39.736753543Z caller=compactor.go:263 msg="flushed to block" bytes=336756514 objects=79336 values=99999126
level=info ts=2026-01-07T19:51:02.99348944Z caller=compactor.go:263 msg="flushed to block" bytes=336738673 objects=79335 values=99999341
level=info ts=2026-01-07T19:51:03.085787686Z caller=compactor.go:277 msg="wrote compacted block" version=vParquet4 tenantID=tenant-1 blockID=43d65c2d-a5ad-4c88-8f17-c55e9b91c9c7 startTime="2026-01-07 19:41:20 +0000 UTC" endTime="2026-01-07 19:47:10 +0000 UTC" totalObjects=238060 size=1010679701 compactionLevel=1 encoding=none totalRecords=238060 bloomShardCount=3 footerSize=63287 replicationFactor=0 dedicatedColumns=[]
level=info ts=2026-01-07T19:51:03.100995958Z caller=compactor.go:360 msg="compaction complete" elapsed=1m8.079183804s blockID=43d65c2d-a5ad-4c88-8f17-c55e9b91c9c7
level=info ts=2026-01-07T19:51:03.101124174Z caller=compactor.go:158 msg="compaction cycle complete. No more blocks to compact" tenantID=tenant-1
level=info ts=2026-01-07T19:51:03.10115877Z caller=compactor.go:145 msg="starting compaction cycle" tenantID=tenant-1 offset=0
level=info ts=2026-01-07T19:51:03.101199979Z caller=compactor.go:170 msg="Compacting hash" hashString=tenant-1-1-491059-0
level=info ts=2026-01-07T19:51:03.101277192Z caller=compactor.go:266 msg="compacting block" version=vParquet4 tenantID=tenant-1 blockID=eae93d37-513a-4f96-bab4-dcf2ccfd9511 startTime="2026-01-07 19:37:19 +0000 UTC" endTime="2026-01-07 19:43:10 +0000 UTC" totalObjects=238016 size=1010508474 compactionLevel=1 encoding=none totalRecords=238016 bloomShardCount=3 footerSize=63238 replicationFactor=0
level=info ts=2026-01-07T19:51:03.103398393Z caller=compactor.go:266 msg="compacting block" version=vParquet4 tenantID=tenant-1 blockID=43d65c2d-a5ad-4c88-8f17-c55e9b91c9c7 startTime="2026-01-07 19:41:20 +0000 UTC" endTime="2026-01-07 19:47:10 +0000 UTC" totalObjects=238060 size=1010679701 compactionLevel=1 encoding=none totalRecords=238060 bloomShardCount=3 footerSize=63287 replicationFactor=0
level=info ts=2026-01-07T19:51:30.840048849Z caller=compactor.go:263 msg="flushed to block" bytes=336731963 objects=79337 values=99998969
level=info ts=2026-01-07T19:51:52.689410745Z caller=compactor.go:263 msg="flushed to block" bytes=336736969 objects=79335 values=99999875
level=info ts=2026-01-07T19:52:14.120715853Z caller=compactor.go:263 msg="flushed to block" bytes=336738626 objects=79337 values=99999248
level=info ts=2026-01-07T19:52:34.284999885Z caller=compactor.go:263 msg="flushed to block" bytes=336731204 objects=79336 values=99999802
level=info ts=2026-01-07T19:52:56.035529492Z caller=compactor.go:263 msg="flushed to block" bytes=336732461 objects=79335 values=99999741
level=info ts=2026-01-07T19:53:15.561048768Z caller=compactor.go:263 msg="flushed to block" bytes=336731658 objects=79337 values=99999110
level=info ts=2026-01-07T19:53:15.679695367Z caller=compactor.go:277 msg="wrote compacted block" version=vParquet4 tenantID=tenant-1 blockID=0d078d50-2b83-4f31-b0ac-cf6ec132b5ee startTime="2026-01-07 19:37:19 +0000 UTC" endTime="2026-01-07 19:47:10 +0000 UTC" totalObjects=476076 size=2021079993 compactionLevel=2 encoding=none totalRecords=476076 bloomShardCount=6 footerSize=108312 replicationFactor=0 dedicatedColumns=[]
level=info ts=2026-01-07T19:53:15.698320452Z caller=compactor.go:360 msg="compaction complete" elapsed=2m12.597092826s blockID=0d078d50-2b83-4f31-b0ac-cf6ec132b5ee
level=info ts=2026-01-07T19:53:15.69838354Z caller=compactor.go:158 msg="compaction cycle complete. No more blocks to compact" tenantID=tenant-1
level=info ts=2026-01-07T19:53:15.6984148Z caller=compactor.go:145 msg="starting compaction cycle" tenantID=tenant-1 offset=0
level=info ts=2026-01-07T19:53:15.698439155Z caller=compactor.go:170 msg="Compacting hash" hashString=tenant-1-2-491059-0
level=info ts=2026-01-07T19:53:15.698465579Z caller=compactor.go:266 msg="compacting block" version=vParquet4 tenantID=tenant-1 blockID=0d078d50-2b83-4f31-b0ac-cf6ec132b5ee startTime="2026-01-07 19:37:19 +0000 UTC" endTime="2026-01-07 19:47:10 +0000 UTC" totalObjects=476076 size=2021079993 compactionLevel=2 encoding=none totalRecords=476076 bloomShardCount=6 footerSize=108312 replicationFactor=0
level=info ts=2026-01-07T19:53:15.703154046Z caller=compactor.go:266 msg="compacting block" version=vParquet4 tenantID=tenant-1 blockID=137b59f5-97b3-4e3a-82da-0b56d46f2436 startTime="2026-01-07 19:25:18 +0000 UTC" endTime="2026-01-07 19:39:10 +0000 UTC" totalObjects=714064 size=3031358500 compactionLevel=2 encoding=none totalRecords=714064 bloomShardCount=9 footerSize=153331 replicationFactor=0
level=info ts=2026-01-07T19:53:47.197152849Z caller=compactor.go:263 msg="flushed to block" bytes=336710070 objects=79339 values=99999113
level=info ts=2026-01-07T19:54:08.335400201Z caller=compactor.go:263 msg="flushed to block" bytes=336723549 objects=79336 values=99999503
level=info ts=2026-01-07T19:54:30.993010046Z caller=compactor.go:263 msg="flushed to block" bytes=336736737 objects=79338 values=99999193
level=info ts=2026-01-07T19:54:47.095257113Z caller=poller.go:305 msg="writing tenant index" tenant=tenant-1 metas=6 compactedMetas=29
level=info ts=2026-01-07T19:54:47.115752242Z caller=poller.go:252 msg="blocklist poll complete" seconds=0.057022809
level=info ts=2026-01-07T19:54:51.906213007Z caller=compactor.go:263 msg="flushed to block" bytes=336715212 objects=79335 values=99999659
level=info ts=2026-01-07T19:55:16.981361953Z caller=compactor.go:263 msg="flushed to block" bytes=336715730 objects=79335 values=99999575
level=info ts=2026-01-07T19:55:38.623364429Z caller=compactor.go:263 msg="flushed to block" bytes=336729997 objects=79338 values=99998999
level=info ts=2026-01-07T19:55:59.444988977Z caller=compactor.go:263 msg="flushed to block" bytes=336727473 objects=79336 values=99999218
level=info ts=2026-01-07T19:56:20.562178431Z caller=compactor.go:263 msg="flushed to block" bytes=336724065 objects=79336 values=99999254
level=info ts=2026-01-07T19:56:42.27136346Z caller=compactor.go:263 msg="flushed to block" bytes=336715535 objects=79335 values=99999602
level=info ts=2026-01-07T19:57:03.76148006Z caller=compactor.go:263 msg="flushed to block" bytes=336725107 objects=79337 values=99999136
level=info ts=2026-01-07T19:57:24.932531513Z caller=compactor.go:263 msg="flushed to block" bytes=336729737 objects=79334 values=99999092
level=info ts=2026-01-07T19:57:54.471435707Z caller=compactor.go:263 msg="flushed to block" bytes=336723446 objects=79337 values=99999623
level=info ts=2026-01-07T19:58:17.241903362Z caller=compactor.go:263 msg="flushed to block" bytes=336736539 objects=79338 values=99999912
level=info ts=2026-01-07T19:58:41.265681965Z caller=compactor.go:263 msg="flushed to block" bytes=336731028 objects=79337 values=99999037
level=info ts=2026-01-07T19:59:05.22316047Z caller=compactor.go:263 msg="flushed to block" bytes=336726788 objects=79337 values=99999860
level=info ts=2026-01-07T19:59:05.506068214Z caller=compactor.go:277 msg="wrote compacted block" version=vParquet4 tenantID=tenant-1 blockID=190ee335-2def-4bf0-9054-0dfe586db79c startTime="2026-01-07 19:25:18 +0000 UTC" endTime="2026-01-07 19:47:10 +0000 UTC" totalObjects=1190140 size=5052289748 compactionLevel=3 encoding=none totalRecords=1190140 bloomShardCount=14 footerSize=243465 replicationFactor=0 dedicatedColumns=[]
level=info ts=2026-01-07T19:59:05.541389078Z caller=compactor.go:360 msg="compaction complete" elapsed=5m49.842927313s blockID=190ee335-2def-4bf0-9054-0dfe586db79c
level=info ts=2026-01-07T19:59:05.541568007Z caller=compactor.go:184 msg="compacted blocks for a maintenance cycle, bailing out" tenantID=tenant-1
level=info ts=2026-01-07T19:59:05.541647298Z caller=compactor.go:145 msg="starting compaction cycle" tenantID=tenant-1 offset=0
level=info ts=2026-01-07T19:59:05.54172042Z caller=compactor.go:170 msg="Compacting hash" hashString=tenant-1-0-491059-0
level=info ts=2026-01-07T19:59:05.541803433Z caller=compactor.go:266 msg="compacting block" version=vParquet4 tenantID=tenant-1 blockID=3ed41448-c748-4a06-91e4-44672bf52042 startTime="2026-01-07 19:47:18 +0000 UTC" endTime="2026-01-07 19:51:10 +0000 UTC" totalObjects=117100 size=496774471 compactionLevel=0 encoding=none totalRecords=117100 bloomShardCount=2 footerSize=33850 replicationFactor=0
level=info ts=2026-01-07T19:59:05.545302608Z caller=compactor.go:266 msg="compacting block" version=vParquet4 tenantID=tenant-1 blockID=4e162454-3f5e-49ae-a258-954a1d1c8a36 startTime="2026-01-07 19:45:19 +0000 UTC" endTime="2026-01-07 19:49:10 +0000 UTC" totalObjects=119048 size=505037704 compactionLevel=0 encoding=none totalRecords=119048 bloomShardCount=2 footerSize=33853 replicationFactor=0
level=info ts=2026-01-07T19:59:05.552493198Z caller=compactor.go:266 msg="compacting block" version=vParquet4 tenantID=tenant-1 blockID=334ff504-6082-4210-99a3-bf60f0ea3a37 startTime="2026-01-07 19:49:18 +0000 UTC" endTime="2026-01-07 19:53:10 +0000 UTC" totalObjects=119292 size=506087297 compactionLevel=0 encoding=none totalRecords=119292 bloomShardCount=2 footerSize=33852 replicationFactor=0
level=info ts=2026-01-07T19:59:47.126958423Z caller=poller.go:305 msg="writing tenant index" tenant=tenant-1 metas=7 compactedMetas=31
level=info ts=2026-01-07T19:59:47.148497355Z caller=poller.go:252 msg="blocklist poll complete" seconds=0.090123921
level=info ts=2026-01-07T19:59:57.808771604Z caller=compactor.go:263 msg="flushed to block" bytes=336725460 objects=79337 values=99999213
level=info ts=2026-01-07T20:00:18.495594179Z caller=compactor.go:263 msg="flushed to block" bytes=336744132 objects=79336 values=99999550
level=info ts=2026-01-07T20:00:47.305638034Z caller=compactor.go:263 msg="flushed to block" bytes=336750124 objects=79337 values=99999833
level=info ts=2026-01-07T20:01:12.012407531Z caller=compactor.go:263 msg="flushed to block" bytes=336736001 objects=79336 values=99999645
level=info ts=2026-01-07T20:01:21.064768582Z caller=compactor.go:277 msg="wrote compacted block" version=vParquet4 tenantID=tenant-1 blockID=90cecc3a-342e-49b3-b072-f503ac70567e startTime="2026-01-07 19:45:19 +0000 UTC" endTime="2026-01-07 19:53:10 +0000 UTC" totalObjects=355440 size=1508567668 compactionLevel=1 encoding=none totalRecords=355440 bloomShardCount=5 footerSize=78874 replicationFactor=0 dedicatedColumns=[]
level=info ts=2026-01-07T20:01:21.10421888Z caller=compactor.go:360 msg="compaction complete" elapsed=2m15.562431907s blockID=90cecc3a-342e-49b3-b072-f503ac70567e
level=info ts=2026-01-07T20:01:21.104356982Z caller=compactor.go:170 msg="Compacting hash" hashString=tenant-1-3-491059-0
level=info ts=2026-01-07T20:01:21.104417293Z caller=compactor.go:266 msg="compacting block" version=vParquet4 tenantID=tenant-1 blockID=7fb5afbe-4682-4cd1-b7c1-aba59413c56d startTime="2026-01-07 19:07:19 +0000 UTC" endTime="2026-01-07 19:27:10 +0000 UTC" totalObjects=1066552 size=4527229315 compactionLevel=3 encoding=none totalRecords=1066552 bloomShardCount=13 footerSize=213908 replicationFactor=0
level=info ts=2026-01-07T20:01:21.110862607Z caller=compactor.go:266 msg="compacting block" version=vParquet4 tenantID=tenant-1 blockID=190ee335-2def-4bf0-9054-0dfe586db79c startTime="2026-01-07 19:25:18 +0000 UTC" endTime="2026-01-07 19:47:10 +0000 UTC" totalObjects=1190140 size=5052289748 compactionLevel=3 encoding=none totalRecords=1190140 bloomShardCount=14 footerSize=243465 replicationFactor=0
level=info ts=2026-01-07T20:01:58.537354097Z caller=compactor.go:263 msg="flushed to block" bytes=336704078 objects=79338 values=99999668
level=info ts=2026-01-07T20:02:27.521628968Z caller=compactor.go:263 msg="flushed to block" bytes=336716456 objects=79337 values=99998852
level=info ts=2026-01-07T20:02:52.713686128Z caller=compactor.go:263 msg="flushed to block" bytes=336728021 objects=79335 values=99999363
level=info ts=2026-01-07T20:03:22.684344469Z caller=compactor.go:263 msg="flushed to block" bytes=336725319 objects=79337 values=99999681
level=info ts=2026-01-07T20:03:53.713198674Z caller=compactor.go:263 msg="flushed to block" bytes=336722913 objects=79335 values=99999087
level=info ts=2026-01-07T20:04:24.297804344Z caller=compactor.go:263 msg="flushed to block" bytes=336735789 objects=79338 values=99999547
level=info ts=2026-01-07T20:04:47.121987754Z caller=poller.go:305 msg="writing tenant index" tenant=tenant-1 metas=7 compactedMetas=34
level=info ts=2026-01-07T20:04:47.143090592Z caller=poller.go:252 msg="blocklist poll complete" seconds=0.084891046
level=info ts=2026-01-07T20:04:55.964441604Z caller=compactor.go:263 msg="flushed to block" bytes=336733698 objects=79337 values=99999477
level=info ts=2026-01-07T20:05:28.850545492Z caller=compactor.go:263 msg="flushed to block" bytes=336734544 objects=79338 values=99999277
level=info ts=2026-01-07T20:05:58.915011036Z caller=compactor.go:263 msg="flushed to block" bytes=336707874 objects=79333 values=99998820
level=info ts=2026-01-07T20:06:28.965291831Z caller=compactor.go:263 msg="flushed to block" bytes=336733912 objects=79337 values=99999342
level=info ts=2026-01-07T20:06:59.20135691Z caller=compactor.go:263 msg="flushed to block" bytes=336722778 objects=79336 values=99999462
level=info ts=2026-01-07T20:07:30.621418863Z caller=compactor.go:263 msg="flushed to block" bytes=336747056 objects=79339 values=99999268
level=info ts=2026-01-07T20:08:00.41234247Z caller=compactor.go:263 msg="flushed to block" bytes=336724087 objects=79337 values=99999500
level=info ts=2026-01-07T20:08:30.636565994Z caller=compactor.go:263 msg="flushed to block" bytes=336729920 objects=79336 values=99998901
level=info ts=2026-01-07T20:09:02.413538324Z caller=compactor.go:263 msg="flushed to block" bytes=336728449 objects=79335 values=99999045
level=info ts=2026-01-07T20:09:33.556748886Z caller=compactor.go:263 msg="flushed to block" bytes=336726477 objects=79337 values=99999138
level=info ts=2026-01-07T20:09:47.148387763Z caller=poller.go:305 msg="writing tenant index" tenant=tenant-1 metas=9 compactedMetas=34
level=info ts=2026-01-07T20:09:47.17838272Z caller=poller.go:252 msg="blocklist poll complete" seconds=0.119445934
level=info ts=2026-01-07T20:10:03.779348895Z caller=compactor.go:263 msg="flushed to block" bytes=336723839 objects=79336 values=99998948
level=info ts=2026-01-07T20:10:35.328973073Z caller=compactor.go:263 msg="flushed to block" bytes=336727661 objects=79335 values=99999464
level=info ts=2026-01-07T20:11:05.203211539Z caller=compactor.go:263 msg="flushed to block" bytes=336733612 objects=79337 values=99999508
level=info ts=2026-01-07T20:11:35.52838609Z caller=compactor.go:263 msg="flushed to block" bytes=336728854 objects=79332 values=99998834
level=error ts=2026-01-07T20:12:00.057360282Z caller=compactor.go:176 msg="error during compaction cycle" err="error writing partial block: error in multipart upload: Storage backend has reached its minimum free drive threshold. Please delete a few objects to proceed."
level=info ts=2026-01-07T20:12:00.057477606Z caller=compactor.go:184 msg="compacted blocks for a maintenance cycle, bailing out" tenantID=tenant-1
level=info ts=2026-01-07T20:12:00.057528868Z caller=compactor.go:145 msg="starting compaction cycle" tenantID=tenant-1 offset=0
level=info ts=2026-01-07T20:12:00.057551173Z caller=compactor.go:170 msg="Compacting hash" hashString=tenant-1-0-491060-0
level=info ts=2026-01-07T20:12:00.057577918Z caller=compactor.go:266 msg="compacting block" version=vParquet4 tenantID=tenant-1 blockID=52b909fe-07b5-49c4-8990-5002cdcdd5af startTime="2026-01-07 20:00:19 +0000 UTC" endTime="2026-01-07 20:04:49 +0000 UTC" totalObjects=113409 size=481101144 compactionLevel=0 encoding=none totalRecords=113409 bloomShardCount=2 footerSize=33814 replicationFactor=0
level=info ts=2026-01-07T20:12:00.063086775Z caller=compactor.go:266 msg="compacting block" version=vParquet4 tenantID=tenant-1 blockID=754e10f8-3d6f-4d91-9dfe-d2a22bb49df8 startTime="2026-01-07 19:57:38 +0000 UTC" endTime="2026-01-07 20:02:10 +0000 UTC" totalObjects=115227 size=488823021 compactionLevel=0 encoding=none totalRecords=115227 bloomShardCount=2 footerSize=33815 replicationFactor=0
level=info ts=2026-01-07T20:12:00.068956621Z caller=compactor.go:266 msg="compacting block" version=vParquet4 tenantID=tenant-1 blockID=d2238d5a-6308-406c-9602-dcd60d506350 startTime="2026-01-07 20:02:58 +0000 UTC" endTime="2026-01-07 20:07:39 +0000 UTC" totalObjects=118789 size=503945888 compactionLevel=0 encoding=none totalRecords=118789 bloomShardCount=2 footerSize=33849 replicationFactor=0
level=error ts=2026-01-07T20:12:51.428396575Z caller=compactor.go:176 msg="error during compaction cycle" err="error writing partial block: error in multipart upload: Storage backend has reached its minimum free drive threshold. Please delete a few objects to proceed."
level=info ts=2026-01-07T20:12:51.428534427Z caller=compactor.go:170 msg="Compacting hash" hashString=tenant-1-0-491059-0
level=info ts=2026-01-07T20:12:51.428588965Z caller=compactor.go:266 msg="compacting block" version=vParquet4 tenantID=tenant-1 blockID=26a0e9aa-97fc-4023-9df8-b6b57b4f64b8 startTime="2026-01-07 19:53:19 +0000 UTC" endTime="2026-01-07 19:57:10 +0000 UTC" totalObjects=115270 size=488997319 compactionLevel=0 encoding=none totalRecords=115270 bloomShardCount=2 footerSize=33813 replicationFactor=0
level=info ts=2026-01-07T20:12:51.432544113Z caller=compactor.go:266 msg="compacting block" version=vParquet4 tenantID=tenant-1 blockID=a535ac99-b05c-4829-8bde-05395d48b169 startTime="2026-01-07 19:51:18 +0000 UTC" endTime="2026-01-07 19:55:10 +0000 UTC" totalObjects=116149 size=492734146 compactionLevel=0 encoding=none totalRecords=116149 bloomShardCount=2 footerSize=33850 replicationFactor=0
level=info ts=2026-01-07T20:12:51.436650625Z caller=compactor.go:266 msg="compacting block" version=vParquet4 tenantID=tenant-1 blockID=e0fd1bfa-521a-4d85-abf2-d13b371ac2d2 startTime="2026-01-07 19:55:19 +0000 UTC" endTime="2026-01-07 19:59:29 +0000 UTC" totalObjects=117165 size=497057104 compactionLevel=0 encoding=none totalRecords=117165 bloomShardCount=2 footerSize=33850 replicationFactor=0
level=error ts=2026-01-07T20:13:36.284081719Z caller=compactor.go:176 msg="error during compaction cycle" err="error writing partial block: error in multipart upload: Storage backend has reached its minimum free drive threshold. Please delete a few objects to proceed."
level=info ts=2026-01-07T20:13:36.284282482Z caller=compactor.go:170 msg="Compacting hash" hashString=tenant-1-3-491059-0
level=info ts=2026-01-07T20:13:36.284362715Z caller=compactor.go:266 msg="compacting block" version=vParquet4 tenantID=tenant-1 blockID=7fb5afbe-4682-4cd1-b7c1-aba59413c56d startTime="2026-01-07 19:07:19 +0000 UTC" endTime="2026-01-07 19:27:10 +0000 UTC" totalObjects=1066552 size=4527229315 compactionLevel=3 encoding=none totalRecords=1066552 bloomShardCount=13 footerSize=213908 replicationFactor=0
level=info ts=2026-01-07T20:13:36.294617004Z caller=compactor.go:266 msg="compacting block" version=vParquet4 tenantID=tenant-1 blockID=190ee335-2def-4bf0-9054-0dfe586db79c startTime="2026-01-07 19:25:18 +0000 UTC" endTime="2026-01-07 19:47:10 +0000 UTC" totalObjects=1190140 size=5052289748 compactionLevel=3 encoding=none totalRecords=1190140 bloomShardCount=14 footerSize=243465 replicationFactor=0
level=error ts=2026-01-07T20:14:08.242047672Z caller=compactor.go:176 msg="error during compaction cycle" err="error writing partial block: error in multipart upload: Storage backend has reached its minimum free drive threshold. Please delete a few objects to proceed."
level=info ts=2026-01-07T20:14:08.242088088Z caller=compactor.go:158 msg="compaction cycle complete. No more blocks to compact" tenantID=tenant-1
level=info ts=2026-01-07T20:14:08.242184328Z caller=compactor.go:145 msg="starting compaction cycle" tenantID=tenant-1 offset=0
level=info ts=2026-01-07T20:14:08.242207591Z caller=compactor.go:170 msg="Compacting hash" hashString=tenant-1-0-491060-0
level=info ts=2026-01-07T20:14:08.242248769Z caller=compactor.go:266 msg="compacting block" version=vParquet4 tenantID=tenant-1 blockID=52b909fe-07b5-49c4-8990-5002cdcdd5af startTime="2026-01-07 20:00:19 +0000 UTC" endTime="2026-01-07 20:04:49 +0000 UTC" totalObjects=113409 size=481101144 compactionLevel=0 encoding=none totalRecords=113409 bloomShardCount=2 footerSize=33814 replicationFactor=0
level=info ts=2026-01-07T20:14:08.246473571Z caller=compactor.go:266 msg="compacting block" version=vParquet4 tenantID=tenant-1 blockID=754e10f8-3d6f-4d91-9dfe-d2a22bb49df8 startTime="2026-01-07 19:57:38 +0000 UTC" endTime="2026-01-07 20:02:10 +0000 UTC" totalObjects=115227 size=488823021 compactionLevel=0 encoding=none totalRecords=115227 bloomShardCount=2 footerSize=33815 replicationFactor=0
level=info ts=2026-01-07T20:14:08.250648508Z caller=compactor.go:266 msg="compacting block" version=vParquet4 tenantID=tenant-1 blockID=d2238d5a-6308-406c-9602-dcd60d506350 startTime="2026-01-07 20:02:58 +0000 UTC" endTime="2026-01-07 20:07:39 +0000 UTC" totalObjects=118789 size=503945888 compactionLevel=0 encoding=none totalRecords=118789 bloomShardCount=2 footerSize=33849 replicationFactor=0
level=info ts=2026-01-07T20:14:47.169328314Z caller=poller.go:305 msg="writing tenant index" tenant=tenant-1 metas=10 compactedMetas=34
level=info ts=2026-01-07T20:14:47.197749177Z caller=poller.go:252 msg="blocklist poll complete" seconds=0.13928859
level=error ts=2026-01-07T20:14:49.128423595Z caller=compactor.go:176 msg="error during compaction cycle" err="error writing partial block: error in multipart upload: Storage backend has reached its minimum free drive threshold. Please delete a few objects to proceed."
level=info ts=2026-01-07T20:14:49.128567229Z caller=compactor.go:170 msg="Compacting hash" hashString=tenant-1-0-491059-0
level=info ts=2026-01-07T20:14:49.128634137Z caller=compactor.go:266 msg="compacting block" version=vParquet4 tenantID=tenant-1 blockID=26a0e9aa-97fc-4023-9df8-b6b57b4f64b8 startTime="2026-01-07 19:53:19 +0000 UTC" endTime="2026-01-07 19:57:10 +0000 UTC" totalObjects=115270 size=488997319 compactionLevel=0 encoding=none totalRecords=115270 bloomShardCount=2 footerSize=33813 replicationFactor=0
level=info ts=2026-01-07T20:14:49.133574198Z caller=compactor.go:266 msg="compacting block" version=vParquet4 tenantID=tenant-1 blockID=a535ac99-b05c-4829-8bde-05395d48b169 startTime="2026-01-07 19:51:18 +0000 UTC" endTime="2026-01-07 19:55:10 +0000 UTC" totalObjects=116149 size=492734146 compactionLevel=0 encoding=none totalRecords=116149 bloomShardCount=2 footerSize=33850 replicationFactor=0
level=info ts=2026-01-07T20:14:49.139004947Z caller=compactor.go:266 msg="compacting block" version=vParquet4 tenantID=tenant-1 blockID=e0fd1bfa-521a-4d85-abf2-d13b371ac2d2 startTime="2026-01-07 19:55:19 +0000 UTC" endTime="2026-01-07 19:59:29 +0000 UTC" totalObjects=117165 size=497057104 compactionLevel=0 encoding=none totalRecords=117165 bloomShardCount=2 footerSize=33850 replicationFactor=0
level=error ts=2026-01-07T20:15:34.141261325Z caller=compactor.go:176 msg="error during compaction cycle" err="error writing partial block: error in multipart upload: Storage backend has reached its minimum free drive threshold. Please delete a few objects to proceed."
level=info ts=2026-01-07T20:15:34.141387878Z caller=compactor.go:170 msg="Compacting hash" hashString=tenant-1-3-491059-0
level=info ts=2026-01-07T20:15:34.141417449Z caller=compactor.go:266 msg="compacting block" version=vParquet4 tenantID=tenant-1 blockID=7fb5afbe-4682-4cd1-b7c1-aba59413c56d startTime="2026-01-07 19:07:19 +0000 UTC" endTime="2026-01-07 19:27:10 +0000 UTC" totalObjects=1066552 size=4527229315 compactionLevel=3 encoding=none totalRecords=1066552 bloomShardCount=13 footerSize=213908 replicationFactor=0
level=info ts=2026-01-07T20:15:34.152852783Z caller=compactor.go:266 msg="compacting block" version=vParquet4 tenantID=tenant-1 blockID=190ee335-2def-4bf0-9054-0dfe586db79c startTime="2026-01-07 19:25:18 +0000 UTC" endTime="2026-01-07 19:47:10 +0000 UTC" totalObjects=1190140 size=5052289748 compactionLevel=3 encoding=none totalRecords=1190140 bloomShardCount=14 footerSize=243465 replicationFactor=0
level=error ts=2026-01-07T20:16:14.142978108Z caller=compactor.go:176 msg="error during compaction cycle" err="error writing partial block: error in multipart upload: Storage backend has reached its minimum free drive threshold. Please delete a few objects to proceed."
level=info ts=2026-01-07T20:16:14.143202103Z caller=compactor.go:158 msg="compaction cycle complete. No more blocks to compact" tenantID=tenant-1
level=info ts=2026-01-07T20:16:14.143418182Z caller=compactor.go:145 msg="starting compaction cycle" tenantID=tenant-1 offset=0
level=info ts=2026-01-07T20:16:14.14349057Z caller=compactor.go:170 msg="Compacting hash" hashString=tenant-1-0-491060-0
level=info ts=2026-01-07T20:16:14.143589899Z caller=compactor.go:266 msg="compacting block" version=vParquet4 tenantID=tenant-1 blockID=52b909fe-07b5-49c4-8990-5002cdcdd5af startTime="2026-01-07 20:00:19 +0000 UTC" endTime="2026-01-07 20:04:49 +0000 UTC" totalObjects=113409 size=481101144 compactionLevel=0 encoding=none totalRecords=113409 bloomShardCount=2 footerSize=33814 replicationFactor=0
level=info ts=2026-01-07T20:16:14.151803033Z caller=compactor.go:266 msg="compacting block" version=vParquet4 tenantID=tenant-1 blockID=754e10f8-3d6f-4d91-9dfe-d2a22bb49df8 startTime="2026-01-07 19:57:38 +0000 UTC" endTime="2026-01-07 20:02:10 +0000 UTC" totalObjects=115227 size=488823021 compactionLevel=0 encoding=none totalRecords=115227 bloomShardCount=2 footerSize=33815 replicationFactor=0
level=info ts=2026-01-07T20:16:14.161927306Z caller=compactor.go:266 msg="compacting block" version=vParquet4 tenantID=tenant-1 blockID=8e9afcec-4f23-4547-9b34-a01e1d4f03d1 startTime="2026-01-07 20:05:48 +0000 UTC" endTime="2026-01-07 20:10:29 +0000 UTC" totalObjects=118503 size=502728156 compactionLevel=0 encoding=none totalRecords=118503 bloomShardCount=2 footerSize=33850 replicationFactor=0
level=info ts=2026-01-07T20:16:14.170586764Z caller=compactor.go:266 msg="compacting block" version=vParquet4 tenantID=tenant-1 blockID=d2238d5a-6308-406c-9602-dcd60d506350 startTime="2026-01-07 20:02:58 +0000 UTC" endTime="2026-01-07 20:07:39 +0000 UTC" totalObjects=118789 size=503945888 compactionLevel=0 encoding=none totalRecords=118789 bloomShardCount=2 footerSize=33849 replicationFactor=0
level=error ts=2026-01-07T20:17:10.040260335Z caller=compactor.go:176 msg="error during compaction cycle" err="error writing partial block: error in multipart upload: Storage backend has reached its minimum free drive threshold. Please delete a few objects to proceed."
level=info ts=2026-01-07T20:17:10.04040496Z caller=compactor.go:170 msg="Compacting hash" hashString=tenant-1-0-491059-0
level=info ts=2026-01-07T20:17:10.040461185Z caller=compactor.go:266 msg="compacting block" version=vParquet4 tenantID=tenant-1 blockID=26a0e9aa-97fc-4023-9df8-b6b57b4f64b8 startTime="2026-01-07 19:53:19 +0000 UTC" endTime="2026-01-07 19:57:10 +0000 UTC" totalObjects=115270 size=488997319 compactionLevel=0 encoding=none totalRecords=115270 bloomShardCount=2 footerSize=33813 replicationFactor=0
level=info ts=2026-01-07T20:17:10.047059047Z caller=compactor.go:266 msg="compacting block" version=vParquet4 tenantID=tenant-1 blockID=a535ac99-b05c-4829-8bde-05395d48b169 startTime="2026-01-07 19:51:18 +0000 UTC" endTime="2026-01-07 19:55:10 +0000 UTC" totalObjects=116149 size=492734146 compactionLevel=0 encoding=none totalRecords=116149 bloomShardCount=2 footerSize=33850 replicationFactor=0
level=info ts=2026-01-07T20:17:10.053178713Z caller=compactor.go:266 msg="compacting block" version=vParquet4 tenantID=tenant-1 blockID=e0fd1bfa-521a-4d85-abf2-d13b371ac2d2 startTime="2026-01-07 19:55:19 +0000 UTC" endTime="2026-01-07 19:59:29 +0000 UTC" totalObjects=117165 size=497057104 compactionLevel=0 encoding=none totalRecords=117165 bloomShardCount=2 footerSize=33850 replicationFactor=0
level=error ts=2026-01-07T20:17:54.518722806Z caller=compactor.go:176 msg="error during compaction cycle" err="error writing partial block: error in multipart upload: Storage backend has reached its minimum free drive threshold. Please delete a few objects to proceed."
level=info ts=2026-01-07T20:17:54.518898672Z caller=compactor.go:170 msg="Compacting hash" hashString=tenant-1-3-491059-0
level=info ts=2026-01-07T20:17:54.518963218Z caller=compactor.go:266 msg="compacting block" version=vParquet4 tenantID=tenant-1 blockID=7fb5afbe-4682-4cd1-b7c1-aba59413c56d startTime="2026-01-07 19:07:19 +0000 UTC" endTime="2026-01-07 19:27:10 +0000 UTC" totalObjects=1066552 size=4527229315 compactionLevel=3 encoding=none totalRecords=1066552 bloomShardCount=13 footerSize=213908 replicationFactor=0
level=info ts=2026-01-07T20:17:54.523011266Z caller=compactor.go:266 msg="compacting block" version=vParquet4 tenantID=tenant-1 blockID=190ee335-2def-4bf0-9054-0dfe586db79c startTime="2026-01-07 19:25:18 +0000 UTC" endTime="2026-01-07 19:47:10 +0000 UTC" totalObjects=1190140 size=5052289748 compactionLevel=3 encoding=none totalRecords=1190140 bloomShardCount=14 footerSize=243465 replicationFactor=0
level=error ts=2026-01-07T20:18:32.943855415Z caller=compactor.go:176 msg="error during compaction cycle" err="error writing partial block: error in multipart upload: Storage backend has reached its minimum free drive threshold. Please delete a few objects to proceed."
level=info ts=2026-01-07T20:18:32.94395327Z caller=compactor.go:158 msg="compaction cycle complete. No more blocks to compact" tenantID=tenant-1
level=info ts=2026-01-07T20:18:32.944012213Z caller=compactor.go:145 msg="starting compaction cycle" tenantID=tenant-1 offset=0
level=info ts=2026-01-07T20:18:32.94404615Z caller=compactor.go:170 msg="Compacting hash" hashString=tenant-1-0-491060-0
level=info ts=2026-01-07T20:18:32.944079955Z caller=compactor.go:266 msg="compacting block" version=vParquet4 tenantID=tenant-1 blockID=52b909fe-07b5-49c4-8990-5002cdcdd5af startTime="2026-01-07 20:00:19 +0000 UTC" endTime="2026-01-07 20:04:49 +0000 UTC" totalObjects=113409 size=481101144 compactionLevel=0 encoding=none totalRecords=113409 bloomShardCount=2 footerSize=33814 replicationFactor=0
level=info ts=2026-01-07T20:18:32.948409337Z caller=compactor.go:266 msg="compacting block" version=vParquet4 tenantID=tenant-1 blockID=754e10f8-3d6f-4d91-9dfe-d2a22bb49df8 startTime="2026-01-07 19:57:38 +0000 UTC" endTime="2026-01-07 20:02:10 +0000 UTC" totalObjects=115227 size=488823021 compactionLevel=0 encoding=none totalRecords=115227 bloomShardCount=2 footerSize=33815 replicationFactor=0
level=info ts=2026-01-07T20:18:32.952405127Z caller=compactor.go:266 msg="compacting block" version=vParquet4 tenantID=tenant-1 blockID=8e9afcec-4f23-4547-9b34-a01e1d4f03d1 startTime="2026-01-07 20:05:48 +0000 UTC" endTime="2026-01-07 20:10:29 +0000 UTC" totalObjects=118503 size=502728156 compactionLevel=0 encoding=none totalRecords=118503 bloomShardCount=2 footerSize=33850 replicationFactor=0
level=info ts=2026-01-07T20:18:32.958397887Z caller=compactor.go:266 msg="compacting block" version=vParquet4 tenantID=tenant-1 blockID=d2238d5a-6308-406c-9602-dcd60d506350 startTime="2026-01-07 20:02:58 +0000 UTC" endTime="2026-01-07 20:07:39 +0000 UTC" totalObjects=118789 size=503945888 compactionLevel=0 encoding=none totalRecords=118789 bloomShardCount=2 footerSize=33849 replicationFactor=0
level=error ts=2026-01-07T20:19:26.017530957Z caller=compactor.go:176 msg="error during compaction cycle" err="error writing partial block: error in multipart upload: Storage backend has reached its minimum free drive threshold. Please delete a few objects to proceed."
level=info ts=2026-01-07T20:19:26.017706263Z caller=compactor.go:170 msg="Compacting hash" hashString=tenant-1-0-491059-0
level=info ts=2026-01-07T20:19:26.017782173Z caller=compactor.go:266 msg="compacting block" version=vParquet4 tenantID=tenant-1 blockID=26a0e9aa-97fc-4023-9df8-b6b57b4f64b8 startTime="2026-01-07 19:53:19 +0000 UTC" endTime="2026-01-07 19:57:10 +0000 UTC" totalObjects=115270 size=488997319 compactionLevel=0 encoding=none totalRecords=115270 bloomShardCount=2 footerSize=33813 replicationFactor=0
level=info ts=2026-01-07T20:19:26.026051892Z caller=compactor.go:266 msg="compacting block" version=vParquet4 tenantID=tenant-1 blockID=a535ac99-b05c-4829-8bde-05395d48b169 startTime="2026-01-07 19:51:18 +0000 UTC" endTime="2026-01-07 19:55:10 +0000 UTC" totalObjects=116149 size=492734146 compactionLevel=0 encoding=none totalRecords=116149 bloomShardCount=2 footerSize=33850 replicationFactor=0
level=info ts=2026-01-07T20:19:26.038449655Z caller=compactor.go:266 msg="compacting block" version=vParquet4 tenantID=tenant-1 blockID=e0fd1bfa-521a-4d85-abf2-d13b371ac2d2 startTime="2026-01-07 19:55:19 +0000 UTC" endTime="2026-01-07 19:59:29 +0000 UTC" totalObjects=117165 size=497057104 compactionLevel=0 encoding=none totalRecords=117165 bloomShardCount=2 footerSize=33850 replicationFactor=0
level=info ts=2026-01-07T20:19:47.059390323Z caller=retention.go:113 msg="deleting block" blockID=f46f3347-1042-4488-b8eb-66f6df83af70 tenantID=tenant-1
level=info ts=2026-01-07T20:19:47.117657586Z caller=poller.go:305 msg="writing tenant index" tenant=tenant-1 metas=10 compactedMetas=34
level=info ts=2026-01-07T20:19:47.138474832Z caller=poller.go:252 msg="blocklist poll complete" seconds=0.07765338
level=info ts=2026-01-07T20:19:47.165870228Z caller=retention.go:113 msg="deleting block" blockID=7be37411-6525-48b1-9a84-81494511a40f tenantID=tenant-1
level=info ts=2026-01-07T20:20:24.580737066Z caller=compactor.go:263 msg="flushed to block" bytes=336735051 objects=79338 values=99999566
level=error ts=2026-01-07T20:20:40.542826088Z caller=compactor.go:176 msg="error during compaction cycle" err="error writing partial block: error in multipart upload: Storage backend has reached its minimum free drive threshold. Please delete a few objects to proceed."
level=info ts=2026-01-07T20:20:40.54287554Z caller=compactor.go:170 msg="Compacting hash" hashString=tenant-1-3-491059-0
level=info ts=2026-01-07T20:20:40.54290547Z caller=compactor.go:266 msg="compacting block" version=vParquet4 tenantID=tenant-1 blockID=7fb5afbe-4682-4cd1-b7c1-aba59413c56d startTime="2026-01-07 19:07:19 +0000 UTC" endTime="2026-01-07 19:27:10 +0000 UTC" totalObjects=1066552 size=4527229315 compactionLevel=3 encoding=none totalRecords=1066552 bloomShardCount=13 footerSize=213908 replicationFactor=0
level=info ts=2026-01-07T20:20:40.544485652Z caller=compactor.go:266 msg="compacting block" version=vParquet4 tenantID=tenant-1 blockID=190ee335-2def-4bf0-9054-0dfe586db79c startTime="2026-01-07 19:25:18 +0000 UTC" endTime="2026-01-07 19:47:10 +0000 UTC" totalObjects=1190140 size=5052289748 compactionLevel=3 encoding=none totalRecords=1190140 bloomShardCount=14 footerSize=243465 replicationFactor=0
level=error ts=2026-01-07T20:21:17.789602499Z caller=compactor.go:176 msg="error during compaction cycle" err="error writing partial block: error in multipart upload: Storage backend has reached its minimum free drive threshold. Please delete a few objects to proceed."
level=info ts=2026-01-07T20:21:17.789800025Z caller=compactor.go:158 msg="compaction cycle complete. No more blocks to compact" tenantID=tenant-1
level=info ts=2026-01-07T20:21:17.789934157Z caller=compactor.go:145 msg="starting compaction cycle" tenantID=tenant-1 offset=0
level=info ts=2026-01-07T20:21:17.790011023Z caller=compactor.go:170 msg="Compacting hash" hashString=tenant-1-0-491060-0
level=info ts=2026-01-07T20:21:17.790071551Z caller=compactor.go:266 msg="compacting block" version=vParquet4 tenantID=tenant-1 blockID=52b909fe-07b5-49c4-8990-5002cdcdd5af startTime="2026-01-07 20:00:19 +0000 UTC" endTime="2026-01-07 20:04:49 +0000 UTC" totalObjects=113409 size=481101144 compactionLevel=0 encoding=none totalRecords=113409 bloomShardCount=2 footerSize=33814 replicationFactor=0
level=info ts=2026-01-07T20:21:17.793419573Z caller=compactor.go:266 msg="compacting block" version=vParquet4 tenantID=tenant-1 blockID=754e10f8-3d6f-4d91-9dfe-d2a22bb49df8 startTime="2026-01-07 19:57:38 +0000 UTC" endTime="2026-01-07 20:02:10 +0000 UTC" totalObjects=115227 size=488823021 compactionLevel=0 encoding=none totalRecords=115227 bloomShardCount=2 footerSize=33815 replicationFactor=0
level=info ts=2026-01-07T20:21:17.79761262Z caller=compactor.go:266 msg="compacting block" version=vParquet4 tenantID=tenant-1 blockID=8e9afcec-4f23-4547-9b34-a01e1d4f03d1 startTime="2026-01-07 20:05:48 +0000 UTC" endTime="2026-01-07 20:10:29 +0000 UTC" totalObjects=118503 size=502728156 compactionLevel=0 encoding=none totalRecords=118503 bloomShardCount=2 footerSize=33850 replicationFactor=0
level=info ts=2026-01-07T20:21:17.803449726Z caller=compactor.go:266 msg="compacting block" version=vParquet4 tenantID=tenant-1 blockID=d2238d5a-6308-406c-9602-dcd60d506350 startTime="2026-01-07 20:02:58 +0000 UTC" endTime="2026-01-07 20:07:39 +0000 UTC" totalObjects=118789 size=503945888 compactionLevel=0 encoding=none totalRecords=118789 bloomShardCount=2 footerSize=33849 replicationFactor=0
level=error ts=2026-01-07T20:22:06.941645179Z caller=compactor.go:176 msg="error during compaction cycle" err="error writing partial block: error in multipart upload: Storage backend has reached its minimum free drive threshold. Please delete a few objects to proceed."
level=info ts=2026-01-07T20:22:06.941795584Z caller=compactor.go:170 msg="Compacting hash" hashString=tenant-1-0-491059-0
level=info ts=2026-01-07T20:22:06.941868265Z caller=compactor.go:266 msg="compacting block" version=vParquet4 tenantID=tenant-1 blockID=26a0e9aa-97fc-4023-9df8-b6b57b4f64b8 startTime="2026-01-07 19:53:19 +0000 UTC" endTime="2026-01-07 19:57:10 +0000 UTC" totalObjects=115270 size=488997319 compactionLevel=0 encoding=none totalRecords=115270 bloomShardCount=2 footerSize=33813 replicationFactor=0
level=info ts=2026-01-07T20:22:06.947829862Z caller=compactor.go:266 msg="compacting block" version=vParquet4 tenantID=tenant-1 blockID=a535ac99-b05c-4829-8bde-05395d48b169 startTime="2026-01-07 19:51:18 +0000 UTC" endTime="2026-01-07 19:55:10 +0000 UTC" totalObjects=116149 size=492734146 compactionLevel=0 encoding=none totalRecords=116149 bloomShardCount=2 footerSize=33850 replicationFactor=0
level=info ts=2026-01-07T20:22:06.951471421Z caller=compactor.go:266 msg="compacting block" version=vParquet4 tenantID=tenant-1 blockID=e0fd1bfa-521a-4d85-abf2-d13b371ac2d2 startTime="2026-01-07 19:55:19 +0000 UTC" endTime="2026-01-07 19:59:29 +0000 UTC" totalObjects=117165 size=497057104 compactionLevel=0 encoding=none totalRecords=117165 bloomShardCount=2 footerSize=33850 replicationFactor=0
level=error ts=2026-01-07T20:22:54.776780304Z caller=compactor.go:176 msg="error during compaction cycle" err="error writing partial block: error in multipart upload: Storage backend has reached its minimum free drive threshold. Please delete a few objects to proceed."
level=info ts=2026-01-07T20:22:54.7769291Z caller=compactor.go:170 msg="Compacting hash" hashString=tenant-1-3-491059-0
level=info ts=2026-01-07T20:22:54.77698553Z caller=compactor.go:266 msg="compacting block" version=vParquet4 tenantID=tenant-1 blockID=7fb5afbe-4682-4cd1-b7c1-aba59413c56d startTime="2026-01-07 19:07:19 +0000 UTC" endTime="2026-01-07 19:27:10 +0000 UTC" totalObjects=1066552 size=4527229315 compactionLevel=3 encoding=none totalRecords=1066552 bloomShardCount=13 footerSize=213908 replicationFactor=0
level=info ts=2026-01-07T20:22:54.782382657Z caller=compactor.go:266 msg="compacting block" version=vParquet4 tenantID=tenant-1 blockID=190ee335-2def-4bf0-9054-0dfe586db79c startTime="2026-01-07 19:25:18 +0000 UTC" endTime="2026-01-07 19:47:10 +0000 UTC" totalObjects=1190140 size=5052289748 compactionLevel=3 encoding=none totalRecords=1190140 bloomShardCount=14 footerSize=243465 replicationFactor=0
level=error ts=2026-01-07T20:23:32.395203115Z caller=compactor.go:176 msg="error during compaction cycle" err="error writing partial block: error in multipart upload: Storage backend has reached its minimum free drive threshold. Please delete a few objects to proceed."
level=info ts=2026-01-07T20:23:32.395426616Z caller=compactor.go:158 msg="compaction cycle complete. No more blocks to compact" tenantID=tenant-1
level=info ts=2026-01-07T20:23:32.395528578Z caller=compactor.go:145 msg="starting compaction cycle" tenantID=tenant-1 offset=0
level=info ts=2026-01-07T20:23:32.395606Z caller=compactor.go:170 msg="Compacting hash" hashString=tenant-1-0-491060-0
level=info ts=2026-01-07T20:23:32.395683714Z caller=compactor.go:266 msg="compacting block" version=vParquet4 tenantID=tenant-1 blockID=52b909fe-07b5-49c4-8990-5002cdcdd5af startTime="2026-01-07 20:00:19 +0000 UTC" endTime="2026-01-07 20:04:49 +0000 UTC" totalObjects=113409 size=481101144 compactionLevel=0 encoding=none totalRecords=113409 bloomShardCount=2 footerSize=33814 replicationFactor=0
level=info ts=2026-01-07T20:23:32.404478588Z caller=compactor.go:266 msg="compacting block" version=vParquet4 tenantID=tenant-1 blockID=754e10f8-3d6f-4d91-9dfe-d2a22bb49df8 startTime="2026-01-07 19:57:38 +0000 UTC" endTime="2026-01-07 20:02:10 +0000 UTC" totalObjects=115227 size=488823021 compactionLevel=0 encoding=none totalRecords=115227 bloomShardCount=2 footerSize=33815 replicationFactor=0
level=info ts=2026-01-07T20:23:32.411009671Z caller=compactor.go:266 msg="compacting block" version=vParquet4 tenantID=tenant-1 blockID=8e9afcec-4f23-4547-9b34-a01e1d4f03d1 startTime="2026-01-07 20:05:48 +0000 UTC" endTime="2026-01-07 20:10:29 +0000 UTC" totalObjects=118503 size=502728156 compactionLevel=0 encoding=none totalRecords=118503 bloomShardCount=2 footerSize=33850 replicationFactor=0
level=info ts=2026-01-07T20:23:32.415775729Z caller=compactor.go:266 msg="compacting block" version=vParquet4 tenantID=tenant-1 blockID=d2238d5a-6308-406c-9602-dcd60d506350 startTime="2026-01-07 20:02:58 +0000 UTC" endTime="2026-01-07 20:07:39 +0000 UTC" totalObjects=118789 size=503945888 compactionLevel=0 encoding=none totalRecords=118789 bloomShardCount=2 footerSize=33849 replicationFactor=0
