level=warn ts=2026-01-08T07:58:46.978936258Z caller=main.go:119 msg="-- CONFIGURATION WARNINGS --"
level=warn ts=2026-01-08T07:58:46.978973565Z caller=main.go:125 msg="Inline, unscoped overrides are deprecated. Please use the new overrides config format."
level=info ts=2026-01-08T07:58:46.979068275Z caller=main.go:103 msg="Starting Tempo" version="(version=2.9.0, branch=HEAD, revision=f1b3ef152)" target=distributor
level=info msg="server listening on addresses" http=[::]:3101 grpc=[::]:33691
level=info ts=2026-01-08T07:58:46.980640839Z caller=server.go:281 msg="server listening on addresses" http=[::]:3200 grpc=[::]:9095
level=info ts=2026-01-08T07:58:46.982081925Z caller=memberlist_client.go:484 msg="Using memberlist cluster label and node name" cluster_label= node=tempo-tempostack-distributor-77c77f5c8-tpm9s-ddce8b18
ts=2026-01-08T07:58:46Z level=info msg="OTel Shim Logger Initialized" component=tempo
level=info ts=2026-01-08T07:58:46.983637833Z caller=memberlist_client.go:628 msg="memberlist fast-join starting" nodes_found=1 to_join=2
level=info ts=2026-01-08T07:58:46.985149846Z caller=module_service.go:82 msg=starting module=internal-server
level=info ts=2026-01-08T07:58:46.985337261Z caller=module_service.go:82 msg=starting module=server
level=info ts=2026-01-08T07:58:46.985827757Z caller=module_service.go:82 msg=starting module=memberlist-kv
level=info ts=2026-01-08T07:58:46.985904741Z caller=module_service.go:82 msg=starting module=live-store-ring
level=info ts=2026-01-08T07:58:46.985920356Z caller=module_service.go:82 msg=starting module=ring
level=info ts=2026-01-08T07:58:46.986021532Z caller=module_service.go:82 msg=starting module=metrics-generator-ring
level=info ts=2026-01-08T07:58:46.985527602Z caller=module_service.go:82 msg=starting module=overrides
level=info ts=2026-01-08T07:58:46.998789493Z caller=memberlist_client.go:648 msg="memberlist fast-join finished" joined_nodes=3 elapsed_time=15.153644ms
level=info ts=2026-01-08T07:58:46.998820088Z caller=memberlist_client.go:666 phase=startup msg="joining memberlist cluster" join_members=tempo-tempostack-gossip-ring
level=info ts=2026-01-08T07:58:46.998892239Z caller=ring.go:365 msg="ring doesn't exist in KV store yet"
level=info ts=2026-01-08T07:58:46.998904359Z caller=ring.go:365 msg="ring doesn't exist in KV store yet"
level=info ts=2026-01-08T07:58:46.998883516Z caller=ring.go:365 msg="ring doesn't exist in KV store yet"
level=info ts=2026-01-08T07:58:46.999006851Z caller=module_service.go:82 msg=starting module=distributor
ts=2026-01-08T07:58:46Z level=info msg="Starting GRPC server" component=tempo endpoint=0.0.0.0:4317
ts=2026-01-08T07:58:46Z level=info msg="Starting HTTP server" component=tempo endpoint=0.0.0.0:4318
level=info ts=2026-01-08T07:58:46.999934415Z caller=app.go:213 msg="Tempo started"
level=info ts=2026-01-08T07:58:47.007430017Z caller=memberlist_client.go:673 phase=startup msg="joining memberlist cluster succeeded" reached_nodes=3 elapsed_time=8.60301ms
level=warn ts=2026-01-08T08:08:18.000352539Z caller=pool.go:250 msg="removing distributor_pool failing healthcheck" addr=10.129.2.220:9095 reason="rpc error: code = DeadlineExceeded desc = context deadline exceeded"
level=error ts=2026-01-08T08:08:18.000686693Z caller=rate_limited_logger.go:38 msg="pusher failed to consume trace data" err="rpc error: code = Canceled desc = grpc: the client connection is closing"
