2026/01/10 05:13:11 maxprocs: Leaving GOMAXPROCS=18: CPU quota undefined

*******************************************************************************

🛑  WARNING: End-of-life Notice for Jaeger v1

You are currently running a v1 version of Jaeger, which is deprecated and will
reach end-of-life on December 31st, 2025. This means there will be no further
development, bug fixes, or security patches for v1 after this date.

We strongly recommend migrating to Jaeger v2 for continued support and access
to new features.

For detailed migration instructions, please refer to the official Jaeger
documentation:  https://www.jaegertracing.io/docs/latest/migration/

Tracking issue: https://github.com/jaegertracing/jaeger/issues/6321

🛑  WARNING: End-of-life Notice for Jaeger v1

*******************************************************************************

WARNING: found deprecated command line option --span-storage.type=grpc, please use environment variable SPAN_STORAGE_TYPE instead
2026/01/10 05:13:11 application version: git-commit=7d6c4221934c8579ce4b2814ba2c60211c7eb5d4, git-version=1.68.0, build-date=2025-12-11T21:39:31Z
{"level":"info","ts":1768021991.2898035,"caller":"flags/service.go:125","msg":"Mounting metrics handler on admin server","route":"/metrics"}
{"level":"info","ts":1768021991.289892,"caller":"flags/service.go:131","msg":"Mounting expvar handler on admin server","route":"/debug/vars"}
{"level":"info","ts":1768021991.2903833,"caller":"flags/admin.go:106","msg":"Mounting health check on admin server","route":"/"}
{"level":"info","ts":1768021991.2905304,"caller":"flags/admin.go:123","msg":"Starting admin HTTP server"}
{"level":"info","ts":1768021991.2906237,"caller":"flags/admin.go:137","msg":"Admin server started","http.host-port":"[::]:16687","health-status":"unavailable"}
{"level":"info","ts":1768021991.2913244,"caller":"grpc@v1.71.1/clientconn.go:176","msg":"[core] original dial target is: \"localhost:7777\""}
{"level":"info","ts":1768021991.2914553,"caller":"grpc@v1.71.1/clientconn.go:459","msg":"[core] [Channel #1]Channel created"}
{"level":"info","ts":1768021991.2914968,"caller":"grpc@v1.71.1/clientconn.go:207","msg":"[core] [Channel #1]parsed dial target is: resolver.Target{URL:url.URL{Scheme:\"passthrough\", Opaque:\"\", User:(*url.Userinfo)(nil), Host:\"\", Path:\"/localhost:7777\", RawPath:\"\", OmitHost:false, ForceQuery:false, RawQuery:\"\", Fragment:\"\", RawFragment:\"\"}}"}
{"level":"info","ts":1768021991.291543,"caller":"grpc@v1.71.1/clientconn.go:208","msg":"[core] [Channel #1]Channel authority set to \"localhost:7777\""}
{"level":"info","ts":1768021991.2917736,"caller":"grpc@v1.71.1/resolver_wrapper.go:210","msg":"[core] [Channel #1]Resolver state updated: {\n  \"Addresses\": [\n    {\n      \"Addr\": \"localhost:7777\",\n      \"ServerName\": \"\",\n      \"Attributes\": null,\n      \"BalancerAttributes\": null,\n      \"Metadata\": null\n    }\n  ],\n  \"Endpoints\": [\n    {\n      \"Addresses\": [\n        {\n          \"Addr\": \"localhost:7777\",\n          \"ServerName\": \"\",\n          \"Attributes\": null,\n          \"BalancerAttributes\": null,\n          \"Metadata\": null\n        }\n      ],\n      \"Attributes\": null\n    }\n  ],\n  \"ServiceConfig\": null,\n  \"Attributes\": null\n} (resolver returned new addresses)"}
{"level":"info","ts":1768021991.291846,"caller":"grpc@v1.71.1/balancer_wrapper.go:122","msg":"[core] [Channel #1]Channel switches to new LB policy \"pick_first\""}
{"level":"info","ts":1768021991.292324,"caller":"gracefulswitch/gracefulswitch.go:194","msg":"[pick-first-lb] [pick-first-lb 0xc0005afef0] Received new config {\n  \"shuffleAddressList\": false\n}, resolver state {\n  \"Addresses\": [\n    {\n      \"Addr\": \"localhost:7777\",\n      \"ServerName\": \"\",\n      \"Attributes\": null,\n      \"BalancerAttributes\": null,\n      \"Metadata\": null\n    }\n  ],\n  \"Endpoints\": [\n    {\n      \"Addresses\": [\n        {\n          \"Addr\": \"localhost:7777\",\n          \"ServerName\": \"\",\n          \"Attributes\": null,\n          \"BalancerAttributes\": null,\n          \"Metadata\": null\n        }\n      ],\n      \"Attributes\": null\n    }\n  ],\n  \"ServiceConfig\": null,\n  \"Attributes\": null\n}"}
{"level":"info","ts":1768021991.292373,"caller":"grpc@v1.71.1/balancer_wrapper.go:195","msg":"[core] [Channel #1 SubChannel #2]Subchannel created"}
{"level":"info","ts":1768021991.2924027,"caller":"grpc@v1.71.1/clientconn.go:563","msg":"[core] [Channel #1]Channel Connectivity change to CONNECTING"}
{"level":"info","ts":1768021991.2924433,"caller":"grpc@v1.71.1/clientconn.go:364","msg":"[core] [Channel #1]Channel exiting idle mode"}
{"level":"info","ts":1768021991.2924898,"caller":"grpc@v1.71.1/clientconn.go:176","msg":"[core] original dial target is: \"localhost:7777\""}
{"level":"info","ts":1768021991.292517,"caller":"grpc@v1.71.1/clientconn.go:459","msg":"[core] [Channel #3]Channel created"}
{"level":"info","ts":1768021991.2925427,"caller":"grpc@v1.71.1/clientconn.go:207","msg":"[core] [Channel #3]parsed dial target is: resolver.Target{URL:url.URL{Scheme:\"passthrough\", Opaque:\"\", User:(*url.Userinfo)(nil), Host:\"\", Path:\"/localhost:7777\", RawPath:\"\", OmitHost:false, ForceQuery:false, RawQuery:\"\", Fragment:\"\", RawFragment:\"\"}}"}
{"level":"info","ts":1768021991.2925653,"caller":"grpc@v1.71.1/clientconn.go:208","msg":"[core] [Channel #3]Channel authority set to \"localhost:7777\""}
{"level":"info","ts":1768021991.292511,"caller":"grpc@v1.71.1/clientconn.go:1224","msg":"[core] [Channel #1 SubChannel #2]Subchannel Connectivity change to CONNECTING"}
{"level":"info","ts":1768021991.2926133,"caller":"grpc@v1.71.1/clientconn.go:1344","msg":"[core] [Channel #1 SubChannel #2]Subchannel picks a new address \"localhost:7777\" to connect"}
{"level":"info","ts":1768021991.2934124,"caller":"grpc@v1.71.1/resolver_wrapper.go:210","msg":"[core] [Channel #3]Resolver state updated: {\n  \"Addresses\": [\n    {\n      \"Addr\": \"localhost:7777\",\n      \"ServerName\": \"\",\n      \"Attributes\": null,\n      \"BalancerAttributes\": null,\n      \"Metadata\": null\n    }\n  ],\n  \"Endpoints\": [\n    {\n      \"Addresses\": [\n        {\n          \"Addr\": \"localhost:7777\",\n          \"ServerName\": \"\",\n          \"Attributes\": null,\n          \"BalancerAttributes\": null,\n          \"Metadata\": null\n        }\n      ],\n      \"Attributes\": null\n    }\n  ],\n  \"ServiceConfig\": null,\n  \"Attributes\": null\n} (resolver returned new addresses)"}
{"level":"info","ts":1768021991.2934878,"caller":"grpc@v1.71.1/balancer_wrapper.go:122","msg":"[core] [Channel #3]Channel switches to new LB policy \"pick_first\""}
{"level":"info","ts":1768021991.2935407,"caller":"gracefulswitch/gracefulswitch.go:194","msg":"[pick-first-lb] [pick-first-lb 0xc0001fad20] Received new config {\n  \"shuffleAddressList\": false\n}, resolver state {\n  \"Addresses\": [\n    {\n      \"Addr\": \"localhost:7777\",\n      \"ServerName\": \"\",\n      \"Attributes\": null,\n      \"BalancerAttributes\": null,\n      \"Metadata\": null\n    }\n  ],\n  \"Endpoints\": [\n    {\n      \"Addresses\": [\n        {\n          \"Addr\": \"localhost:7777\",\n          \"ServerName\": \"\",\n          \"Attributes\": null,\n          \"BalancerAttributes\": null,\n          \"Metadata\": null\n        }\n      ],\n      \"Attributes\": null\n    }\n  ],\n  \"ServiceConfig\": null,\n  \"Attributes\": null\n}"}
{"level":"info","ts":1768021991.2935698,"caller":"grpc@v1.71.1/balancer_wrapper.go:195","msg":"[core] [Channel #3 SubChannel #4]Subchannel created"}
{"level":"info","ts":1768021991.2935946,"caller":"grpc@v1.71.1/clientconn.go:563","msg":"[core] [Channel #3]Channel Connectivity change to CONNECTING"}
{"level":"info","ts":1768021991.293634,"caller":"grpc@v1.71.1/clientconn.go:364","msg":"[core] [Channel #3]Channel exiting idle mode"}
{"level":"info","ts":1768021991.2936678,"caller":"grpc/factory.go:113","msg":"Remote storage configuration","configuration":{"Tenancy":{"Enabled":true,"Header":"x-scope-orgid","Tenants":[]},"Endpoint":"localhost:7777","Compression":"","TLSSetting":{"CAFile":"","CAPem":"[REDACTED]","IncludeSystemCACertsPool":false,"CertFile":"","CertPem":"[REDACTED]","KeyFile":"","KeyPem":"[REDACTED]","MinVersion":"","MaxVersion":"","CipherSuites":null,"ReloadInterval":0,"CurvePreferences":null,"Insecure":true,"InsecureSkipVerify":false,"ServerName":""},"Keepalive":null,"ReadBufferSize":0,"WriteBufferSize":0,"WaitForReady":false,"Headers":null,"BalancerName":"","Authority":"","Auth":null,"Timeout":5000000000}}
{"level":"info","ts":1768021991.2939835,"caller":"app/flags.go:168","msg":"Archive storage not initialized"}
{"level":"info","ts":1768021991.2944179,"caller":"grpc@v1.71.1/server.go:690","msg":"[core] [Server #5]Server created"}
{"level":"info","ts":1768021991.2948415,"caller":"app/static_handler.go:92","msg":"Using UI configuration","path":""}
{"level":"info","ts":1768021991.2951813,"caller":"app/server.go:256","msg":"Query server started","http_addr":"[::]:16686","grpc_addr":"[::]:16685"}
{"level":"info","ts":1768021991.2952247,"caller":"healthcheck/handler.go:118","msg":"Health Check state change","status":"ready"}
{"level":"info","ts":1768021991.295284,"caller":"app/server.go:298","msg":"Starting GRPC server","port":16685,"addr":":16685"}
{"level":"info","ts":1768021991.2953682,"caller":"grpc@v1.71.1/server.go:886","msg":"[core] [Server #5 ListenSocket #6]ListenSocket created"}
{"level":"info","ts":1768021991.2954416,"caller":"pickfirst/pickfirst.go:184","msg":"[pick-first-lb] [pick-first-lb 0xc0005afef0] Received SubConn state update: 0xc0005995e0, {ConnectivityState:CONNECTING ConnectionError:<nil> connectedAddress:{Addr: ServerName: Attributes:<nil> BalancerAttributes:<nil> Metadata:<nil>}}"}
{"level":"info","ts":1768021991.295522,"caller":"grpc@v1.71.1/clientconn.go:1224","msg":"[core] [Channel #3 SubChannel #4]Subchannel Connectivity change to CONNECTING"}
{"level":"info","ts":1768021991.29556,"caller":"grpc@v1.71.1/clientconn.go:1344","msg":"[core] [Channel #3 SubChannel #4]Subchannel picks a new address \"localhost:7777\" to connect"}
{"level":"info","ts":1768021991.295584,"caller":"app/server.go:284","msg":"Starting HTTP server","port":16686,"addr":":16686"}
{"level":"info","ts":1768021991.2956715,"caller":"pickfirst/pickfirst.go:184","msg":"[pick-first-lb] [pick-first-lb 0xc0001fad20] Received SubConn state update: 0xc000599c70, {ConnectivityState:CONNECTING ConnectionError:<nil> connectedAddress:{Addr: ServerName: Attributes:<nil> BalancerAttributes:<nil> Metadata:<nil>}}"}
{"level":"info","ts":1768021991.2974832,"caller":"grpc@v1.71.1/clientconn.go:1346","msg":"[core] Creating new client transport to \"{Addr: \\\"localhost:7777\\\", ServerName: \\\"localhost:7777\\\", }\": connection error: desc = \"transport: Error while dialing: dial tcp [::1]:7777: connect: connection refused\""}
{"level":"warn","ts":1768021991.2975216,"caller":"grpc@v1.71.1/clientconn.go:1406","msg":"[core] [Channel #3 SubChannel #4]grpc: addrConn.createTransport failed to connect to {Addr: \"localhost:7777\", ServerName: \"localhost:7777\", }. Err: connection error: desc = \"transport: Error while dialing: dial tcp [::1]:7777: connect: connection refused\""}
{"level":"info","ts":1768021991.297549,"caller":"grpc@v1.71.1/clientconn.go:1226","msg":"[core] [Channel #3 SubChannel #4]Subchannel Connectivity change to TRANSIENT_FAILURE, last error: connection error: desc = \"transport: Error while dialing: dial tcp [::1]:7777: connect: connection refused\""}
{"level":"info","ts":1768021991.2975907,"caller":"pickfirst/pickfirst.go:184","msg":"[pick-first-lb] [pick-first-lb 0xc0001fad20] Received SubConn state update: 0xc000599c70, {ConnectivityState:TRANSIENT_FAILURE ConnectionError:connection error: desc = \"transport: Error while dialing: dial tcp [::1]:7777: connect: connection refused\" connectedAddress:{Addr: ServerName: Attributes:<nil> BalancerAttributes:<nil> Metadata:<nil>}}"}
{"level":"info","ts":1768021991.297587,"caller":"grpc@v1.71.1/clientconn.go:1346","msg":"[core] Creating new client transport to \"{Addr: \\\"localhost:7777\\\", ServerName: \\\"localhost:7777\\\", }\": connection error: desc = \"transport: Error while dialing: dial tcp [::1]:7777: connect: connection refused\""}
{"level":"warn","ts":1768021991.297656,"caller":"grpc@v1.71.1/clientconn.go:1406","msg":"[core] [Channel #1 SubChannel #2]grpc: addrConn.createTransport failed to connect to {Addr: \"localhost:7777\", ServerName: \"localhost:7777\", }. Err: connection error: desc = \"transport: Error while dialing: dial tcp [::1]:7777: connect: connection refused\""}
{"level":"info","ts":1768021991.2976968,"caller":"grpc@v1.71.1/clientconn.go:1226","msg":"[core] [Channel #1 SubChannel #2]Subchannel Connectivity change to TRANSIENT_FAILURE, last error: connection error: desc = \"transport: Error while dialing: dial tcp [::1]:7777: connect: connection refused\""}
{"level":"info","ts":1768021991.2976093,"caller":"grpc@v1.71.1/clientconn.go:563","msg":"[core] [Channel #3]Channel Connectivity change to TRANSIENT_FAILURE"}
{"level":"info","ts":1768021991.2977731,"caller":"pickfirst/pickfirst.go:184","msg":"[pick-first-lb] [pick-first-lb 0xc0005afef0] Received SubConn state update: 0xc0005995e0, {ConnectivityState:TRANSIENT_FAILURE ConnectionError:connection error: desc = \"transport: Error while dialing: dial tcp [::1]:7777: connect: connection refused\" connectedAddress:{Addr: ServerName: Attributes:<nil> BalancerAttributes:<nil> Metadata:<nil>}}"}
{"level":"info","ts":1768021991.297794,"caller":"grpc@v1.71.1/clientconn.go:563","msg":"[core] [Channel #1]Channel Connectivity change to TRANSIENT_FAILURE"}
{"level":"info","ts":1768021992.2977147,"caller":"grpc@v1.71.1/clientconn.go:1226","msg":"[core] [Channel #3 SubChannel #4]Subchannel Connectivity change to IDLE, last error: connection error: desc = \"transport: Error while dialing: dial tcp [::1]:7777: connect: connection refused\""}
{"level":"info","ts":1768021992.2977881,"caller":"pickfirst/pickfirst.go:184","msg":"[pick-first-lb] [pick-first-lb 0xc0001fad20] Received SubConn state update: 0xc000599c70, {ConnectivityState:IDLE ConnectionError:connection error: desc = \"transport: Error while dialing: dial tcp [::1]:7777: connect: connection refused\" connectedAddress:{Addr: ServerName: Attributes:<nil> BalancerAttributes:<nil> Metadata:<nil>}}"}
{"level":"info","ts":1768021992.2978344,"caller":"grpc@v1.71.1/clientconn.go:1224","msg":"[core] [Channel #3 SubChannel #4]Subchannel Connectivity change to CONNECTING"}
{"level":"info","ts":1768021992.2978559,"caller":"grpc@v1.71.1/clientconn.go:1344","msg":"[core] [Channel #3 SubChannel #4]Subchannel picks a new address \"localhost:7777\" to connect"}
{"level":"info","ts":1768021992.2978384,"caller":"grpc@v1.71.1/clientconn.go:1226","msg":"[core] [Channel #1 SubChannel #2]Subchannel Connectivity change to IDLE, last error: connection error: desc = \"transport: Error while dialing: dial tcp [::1]:7777: connect: connection refused\""}
{"level":"info","ts":1768021992.2979236,"caller":"pickfirst/pickfirst.go:184","msg":"[pick-first-lb] [pick-first-lb 0xc0005afef0] Received SubConn state update: 0xc0005995e0, {ConnectivityState:IDLE ConnectionError:connection error: desc = \"transport: Error while dialing: dial tcp [::1]:7777: connect: connection refused\" connectedAddress:{Addr: ServerName: Attributes:<nil> BalancerAttributes:<nil> Metadata:<nil>}}"}
{"level":"info","ts":1768021992.2979512,"caller":"pickfirst/pickfirst.go:184","msg":"[pick-first-lb] [pick-first-lb 0xc0001fad20] Received SubConn state update: 0xc000599c70, {ConnectivityState:CONNECTING ConnectionError:<nil> connectedAddress:{Addr: ServerName: Attributes:<nil> BalancerAttributes:<nil> Metadata:<nil>}}"}
{"level":"info","ts":1768021992.2979746,"caller":"grpc@v1.71.1/clientconn.go:1224","msg":"[core] [Channel #1 SubChannel #2]Subchannel Connectivity change to CONNECTING"}
{"level":"info","ts":1768021992.297994,"caller":"grpc@v1.71.1/clientconn.go:1344","msg":"[core] [Channel #1 SubChannel #2]Subchannel picks a new address \"localhost:7777\" to connect"}
{"level":"info","ts":1768021992.2980402,"caller":"pickfirst/pickfirst.go:184","msg":"[pick-first-lb] [pick-first-lb 0xc0005afef0] Received SubConn state update: 0xc0005995e0, {ConnectivityState:CONNECTING ConnectionError:<nil> connectedAddress:{Addr: ServerName: Attributes:<nil> BalancerAttributes:<nil> Metadata:<nil>}}"}
{"level":"info","ts":1768021992.2985597,"caller":"grpc@v1.71.1/clientconn.go:1346","msg":"[core] Creating new client transport to \"{Addr: \\\"localhost:7777\\\", ServerName: \\\"localhost:7777\\\", }\": connection error: desc = \"transport: Error while dialing: dial tcp [::1]:7777: connect: connection refused\""}
{"level":"warn","ts":1768021992.2985866,"caller":"grpc@v1.71.1/clientconn.go:1406","msg":"[core] [Channel #1 SubChannel #2]grpc: addrConn.createTransport failed to connect to {Addr: \"localhost:7777\", ServerName: \"localhost:7777\", }. Err: connection error: desc = \"transport: Error while dialing: dial tcp [::1]:7777: connect: connection refused\""}
{"level":"info","ts":1768021992.2986035,"caller":"grpc@v1.71.1/clientconn.go:1226","msg":"[core] [Channel #1 SubChannel #2]Subchannel Connectivity change to TRANSIENT_FAILURE, last error: connection error: desc = \"transport: Error while dialing: dial tcp [::1]:7777: connect: connection refused\""}
{"level":"info","ts":1768021992.2986197,"caller":"pickfirst/pickfirst.go:184","msg":"[pick-first-lb] [pick-first-lb 0xc0005afef0] Received SubConn state update: 0xc0005995e0, {ConnectivityState:TRANSIENT_FAILURE ConnectionError:connection error: desc = \"transport: Error while dialing: dial tcp [::1]:7777: connect: connection refused\" connectedAddress:{Addr: ServerName: Attributes:<nil> BalancerAttributes:<nil> Metadata:<nil>}}"}
{"level":"info","ts":1768021992.2986562,"caller":"grpc@v1.71.1/clientconn.go:1346","msg":"[core] Creating new client transport to \"{Addr: \\\"localhost:7777\\\", ServerName: \\\"localhost:7777\\\", }\": connection error: desc = \"transport: Error while dialing: dial tcp [::1]:7777: connect: connection refused\""}
{"level":"warn","ts":1768021992.2986753,"caller":"grpc@v1.71.1/clientconn.go:1406","msg":"[core] [Channel #3 SubChannel #4]grpc: addrConn.createTransport failed to connect to {Addr: \"localhost:7777\", ServerName: \"localhost:7777\", }. Err: connection error: desc = \"transport: Error while dialing: dial tcp [::1]:7777: connect: connection refused\""}
{"level":"info","ts":1768021992.2986887,"caller":"grpc@v1.71.1/clientconn.go:1226","msg":"[core] [Channel #3 SubChannel #4]Subchannel Connectivity change to TRANSIENT_FAILURE, last error: connection error: desc = \"transport: Error while dialing: dial tcp [::1]:7777: connect: connection refused\""}
{"level":"info","ts":1768021992.2987041,"caller":"pickfirst/pickfirst.go:184","msg":"[pick-first-lb] [pick-first-lb 0xc0001fad20] Received SubConn state update: 0xc000599c70, {ConnectivityState:TRANSIENT_FAILURE ConnectionError:connection error: desc = \"transport: Error while dialing: dial tcp [::1]:7777: connect: connection refused\" connectedAddress:{Addr: ServerName: Attributes:<nil> BalancerAttributes:<nil> Metadata:<nil>}}"}
{"level":"info","ts":1768021993.6964915,"caller":"grpc@v1.71.1/clientconn.go:1226","msg":"[core] [Channel #3 SubChannel #4]Subchannel Connectivity change to IDLE, last error: connection error: desc = \"transport: Error while dialing: dial tcp [::1]:7777: connect: connection refused\""}
{"level":"info","ts":1768021993.696665,"caller":"pickfirst/pickfirst.go:184","msg":"[pick-first-lb] [pick-first-lb 0xc0001fad20] Received SubConn state update: 0xc000599c70, {ConnectivityState:IDLE ConnectionError:connection error: desc = \"transport: Error while dialing: dial tcp [::1]:7777: connect: connection refused\" connectedAddress:{Addr: ServerName: Attributes:<nil> BalancerAttributes:<nil> Metadata:<nil>}}"}
{"level":"info","ts":1768021993.6967096,"caller":"grpc@v1.71.1/clientconn.go:1224","msg":"[core] [Channel #3 SubChannel #4]Subchannel Connectivity change to CONNECTING"}
{"level":"info","ts":1768021993.696729,"caller":"grpc@v1.71.1/clientconn.go:1344","msg":"[core] [Channel #3 SubChannel #4]Subchannel picks a new address \"localhost:7777\" to connect"}
{"level":"info","ts":1768021993.6968179,"caller":"pickfirst/pickfirst.go:184","msg":"[pick-first-lb] [pick-first-lb 0xc0001fad20] Received SubConn state update: 0xc000599c70, {ConnectivityState:CONNECTING ConnectionError:<nil> connectedAddress:{Addr: ServerName: Attributes:<nil> BalancerAttributes:<nil> Metadata:<nil>}}"}
{"level":"info","ts":1768021993.697329,"caller":"grpc@v1.71.1/clientconn.go:1346","msg":"[core] Creating new client transport to \"{Addr: \\\"localhost:7777\\\", ServerName: \\\"localhost:7777\\\", }\": connection error: desc = \"transport: Error while dialing: dial tcp [::1]:7777: connect: connection refused\""}
{"level":"warn","ts":1768021993.697353,"caller":"grpc@v1.71.1/clientconn.go:1406","msg":"[core] [Channel #3 SubChannel #4]grpc: addrConn.createTransport failed to connect to {Addr: \"localhost:7777\", ServerName: \"localhost:7777\", }. Err: connection error: desc = \"transport: Error while dialing: dial tcp [::1]:7777: connect: connection refused\""}
{"level":"info","ts":1768021993.697376,"caller":"grpc@v1.71.1/clientconn.go:1226","msg":"[core] [Channel #3 SubChannel #4]Subchannel Connectivity change to TRANSIENT_FAILURE, last error: connection error: desc = \"transport: Error while dialing: dial tcp [::1]:7777: connect: connection refused\""}
{"level":"info","ts":1768021993.6973944,"caller":"pickfirst/pickfirst.go:184","msg":"[pick-first-lb] [pick-first-lb 0xc0001fad20] Received SubConn state update: 0xc000599c70, {ConnectivityState:TRANSIENT_FAILURE ConnectionError:connection error: desc = \"transport: Error while dialing: dial tcp [::1]:7777: connect: connection refused\" connectedAddress:{Addr: ServerName: Attributes:<nil> BalancerAttributes:<nil> Metadata:<nil>}}"}
{"level":"info","ts":1768021993.8765538,"caller":"grpc@v1.71.1/clientconn.go:1226","msg":"[core] [Channel #1 SubChannel #2]Subchannel Connectivity change to IDLE, last error: connection error: desc = \"transport: Error while dialing: dial tcp [::1]:7777: connect: connection refused\""}
{"level":"info","ts":1768021993.8766162,"caller":"pickfirst/pickfirst.go:184","msg":"[pick-first-lb] [pick-first-lb 0xc0005afef0] Received SubConn state update: 0xc0005995e0, {ConnectivityState:IDLE ConnectionError:connection error: desc = \"transport: Error while dialing: dial tcp [::1]:7777: connect: connection refused\" connectedAddress:{Addr: ServerName: Attributes:<nil> BalancerAttributes:<nil> Metadata:<nil>}}"}
{"level":"info","ts":1768021993.876657,"caller":"grpc@v1.71.1/clientconn.go:1224","msg":"[core] [Channel #1 SubChannel #2]Subchannel Connectivity change to CONNECTING"}
{"level":"info","ts":1768021993.8766701,"caller":"grpc@v1.71.1/clientconn.go:1344","msg":"[core] [Channel #1 SubChannel #2]Subchannel picks a new address \"localhost:7777\" to connect"}
{"level":"info","ts":1768021993.8767536,"caller":"pickfirst/pickfirst.go:184","msg":"[pick-first-lb] [pick-first-lb 0xc0005afef0] Received SubConn state update: 0xc0005995e0, {ConnectivityState:CONNECTING ConnectionError:<nil> connectedAddress:{Addr: ServerName: Attributes:<nil> BalancerAttributes:<nil> Metadata:<nil>}}"}
{"level":"info","ts":1768021993.8771362,"caller":"grpc@v1.71.1/clientconn.go:1346","msg":"[core] Creating new client transport to \"{Addr: \\\"localhost:7777\\\", ServerName: \\\"localhost:7777\\\", }\": connection error: desc = \"transport: Error while dialing: dial tcp [::1]:7777: connect: connection refused\""}
{"level":"warn","ts":1768021993.8771553,"caller":"grpc@v1.71.1/clientconn.go:1406","msg":"[core] [Channel #1 SubChannel #2]grpc: addrConn.createTransport failed to connect to {Addr: \"localhost:7777\", ServerName: \"localhost:7777\", }. Err: connection error: desc = \"transport: Error while dialing: dial tcp [::1]:7777: connect: connection refused\""}
{"level":"info","ts":1768021993.877168,"caller":"grpc@v1.71.1/clientconn.go:1226","msg":"[core] [Channel #1 SubChannel #2]Subchannel Connectivity change to TRANSIENT_FAILURE, last error: connection error: desc = \"transport: Error while dialing: dial tcp [::1]:7777: connect: connection refused\""}
{"level":"info","ts":1768021993.8771832,"caller":"pickfirst/pickfirst.go:184","msg":"[pick-first-lb] [pick-first-lb 0xc0005afef0] Received SubConn state update: 0xc0005995e0, {ConnectivityState:TRANSIENT_FAILURE ConnectionError:connection error: desc = \"transport: Error while dialing: dial tcp [::1]:7777: connect: connection refused\" connectedAddress:{Addr: ServerName: Attributes:<nil> BalancerAttributes:<nil> Metadata:<nil>}}"}
{"level":"info","ts":1768021996.4913962,"caller":"grpc@v1.71.1/clientconn.go:1226","msg":"[core] [Channel #3 SubChannel #4]Subchannel Connectivity change to IDLE, last error: connection error: desc = \"transport: Error while dialing: dial tcp [::1]:7777: connect: connection refused\""}
{"level":"info","ts":1768021996.4914882,"caller":"pickfirst/pickfirst.go:184","msg":"[pick-first-lb] [pick-first-lb 0xc0001fad20] Received SubConn state update: 0xc000599c70, {ConnectivityState:IDLE ConnectionError:connection error: desc = \"transport: Error while dialing: dial tcp [::1]:7777: connect: connection refused\" connectedAddress:{Addr: ServerName: Attributes:<nil> BalancerAttributes:<nil> Metadata:<nil>}}"}
{"level":"info","ts":1768021996.4915373,"caller":"grpc@v1.71.1/clientconn.go:1224","msg":"[core] [Channel #3 SubChannel #4]Subchannel Connectivity change to CONNECTING"}
{"level":"info","ts":1768021996.491561,"caller":"grpc@v1.71.1/clientconn.go:1344","msg":"[core] [Channel #3 SubChannel #4]Subchannel picks a new address \"localhost:7777\" to connect"}
{"level":"info","ts":1768021996.4916692,"caller":"pickfirst/pickfirst.go:184","msg":"[pick-first-lb] [pick-first-lb 0xc0001fad20] Received SubConn state update: 0xc000599c70, {ConnectivityState:CONNECTING ConnectionError:<nil> connectedAddress:{Addr: ServerName: Attributes:<nil> BalancerAttributes:<nil> Metadata:<nil>}}"}
{"level":"info","ts":1768021996.4922163,"caller":"grpc@v1.71.1/clientconn.go:1346","msg":"[core] Creating new client transport to \"{Addr: \\\"localhost:7777\\\", ServerName: \\\"localhost:7777\\\", }\": connection error: desc = \"transport: Error while dialing: dial tcp [::1]:7777: connect: connection refused\""}
{"level":"warn","ts":1768021996.4922395,"caller":"grpc@v1.71.1/clientconn.go:1406","msg":"[core] [Channel #3 SubChannel #4]grpc: addrConn.createTransport failed to connect to {Addr: \"localhost:7777\", ServerName: \"localhost:7777\", }. Err: connection error: desc = \"transport: Error while dialing: dial tcp [::1]:7777: connect: connection refused\""}
{"level":"info","ts":1768021996.4922576,"caller":"grpc@v1.71.1/clientconn.go:1226","msg":"[core] [Channel #3 SubChannel #4]Subchannel Connectivity change to TRANSIENT_FAILURE, last error: connection error: desc = \"transport: Error while dialing: dial tcp [::1]:7777: connect: connection refused\""}
{"level":"info","ts":1768021996.4922724,"caller":"pickfirst/pickfirst.go:184","msg":"[pick-first-lb] [pick-first-lb 0xc0001fad20] Received SubConn state update: 0xc000599c70, {ConnectivityState:TRANSIENT_FAILURE ConnectionError:connection error: desc = \"transport: Error while dialing: dial tcp [::1]:7777: connect: connection refused\" connectedAddress:{Addr: ServerName: Attributes:<nil> BalancerAttributes:<nil> Metadata:<nil>}}"}
{"level":"info","ts":1768021996.6553433,"caller":"grpc@v1.71.1/clientconn.go:1226","msg":"[core] [Channel #1 SubChannel #2]Subchannel Connectivity change to IDLE, last error: connection error: desc = \"transport: Error while dialing: dial tcp [::1]:7777: connect: connection refused\""}
{"level":"info","ts":1768021996.655412,"caller":"pickfirst/pickfirst.go:184","msg":"[pick-first-lb] [pick-first-lb 0xc0005afef0] Received SubConn state update: 0xc0005995e0, {ConnectivityState:IDLE ConnectionError:connection error: desc = \"transport: Error while dialing: dial tcp [::1]:7777: connect: connection refused\" connectedAddress:{Addr: ServerName: Attributes:<nil> BalancerAttributes:<nil> Metadata:<nil>}}"}
{"level":"info","ts":1768021996.6554666,"caller":"grpc@v1.71.1/clientconn.go:1224","msg":"[core] [Channel #1 SubChannel #2]Subchannel Connectivity change to CONNECTING"}
{"level":"info","ts":1768021996.6554797,"caller":"grpc@v1.71.1/clientconn.go:1344","msg":"[core] [Channel #1 SubChannel #2]Subchannel picks a new address \"localhost:7777\" to connect"}
{"level":"info","ts":1768021996.655566,"caller":"pickfirst/pickfirst.go:184","msg":"[pick-first-lb] [pick-first-lb 0xc0005afef0] Received SubConn state update: 0xc0005995e0, {ConnectivityState:CONNECTING ConnectionError:<nil> connectedAddress:{Addr: ServerName: Attributes:<nil> BalancerAttributes:<nil> Metadata:<nil>}}"}
{"level":"info","ts":1768021996.655911,"caller":"grpc@v1.71.1/clientconn.go:1346","msg":"[core] Creating new client transport to \"{Addr: \\\"localhost:7777\\\", ServerName: \\\"localhost:7777\\\", }\": connection error: desc = \"transport: Error while dialing: dial tcp [::1]:7777: connect: connection refused\""}
{"level":"warn","ts":1768021996.655938,"caller":"grpc@v1.71.1/clientconn.go:1406","msg":"[core] [Channel #1 SubChannel #2]grpc: addrConn.createTransport failed to connect to {Addr: \"localhost:7777\", ServerName: \"localhost:7777\", }. Err: connection error: desc = \"transport: Error while dialing: dial tcp [::1]:7777: connect: connection refused\""}
{"level":"info","ts":1768021996.6559591,"caller":"grpc@v1.71.1/clientconn.go:1226","msg":"[core] [Channel #1 SubChannel #2]Subchannel Connectivity change to TRANSIENT_FAILURE, last error: connection error: desc = \"transport: Error while dialing: dial tcp [::1]:7777: connect: connection refused\""}
{"level":"info","ts":1768021996.6559799,"caller":"pickfirst/pickfirst.go:184","msg":"[pick-first-lb] [pick-first-lb 0xc0005afef0] Received SubConn state update: 0xc0005995e0, {ConnectivityState:TRANSIENT_FAILURE ConnectionError:connection error: desc = \"transport: Error while dialing: dial tcp [::1]:7777: connect: connection refused\" connectedAddress:{Addr: ServerName: Attributes:<nil> BalancerAttributes:<nil> Metadata:<nil>}}"}
{"level":"info","ts":1768022000.1825826,"caller":"grpc@v1.71.1/clientconn.go:1226","msg":"[core] [Channel #1 SubChannel #2]Subchannel Connectivity change to IDLE, last error: connection error: desc = \"transport: Error while dialing: dial tcp [::1]:7777: connect: connection refused\""}
{"level":"info","ts":1768022000.1826768,"caller":"pickfirst/pickfirst.go:184","msg":"[pick-first-lb] [pick-first-lb 0xc0005afef0] Received SubConn state update: 0xc0005995e0, {ConnectivityState:IDLE ConnectionError:connection error: desc = \"transport: Error while dialing: dial tcp [::1]:7777: connect: connection refused\" connectedAddress:{Addr: ServerName: Attributes:<nil> BalancerAttributes:<nil> Metadata:<nil>}}"}
{"level":"info","ts":1768022000.1827145,"caller":"grpc@v1.71.1/clientconn.go:1224","msg":"[core] [Channel #1 SubChannel #2]Subchannel Connectivity change to CONNECTING"}
{"level":"info","ts":1768022000.182728,"caller":"grpc@v1.71.1/clientconn.go:1344","msg":"[core] [Channel #1 SubChannel #2]Subchannel picks a new address \"localhost:7777\" to connect"}
{"level":"info","ts":1768022000.182852,"caller":"pickfirst/pickfirst.go:184","msg":"[pick-first-lb] [pick-first-lb 0xc0005afef0] Received SubConn state update: 0xc0005995e0, {ConnectivityState:CONNECTING ConnectionError:<nil> connectedAddress:{Addr: ServerName: Attributes:<nil> BalancerAttributes:<nil> Metadata:<nil>}}"}
{"level":"info","ts":1768022000.1833274,"caller":"grpc@v1.71.1/clientconn.go:1224","msg":"[core] [Channel #1 SubChannel #2]Subchannel Connectivity change to READY"}
{"level":"info","ts":1768022000.1833587,"caller":"pickfirst/pickfirst.go:184","msg":"[pick-first-lb] [pick-first-lb 0xc0005afef0] Received SubConn state update: 0xc0005995e0, {ConnectivityState:READY ConnectionError:<nil> connectedAddress:{Addr:localhost:7777 ServerName:localhost:7777 Attributes:<nil> BalancerAttributes:<nil> Metadata:<nil>}}"}
{"level":"info","ts":1768022000.1833692,"caller":"grpc@v1.71.1/clientconn.go:563","msg":"[core] [Channel #1]Channel Connectivity change to READY"}
{"level":"info","ts":1768022000.2274616,"caller":"grpc@v1.71.1/clientconn.go:1226","msg":"[core] [Channel #3 SubChannel #4]Subchannel Connectivity change to IDLE, last error: connection error: desc = \"transport: Error while dialing: dial tcp [::1]:7777: connect: connection refused\""}
{"level":"info","ts":1768022000.2275486,"caller":"pickfirst/pickfirst.go:184","msg":"[pick-first-lb] [pick-first-lb 0xc0001fad20] Received SubConn state update: 0xc000599c70, {ConnectivityState:IDLE ConnectionError:connection error: desc = \"transport: Error while dialing: dial tcp [::1]:7777: connect: connection refused\" connectedAddress:{Addr: ServerName: Attributes:<nil> BalancerAttributes:<nil> Metadata:<nil>}}"}
{"level":"info","ts":1768022000.2275918,"caller":"grpc@v1.71.1/clientconn.go:1224","msg":"[core] [Channel #3 SubChannel #4]Subchannel Connectivity change to CONNECTING"}
{"level":"info","ts":1768022000.2276044,"caller":"grpc@v1.71.1/clientconn.go:1344","msg":"[core] [Channel #3 SubChannel #4]Subchannel picks a new address \"localhost:7777\" to connect"}
{"level":"info","ts":1768022000.2276669,"caller":"pickfirst/pickfirst.go:184","msg":"[pick-first-lb] [pick-first-lb 0xc0001fad20] Received SubConn state update: 0xc000599c70, {ConnectivityState:CONNECTING ConnectionError:<nil> connectedAddress:{Addr: ServerName: Attributes:<nil> BalancerAttributes:<nil> Metadata:<nil>}}"}
{"level":"info","ts":1768022000.2303443,"caller":"grpc@v1.71.1/clientconn.go:1224","msg":"[core] [Channel #3 SubChannel #4]Subchannel Connectivity change to READY"}
{"level":"info","ts":1768022000.2304082,"caller":"pickfirst/pickfirst.go:184","msg":"[pick-first-lb] [pick-first-lb 0xc0001fad20] Received SubConn state update: 0xc000599c70, {ConnectivityState:READY ConnectionError:<nil> connectedAddress:{Addr:localhost:7777 ServerName:localhost:7777 Attributes:<nil> BalancerAttributes:<nil> Metadata:<nil>}}"}
{"level":"info","ts":1768022000.23044,"caller":"grpc@v1.71.1/clientconn.go:563","msg":"[core] [Channel #3]Channel Connectivity change to READY"}
{"level":"info","ts":1768023791.3925686,"caller":"grpc@v1.71.1/resolver_wrapper.go:111","msg":"[core] [Channel #3]Closing the name resolver"}
{"level":"info","ts":1768023791.392636,"caller":"grpc@v1.71.1/balancer_wrapper.go:160","msg":"[core] [Channel #3]ccBalancerWrapper: closing"}
{"level":"info","ts":1768023791.392651,"caller":"grpc@v1.71.1/clientconn.go:563","msg":"[core] [Channel #3]Channel Connectivity change to IDLE"}
{"level":"info","ts":1768023791.3926582,"caller":"grpc@v1.71.1/clientconn.go:398","msg":"[core] [Channel #3]Channel entering idle mode"}
{"level":"info","ts":1768023791.3926919,"caller":"grpc@v1.71.1/resolver_wrapper.go:111","msg":"[core] [Channel #1]Closing the name resolver"}
{"level":"info","ts":1768023791.392718,"caller":"grpc@v1.71.1/clientconn.go:1224","msg":"[core] [Channel #3 SubChannel #4]Subchannel Connectivity change to SHUTDOWN"}
{"level":"info","ts":1768023791.3927286,"caller":"grpc@v1.71.1/clientconn.go:881","msg":"[core] [Channel #3 SubChannel #4]Subchannel deleted"}
{"level":"info","ts":1768023791.3927312,"caller":"grpc@v1.71.1/balancer_wrapper.go:160","msg":"[core] [Channel #1]ccBalancerWrapper: closing"}
{"level":"info","ts":1768023791.3927367,"caller":"grpc@v1.71.1/clientconn.go:1576","msg":"[transport] [client-transport 0xc0001b6908] GracefulClose called"}
{"level":"info","ts":1768023791.3927636,"caller":"transport/http2_client.go:1063","msg":"[transport] [client-transport 0xc0001b6908] Closing: connection error: desc = \"no active streams left to process while draining\""}
{"level":"info","ts":1768023791.3927746,"caller":"grpc@v1.71.1/clientconn.go:563","msg":"[core] [Channel #1]Channel Connectivity change to IDLE"}
{"level":"info","ts":1768023791.3927836,"caller":"transport/controlbuf.go:580","msg":"[transport] [client-transport 0xc0001b6908] loopyWriter exiting with error: connection error: desc = \"no active streams left to process while draining\""}
{"level":"info","ts":1768023791.3927913,"caller":"grpc@v1.71.1/clientconn.go:398","msg":"[core] [Channel #1]Channel entering idle mode"}
{"level":"info","ts":1768023791.3929148,"caller":"grpc@v1.71.1/clientconn.go:1224","msg":"[core] [Channel #1 SubChannel #2]Subchannel Connectivity change to SHUTDOWN"}
{"level":"info","ts":1768023791.3929646,"caller":"grpc@v1.71.1/clientconn.go:881","msg":"[core] [Channel #1 SubChannel #2]Subchannel deleted"}
{"level":"info","ts":1768023791.3929749,"caller":"grpc@v1.71.1/clientconn.go:1576","msg":"[transport] [client-transport 0xc00024ad88] GracefulClose called"}
{"level":"info","ts":1768023791.392995,"caller":"transport/http2_client.go:1063","msg":"[transport] [client-transport 0xc00024ad88] Closing: connection error: desc = \"no active streams left to process while draining\""}
{"level":"info","ts":1768023791.3930216,"caller":"transport/controlbuf.go:580","msg":"[transport] [client-transport 0xc00024ad88] loopyWriter exiting with error: connection error: desc = \"no active streams left to process while draining\""}
