2026/01/10 00:02:54 maxprocs: Leaving GOMAXPROCS=16: CPU quota undefined

*******************************************************************************

🛑  WARNING: End-of-life Notice for Jaeger v1

You are currently running a v1 version of Jaeger, which is deprecated and will
reach end-of-life on December 31st, 2025. This means there will be no further
development, bug fixes, or security patches for v1 after this date.

We strongly recommend migrating to Jaeger v2 for continued support and access
to new features.

For detailed migration instructions, please refer to the official Jaeger
documentation:  https://www.jaegertracing.io/docs/latest/migration/

Tracking issue: https://github.com/jaegertracing/jaeger/issues/6321

🛑  WARNING: End-of-life Notice for Jaeger v1

*******************************************************************************

WARNING: found deprecated command line option --span-storage.type=grpc, please use environment variable SPAN_STORAGE_TYPE instead
2026/01/10 00:02:54 application version: git-commit=7d6c4221934c8579ce4b2814ba2c60211c7eb5d4, git-version=1.68.0, build-date=2025-12-11T21:39:31Z
{"level":"info","ts":1768003374.5580237,"caller":"flags/service.go:125","msg":"Mounting metrics handler on admin server","route":"/metrics"}
{"level":"info","ts":1768003374.5580657,"caller":"flags/service.go:131","msg":"Mounting expvar handler on admin server","route":"/debug/vars"}
{"level":"info","ts":1768003374.5582366,"caller":"flags/admin.go:106","msg":"Mounting health check on admin server","route":"/"}
{"level":"info","ts":1768003374.558319,"caller":"flags/admin.go:123","msg":"Starting admin HTTP server"}
{"level":"info","ts":1768003374.5583723,"caller":"flags/admin.go:137","msg":"Admin server started","http.host-port":"[::]:16687","health-status":"unavailable"}
{"level":"info","ts":1768003374.558943,"caller":"grpc@v1.71.1/clientconn.go:176","msg":"[core] original dial target is: \"localhost:7777\""}
{"level":"info","ts":1768003374.5590067,"caller":"grpc@v1.71.1/clientconn.go:459","msg":"[core] [Channel #1]Channel created"}
{"level":"info","ts":1768003374.559032,"caller":"grpc@v1.71.1/clientconn.go:207","msg":"[core] [Channel #1]parsed dial target is: resolver.Target{URL:url.URL{Scheme:\"passthrough\", Opaque:\"\", User:(*url.Userinfo)(nil), Host:\"\", Path:\"/localhost:7777\", RawPath:\"\", OmitHost:false, ForceQuery:false, RawQuery:\"\", Fragment:\"\", RawFragment:\"\"}}"}
{"level":"info","ts":1768003374.5590422,"caller":"grpc@v1.71.1/clientconn.go:208","msg":"[core] [Channel #1]Channel authority set to \"localhost:7777\""}
{"level":"info","ts":1768003374.55923,"caller":"grpc@v1.71.1/resolver_wrapper.go:210","msg":"[core] [Channel #1]Resolver state updated: {\n  \"Addresses\": [\n    {\n      \"Addr\": \"localhost:7777\",\n      \"ServerName\": \"\",\n      \"Attributes\": null,\n      \"BalancerAttributes\": null,\n      \"Metadata\": null\n    }\n  ],\n  \"Endpoints\": [\n    {\n      \"Addresses\": [\n        {\n          \"Addr\": \"localhost:7777\",\n          \"ServerName\": \"\",\n          \"Attributes\": null,\n          \"BalancerAttributes\": null,\n          \"Metadata\": null\n        }\n      ],\n      \"Attributes\": null\n    }\n  ],\n  \"ServiceConfig\": null,\n  \"Attributes\": null\n} (resolver returned new addresses)"}
{"level":"info","ts":1768003374.5592902,"caller":"grpc@v1.71.1/balancer_wrapper.go:122","msg":"[core] [Channel #1]Channel switches to new LB policy \"pick_first\""}
{"level":"info","ts":1768003374.559332,"caller":"gracefulswitch/gracefulswitch.go:194","msg":"[pick-first-lb] [pick-first-lb 0xc000436b40] Received new config {\n  \"shuffleAddressList\": false\n}, resolver state {\n  \"Addresses\": [\n    {\n      \"Addr\": \"localhost:7777\",\n      \"ServerName\": \"\",\n      \"Attributes\": null,\n      \"BalancerAttributes\": null,\n      \"Metadata\": null\n    }\n  ],\n  \"Endpoints\": [\n    {\n      \"Addresses\": [\n        {\n          \"Addr\": \"localhost:7777\",\n          \"ServerName\": \"\",\n          \"Attributes\": null,\n          \"BalancerAttributes\": null,\n          \"Metadata\": null\n        }\n      ],\n      \"Attributes\": null\n    }\n  ],\n  \"ServiceConfig\": null,\n  \"Attributes\": null\n}"}
{"level":"info","ts":1768003374.559353,"caller":"grpc@v1.71.1/balancer_wrapper.go:195","msg":"[core] [Channel #1 SubChannel #2]Subchannel created"}
{"level":"info","ts":1768003374.5593677,"caller":"grpc@v1.71.1/clientconn.go:563","msg":"[core] [Channel #1]Channel Connectivity change to CONNECTING"}
{"level":"info","ts":1768003374.5593836,"caller":"grpc@v1.71.1/clientconn.go:364","msg":"[core] [Channel #1]Channel exiting idle mode"}
{"level":"info","ts":1768003374.5594342,"caller":"grpc@v1.71.1/clientconn.go:1224","msg":"[core] [Channel #1 SubChannel #2]Subchannel Connectivity change to CONNECTING"}
{"level":"info","ts":1768003374.5594404,"caller":"grpc@v1.71.1/clientconn.go:176","msg":"[core] original dial target is: \"localhost:7777\""}
{"level":"info","ts":1768003374.5594654,"caller":"grpc@v1.71.1/clientconn.go:459","msg":"[core] [Channel #3]Channel created"}
{"level":"info","ts":1768003374.5594866,"caller":"grpc@v1.71.1/clientconn.go:207","msg":"[core] [Channel #3]parsed dial target is: resolver.Target{URL:url.URL{Scheme:\"passthrough\", Opaque:\"\", User:(*url.Userinfo)(nil), Host:\"\", Path:\"/localhost:7777\", RawPath:\"\", OmitHost:false, ForceQuery:false, RawQuery:\"\", Fragment:\"\", RawFragment:\"\"}}"}
{"level":"info","ts":1768003374.5594985,"caller":"grpc@v1.71.1/clientconn.go:208","msg":"[core] [Channel #3]Channel authority set to \"localhost:7777\""}
{"level":"info","ts":1768003374.5594919,"caller":"pickfirst/pickfirst.go:184","msg":"[pick-first-lb] [pick-first-lb 0xc000436b40] Received SubConn state update: 0xc0001c0460, {ConnectivityState:CONNECTING ConnectionError:<nil> connectedAddress:{Addr: ServerName: Attributes:<nil> BalancerAttributes:<nil> Metadata:<nil>}}"}
{"level":"info","ts":1768003374.5594647,"caller":"grpc@v1.71.1/clientconn.go:1344","msg":"[core] [Channel #1 SubChannel #2]Subchannel picks a new address \"localhost:7777\" to connect"}
{"level":"info","ts":1768003374.559542,"caller":"grpc@v1.71.1/resolver_wrapper.go:210","msg":"[core] [Channel #3]Resolver state updated: {\n  \"Addresses\": [\n    {\n      \"Addr\": \"localhost:7777\",\n      \"ServerName\": \"\",\n      \"Attributes\": null,\n      \"BalancerAttributes\": null,\n      \"Metadata\": null\n    }\n  ],\n  \"Endpoints\": [\n    {\n      \"Addresses\": [\n        {\n          \"Addr\": \"localhost:7777\",\n          \"ServerName\": \"\",\n          \"Attributes\": null,\n          \"BalancerAttributes\": null,\n          \"Metadata\": null\n        }\n      ],\n      \"Attributes\": null\n    }\n  ],\n  \"ServiceConfig\": null,\n  \"Attributes\": null\n} (resolver returned new addresses)"}
{"level":"info","ts":1768003374.5595639,"caller":"grpc@v1.71.1/balancer_wrapper.go:122","msg":"[core] [Channel #3]Channel switches to new LB policy \"pick_first\""}
{"level":"info","ts":1768003374.5595908,"caller":"gracefulswitch/gracefulswitch.go:194","msg":"[pick-first-lb] [pick-first-lb 0xc000436ff0] Received new config {\n  \"shuffleAddressList\": false\n}, resolver state {\n  \"Addresses\": [\n    {\n      \"Addr\": \"localhost:7777\",\n      \"ServerName\": \"\",\n      \"Attributes\": null,\n      \"BalancerAttributes\": null,\n      \"Metadata\": null\n    }\n  ],\n  \"Endpoints\": [\n    {\n      \"Addresses\": [\n        {\n          \"Addr\": \"localhost:7777\",\n          \"ServerName\": \"\",\n          \"Attributes\": null,\n          \"BalancerAttributes\": null,\n          \"Metadata\": null\n        }\n      ],\n      \"Attributes\": null\n    }\n  ],\n  \"ServiceConfig\": null,\n  \"Attributes\": null\n}"}
{"level":"info","ts":1768003374.5596046,"caller":"grpc@v1.71.1/balancer_wrapper.go:195","msg":"[core] [Channel #3 SubChannel #4]Subchannel created"}
{"level":"info","ts":1768003374.5596137,"caller":"grpc@v1.71.1/clientconn.go:563","msg":"[core] [Channel #3]Channel Connectivity change to CONNECTING"}
{"level":"info","ts":1768003374.5596268,"caller":"grpc@v1.71.1/clientconn.go:364","msg":"[core] [Channel #3]Channel exiting idle mode"}
{"level":"info","ts":1768003374.5596595,"caller":"grpc@v1.71.1/clientconn.go:1224","msg":"[core] [Channel #3 SubChannel #4]Subchannel Connectivity change to CONNECTING"}
{"level":"info","ts":1768003374.559682,"caller":"grpc@v1.71.1/clientconn.go:1344","msg":"[core] [Channel #3 SubChannel #4]Subchannel picks a new address \"localhost:7777\" to connect"}
{"level":"info","ts":1768003374.5597103,"caller":"pickfirst/pickfirst.go:184","msg":"[pick-first-lb] [pick-first-lb 0xc000436ff0] Received SubConn state update: 0xc0001c0a50, {ConnectivityState:CONNECTING ConnectionError:<nil> connectedAddress:{Addr: ServerName: Attributes:<nil> BalancerAttributes:<nil> Metadata:<nil>}}"}
{"level":"info","ts":1768003374.5596437,"caller":"grpc/factory.go:113","msg":"Remote storage configuration","configuration":{"Tenancy":{"Enabled":true,"Header":"x-scope-orgid","Tenants":[]},"Endpoint":"localhost:7777","Compression":"","TLSSetting":{"CAFile":"","CAPem":"[REDACTED]","IncludeSystemCACertsPool":false,"CertFile":"","CertPem":"[REDACTED]","KeyFile":"","KeyPem":"[REDACTED]","MinVersion":"","MaxVersion":"","CipherSuites":null,"ReloadInterval":0,"CurvePreferences":null,"Insecure":true,"InsecureSkipVerify":false,"ServerName":""},"Keepalive":null,"ReadBufferSize":0,"WriteBufferSize":0,"WaitForReady":false,"Headers":null,"BalancerName":"","Authority":"","Auth":null,"Timeout":5000000000}}
{"level":"info","ts":1768003374.559947,"caller":"app/flags.go:168","msg":"Archive storage not initialized"}
{"level":"info","ts":1768003374.560603,"caller":"grpc@v1.71.1/clientconn.go:1346","msg":"[core] Creating new client transport to \"{Addr: \\\"localhost:7777\\\", ServerName: \\\"localhost:7777\\\", }\": connection error: desc = \"transport: Error while dialing: dial tcp [::1]:7777: connect: connection refused\""}
{"level":"warn","ts":1768003374.5606604,"caller":"grpc@v1.71.1/clientconn.go:1406","msg":"[core] [Channel #1 SubChannel #2]grpc: addrConn.createTransport failed to connect to {Addr: \"localhost:7777\", ServerName: \"localhost:7777\", }. Err: connection error: desc = \"transport: Error while dialing: dial tcp [::1]:7777: connect: connection refused\""}
{"level":"info","ts":1768003374.5606983,"caller":"grpc@v1.71.1/clientconn.go:1226","msg":"[core] [Channel #1 SubChannel #2]Subchannel Connectivity change to TRANSIENT_FAILURE, last error: connection error: desc = \"transport: Error while dialing: dial tcp [::1]:7777: connect: connection refused\""}
{"level":"info","ts":1768003374.5612895,"caller":"pickfirst/pickfirst.go:184","msg":"[pick-first-lb] [pick-first-lb 0xc000436b40] Received SubConn state update: 0xc0001c0460, {ConnectivityState:TRANSIENT_FAILURE ConnectionError:connection error: desc = \"transport: Error while dialing: dial tcp [::1]:7777: connect: connection refused\" connectedAddress:{Addr: ServerName: Attributes:<nil> BalancerAttributes:<nil> Metadata:<nil>}}"}
{"level":"info","ts":1768003374.5613532,"caller":"grpc@v1.71.1/clientconn.go:563","msg":"[core] [Channel #1]Channel Connectivity change to TRANSIENT_FAILURE"}
{"level":"info","ts":1768003374.5614865,"caller":"grpc@v1.71.1/clientconn.go:1346","msg":"[core] Creating new client transport to \"{Addr: \\\"localhost:7777\\\", ServerName: \\\"localhost:7777\\\", }\": connection error: desc = \"transport: Error while dialing: dial tcp [::1]:7777: connect: connection refused\""}
{"level":"warn","ts":1768003374.5615356,"caller":"grpc@v1.71.1/clientconn.go:1406","msg":"[core] [Channel #3 SubChannel #4]grpc: addrConn.createTransport failed to connect to {Addr: \"localhost:7777\", ServerName: \"localhost:7777\", }. Err: connection error: desc = \"transport: Error while dialing: dial tcp [::1]:7777: connect: connection refused\""}
{"level":"info","ts":1768003374.5615606,"caller":"grpc@v1.71.1/clientconn.go:1226","msg":"[core] [Channel #3 SubChannel #4]Subchannel Connectivity change to TRANSIENT_FAILURE, last error: connection error: desc = \"transport: Error while dialing: dial tcp [::1]:7777: connect: connection refused\""}
{"level":"info","ts":1768003374.5616212,"caller":"pickfirst/pickfirst.go:184","msg":"[pick-first-lb] [pick-first-lb 0xc000436ff0] Received SubConn state update: 0xc0001c0a50, {ConnectivityState:TRANSIENT_FAILURE ConnectionError:connection error: desc = \"transport: Error while dialing: dial tcp [::1]:7777: connect: connection refused\" connectedAddress:{Addr: ServerName: Attributes:<nil> BalancerAttributes:<nil> Metadata:<nil>}}"}
{"level":"info","ts":1768003374.5616379,"caller":"grpc@v1.71.1/clientconn.go:563","msg":"[core] [Channel #3]Channel Connectivity change to TRANSIENT_FAILURE"}
{"level":"info","ts":1768003374.5616665,"caller":"grpc@v1.71.1/server.go:690","msg":"[core] [Server #5]Server created"}
{"level":"info","ts":1768003374.562538,"caller":"app/static_handler.go:92","msg":"Using UI configuration","path":""}
{"level":"info","ts":1768003374.5628967,"caller":"app/server.go:256","msg":"Query server started","http_addr":"[::]:16686","grpc_addr":"[::]:16685"}
{"level":"info","ts":1768003374.5629184,"caller":"healthcheck/handler.go:118","msg":"Health Check state change","status":"ready"}
{"level":"info","ts":1768003374.5629394,"caller":"app/server.go:298","msg":"Starting GRPC server","port":16685,"addr":":16685"}
{"level":"info","ts":1768003374.5629342,"caller":"app/server.go:284","msg":"Starting HTTP server","port":16686,"addr":":16686"}
{"level":"info","ts":1768003374.562986,"caller":"grpc@v1.71.1/server.go:886","msg":"[core] [Server #5 ListenSocket #6]ListenSocket created"}
{"level":"info","ts":1768003375.5608785,"caller":"grpc@v1.71.1/clientconn.go:1226","msg":"[core] [Channel #1 SubChannel #2]Subchannel Connectivity change to IDLE, last error: connection error: desc = \"transport: Error while dialing: dial tcp [::1]:7777: connect: connection refused\""}
{"level":"info","ts":1768003375.560937,"caller":"pickfirst/pickfirst.go:184","msg":"[pick-first-lb] [pick-first-lb 0xc000436b40] Received SubConn state update: 0xc0001c0460, {ConnectivityState:IDLE ConnectionError:connection error: desc = \"transport: Error while dialing: dial tcp [::1]:7777: connect: connection refused\" connectedAddress:{Addr: ServerName: Attributes:<nil> BalancerAttributes:<nil> Metadata:<nil>}}"}
{"level":"info","ts":1768003375.5609734,"caller":"grpc@v1.71.1/clientconn.go:1224","msg":"[core] [Channel #1 SubChannel #2]Subchannel Connectivity change to CONNECTING"}
{"level":"info","ts":1768003375.5609882,"caller":"grpc@v1.71.1/clientconn.go:1344","msg":"[core] [Channel #1 SubChannel #2]Subchannel picks a new address \"localhost:7777\" to connect"}
{"level":"info","ts":1768003375.5610824,"caller":"pickfirst/pickfirst.go:184","msg":"[pick-first-lb] [pick-first-lb 0xc000436b40] Received SubConn state update: 0xc0001c0460, {ConnectivityState:CONNECTING ConnectionError:<nil> connectedAddress:{Addr: ServerName: Attributes:<nil> BalancerAttributes:<nil> Metadata:<nil>}}"}
{"level":"info","ts":1768003375.5614898,"caller":"grpc@v1.71.1/clientconn.go:1224","msg":"[core] [Channel #1 SubChannel #2]Subchannel Connectivity change to READY"}
{"level":"info","ts":1768003375.5615299,"caller":"pickfirst/pickfirst.go:184","msg":"[pick-first-lb] [pick-first-lb 0xc000436b40] Received SubConn state update: 0xc0001c0460, {ConnectivityState:READY ConnectionError:<nil> connectedAddress:{Addr:localhost:7777 ServerName:localhost:7777 Attributes:<nil> BalancerAttributes:<nil> Metadata:<nil>}}"}
{"level":"info","ts":1768003375.5615447,"caller":"grpc@v1.71.1/clientconn.go:563","msg":"[core] [Channel #1]Channel Connectivity change to READY"}
{"level":"info","ts":1768003375.5626023,"caller":"grpc@v1.71.1/clientconn.go:1226","msg":"[core] [Channel #3 SubChannel #4]Subchannel Connectivity change to IDLE, last error: connection error: desc = \"transport: Error while dialing: dial tcp [::1]:7777: connect: connection refused\""}
{"level":"info","ts":1768003375.5626304,"caller":"pickfirst/pickfirst.go:184","msg":"[pick-first-lb] [pick-first-lb 0xc000436ff0] Received SubConn state update: 0xc0001c0a50, {ConnectivityState:IDLE ConnectionError:connection error: desc = \"transport: Error while dialing: dial tcp [::1]:7777: connect: connection refused\" connectedAddress:{Addr: ServerName: Attributes:<nil> BalancerAttributes:<nil> Metadata:<nil>}}"}
{"level":"info","ts":1768003375.562659,"caller":"grpc@v1.71.1/clientconn.go:1224","msg":"[core] [Channel #3 SubChannel #4]Subchannel Connectivity change to CONNECTING"}
{"level":"info","ts":1768003375.5626726,"caller":"grpc@v1.71.1/clientconn.go:1344","msg":"[core] [Channel #3 SubChannel #4]Subchannel picks a new address \"localhost:7777\" to connect"}
{"level":"info","ts":1768003375.5627105,"caller":"pickfirst/pickfirst.go:184","msg":"[pick-first-lb] [pick-first-lb 0xc000436ff0] Received SubConn state update: 0xc0001c0a50, {ConnectivityState:CONNECTING ConnectionError:<nil> connectedAddress:{Addr: ServerName: Attributes:<nil> BalancerAttributes:<nil> Metadata:<nil>}}"}
{"level":"info","ts":1768003375.563038,"caller":"grpc@v1.71.1/clientconn.go:1224","msg":"[core] [Channel #3 SubChannel #4]Subchannel Connectivity change to READY"}
{"level":"info","ts":1768003375.5630913,"caller":"pickfirst/pickfirst.go:184","msg":"[pick-first-lb] [pick-first-lb 0xc000436ff0] Received SubConn state update: 0xc0001c0a50, {ConnectivityState:READY ConnectionError:<nil> connectedAddress:{Addr:localhost:7777 ServerName:localhost:7777 Attributes:<nil> BalancerAttributes:<nil> Metadata:<nil>}}"}
{"level":"info","ts":1768003375.5631063,"caller":"grpc@v1.71.1/clientconn.go:563","msg":"[core] [Channel #3]Channel Connectivity change to READY"}
{"level":"info","ts":1768005174.5953717,"caller":"grpc@v1.71.1/resolver_wrapper.go:111","msg":"[core] [Channel #3]Closing the name resolver"}
{"level":"info","ts":1768005174.5953891,"caller":"grpc@v1.71.1/resolver_wrapper.go:111","msg":"[core] [Channel #1]Closing the name resolver"}
{"level":"info","ts":1768005174.5954344,"caller":"grpc@v1.71.1/balancer_wrapper.go:160","msg":"[core] [Channel #3]ccBalancerWrapper: closing"}
{"level":"info","ts":1768005174.5954401,"caller":"grpc@v1.71.1/balancer_wrapper.go:160","msg":"[core] [Channel #1]ccBalancerWrapper: closing"}
{"level":"info","ts":1768005174.595448,"caller":"grpc@v1.71.1/clientconn.go:563","msg":"[core] [Channel #3]Channel Connectivity change to IDLE"}
{"level":"info","ts":1768005174.595454,"caller":"grpc@v1.71.1/clientconn.go:563","msg":"[core] [Channel #1]Channel Connectivity change to IDLE"}
{"level":"info","ts":1768005174.5954568,"caller":"grpc@v1.71.1/clientconn.go:398","msg":"[core] [Channel #3]Channel entering idle mode"}
{"level":"info","ts":1768005174.595462,"caller":"grpc@v1.71.1/clientconn.go:398","msg":"[core] [Channel #1]Channel entering idle mode"}
{"level":"info","ts":1768005174.5955129,"caller":"grpc@v1.71.1/clientconn.go:1224","msg":"[core] [Channel #3 SubChannel #4]Subchannel Connectivity change to SHUTDOWN"}
{"level":"info","ts":1768005174.5955293,"caller":"grpc@v1.71.1/clientconn.go:881","msg":"[core] [Channel #3 SubChannel #4]Subchannel deleted"}
{"level":"info","ts":1768005174.595538,"caller":"grpc@v1.71.1/clientconn.go:1576","msg":"[transport] [client-transport 0xc0004b5208] GracefulClose called"}
{"level":"info","ts":1768005174.5955606,"caller":"transport/http2_client.go:1063","msg":"[transport] [client-transport 0xc0004b5208] Closing: connection error: desc = \"no active streams left to process while draining\""}
{"level":"info","ts":1768005174.5955155,"caller":"grpc@v1.71.1/clientconn.go:1224","msg":"[core] [Channel #1 SubChannel #2]Subchannel Connectivity change to SHUTDOWN"}
{"level":"info","ts":1768005174.5955908,"caller":"transport/controlbuf.go:580","msg":"[transport] [client-transport 0xc0004b5208] loopyWriter exiting with error: connection error: desc = \"no active streams left to process while draining\""}
{"level":"info","ts":1768005174.5955963,"caller":"grpc@v1.71.1/clientconn.go:881","msg":"[core] [Channel #1 SubChannel #2]Subchannel deleted"}
{"level":"info","ts":1768005174.595604,"caller":"grpc@v1.71.1/clientconn.go:1576","msg":"[transport] [client-transport 0xc00024ad88] GracefulClose called"}
{"level":"info","ts":1768005174.5956209,"caller":"transport/http2_client.go:1063","msg":"[transport] [client-transport 0xc00024ad88] Closing: connection error: desc = \"no active streams left to process while draining\""}
{"level":"info","ts":1768005174.5956533,"caller":"transport/controlbuf.go:580","msg":"[transport] [client-transport 0xc00024ad88] loopyWriter exiting with error: connection error: desc = \"no active streams left to process while draining\""}
