level=warn ts=2026-01-07T21:43:28.30116245Z caller=main.go:119 msg="-- CONFIGURATION WARNINGS --"
level=warn ts=2026-01-07T21:43:28.301200281Z caller=main.go:125 msg="Inline, unscoped overrides are deprecated. Please use the new overrides config format."
level=info ts=2026-01-07T21:43:28.301312018Z caller=main.go:103 msg="Starting Tempo" version="(version=2.9.0, branch=HEAD, revision=f1b3ef152)" target=distributor
level=info msg="server listening on addresses" http=[::]:3101 grpc=[::]:38399
level=info ts=2026-01-07T21:43:28.302628494Z caller=server.go:281 msg="server listening on addresses" http=[::]:3200 grpc=[::]:9095
level=info ts=2026-01-07T21:43:28.303848639Z caller=memberlist_client.go:484 msg="Using memberlist cluster label and node name" cluster_label= node=tempo-tempostack-distributor-5898ffc886-wxsqp-7c2d4074
ts=2026-01-07T21:43:28Z level=info msg="OTel Shim Logger Initialized" component=tempo
level=info ts=2026-01-07T21:43:28.305398663Z caller=memberlist_client.go:628 msg="memberlist fast-join starting" nodes_found=1 to_join=2
level=info ts=2026-01-07T21:43:28.30596281Z caller=module_service.go:82 msg=starting module=internal-server
level=info ts=2026-01-07T21:43:28.306269841Z caller=module_service.go:82 msg=starting module=server
level=info ts=2026-01-07T21:43:28.306603481Z caller=module_service.go:82 msg=starting module=memberlist-kv
level=info ts=2026-01-07T21:43:28.306645918Z caller=module_service.go:82 msg=starting module=ring
level=info ts=2026-01-07T21:43:28.306653011Z caller=module_service.go:82 msg=starting module=metrics-generator-ring
level=info ts=2026-01-07T21:43:28.306654418Z caller=module_service.go:82 msg=starting module=live-store-ring
level=info ts=2026-01-07T21:43:28.306659932Z caller=module_service.go:82 msg=starting module=overrides
level=info ts=2026-01-07T21:43:28.321069055Z caller=memberlist_client.go:648 msg="memberlist fast-join finished" joined_nodes=3 elapsed_time=15.672538ms
level=info ts=2026-01-07T21:43:28.321094532Z caller=memberlist_client.go:666 phase=startup msg="joining memberlist cluster" join_members=tempo-tempostack-gossip-ring
level=info ts=2026-01-07T21:43:28.321171076Z caller=ring.go:365 msg="ring doesn't exist in KV store yet"
level=info ts=2026-01-07T21:43:28.321160311Z caller=ring.go:365 msg="ring doesn't exist in KV store yet"
level=info ts=2026-01-07T21:43:28.321204571Z caller=ring.go:365 msg="ring doesn't exist in KV store yet"
level=info ts=2026-01-07T21:43:28.321264125Z caller=module_service.go:82 msg=starting module=distributor
ts=2026-01-07T21:43:28Z level=info msg="Starting GRPC server" component=tempo endpoint=0.0.0.0:4317
ts=2026-01-07T21:43:28Z level=info msg="Starting HTTP server" component=tempo endpoint=0.0.0.0:4318
level=info ts=2026-01-07T21:43:28.323349015Z caller=app.go:213 msg="Tempo started"
level=info ts=2026-01-07T21:43:28.329965566Z caller=memberlist_client.go:673 phase=startup msg="joining memberlist cluster succeeded" reached_nodes=3 elapsed_time=8.861951ms
level=warn ts=2026-01-07T21:50:29.322347596Z caller=pool.go:250 msg="removing distributor_pool failing healthcheck" addr=10.129.2.129:9095 reason="rpc error: code = DeadlineExceeded desc = context deadline exceeded"
level=error ts=2026-01-07T21:50:29.32268866Z caller=rate_limited_logger.go:38 msg="pusher failed to consume trace data" err="rpc error: code = Canceled desc = grpc: the client connection is closing"
