level=warn ts=2026-01-07T17:52:49.282999831Z caller=main.go:119 msg="-- CONFIGURATION WARNINGS --"
level=warn ts=2026-01-07T17:52:49.283035317Z caller=main.go:125 msg="Inline, unscoped overrides are deprecated. Please use the new overrides config format."
level=info ts=2026-01-07T17:52:49.283126708Z caller=main.go:103 msg="Starting Tempo" version="(version=2.9.0, branch=HEAD, revision=f1b3ef152)" target=ingester
level=info msg="server listening on addresses" http=[::]:3101 grpc=[::]:43597
level=info ts=2026-01-07T17:52:49.28449654Z caller=server.go:281 msg="server listening on addresses" http=[::]:3200 grpc=[::]:9095
level=info ts=2026-01-07T17:52:49.293957086Z caller=cache.go:55 msg="caches available to storage backend" parquet-footer=false bloom=false parquet-offset-idx=false parquet-column-idx=false trace-id-index=false parquet-page=false
level=info ts=2026-01-07T17:52:49.294869301Z caller=memberlist_client.go:484 msg="Using memberlist cluster label and node name" cluster_label= node=tempo-tempostack-ingester-0-31ce9cb0
level=info ts=2026-01-07T17:52:49.297167463Z caller=memberlist_client.go:628 msg="memberlist fast-join starting" nodes_found=1 to_join=2
level=info ts=2026-01-07T17:52:49.297403891Z caller=module_service.go:82 msg=starting module=cache-provider
level=info ts=2026-01-07T17:52:49.297592996Z caller=module_service.go:82 msg=starting module=store
level=info ts=2026-01-07T17:52:49.297573802Z caller=module_service.go:82 msg=starting module=internal-server
level=info ts=2026-01-07T17:52:49.297819511Z caller=module_service.go:82 msg=starting module=server
level=info ts=2026-01-07T17:52:49.298030914Z caller=module_service.go:82 msg=starting module=memberlist-kv
level=info ts=2026-01-07T17:52:49.298105885Z caller=module_service.go:82 msg=starting module=live-store-ring
level=info ts=2026-01-07T17:52:49.298108065Z caller=module_service.go:82 msg=starting module=ring
level=info ts=2026-01-07T17:52:49.298082778Z caller=module_service.go:82 msg=starting module=overrides
level=info ts=2026-01-07T17:52:49.311671088Z caller=memberlist_client.go:648 msg="memberlist fast-join finished" joined_nodes=5 elapsed_time=14.506577ms
level=info ts=2026-01-07T17:52:49.311695816Z caller=memberlist_client.go:666 phase=startup msg="joining memberlist cluster" join_members=tempo-tempostack-gossip-ring
level=info ts=2026-01-07T17:52:49.311786112Z caller=ring.go:365 msg="ring doesn't exist in KV store yet"
level=info ts=2026-01-07T17:52:49.311883225Z caller=module_service.go:82 msg=starting module=ingester
level=info ts=2026-01-07T17:52:49.31193301Z caller=ingester.go:413 msg="beginning wal replay"
level=info ts=2026-01-07T17:52:49.312036991Z caller=wal.go:113 msg="beginning replay" file=245a9563-0a60-4af3-94a3-f0074af8fc8c+tenant-1+vParquet4 size=4096
level=info ts=2026-01-07T17:52:49.321026153Z caller=wal.go:140 msg="replay complete" file=245a9563-0a60-4af3-94a3-f0074af8fc8c+tenant-1+vParquet4 duration=9.003272ms
level=info ts=2026-01-07T17:52:49.32106048Z caller=wal.go:113 msg="beginning replay" file=9d9572aa-3ab0-4dae-96fd-67b5339d2291+tenant-1+vParquet4 size=4096
level=warn ts=2026-01-07T17:52:49.32108484Z caller=wal.go:119 msg="failed to replay block. removing." file=9d9572aa-3ab0-4dae-96fd-67b5339d2291+tenant-1+vParquet4 err="error reading wal meta json: /var/tempo/wal/9d9572aa-3ab0-4dae-96fd-67b5339d2291+tenant-1+vParquet4/meta.json: open /var/tempo/wal/9d9572aa-3ab0-4dae-96fd-67b5339d2291+tenant-1+vParquet4/meta.json: no such file or directory"
level=warn ts=2026-01-07T17:52:49.32233367Z caller=wal.go:103 msg="unowned file entry ignored during wal replay" file=blocks err=null
level=info ts=2026-01-07T17:52:49.323039888Z caller=memberlist_client.go:673 phase=startup msg="joining memberlist cluster succeeded" reached_nodes=5 elapsed_time=11.33786ms
level=info ts=2026-01-07T17:52:49.323966346Z caller=ingester.go:451 msg="wal replay complete"
level=info ts=2026-01-07T17:52:49.323998545Z caller=ingester.go:465 msg="reloading local blocks" tenants=0
level=info ts=2026-01-07T17:52:49.32408078Z caller=app.go:213 msg="Tempo started"
level=info ts=2026-01-07T17:52:49.324754658Z caller=lifecycler.go:703 msg="adding tokens from file" num_tokens=128
level=info ts=2026-01-07T17:52:52.344808162Z caller=flush.go:267 msg="completing block" tenant=tenant-1 block=245a9563-0a60-4af3-94a3-f0074af8fc8c
level=info ts=2026-01-07T17:52:52.823892345Z caller=flush.go:283 msg="block completed" tenant=tenant-1 blockID=245a9563-0a60-4af3-94a3-f0074af8fc8c duration=479.056071ms
level=info ts=2026-01-07T17:52:52.825215444Z caller=flush.go:334 msg="flushing block" tenant=tenant-1 block=245a9563-0a60-4af3-94a3-f0074af8fc8c
level=info ts=2026-01-07T18:02:49.505773143Z caller=flush.go:196 msg="head block cut. enqueueing flush op" tenant=tenant-1 block=bc648f1f-6066-438c-af0c-09c08d0365ca
level=info ts=2026-01-07T18:02:52.766241089Z caller=flush.go:267 msg="completing block" tenant=tenant-1 block=bc648f1f-6066-438c-af0c-09c08d0365ca
level=info ts=2026-01-07T18:03:04.154198315Z caller=flush.go:283 msg="block completed" tenant=tenant-1 blockID=bc648f1f-6066-438c-af0c-09c08d0365ca duration=11.387931346s
level=info ts=2026-01-07T18:03:04.176895388Z caller=flush.go:334 msg="flushing block" tenant=tenant-1 block=bc648f1f-6066-438c-af0c-09c08d0365ca
level=info ts=2026-01-07T18:12:49.534480386Z caller=flush.go:196 msg="head block cut. enqueueing flush op" tenant=tenant-1 block=45071981-c46b-4306-a22c-fb5255f6fbd2
level=info ts=2026-01-07T18:12:53.17070649Z caller=flush.go:267 msg="completing block" tenant=tenant-1 block=45071981-c46b-4306-a22c-fb5255f6fbd2
level=info ts=2026-01-07T18:13:05.803696539Z caller=flush.go:283 msg="block completed" tenant=tenant-1 blockID=45071981-c46b-4306-a22c-fb5255f6fbd2 duration=12.632962056s
level=info ts=2026-01-07T18:13:05.83139079Z caller=flush.go:334 msg="flushing block" tenant=tenant-1 block=45071981-c46b-4306-a22c-fb5255f6fbd2
level=info ts=2026-01-07T18:22:50.169622752Z caller=flush.go:196 msg="head block cut. enqueueing flush op" tenant=tenant-1 block=bef278e6-6220-4f31-a37f-654fc140cdfb
level=info ts=2026-01-07T18:22:53.340352448Z caller=flush.go:267 msg="completing block" tenant=tenant-1 block=bef278e6-6220-4f31-a37f-654fc140cdfb
level=info ts=2026-01-07T18:23:06.292814017Z caller=flush.go:283 msg="block completed" tenant=tenant-1 blockID=bef278e6-6220-4f31-a37f-654fc140cdfb duration=12.952323582s
level=info ts=2026-01-07T18:23:06.31450133Z caller=flush.go:334 msg="flushing block" tenant=tenant-1 block=bef278e6-6220-4f31-a37f-654fc140cdfb
level=info ts=2026-01-07T18:32:51.41531517Z caller=flush.go:196 msg="head block cut. enqueueing flush op" tenant=tenant-1 block=532c476e-97ba-46df-9732-fd2bee8b2097
level=info ts=2026-01-07T18:32:54.189475471Z caller=flush.go:267 msg="completing block" tenant=tenant-1 block=532c476e-97ba-46df-9732-fd2bee8b2097
level=info ts=2026-01-07T18:33:07.665959246Z caller=flush.go:283 msg="block completed" tenant=tenant-1 blockID=532c476e-97ba-46df-9732-fd2bee8b2097 duration=13.476451504s
level=info ts=2026-01-07T18:33:07.674121634Z caller=flush.go:334 msg="flushing block" tenant=tenant-1 block=532c476e-97ba-46df-9732-fd2bee8b2097
level=info ts=2026-01-07T18:43:02.577501174Z caller=flush.go:196 msg="head block cut. enqueueing flush op" tenant=tenant-1 block=be6735b2-6c6e-4d20-bcbe-d9d223582945
level=info ts=2026-01-07T18:43:07.478124497Z caller=flush.go:267 msg="completing block" tenant=tenant-1 block=be6735b2-6c6e-4d20-bcbe-d9d223582945
level=info ts=2026-01-07T18:43:21.117352393Z caller=flush.go:283 msg="block completed" tenant=tenant-1 blockID=be6735b2-6c6e-4d20-bcbe-d9d223582945 duration=13.639199192s
level=info ts=2026-01-07T18:43:21.146633304Z caller=flush.go:334 msg="flushing block" tenant=tenant-1 block=be6735b2-6c6e-4d20-bcbe-d9d223582945
level=error ts=2026-01-07T18:43:23.448414985Z caller=flush.go:250 org_id=tenant-1 msg="error performing op in flushQueue" op=1 block=be6735b2-6c6e-4d20-bcbe-d9d223582945 attempts=1 err="error copying block from local to remote backend: error writing object to s3 backend, object tenant-1/be6735b2-6c6e-4d20-bcbe-d9d223582945/index: Storage backend has reached its minimum free drive threshold. Please delete a few objects to proceed."
level=info ts=2026-01-07T18:43:23.448443874Z caller=flush.go:413 org_id=tenant-1 msg="retrying op in flushQueue" op=1 block=be6735b2-6c6e-4d20-bcbe-d9d223582945 backoff=30s
level=info ts=2026-01-07T18:43:53.4485353Z caller=flush.go:334 msg="flushing block" tenant=tenant-1 block=be6735b2-6c6e-4d20-bcbe-d9d223582945
level=error ts=2026-01-07T18:43:53.577235595Z caller=flush.go:250 org_id=tenant-1 msg="error performing op in flushQueue" op=1 block=be6735b2-6c6e-4d20-bcbe-d9d223582945 attempts=2 err="error copying block from local to remote backend: error writing object to s3 backend, object tenant-1/be6735b2-6c6e-4d20-bcbe-d9d223582945/data.parquet: Storage backend has reached its minimum free drive threshold. Please delete a few objects to proceed."
level=info ts=2026-01-07T18:43:53.577282566Z caller=flush.go:413 org_id=tenant-1 msg="retrying op in flushQueue" op=1 block=be6735b2-6c6e-4d20-bcbe-d9d223582945 backoff=1m0s
level=info ts=2026-01-07T18:44:53.577495119Z caller=flush.go:334 msg="flushing block" tenant=tenant-1 block=be6735b2-6c6e-4d20-bcbe-d9d223582945
level=error ts=2026-01-07T18:44:53.753155668Z caller=flush.go:250 org_id=tenant-1 msg="error performing op in flushQueue" op=1 block=be6735b2-6c6e-4d20-bcbe-d9d223582945 attempts=3 err="error copying block from local to remote backend: error writing object to s3 backend, object tenant-1/be6735b2-6c6e-4d20-bcbe-d9d223582945/data.parquet: Storage backend has reached its minimum free drive threshold. Please delete a few objects to proceed."
level=info ts=2026-01-07T18:44:53.753194482Z caller=flush.go:413 org_id=tenant-1 msg="retrying op in flushQueue" op=1 block=be6735b2-6c6e-4d20-bcbe-d9d223582945 backoff=2m0s
level=info ts=2026-01-07T18:46:53.7534898Z caller=flush.go:334 msg="flushing block" tenant=tenant-1 block=be6735b2-6c6e-4d20-bcbe-d9d223582945
level=error ts=2026-01-07T18:46:53.904182061Z caller=flush.go:250 org_id=tenant-1 msg="error performing op in flushQueue" op=1 block=be6735b2-6c6e-4d20-bcbe-d9d223582945 attempts=4 err="error copying block from local to remote backend: error writing object to s3 backend, object tenant-1/be6735b2-6c6e-4d20-bcbe-d9d223582945/data.parquet: Storage backend has reached its minimum free drive threshold. Please delete a few objects to proceed."
level=info ts=2026-01-07T18:46:53.904217608Z caller=flush.go:413 org_id=tenant-1 msg="retrying op in flushQueue" op=1 block=be6735b2-6c6e-4d20-bcbe-d9d223582945 backoff=2m0s
level=info ts=2026-01-07T18:48:53.904597812Z caller=flush.go:334 msg="flushing block" tenant=tenant-1 block=be6735b2-6c6e-4d20-bcbe-d9d223582945
level=error ts=2026-01-07T18:48:54.049931826Z caller=flush.go:250 org_id=tenant-1 msg="error performing op in flushQueue" op=1 block=be6735b2-6c6e-4d20-bcbe-d9d223582945 attempts=5 err="error copying block from local to remote backend: error writing object to s3 backend, object tenant-1/be6735b2-6c6e-4d20-bcbe-d9d223582945/data.parquet: Storage backend has reached its minimum free drive threshold. Please delete a few objects to proceed."
level=info ts=2026-01-07T18:48:54.049978535Z caller=flush.go:413 org_id=tenant-1 msg="retrying op in flushQueue" op=1 block=be6735b2-6c6e-4d20-bcbe-d9d223582945 backoff=2m0s
level=info ts=2026-01-07T18:50:54.050310188Z caller=flush.go:334 msg="flushing block" tenant=tenant-1 block=be6735b2-6c6e-4d20-bcbe-d9d223582945
level=error ts=2026-01-07T18:50:54.199845071Z caller=flush.go:250 org_id=tenant-1 msg="error performing op in flushQueue" op=1 block=be6735b2-6c6e-4d20-bcbe-d9d223582945 attempts=6 err="error copying block from local to remote backend: error writing object to s3 backend, object tenant-1/be6735b2-6c6e-4d20-bcbe-d9d223582945/data.parquet: Storage backend has reached its minimum free drive threshold. Please delete a few objects to proceed."
level=info ts=2026-01-07T18:50:54.199881248Z caller=flush.go:413 org_id=tenant-1 msg="retrying op in flushQueue" op=1 block=be6735b2-6c6e-4d20-bcbe-d9d223582945 backoff=2m0s
level=info ts=2026-01-07T18:52:54.199975318Z caller=flush.go:334 msg="flushing block" tenant=tenant-1 block=be6735b2-6c6e-4d20-bcbe-d9d223582945
level=error ts=2026-01-07T18:52:54.348733075Z caller=flush.go:250 org_id=tenant-1 msg="error performing op in flushQueue" op=1 block=be6735b2-6c6e-4d20-bcbe-d9d223582945 attempts=7 err="error copying block from local to remote backend: error writing object to s3 backend, object tenant-1/be6735b2-6c6e-4d20-bcbe-d9d223582945/data.parquet: Storage backend has reached its minimum free drive threshold. Please delete a few objects to proceed."
level=info ts=2026-01-07T18:52:54.348766989Z caller=flush.go:413 org_id=tenant-1 msg="retrying op in flushQueue" op=1 block=be6735b2-6c6e-4d20-bcbe-d9d223582945 backoff=2m0s
level=info ts=2026-01-07T18:53:10.127114981Z caller=flush.go:196 msg="head block cut. enqueueing flush op" tenant=tenant-1 block=e9e003d9-4ce4-4f83-bbfa-c27596af8db3
level=info ts=2026-01-07T18:53:19.906843968Z caller=flush.go:267 msg="completing block" tenant=tenant-1 block=e9e003d9-4ce4-4f83-bbfa-c27596af8db3
level=info ts=2026-01-07T18:53:33.058303287Z caller=flush.go:283 msg="block completed" tenant=tenant-1 blockID=e9e003d9-4ce4-4f83-bbfa-c27596af8db3 duration=13.151429967s
level=info ts=2026-01-07T18:53:33.081358205Z caller=flush.go:334 msg="flushing block" tenant=tenant-1 block=e9e003d9-4ce4-4f83-bbfa-c27596af8db3
level=error ts=2026-01-07T18:53:33.213303163Z caller=flush.go:250 org_id=tenant-1 msg="error performing op in flushQueue" op=1 block=e9e003d9-4ce4-4f83-bbfa-c27596af8db3 attempts=1 err="error copying block from local to remote backend: error writing object to s3 backend, object tenant-1/e9e003d9-4ce4-4f83-bbfa-c27596af8db3/data.parquet: Storage backend has reached its minimum free drive threshold. Please delete a few objects to proceed."
level=info ts=2026-01-07T18:53:33.213354484Z caller=flush.go:413 org_id=tenant-1 msg="retrying op in flushQueue" op=1 block=e9e003d9-4ce4-4f83-bbfa-c27596af8db3 backoff=30s
level=info ts=2026-01-07T18:54:03.2136764Z caller=flush.go:334 msg="flushing block" tenant=tenant-1 block=e9e003d9-4ce4-4f83-bbfa-c27596af8db3
level=error ts=2026-01-07T18:54:03.39793396Z caller=flush.go:250 org_id=tenant-1 msg="error performing op in flushQueue" op=1 block=e9e003d9-4ce4-4f83-bbfa-c27596af8db3 attempts=2 err="error copying block from local to remote backend: error writing object to s3 backend, object tenant-1/e9e003d9-4ce4-4f83-bbfa-c27596af8db3/data.parquet: Storage backend has reached its minimum free drive threshold. Please delete a few objects to proceed."
level=info ts=2026-01-07T18:54:03.397969142Z caller=flush.go:413 org_id=tenant-1 msg="retrying op in flushQueue" op=1 block=e9e003d9-4ce4-4f83-bbfa-c27596af8db3 backoff=1m0s
level=info ts=2026-01-07T18:54:54.349176506Z caller=flush.go:334 msg="flushing block" tenant=tenant-1 block=be6735b2-6c6e-4d20-bcbe-d9d223582945
level=error ts=2026-01-07T18:54:54.528402803Z caller=flush.go:250 org_id=tenant-1 msg="error performing op in flushQueue" op=1 block=be6735b2-6c6e-4d20-bcbe-d9d223582945 attempts=8 err="error copying block from local to remote backend: error writing object to s3 backend, object tenant-1/be6735b2-6c6e-4d20-bcbe-d9d223582945/data.parquet: Storage backend has reached its minimum free drive threshold. Please delete a few objects to proceed."
level=info ts=2026-01-07T18:54:54.528441351Z caller=flush.go:413 org_id=tenant-1 msg="retrying op in flushQueue" op=1 block=be6735b2-6c6e-4d20-bcbe-d9d223582945 backoff=2m0s
level=info ts=2026-01-07T18:55:03.398152796Z caller=flush.go:334 msg="flushing block" tenant=tenant-1 block=e9e003d9-4ce4-4f83-bbfa-c27596af8db3
level=error ts=2026-01-07T18:55:03.543719896Z caller=flush.go:250 org_id=tenant-1 msg="error performing op in flushQueue" op=1 block=e9e003d9-4ce4-4f83-bbfa-c27596af8db3 attempts=3 err="error copying block from local to remote backend: error writing object to s3 backend, object tenant-1/e9e003d9-4ce4-4f83-bbfa-c27596af8db3/data.parquet: Storage backend has reached its minimum free drive threshold. Please delete a few objects to proceed."
level=info ts=2026-01-07T18:55:03.543755558Z caller=flush.go:413 org_id=tenant-1 msg="retrying op in flushQueue" op=1 block=e9e003d9-4ce4-4f83-bbfa-c27596af8db3 backoff=2m0s
level=info ts=2026-01-07T18:56:54.529196299Z caller=flush.go:334 msg="flushing block" tenant=tenant-1 block=be6735b2-6c6e-4d20-bcbe-d9d223582945
level=error ts=2026-01-07T18:56:54.718868881Z caller=flush.go:250 org_id=tenant-1 msg="error performing op in flushQueue" op=1 block=be6735b2-6c6e-4d20-bcbe-d9d223582945 attempts=9 err="error copying block from local to remote backend: error writing object to s3 backend, object tenant-1/be6735b2-6c6e-4d20-bcbe-d9d223582945/data.parquet: Storage backend has reached its minimum free drive threshold. Please delete a few objects to proceed."
level=info ts=2026-01-07T18:56:54.718912283Z caller=flush.go:413 org_id=tenant-1 msg="retrying op in flushQueue" op=1 block=be6735b2-6c6e-4d20-bcbe-d9d223582945 backoff=2m0s
level=info ts=2026-01-07T18:57:03.544433666Z caller=flush.go:334 msg="flushing block" tenant=tenant-1 block=e9e003d9-4ce4-4f83-bbfa-c27596af8db3
level=error ts=2026-01-07T18:57:03.709399799Z caller=flush.go:250 org_id=tenant-1 msg="error performing op in flushQueue" op=1 block=e9e003d9-4ce4-4f83-bbfa-c27596af8db3 attempts=4 err="error copying block from local to remote backend: error writing object to s3 backend, object tenant-1/e9e003d9-4ce4-4f83-bbfa-c27596af8db3/data.parquet: Storage backend has reached its minimum free drive threshold. Please delete a few objects to proceed."
level=info ts=2026-01-07T18:57:03.709432384Z caller=flush.go:413 org_id=tenant-1 msg="retrying op in flushQueue" op=1 block=e9e003d9-4ce4-4f83-bbfa-c27596af8db3 backoff=2m0s
level=info ts=2026-01-07T18:58:54.719130334Z caller=flush.go:334 msg="flushing block" tenant=tenant-1 block=be6735b2-6c6e-4d20-bcbe-d9d223582945
level=error ts=2026-01-07T18:58:54.889087385Z caller=flush.go:250 org_id=tenant-1 msg="error performing op in flushQueue" op=1 block=be6735b2-6c6e-4d20-bcbe-d9d223582945 attempts=10 err="error copying block from local to remote backend: error writing object to s3 backend, object tenant-1/be6735b2-6c6e-4d20-bcbe-d9d223582945/data.parquet: Storage backend has reached its minimum free drive threshold. Please delete a few objects to proceed."
level=info ts=2026-01-07T18:58:54.889126039Z caller=flush.go:413 org_id=tenant-1 msg="retrying op in flushQueue" op=1 block=be6735b2-6c6e-4d20-bcbe-d9d223582945 backoff=2m0s
level=info ts=2026-01-07T18:59:03.710468447Z caller=flush.go:334 msg="flushing block" tenant=tenant-1 block=e9e003d9-4ce4-4f83-bbfa-c27596af8db3
level=error ts=2026-01-07T18:59:03.880319927Z caller=flush.go:250 org_id=tenant-1 msg="error performing op in flushQueue" op=1 block=e9e003d9-4ce4-4f83-bbfa-c27596af8db3 attempts=5 err="error copying block from local to remote backend: error writing object to s3 backend, object tenant-1/e9e003d9-4ce4-4f83-bbfa-c27596af8db3/data.parquet: Storage backend has reached its minimum free drive threshold. Please delete a few objects to proceed."
level=info ts=2026-01-07T18:59:03.880363752Z caller=flush.go:413 org_id=tenant-1 msg="retrying op in flushQueue" op=1 block=e9e003d9-4ce4-4f83-bbfa-c27596af8db3 backoff=2m0s
level=info ts=2026-01-07T19:00:54.889889454Z caller=flush.go:334 msg="flushing block" tenant=tenant-1 block=be6735b2-6c6e-4d20-bcbe-d9d223582945
level=error ts=2026-01-07T19:00:55.034749264Z caller=flush.go:250 org_id=tenant-1 msg="error performing op in flushQueue" op=1 block=be6735b2-6c6e-4d20-bcbe-d9d223582945 attempts=11 err="error copying block from local to remote backend: error writing object to s3 backend, object tenant-1/be6735b2-6c6e-4d20-bcbe-d9d223582945/data.parquet: Storage backend has reached its minimum free drive threshold. Please delete a few objects to proceed."
level=info ts=2026-01-07T19:00:55.034796097Z caller=flush.go:413 org_id=tenant-1 msg="retrying op in flushQueue" op=1 block=be6735b2-6c6e-4d20-bcbe-d9d223582945 backoff=2m0s
level=info ts=2026-01-07T19:01:03.880549202Z caller=flush.go:334 msg="flushing block" tenant=tenant-1 block=e9e003d9-4ce4-4f83-bbfa-c27596af8db3
level=error ts=2026-01-07T19:01:04.032729645Z caller=flush.go:250 org_id=tenant-1 msg="error performing op in flushQueue" op=1 block=e9e003d9-4ce4-4f83-bbfa-c27596af8db3 attempts=6 err="error copying block from local to remote backend: error writing object to s3 backend, object tenant-1/e9e003d9-4ce4-4f83-bbfa-c27596af8db3/data.parquet: Storage backend has reached its minimum free drive threshold. Please delete a few objects to proceed."
level=info ts=2026-01-07T19:01:04.032825614Z caller=flush.go:413 org_id=tenant-1 msg="retrying op in flushQueue" op=1 block=e9e003d9-4ce4-4f83-bbfa-c27596af8db3 backoff=2m0s
level=info ts=2026-01-07T19:02:55.034885762Z caller=flush.go:334 msg="flushing block" tenant=tenant-1 block=be6735b2-6c6e-4d20-bcbe-d9d223582945
level=error ts=2026-01-07T19:02:55.201586907Z caller=flush.go:250 org_id=tenant-1 msg="error performing op in flushQueue" op=1 block=be6735b2-6c6e-4d20-bcbe-d9d223582945 attempts=12 err="error copying block from local to remote backend: error writing object to s3 backend, object tenant-1/be6735b2-6c6e-4d20-bcbe-d9d223582945/data.parquet: Storage backend has reached its minimum free drive threshold. Please delete a few objects to proceed."
level=info ts=2026-01-07T19:02:55.201621175Z caller=flush.go:413 org_id=tenant-1 msg="retrying op in flushQueue" op=1 block=be6735b2-6c6e-4d20-bcbe-d9d223582945 backoff=2m0s
level=info ts=2026-01-07T19:03:04.033107669Z caller=flush.go:334 msg="flushing block" tenant=tenant-1 block=e9e003d9-4ce4-4f83-bbfa-c27596af8db3
level=error ts=2026-01-07T19:03:04.183411015Z caller=flush.go:250 org_id=tenant-1 msg="error performing op in flushQueue" op=1 block=e9e003d9-4ce4-4f83-bbfa-c27596af8db3 attempts=7 err="error copying block from local to remote backend: error writing object to s3 backend, object tenant-1/e9e003d9-4ce4-4f83-bbfa-c27596af8db3/data.parquet: Storage backend has reached its minimum free drive threshold. Please delete a few objects to proceed."
level=info ts=2026-01-07T19:03:04.183447102Z caller=flush.go:413 org_id=tenant-1 msg="retrying op in flushQueue" op=1 block=e9e003d9-4ce4-4f83-bbfa-c27596af8db3 backoff=2m0s
level=info ts=2026-01-07T19:03:11.250209117Z caller=flush.go:196 msg="head block cut. enqueueing flush op" tenant=tenant-1 block=c6cff5d8-2b8a-4c25-9d20-ed48c1043ef5
level=info ts=2026-01-07T19:03:17.598782827Z caller=flush.go:267 msg="completing block" tenant=tenant-1 block=c6cff5d8-2b8a-4c25-9d20-ed48c1043ef5
level=info ts=2026-01-07T19:03:30.73895407Z caller=flush.go:283 msg="block completed" tenant=tenant-1 blockID=c6cff5d8-2b8a-4c25-9d20-ed48c1043ef5 duration=13.140126701s
level=info ts=2026-01-07T19:03:30.764835752Z caller=flush.go:334 msg="flushing block" tenant=tenant-1 block=c6cff5d8-2b8a-4c25-9d20-ed48c1043ef5
level=error ts=2026-01-07T19:03:30.919529371Z caller=flush.go:250 org_id=tenant-1 msg="error performing op in flushQueue" op=1 block=c6cff5d8-2b8a-4c25-9d20-ed48c1043ef5 attempts=1 err="error copying block from local to remote backend: error writing object to s3 backend, object tenant-1/c6cff5d8-2b8a-4c25-9d20-ed48c1043ef5/data.parquet: Storage backend has reached its minimum free drive threshold. Please delete a few objects to proceed."
level=info ts=2026-01-07T19:03:30.919560097Z caller=flush.go:413 org_id=tenant-1 msg="retrying op in flushQueue" op=1 block=c6cff5d8-2b8a-4c25-9d20-ed48c1043ef5 backoff=30s
level=info ts=2026-01-07T19:04:00.919645645Z caller=flush.go:334 msg="flushing block" tenant=tenant-1 block=c6cff5d8-2b8a-4c25-9d20-ed48c1043ef5
level=error ts=2026-01-07T19:04:01.061911996Z caller=flush.go:250 org_id=tenant-1 msg="error performing op in flushQueue" op=1 block=c6cff5d8-2b8a-4c25-9d20-ed48c1043ef5 attempts=2 err="error copying block from local to remote backend: error writing object to s3 backend, object tenant-1/c6cff5d8-2b8a-4c25-9d20-ed48c1043ef5/data.parquet: Storage backend has reached its minimum free drive threshold. Please delete a few objects to proceed."
level=info ts=2026-01-07T19:04:01.061950535Z caller=flush.go:413 org_id=tenant-1 msg="retrying op in flushQueue" op=1 block=c6cff5d8-2b8a-4c25-9d20-ed48c1043ef5 backoff=1m0s
level=info ts=2026-01-07T19:04:55.202314819Z caller=flush.go:334 msg="flushing block" tenant=tenant-1 block=be6735b2-6c6e-4d20-bcbe-d9d223582945
level=error ts=2026-01-07T19:04:55.353799817Z caller=flush.go:250 org_id=tenant-1 msg="error performing op in flushQueue" op=1 block=be6735b2-6c6e-4d20-bcbe-d9d223582945 attempts=13 err="error copying block from local to remote backend: error writing object to s3 backend, object tenant-1/be6735b2-6c6e-4d20-bcbe-d9d223582945/data.parquet: Storage backend has reached its minimum free drive threshold. Please delete a few objects to proceed."
level=info ts=2026-01-07T19:04:55.353834096Z caller=flush.go:413 org_id=tenant-1 msg="retrying op in flushQueue" op=1 block=be6735b2-6c6e-4d20-bcbe-d9d223582945 backoff=2m0s
level=info ts=2026-01-07T19:05:01.062224352Z caller=flush.go:334 msg="flushing block" tenant=tenant-1 block=c6cff5d8-2b8a-4c25-9d20-ed48c1043ef5
level=error ts=2026-01-07T19:05:01.203110966Z caller=flush.go:250 org_id=tenant-1 msg="error performing op in flushQueue" op=1 block=c6cff5d8-2b8a-4c25-9d20-ed48c1043ef5 attempts=3 err="error copying block from local to remote backend: error writing object to s3 backend, object tenant-1/c6cff5d8-2b8a-4c25-9d20-ed48c1043ef5/data.parquet: Storage backend has reached its minimum free drive threshold. Please delete a few objects to proceed."
level=info ts=2026-01-07T19:05:01.203149166Z caller=flush.go:413 org_id=tenant-1 msg="retrying op in flushQueue" op=1 block=c6cff5d8-2b8a-4c25-9d20-ed48c1043ef5 backoff=2m0s
level=info ts=2026-01-07T19:05:04.184115718Z caller=flush.go:334 msg="flushing block" tenant=tenant-1 block=e9e003d9-4ce4-4f83-bbfa-c27596af8db3
level=error ts=2026-01-07T19:05:04.32593264Z caller=flush.go:250 org_id=tenant-1 msg="error performing op in flushQueue" op=1 block=e9e003d9-4ce4-4f83-bbfa-c27596af8db3 attempts=8 err="error copying block from local to remote backend: error writing object to s3 backend, object tenant-1/e9e003d9-4ce4-4f83-bbfa-c27596af8db3/data.parquet: Storage backend has reached its minimum free drive threshold. Please delete a few objects to proceed."
level=info ts=2026-01-07T19:05:04.325983466Z caller=flush.go:413 org_id=tenant-1 msg="retrying op in flushQueue" op=1 block=e9e003d9-4ce4-4f83-bbfa-c27596af8db3 backoff=2m0s
level=info ts=2026-01-07T19:06:55.354243303Z caller=flush.go:334 msg="flushing block" tenant=tenant-1 block=be6735b2-6c6e-4d20-bcbe-d9d223582945
level=error ts=2026-01-07T19:06:55.514525392Z caller=flush.go:250 org_id=tenant-1 msg="error performing op in flushQueue" op=1 block=be6735b2-6c6e-4d20-bcbe-d9d223582945 attempts=14 err="error copying block from local to remote backend: error writing object to s3 backend, object tenant-1/be6735b2-6c6e-4d20-bcbe-d9d223582945/data.parquet: Storage backend has reached its minimum free drive threshold. Please delete a few objects to proceed."
level=info ts=2026-01-07T19:06:55.514557867Z caller=flush.go:413 org_id=tenant-1 msg="retrying op in flushQueue" op=1 block=be6735b2-6c6e-4d20-bcbe-d9d223582945 backoff=2m0s
level=info ts=2026-01-07T19:07:01.203207246Z caller=flush.go:334 msg="flushing block" tenant=tenant-1 block=c6cff5d8-2b8a-4c25-9d20-ed48c1043ef5
level=error ts=2026-01-07T19:07:01.371684489Z caller=flush.go:250 org_id=tenant-1 msg="error performing op in flushQueue" op=1 block=c6cff5d8-2b8a-4c25-9d20-ed48c1043ef5 attempts=4 err="error copying block from local to remote backend: error writing object to s3 backend, object tenant-1/c6cff5d8-2b8a-4c25-9d20-ed48c1043ef5/data.parquet: Storage backend has reached its minimum free drive threshold. Please delete a few objects to proceed."
level=info ts=2026-01-07T19:07:01.371728127Z caller=flush.go:413 org_id=tenant-1 msg="retrying op in flushQueue" op=1 block=c6cff5d8-2b8a-4c25-9d20-ed48c1043ef5 backoff=2m0s
level=info ts=2026-01-07T19:07:04.326662616Z caller=flush.go:334 msg="flushing block" tenant=tenant-1 block=e9e003d9-4ce4-4f83-bbfa-c27596af8db3
level=error ts=2026-01-07T19:07:04.441358431Z caller=flush.go:250 org_id=tenant-1 msg="error performing op in flushQueue" op=1 block=e9e003d9-4ce4-4f83-bbfa-c27596af8db3 attempts=9 err="error copying block from local to remote backend: error writing object to s3 backend, object tenant-1/e9e003d9-4ce4-4f83-bbfa-c27596af8db3/data.parquet: Storage backend has reached its minimum free drive threshold. Please delete a few objects to proceed."
level=info ts=2026-01-07T19:07:04.441408234Z caller=flush.go:413 org_id=tenant-1 msg="retrying op in flushQueue" op=1 block=e9e003d9-4ce4-4f83-bbfa-c27596af8db3 backoff=2m0s
