level=warn ts=2026-01-06T13:29:24.510545391Z caller=main.go:119 msg="-- CONFIGURATION WARNINGS --"
level=warn ts=2026-01-06T13:29:24.5105825Z caller=main.go:125 msg="Inline, unscoped overrides are deprecated. Please use the new overrides config format."
level=info ts=2026-01-06T13:29:24.510706083Z caller=main.go:103 msg="Starting Tempo" version="(version=2.9.0, branch=HEAD, revision=f1b3ef152)" target=compactor
level=info msg="server listening on addresses" http=[::]:3101 grpc=[::]:37937
level=info ts=2026-01-06T13:29:24.523794141Z caller=cache.go:55 msg="caches available to storage backend" parquet-footer=false bloom=false parquet-offset-idx=false parquet-column-idx=false trace-id-index=false parquet-page=false
level=info ts=2026-01-06T13:29:24.524833011Z caller=server.go:281 msg="server listening on addresses" http=[::]:3200 grpc=[::]:9095
level=info ts=2026-01-06T13:29:24.526078776Z caller=memberlist_client.go:484 msg="Using memberlist cluster label and node name" cluster_label= node=tempo-tempostack-compactor-64c4c67db8-vrhqz-cc890ba1
level=info ts=2026-01-06T13:29:24.526661135Z caller=module_service.go:82 msg=starting module=cache-provider
level=info ts=2026-01-06T13:29:24.527018248Z caller=module_service.go:82 msg=starting module=internal-server
level=info ts=2026-01-06T13:29:24.527054989Z caller=module_service.go:82 msg=starting module=store
level=info ts=2026-01-06T13:29:24.527145409Z caller=module_service.go:82 msg=starting module=server
level=info ts=2026-01-06T13:29:24.527287584Z caller=module_service.go:82 msg=starting module=memberlist-kv
level=info ts=2026-01-06T13:29:24.527351511Z caller=module_service.go:82 msg=starting module=overrides
level=info ts=2026-01-06T13:29:24.527488258Z caller=module_service.go:82 msg=starting module=compactor
level=info ts=2026-01-06T13:29:24.527481769Z caller=memberlist_client.go:628 msg="memberlist fast-join starting" nodes_found=1 to_join=2
level=info ts=2026-01-06T13:29:24.53102422Z caller=memberlist_client.go:648 msg="memberlist fast-join finished" joined_nodes=1 elapsed_time=3.546179ms
level=info ts=2026-01-06T13:29:24.531053358Z caller=memberlist_client.go:666 phase=startup msg="joining memberlist cluster" join_members=tempo-tempostack-gossip-ring
level=info ts=2026-01-06T13:29:24.531118935Z caller=ring.go:365 msg="ring doesn't exist in KV store yet"
level=info ts=2026-01-06T13:29:24.531088798Z caller=basic_lifecycler.go:321 msg="instance not found in the ring" instance=tempo-tempostack-compactor-64c4c67db8-vrhqz ring=compactor
level=info ts=2026-01-06T13:29:24.531443549Z caller=compactor.go:125 msg="waiting until compactor is ACTIVE in the ring"
level=info ts=2026-01-06T13:29:24.533718059Z caller=memberlist_client.go:673 phase=startup msg="joining memberlist cluster succeeded" reached_nodes=1 elapsed_time=2.657633ms
level=info ts=2026-01-06T13:29:24.678015702Z caller=compactor.go:131 msg="compactor is ACTIVE in the ring"
level=info ts=2026-01-06T13:29:24.678061808Z caller=compactor.go:140 msg="waiting until compactor ring topology is stable" min_waiting=1m0s max_waiting=5m0s
level=info ts=2026-01-06T13:30:31.679176634Z caller=compactor.go:144 msg="compactor ring topology is stable"
level=info ts=2026-01-06T13:30:31.679223095Z caller=tempodb.go:638 msg="polling enabled" interval=5m0s blocklist_concurrency=50
level=info ts=2026-01-06T13:30:31.691708112Z caller=poller.go:252 msg="blocklist poll complete" seconds=0.012455789
level=info ts=2026-01-06T13:30:31.691747832Z caller=compactor.go:157 msg="enabling compaction"
level=info ts=2026-01-06T13:30:31.691757064Z caller=tempodb.go:598 msg="compaction and retention enabled."
level=info ts=2026-01-06T13:30:31.69177979Z caller=app.go:213 msg="Tempo started"
level=warn ts=2026-01-06T13:30:42.529757811Z caller=tcp_transport.go:496 component="memberlist TCPTransport" msg="WriteTo failed" addr=10.131.0.58:7946 err="dial tcp 10.131.0.58:7946: i/o timeout"
level=info ts=2026-01-06T13:35:31.720152974Z caller=poller.go:305 msg="writing tenant index" tenant=tenant-1 metas=4 compactedMetas=0
level=info ts=2026-01-06T13:35:31.731002535Z caller=poller.go:252 msg="blocklist poll complete" seconds=0.039116964
level=info ts=2026-01-06T13:36:01.699770774Z caller=compactor.go:145 msg="starting compaction cycle" tenantID=tenant-1 offset=0
level=info ts=2026-01-06T13:36:01.699809421Z caller=compactor.go:170 msg="Compacting hash" hashString=tenant-1-0-491029-0
level=info ts=2026-01-06T13:36:01.699862496Z caller=compactor.go:266 msg="compacting block" version=vParquet4 tenantID=tenant-1 blockID=45e36df8-c756-4cf2-9bdc-448f174b65d6 startTime="2026-01-06 13:31:10 +0000 UTC" endTime="2026-01-06 13:34:09 +0000 UTC" totalObjects=122242 size=518620339 compactionLevel=0 encoding=none totalRecords=122242 bloomShardCount=2 footerSize=33855 replicationFactor=0
level=info ts=2026-01-06T13:36:01.703295551Z caller=compactor.go:266 msg="compacting block" version=vParquet4 tenantID=tenant-1 blockID=ed69106a-0504-466a-8bec-4a18fe8fe20f startTime="2026-01-06 13:29:10 +0000 UTC" endTime="2026-01-06 13:32:08 +0000 UTC" totalObjects=123905 size=525694929 compactionLevel=0 encoding=none totalRecords=123905 bloomShardCount=2 footerSize=33854 replicationFactor=0
level=info ts=2026-01-06T13:36:01.705196004Z caller=compactor.go:266 msg="compacting block" version=vParquet4 tenantID=tenant-1 blockID=ce150002-9c72-432f-954a-b1f941e8a5f9 startTime="2026-01-06 13:30:10 +0000 UTC" endTime="2026-01-06 13:33:08 +0000 UTC" totalObjects=124629 size=528783364 compactionLevel=0 encoding=none totalRecords=124629 bloomShardCount=2 footerSize=33854 replicationFactor=0
level=info ts=2026-01-06T13:36:01.706825378Z caller=compactor.go:266 msg="compacting block" version=vParquet4 tenantID=tenant-1 blockID=31081209-a512-4348-9b75-e1d1c532c1ec startTime="2026-01-06 13:28:00 +0000 UTC" endTime="2026-01-06 13:31:09 +0000 UTC" totalObjects=133333 size=565830345 compactionLevel=0 encoding=none totalRecords=133333 bloomShardCount=2 footerSize=33861 replicationFactor=0
level=info ts=2026-01-06T13:36:25.744378106Z caller=compactor.go:263 msg="flushed to block" bytes=336721086 objects=79335 values=99999148
level=info ts=2026-01-06T13:36:40.841707504Z caller=compactor.go:263 msg="flushed to block" bytes=336732035 objects=79335 values=99999044
level=info ts=2026-01-06T13:36:55.75705248Z caller=compactor.go:263 msg="flushed to block" bytes=336729461 objects=79337 values=99999292
level=info ts=2026-01-06T13:37:11.63902376Z caller=compactor.go:263 msg="flushed to block" bytes=336737278 objects=79335 values=99999647
level=info ts=2026-01-06T13:37:30.290094175Z caller=compactor.go:263 msg="flushed to block" bytes=336731360 objects=79334 values=99999592
level=info ts=2026-01-06T13:37:49.179579838Z caller=compactor.go:263 msg="flushed to block" bytes=336740794 objects=79336 values=99999908
level=info ts=2026-01-06T13:37:54.142453839Z caller=compactor.go:277 msg="wrote compacted block" version=vParquet4 tenantID=tenant-1 blockID=c2416d3a-4451-4df3-b504-d9fab80e7b48 startTime="2026-01-06 13:28:00 +0000 UTC" endTime="2026-01-06 13:34:09 +0000 UTC" totalObjects=504109 size=2139696398 compactionLevel=1 encoding=none totalRecords=504109 bloomShardCount=6 footerSize=108839 replicationFactor=0 dedicatedColumns=[]
level=info ts=2026-01-06T13:37:54.162986906Z caller=compactor.go:360 msg="compaction complete" elapsed=1m52.463128618s blockID=c2416d3a-4451-4df3-b504-d9fab80e7b48
level=info ts=2026-01-06T13:37:54.163042318Z caller=compactor.go:158 msg="compaction cycle complete. No more blocks to compact" tenantID=tenant-1
level=info ts=2026-01-06T13:37:54.163065488Z caller=compactor.go:145 msg="starting compaction cycle" tenantID=tenant-1 offset=0
level=info ts=2026-01-06T13:37:54.163076599Z caller=compactor.go:158 msg="compaction cycle complete. No more blocks to compact" tenantID=tenant-1
level=info ts=2026-01-06T13:38:24.163321768Z caller=compactor.go:145 msg="starting compaction cycle" tenantID=tenant-1 offset=0
level=info ts=2026-01-06T13:38:24.16345391Z caller=compactor.go:158 msg="compaction cycle complete. No more blocks to compact" tenantID=tenant-1
level=info ts=2026-01-06T13:38:54.163571681Z caller=compactor.go:145 msg="starting compaction cycle" tenantID=tenant-1 offset=0
level=info ts=2026-01-06T13:38:54.163619501Z caller=compactor.go:158 msg="compaction cycle complete. No more blocks to compact" tenantID=tenant-1
level=info ts=2026-01-06T13:39:24.164116206Z caller=compactor.go:145 msg="starting compaction cycle" tenantID=tenant-1 offset=0
level=info ts=2026-01-06T13:39:24.164162256Z caller=compactor.go:158 msg="compaction cycle complete. No more blocks to compact" tenantID=tenant-1
level=info ts=2026-01-06T13:39:54.164978529Z caller=compactor.go:145 msg="starting compaction cycle" tenantID=tenant-1 offset=0
level=info ts=2026-01-06T13:39:54.165023093Z caller=compactor.go:158 msg="compaction cycle complete. No more blocks to compact" tenantID=tenant-1
level=info ts=2026-01-06T13:40:24.165274125Z caller=compactor.go:145 msg="starting compaction cycle" tenantID=tenant-1 offset=0
level=info ts=2026-01-06T13:40:24.165313069Z caller=compactor.go:158 msg="compaction cycle complete. No more blocks to compact" tenantID=tenant-1
level=info ts=2026-01-06T13:40:31.724235878Z caller=poller.go:305 msg="writing tenant index" tenant=tenant-1 metas=6 compactedMetas=4
level=info ts=2026-01-06T13:40:31.734972557Z caller=poller.go:252 msg="blocklist poll complete" seconds=0.04234569
level=info ts=2026-01-06T13:40:54.166103338Z caller=compactor.go:145 msg="starting compaction cycle" tenantID=tenant-1 offset=0
level=info ts=2026-01-06T13:40:54.166172793Z caller=compactor.go:170 msg="Compacting hash" hashString=tenant-1-0-491029-0
level=info ts=2026-01-06T13:40:54.166206343Z caller=compactor.go:266 msg="compacting block" version=vParquet4 tenantID=tenant-1 blockID=7841cf16-6785-4e11-87fe-bb3984076956 startTime="2026-01-06 13:36:11 +0000 UTC" endTime="2026-01-06 13:39:08 +0000 UTC" totalObjects=112942 size=479127658 compactionLevel=0 encoding=none totalRecords=112942 bloomShardCount=2 footerSize=33814 replicationFactor=0
level=info ts=2026-01-06T13:40:54.168005058Z caller=compactor.go:266 msg="compacting block" version=vParquet4 tenantID=tenant-1 blockID=43572f5b-12a9-4e06-9927-46e0a2c998c3 startTime="2026-01-06 13:35:11 +0000 UTC" endTime="2026-01-06 13:38:08 +0000 UTC" totalObjects=114742 size=486762391 compactionLevel=0 encoding=none totalRecords=114742 bloomShardCount=2 footerSize=33815 replicationFactor=0
level=info ts=2026-01-06T13:40:54.169640711Z caller=compactor.go:266 msg="compacting block" version=vParquet4 tenantID=tenant-1 blockID=3a022823-1b27-49b1-bf24-0816a9e7000f startTime="2026-01-06 13:33:10 +0000 UTC" endTime="2026-01-06 13:36:09 +0000 UTC" totalObjects=116747 size=495288487 compactionLevel=0 encoding=none totalRecords=116747 bloomShardCount=2 footerSize=33850 replicationFactor=0
level=info ts=2026-01-06T13:40:54.17120154Z caller=compactor.go:266 msg="compacting block" version=vParquet4 tenantID=tenant-1 blockID=652ac7fb-a768-41ec-a0fe-6fdeacc3a9cf startTime="2026-01-06 13:34:11 +0000 UTC" endTime="2026-01-06 13:37:09 +0000 UTC" totalObjects=119041 size=505011277 compactionLevel=0 encoding=none totalRecords=119041 bloomShardCount=2 footerSize=33853 replicationFactor=0
level=info ts=2026-01-06T13:41:21.625864687Z caller=compactor.go:263 msg="flushed to block" bytes=336718083 objects=79337 values=99999281
level=info ts=2026-01-06T13:41:37.734029948Z caller=compactor.go:263 msg="flushed to block" bytes=336738852 objects=79336 values=99999322
level=info ts=2026-01-06T13:41:53.936172636Z caller=compactor.go:263 msg="flushed to block" bytes=336736305 objects=79336 values=99999778
level=info ts=2026-01-06T13:42:11.883808922Z caller=compactor.go:263 msg="flushed to block" bytes=336733445 objects=79336 values=99999763
level=info ts=2026-01-06T13:42:29.61037322Z caller=compactor.go:263 msg="flushed to block" bytes=336739318 objects=79338 values=99999945
level=info ts=2026-01-06T13:42:43.104496986Z caller=compactor.go:277 msg="wrote compacted block" version=vParquet4 tenantID=tenant-1 blockID=92657260-f347-4871-9a95-49ef870b37dd startTime="2026-01-06 13:33:10 +0000 UTC" endTime="2026-01-06 13:39:08 +0000 UTC" totalObjects=463472 size=1967418579 compactionLevel=1 encoding=none totalRecords=463472 bloomShardCount=6 footerSize=93905 replicationFactor=0 dedicatedColumns=[]
level=info ts=2026-01-06T13:42:43.144397331Z caller=compactor.go:360 msg="compaction complete" elapsed=1m48.978195541s blockID=92657260-f347-4871-9a95-49ef870b37dd
level=info ts=2026-01-06T13:42:43.144571303Z caller=compactor.go:158 msg="compaction cycle complete. No more blocks to compact" tenantID=tenant-1
level=info ts=2026-01-06T13:42:43.144648138Z caller=compactor.go:145 msg="starting compaction cycle" tenantID=tenant-1 offset=0
level=info ts=2026-01-06T13:42:43.144707916Z caller=compactor.go:170 msg="Compacting hash" hashString=tenant-1-1-491029-0
level=info ts=2026-01-06T13:42:43.144803812Z caller=compactor.go:266 msg="compacting block" version=vParquet4 tenantID=tenant-1 blockID=92657260-f347-4871-9a95-49ef870b37dd startTime="2026-01-06 13:33:10 +0000 UTC" endTime="2026-01-06 13:39:08 +0000 UTC" totalObjects=463472 size=1967418579 compactionLevel=1 encoding=none totalRecords=463472 bloomShardCount=6 footerSize=93905 replicationFactor=0
level=info ts=2026-01-06T13:42:43.148019514Z caller=compactor.go:266 msg="compacting block" version=vParquet4 tenantID=tenant-1 blockID=c2416d3a-4451-4df3-b504-d9fab80e7b48 startTime="2026-01-06 13:28:00 +0000 UTC" endTime="2026-01-06 13:34:09 +0000 UTC" totalObjects=504109 size=2139696398 compactionLevel=1 encoding=none totalRecords=504109 bloomShardCount=6 footerSize=108839 replicationFactor=0
level=info ts=2026-01-06T13:43:07.649701994Z caller=compactor.go:263 msg="flushed to block" bytes=336696292 objects=79335 values=99998930
level=info ts=2026-01-06T13:43:25.713352883Z caller=compactor.go:263 msg="flushed to block" bytes=336724138 objects=79337 values=99999717
level=info ts=2026-01-06T13:43:43.776931461Z caller=compactor.go:263 msg="flushed to block" bytes=336718196 objects=79336 values=99998945
level=info ts=2026-01-06T13:44:01.83809044Z caller=compactor.go:263 msg="flushed to block" bytes=336718353 objects=79335 values=99999539
level=info ts=2026-01-06T13:44:20.591117964Z caller=compactor.go:263 msg="flushed to block" bytes=336723769 objects=79337 values=99999624
level=info ts=2026-01-06T13:44:40.053680989Z caller=compactor.go:263 msg="flushed to block" bytes=336725292 objects=79337 values=99999163
level=info ts=2026-01-06T13:45:02.93015914Z caller=compactor.go:263 msg="flushed to block" bytes=336723541 objects=79335 values=99999075
level=info ts=2026-01-06T13:45:22.302405857Z caller=compactor.go:263 msg="flushed to block" bytes=336711451 objects=79334 values=99999105
level=info ts=2026-01-06T13:45:31.73657881Z caller=poller.go:305 msg="writing tenant index" tenant=tenant-1 metas=7 compactedMetas=8
level=info ts=2026-01-06T13:45:31.75999714Z caller=poller.go:252 msg="blocklist poll complete" seconds=0.067539018
level=info ts=2026-01-06T13:45:45.882208305Z caller=compactor.go:263 msg="flushed to block" bytes=336721571 objects=79335 values=99998872
level=info ts=2026-01-06T13:46:09.362487663Z caller=compactor.go:263 msg="flushed to block" bytes=336719584 objects=79336 values=99998755
level=info ts=2026-01-06T13:46:28.366399282Z caller=compactor.go:263 msg="flushed to block" bytes=336725207 objects=79336 values=99999655
level=info ts=2026-01-06T13:46:46.199057897Z caller=compactor.go:263 msg="flushed to block" bytes=336720036 objects=79334 values=99998776
level=info ts=2026-01-06T13:46:49.500683042Z caller=compactor.go:277 msg="wrote compacted block" version=vParquet4 tenantID=tenant-1 blockID=0fd7cad8-4257-48bf-8ffd-81730fa3f9ad startTime="2026-01-06 13:28:00 +0000 UTC" endTime="2026-01-06 13:39:08 +0000 UTC" totalObjects=967581 size=4107135250 compactionLevel=2 encoding=none totalRecords=967581 bloomShardCount=12 footerSize=198846 replicationFactor=0 dedicatedColumns=[]
level=info ts=2026-01-06T13:46:49.513926271Z caller=compactor.go:360 msg="compaction complete" elapsed=4m6.369163513s blockID=0fd7cad8-4257-48bf-8ffd-81730fa3f9ad
level=info ts=2026-01-06T13:46:49.514195554Z caller=compactor.go:158 msg="compaction cycle complete. No more blocks to compact" tenantID=tenant-1
level=info ts=2026-01-06T13:46:49.514367296Z caller=compactor.go:145 msg="starting compaction cycle" tenantID=tenant-1 offset=0
level=info ts=2026-01-06T13:46:49.51445248Z caller=compactor.go:170 msg="Compacting hash" hashString=tenant-1-0-491029-0
level=info ts=2026-01-06T13:46:49.514529068Z caller=compactor.go:266 msg="compacting block" version=vParquet4 tenantID=tenant-1 blockID=5ffa1c9d-0a29-4bf4-8c22-413b0c9e9a43 startTime="2026-01-06 13:38:40 +0000 UTC" endTime="2026-01-06 13:41:22 +0000 UTC" totalObjects=113493 size=481455933 compactionLevel=0 encoding=none totalRecords=113493 bloomShardCount=2 footerSize=33814 replicationFactor=0
level=info ts=2026-01-06T13:46:49.518467522Z caller=compactor.go:266 msg="compacting block" version=vParquet4 tenantID=tenant-1 blockID=13d8b14d-a262-4ffd-8869-733a5ce8651a startTime="2026-01-06 13:39:24 +0000 UTC" endTime="2026-01-06 13:42:41 +0000 UTC" totalObjects=115837 size=491421782 compactionLevel=0 encoding=none totalRecords=115837 bloomShardCount=2 footerSize=33815 replicationFactor=0
level=info ts=2026-01-06T13:46:49.520412714Z caller=compactor.go:266 msg="compacting block" version=vParquet4 tenantID=tenant-1 blockID=35f5638a-e50d-4620-9d02-426e7e4311f2 startTime="2026-01-06 13:32:11 +0000 UTC" endTime="2026-01-06 13:35:08 +0000 UTC" totalObjects=123447 size=523751324 compactionLevel=0 encoding=none totalRecords=123447 bloomShardCount=2 footerSize=33855 replicationFactor=0
level=info ts=2026-01-06T13:46:49.522392177Z caller=compactor.go:266 msg="compacting block" version=vParquet4 tenantID=tenant-1 blockID=47dc163f-118a-46db-9f04-25030ce09cb0 startTime="2026-01-06 13:37:11 +0000 UTC" endTime="2026-01-06 13:40:37 +0000 UTC" totalObjects=125299 size=531624400 compactionLevel=0 encoding=none totalRecords=125299 bloomShardCount=2 footerSize=33855 replicationFactor=0
level=info ts=2026-01-06T13:47:24.03268784Z caller=compactor.go:263 msg="flushed to block" bytes=336729545 objects=79336 values=99999554
level=info ts=2026-01-06T13:47:41.951273024Z caller=compactor.go:263 msg="flushed to block" bytes=336727166 objects=79333 values=99998915
level=info ts=2026-01-06T13:47:59.913798829Z caller=compactor.go:263 msg="flushed to block" bytes=336733505 objects=79337 values=99999308
level=info ts=2026-01-06T13:48:29.924649343Z caller=compactor.go:263 msg="flushed to block" bytes=336737233 objects=79337 values=99999834
level=info ts=2026-01-06T13:48:59.926671004Z caller=compactor.go:263 msg="flushed to block" bytes=336740437 objects=79335 values=99999715
level=info ts=2026-01-06T13:49:16.844044708Z caller=compactor.go:263 msg="flushed to block" bytes=336729514 objects=79335 values=99999736
level=info ts=2026-01-06T13:49:17.410874338Z caller=compactor.go:277 msg="wrote compacted block" version=vParquet4 tenantID=tenant-1 blockID=7de104c0-c180-4970-bd9f-9cd3666fe1b7 startTime="2026-01-06 13:32:11 +0000 UTC" endTime="2026-01-06 13:42:41 +0000 UTC" totalObjects=478076 size=2029487380 compactionLevel=1 encoding=none totalRecords=478076 bloomShardCount=6 footerSize=108540 replicationFactor=0 dedicatedColumns=[]
level=info ts=2026-01-06T13:49:17.460395777Z caller=compactor.go:360 msg="compaction complete" elapsed=2m27.945874655s blockID=7de104c0-c180-4970-bd9f-9cd3666fe1b7
level=info ts=2026-01-06T13:49:17.460450385Z caller=compactor.go:158 msg="compaction cycle complete. No more blocks to compact" tenantID=tenant-1
level=info ts=2026-01-06T13:49:17.460474618Z caller=compactor.go:145 msg="starting compaction cycle" tenantID=tenant-1 offset=0
level=info ts=2026-01-06T13:49:17.460481311Z caller=compactor.go:158 msg="compaction cycle complete. No more blocks to compact" tenantID=tenant-1
level=info ts=2026-01-06T13:49:47.461123417Z caller=compactor.go:145 msg="starting compaction cycle" tenantID=tenant-1 offset=0
level=info ts=2026-01-06T13:49:47.461158123Z caller=compactor.go:158 msg="compaction cycle complete. No more blocks to compact" tenantID=tenant-1
level=info ts=2026-01-06T13:50:17.46118649Z caller=compactor.go:145 msg="starting compaction cycle" tenantID=tenant-1 offset=0
level=info ts=2026-01-06T13:50:17.46122093Z caller=compactor.go:158 msg="compaction cycle complete. No more blocks to compact" tenantID=tenant-1
level=info ts=2026-01-06T13:50:31.744436074Z caller=poller.go:305 msg="writing tenant index" tenant=tenant-1 metas=7 compactedMetas=14
level=info ts=2026-01-06T13:50:31.763005233Z caller=poller.go:252 msg="blocklist poll complete" seconds=0.071184744
level=info ts=2026-01-06T13:50:47.461779631Z caller=compactor.go:145 msg="starting compaction cycle" tenantID=tenant-1 offset=0
level=info ts=2026-01-06T13:50:47.461839363Z caller=compactor.go:170 msg="Compacting hash" hashString=tenant-1-0-491029-0
level=info ts=2026-01-06T13:50:47.461870041Z caller=compactor.go:266 msg="compacting block" version=vParquet4 tenantID=tenant-1 blockID=d5abf7af-9e77-40c3-8fb3-27d7163616ca startTime="2026-01-06 13:42:05 +0000 UTC" endTime="2026-01-06 13:45:12 +0000 UTC" totalObjects=113464 size=481341617 compactionLevel=0 encoding=none totalRecords=113464 bloomShardCount=2 footerSize=33814 replicationFactor=0
level=info ts=2026-01-06T13:50:47.464630544Z caller=compactor.go:266 msg="compacting block" version=vParquet4 tenantID=tenant-1 blockID=43715b45-e1b9-4ef1-a28b-2e2f6a516c60 startTime="2026-01-06 13:46:02 +0000 UTC" endTime="2026-01-06 13:49:07 +0000 UTC" totalObjects=113800 size=482764005 compactionLevel=0 encoding=none totalRecords=113800 bloomShardCount=2 footerSize=33814 replicationFactor=0
level=info ts=2026-01-06T13:50:47.467483092Z caller=compactor.go:266 msg="compacting block" version=vParquet4 tenantID=tenant-1 blockID=b3c0ac93-25c3-4126-9291-c74de03eefaf startTime="2026-01-06 13:43:14 +0000 UTC" endTime="2026-01-06 13:46:49 +0000 UTC" totalObjects=117680 size=499236439 compactionLevel=0 encoding=none totalRecords=117680 bloomShardCount=2 footerSize=33850 replicationFactor=0
level=info ts=2026-01-06T13:50:47.469909668Z caller=compactor.go:266 msg="compacting block" version=vParquet4 tenantID=tenant-1 blockID=cd5cf33a-4994-4b83-a736-af8ba32e05ae startTime="2026-01-06 13:40:45 +0000 UTC" endTime="2026-01-06 13:44:03 +0000 UTC" totalObjects=126297 size=535878536 compactionLevel=0 encoding=none totalRecords=126297 bloomShardCount=2 footerSize=33856 replicationFactor=0
level=info ts=2026-01-06T13:51:46.890665885Z caller=compactor.go:263 msg="flushed to block" bytes=336723842 objects=79336 values=99999485
level=info ts=2026-01-06T13:52:04.217436015Z caller=compactor.go:263 msg="flushed to block" bytes=336730793 objects=79335 values=99999050
level=info ts=2026-01-06T13:52:21.170505535Z caller=compactor.go:263 msg="flushed to block" bytes=336740403 objects=79337 values=99999454
level=info ts=2026-01-06T13:52:46.604845064Z caller=compactor.go:263 msg="flushed to block" bytes=336734250 objects=79336 values=99999820
level=info ts=2026-01-06T13:53:16.786750398Z caller=compactor.go:263 msg="flushed to block" bytes=336731838 objects=79335 values=99999293
level=info ts=2026-01-06T13:53:32.845380763Z caller=compactor.go:277 msg="wrote compacted block" version=vParquet4 tenantID=tenant-1 blockID=aae8addc-22d6-4d30-b67b-2dae68450168 startTime="2026-01-06 13:40:45 +0000 UTC" endTime="2026-01-06 13:49:07 +0000 UTC" totalObjects=471241 size=2000480210 compactionLevel=1 encoding=none totalRecords=471241 bloomShardCount=6 footerSize=93941 replicationFactor=0 dedicatedColumns=[]
level=info ts=2026-01-06T13:53:32.883573419Z caller=compactor.go:360 msg="compaction complete" elapsed=2m45.42170983s blockID=aae8addc-22d6-4d30-b67b-2dae68450168
level=info ts=2026-01-06T13:53:32.883639722Z caller=compactor.go:158 msg="compaction cycle complete. No more blocks to compact" tenantID=tenant-1
level=info ts=2026-01-06T13:53:32.883671802Z caller=compactor.go:145 msg="starting compaction cycle" tenantID=tenant-1 offset=0
level=info ts=2026-01-06T13:53:32.883692544Z caller=compactor.go:170 msg="Compacting hash" hashString=tenant-1-1-491029-0
level=info ts=2026-01-06T13:53:32.883715321Z caller=compactor.go:266 msg="compacting block" version=vParquet4 tenantID=tenant-1 blockID=aae8addc-22d6-4d30-b67b-2dae68450168 startTime="2026-01-06 13:40:45 +0000 UTC" endTime="2026-01-06 13:49:07 +0000 UTC" totalObjects=471241 size=2000480210 compactionLevel=1 encoding=none totalRecords=471241 bloomShardCount=6 footerSize=93941 replicationFactor=0
level=info ts=2026-01-06T13:53:32.886176532Z caller=compactor.go:266 msg="compacting block" version=vParquet4 tenantID=tenant-1 blockID=7de104c0-c180-4970-bd9f-9cd3666fe1b7 startTime="2026-01-06 13:32:11 +0000 UTC" endTime="2026-01-06 13:42:41 +0000 UTC" totalObjects=478076 size=2029487380 compactionLevel=1 encoding=none totalRecords=478076 bloomShardCount=6 footerSize=108540 replicationFactor=0
level=info ts=2026-01-06T13:54:18.644829984Z caller=compactor.go:263 msg="flushed to block" bytes=336699754 objects=79335 values=99998928
level=info ts=2026-01-06T13:54:43.426817117Z caller=compactor.go:263 msg="flushed to block" bytes=336740094 objects=79337 values=99999882
level=info ts=2026-01-06T13:55:07.225743007Z caller=compactor.go:263 msg="flushed to block" bytes=336719315 objects=79334 values=99999753
level=info ts=2026-01-06T13:55:31.536715339Z caller=compactor.go:263 msg="flushed to block" bytes=336722083 objects=79335 values=99999777
level=info ts=2026-01-06T13:55:31.731918552Z caller=poller.go:305 msg="writing tenant index" tenant=tenant-1 metas=8 compactedMetas=18
level=info ts=2026-01-06T13:55:31.752439843Z caller=poller.go:252 msg="blocklist poll complete" seconds=0.060562232
level=info ts=2026-01-06T13:55:55.90740525Z caller=compactor.go:263 msg="flushed to block" bytes=336723539 objects=79337 values=99999671
level=info ts=2026-01-06T13:56:15.457544329Z caller=compactor.go:263 msg="flushed to block" bytes=336724575 objects=79337 values=99999202
level=info ts=2026-01-06T13:56:36.660296707Z caller=compactor.go:263 msg="flushed to block" bytes=336729178 objects=79338 values=99999570
level=info ts=2026-01-06T13:57:00.970997708Z caller=compactor.go:263 msg="flushed to block" bytes=336715505 objects=79335 values=99999541
level=info ts=2026-01-06T13:57:23.484930595Z caller=compactor.go:263 msg="flushed to block" bytes=336721014 objects=79334 values=99998925
level=info ts=2026-01-06T13:57:51.270537277Z caller=compactor.go:263 msg="flushed to block" bytes=336726215 objects=79336 values=99999840
level=info ts=2026-01-06T13:58:14.082245778Z caller=compactor.go:263 msg="flushed to block" bytes=336729326 objects=79335 values=99999374
level=info ts=2026-01-06T13:58:32.230407976Z caller=compactor.go:277 msg="wrote compacted block" version=vParquet4 tenantID=tenant-1 blockID=2302dc5d-9b4a-4f31-a863-7e520ca0514b startTime="2026-01-06 13:32:11 +0000 UTC" endTime="2026-01-06 13:49:07 +0000 UTC" totalObjects=949317 size=4029942772 compactionLevel=2 encoding=none totalRecords=949317 bloomShardCount=12 footerSize=183989 replicationFactor=0 dedicatedColumns=[]
level=info ts=2026-01-06T13:58:32.251578448Z caller=compactor.go:360 msg="compaction complete" elapsed=4m59.367866881s blockID=2302dc5d-9b4a-4f31-a863-7e520ca0514b
level=info ts=2026-01-06T13:58:32.25164466Z caller=compactor.go:158 msg="compaction cycle complete. No more blocks to compact" tenantID=tenant-1
level=info ts=2026-01-06T13:58:32.251683574Z caller=compactor.go:145 msg="starting compaction cycle" tenantID=tenant-1 offset=0
level=info ts=2026-01-06T13:58:32.251709929Z caller=compactor.go:170 msg="Compacting hash" hashString=tenant-1-0-491029-0
level=info ts=2026-01-06T13:58:32.251746436Z caller=compactor.go:266 msg="compacting block" version=vParquet4 tenantID=tenant-1 blockID=a5cd9032-9891-4ed0-8f08-90741dda2d5d startTime="2026-01-06 13:47:11 +0000 UTC" endTime="2026-01-06 13:50:16 +0000 UTC" totalObjects=125344 size=531827892 compactionLevel=0 encoding=none totalRecords=125344 bloomShardCount=2 footerSize=33854 replicationFactor=0
level=info ts=2026-01-06T13:58:32.256055186Z caller=compactor.go:266 msg="compacting block" version=vParquet4 tenantID=tenant-1 blockID=0d802303-910d-4d90-a122-9e884183b266 startTime="2026-01-06 13:44:51 +0000 UTC" endTime="2026-01-06 13:47:58 +0000 UTC" totalObjects=127653 size=541633751 compactionLevel=0 encoding=none totalRecords=127653 bloomShardCount=2 footerSize=33856 replicationFactor=0
level=info ts=2026-01-06T13:58:32.260430684Z caller=compactor.go:266 msg="compacting block" version=vParquet4 tenantID=tenant-1 blockID=38197ee0-1e50-4242-9287-f4ef2fd61658 startTime="2026-01-06 13:49:31 +0000 UTC" endTime="2026-01-06 13:52:35 +0000 UTC" totalObjects=129003 size=547384905 compactionLevel=0 encoding=none totalRecords=129003 bloomShardCount=2 footerSize=33857 replicationFactor=0
level=info ts=2026-01-06T13:58:32.264402233Z caller=compactor.go:266 msg="compacting block" version=vParquet4 tenantID=tenant-1 blockID=48aacacf-1907-4728-832c-c6d64fbff782 startTime="2026-01-06 13:48:20 +0000 UTC" endTime="2026-01-06 13:51:25 +0000 UTC" totalObjects=129704 size=550373915 compactionLevel=0 encoding=none totalRecords=129704 bloomShardCount=2 footerSize=33856 replicationFactor=0
level=info ts=2026-01-06T13:59:17.32410351Z caller=compactor.go:263 msg="flushed to block" bytes=336725038 objects=79336 values=99999233
level=info ts=2026-01-06T13:59:34.250249306Z caller=compactor.go:263 msg="flushed to block" bytes=336729467 objects=79336 values=99999073
level=info ts=2026-01-06T13:59:51.139160941Z caller=compactor.go:263 msg="flushed to block" bytes=336739727 objects=79338 values=99998841
level=info ts=2026-01-06T14:00:15.284737861Z caller=compactor.go:263 msg="flushed to block" bytes=336733682 objects=79336 values=99999529
level=info ts=2026-01-06T14:00:31.745694598Z caller=poller.go:305 msg="writing tenant index" tenant=tenant-1 metas=13 compactedMetas=20
level=info ts=2026-01-06T14:00:31.758810232Z caller=poller.go:252 msg="blocklist poll complete" seconds=0.066901479
level=info ts=2026-01-06T14:00:41.516328497Z caller=compactor.go:263 msg="flushed to block" bytes=336744170 objects=79337 values=99999450
level=info ts=2026-01-06T14:00:58.163420841Z caller=compactor.go:263 msg="flushed to block" bytes=336736730 objects=79338 values=99998846
level=info ts=2026-01-06T14:01:05.345232083Z caller=compactor.go:277 msg="wrote compacted block" version=vParquet4 tenantID=tenant-1 blockID=7dde2da5-6cb0-4f7c-925e-b449266d2c4e startTime="2026-01-06 13:44:51 +0000 UTC" endTime="2026-01-06 13:52:35 +0000 UTC" totalObjects=511704 size=2171922752 compactionLevel=1 encoding=none totalRecords=511704 bloomShardCount=6 footerSize=108853 replicationFactor=0 dedicatedColumns=[]
level=info ts=2026-01-06T14:01:05.366528513Z caller=compactor.go:360 msg="compaction complete" elapsed=2m33.114781399s blockID=7dde2da5-6cb0-4f7c-925e-b449266d2c4e
level=info ts=2026-01-06T14:01:05.36660356Z caller=compactor.go:170 msg="Compacting hash" hashString=tenant-1-2-491029-0
level=info ts=2026-01-06T14:01:05.366630136Z caller=compactor.go:266 msg="compacting block" version=vParquet4 tenantID=tenant-1 blockID=2302dc5d-9b4a-4f31-a863-7e520ca0514b startTime="2026-01-06 13:32:11 +0000 UTC" endTime="2026-01-06 13:49:07 +0000 UTC" totalObjects=949317 size=4029942772 compactionLevel=2 encoding=none totalRecords=949317 bloomShardCount=12 footerSize=183989 replicationFactor=0
level=info ts=2026-01-06T14:01:05.368158448Z caller=compactor.go:266 msg="compacting block" version=vParquet4 tenantID=tenant-1 blockID=0fd7cad8-4257-48bf-8ffd-81730fa3f9ad startTime="2026-01-06 13:28:00 +0000 UTC" endTime="2026-01-06 13:39:08 +0000 UTC" totalObjects=967581 size=4107135250 compactionLevel=2 encoding=none totalRecords=967581 bloomShardCount=12 footerSize=198846 replicationFactor=0
level=info ts=2026-01-06T14:01:39.303317075Z caller=compactor.go:263 msg="flushed to block" bytes=336686335 objects=79335 values=99999012
level=info ts=2026-01-06T14:02:04.431959255Z caller=compactor.go:263 msg="flushed to block" bytes=336698076 objects=79336 values=99999469
level=info ts=2026-01-06T14:02:26.88952222Z caller=compactor.go:263 msg="flushed to block" bytes=336700650 objects=79335 values=99999865
level=info ts=2026-01-06T14:02:52.783696884Z caller=compactor.go:263 msg="flushed to block" bytes=336717819 objects=79338 values=99999566
level=info ts=2026-01-06T14:03:17.79192605Z caller=compactor.go:263 msg="flushed to block" bytes=336720246 objects=79338 values=99999755
level=info ts=2026-01-06T14:03:42.557373131Z caller=compactor.go:263 msg="flushed to block" bytes=336704079 objects=79333 values=99999586
level=info ts=2026-01-06T14:04:07.361387023Z caller=compactor.go:263 msg="flushed to block" bytes=336704839 objects=79335 values=99998797
level=info ts=2026-01-06T14:04:35.254638807Z caller=compactor.go:263 msg="flushed to block" bytes=336711031 objects=79334 values=99998980
level=info ts=2026-01-06T14:04:58.550472719Z caller=compactor.go:263 msg="flushed to block" bytes=336710993 objects=79337 values=99999259
level=info ts=2026-01-06T14:05:22.584768003Z caller=compactor.go:263 msg="flushed to block" bytes=336716447 objects=79337 values=99999685
level=info ts=2026-01-06T14:05:31.729460142Z caller=poller.go:305 msg="writing tenant index" tenant=tenant-1 metas=14 compactedMetas=24
level=info ts=2026-01-06T14:05:31.874361747Z caller=poller.go:252 msg="blocklist poll complete" seconds=0.18253496
level=info ts=2026-01-06T14:05:50.276495335Z caller=compactor.go:263 msg="flushed to block" bytes=336713461 objects=79336 values=99999001
level=info ts=2026-01-06T14:06:14.895890964Z caller=compactor.go:263 msg="flushed to block" bytes=336714147 objects=79337 values=99999967
level=info ts=2026-01-06T14:06:38.137810265Z caller=compactor.go:263 msg="flushed to block" bytes=336716662 objects=79339 values=99999732
level=info ts=2026-01-06T14:07:03.169350358Z caller=compactor.go:263 msg="flushed to block" bytes=336707355 objects=79335 values=99999426
level=info ts=2026-01-06T14:07:29.360052638Z caller=compactor.go:263 msg="flushed to block" bytes=336704333 objects=79335 values=99999076
level=info ts=2026-01-06T14:07:51.996051646Z caller=compactor.go:263 msg="flushed to block" bytes=336703030 objects=79334 values=99999784
level=info ts=2026-01-06T14:08:18.068180123Z caller=compactor.go:263 msg="flushed to block" bytes=336704345 objects=79333 values=99998913
level=info ts=2026-01-06T14:08:41.056781027Z caller=compactor.go:263 msg="flushed to block" bytes=336716791 objects=79337 values=99999275
level=info ts=2026-01-06T14:09:08.935410929Z caller=compactor.go:263 msg="flushed to block" bytes=336708085 objects=79336 values=99999794
level=info ts=2026-01-06T14:09:35.934645835Z caller=compactor.go:263 msg="flushed to block" bytes=336710287 objects=79336 values=99999943
level=info ts=2026-01-06T14:10:02.019853585Z caller=compactor.go:263 msg="flushed to block" bytes=336718127 objects=79336 values=99999893
level=info ts=2026-01-06T14:10:26.763777658Z caller=compactor.go:263 msg="flushed to block" bytes=336712744 objects=79336 values=99999353
level=info ts=2026-01-06T14:10:31.749902633Z caller=poller.go:305 msg="writing tenant index" tenant=tenant-1 metas=19 compactedMetas=24
level=info ts=2026-01-06T14:10:31.77672236Z caller=poller.go:252 msg="blocklist poll complete" seconds=0.084270056
level=info ts=2026-01-06T14:10:50.952593856Z caller=compactor.go:263 msg="flushed to block" bytes=336713190 objects=79335 values=99999557
level=info ts=2026-01-06T14:11:09.05042936Z caller=compactor.go:263 msg="flushed to block" bytes=336706428 objects=79333 values=99998758
level=info ts=2026-01-06T14:11:12.293021088Z caller=compactor.go:277 msg="wrote compacted block" version=vParquet4 tenantID=tenant-1 blockID=25289664-4df4-4c77-b20c-f2aeaa720ebd startTime="2026-01-06 13:28:00 +0000 UTC" endTime="2026-01-06 13:49:07 +0000 UTC" totalObjects=1916898 size=8136846190 compactionLevel=3 encoding=none totalRecords=1916898 bloomShardCount=23 footerSize=378920 replicationFactor=0 dedicatedColumns=[]
level=info ts=2026-01-06T14:11:12.344293151Z caller=compactor.go:360 msg="compaction complete" elapsed=10m6.977666074s blockID=25289664-4df4-4c77-b20c-f2aeaa720ebd
level=info ts=2026-01-06T14:11:12.344342632Z caller=compactor.go:184 msg="compacted blocks for a maintenance cycle, bailing out" tenantID=tenant-1
level=info ts=2026-01-06T14:11:12.344389851Z caller=compactor.go:145 msg="starting compaction cycle" tenantID=tenant-1 offset=0
level=info ts=2026-01-06T14:11:12.344407545Z caller=compactor.go:170 msg="Compacting hash" hashString=tenant-1-0-491030-0
level=info ts=2026-01-06T14:11:12.344428535Z caller=compactor.go:266 msg="compacting block" version=vParquet4 tenantID=tenant-1 blockID=ca2e22cb-cbd5-4c49-a94b-0cb570e5fb52 startTime="2026-01-06 14:04:00 +0000 UTC" endTime="2026-01-06 14:06:54 +0000 UTC" totalObjects=113055 size=479606516 compactionLevel=0 encoding=none totalRecords=113055 bloomShardCount=2 footerSize=33813 replicationFactor=0
level=info ts=2026-01-06T14:11:12.348108677Z caller=compactor.go:266 msg="compacting block" version=vParquet4 tenantID=tenant-1 blockID=3f0d6cde-aa06-4f69-a933-8e56370a0bea startTime="2026-01-06 13:59:01 +0000 UTC" endTime="2026-01-06 14:01:54 +0000 UTC" totalObjects=114598 size=486163618 compactionLevel=0 encoding=none totalRecords=114598 bloomShardCount=2 footerSize=33813 replicationFactor=0
level=info ts=2026-01-06T14:11:12.351801381Z caller=compactor.go:266 msg="compacting block" version=vParquet4 tenantID=tenant-1 blockID=e69c1a27-182d-4196-b63c-e58b7cff607c startTime="2026-01-06 13:58:00 +0000 UTC" endTime="2026-01-06 14:00:54 +0000 UTC" totalObjects=114886 size=487386777 compactionLevel=0 encoding=none totalRecords=114886 bloomShardCount=2 footerSize=33815 replicationFactor=0
level=info ts=2026-01-06T14:11:12.35555515Z caller=compactor.go:266 msg="compacting block" version=vParquet4 tenantID=tenant-1 blockID=2ae4af2e-1761-4508-847d-d6929b738b66 startTime="2026-01-06 14:00:00 +0000 UTC" endTime="2026-01-06 14:02:54 +0000 UTC" totalObjects=116606 size=494673818 compactionLevel=0 encoding=none totalRecords=116606 bloomShardCount=2 footerSize=33850 replicationFactor=0
level=info ts=2026-01-06T14:12:03.86329301Z caller=compactor.go:263 msg="flushed to block" bytes=336733596 objects=79337 values=99999805
level=info ts=2026-01-06T14:12:21.079696395Z caller=compactor.go:263 msg="flushed to block" bytes=336741882 objects=79334 values=99999822
level=info ts=2026-01-06T14:12:37.36069317Z caller=compactor.go:263 msg="flushed to block" bytes=336738177 objects=79338 values=99999203
level=info ts=2026-01-06T14:13:00.489217673Z caller=compactor.go:263 msg="flushed to block" bytes=336732715 objects=79333 values=99998818
level=info ts=2026-01-06T14:13:26.270248131Z caller=compactor.go:263 msg="flushed to block" bytes=336727492 objects=79336 values=99998740
level=info ts=2026-01-06T14:13:38.984992576Z caller=compactor.go:277 msg="wrote compacted block" version=vParquet4 tenantID=tenant-1 blockID=81738df9-9dd9-41cb-8613-94631cf89775 startTime="2026-01-06 13:58:00 +0000 UTC" endTime="2026-01-06 14:06:54 +0000 UTC" totalObjects=459145 size=1949031067 compactionLevel=1 encoding=none totalRecords=459145 bloomShardCount=6 footerSize=93898 replicationFactor=0 dedicatedColumns=[]
level=info ts=2026-01-06T14:13:39.021117623Z caller=compactor.go:360 msg="compaction complete" elapsed=2m26.676694152s blockID=81738df9-9dd9-41cb-8613-94631cf89775
level=info ts=2026-01-06T14:13:39.021182471Z caller=compactor.go:170 msg="Compacting hash" hashString=tenant-1-0-491030-0
level=info ts=2026-01-06T14:13:39.021203987Z caller=compactor.go:266 msg="compacting block" version=vParquet4 tenantID=tenant-1 blockID=a0aa7d89-985d-4bf9-9404-55e9faae72c0 startTime="2026-01-06 14:02:00 +0000 UTC" endTime="2026-01-06 14:04:54 +0000 UTC" totalObjects=116676 size=494985841 compactionLevel=0 encoding=none totalRecords=116676 bloomShardCount=2 footerSize=33849 replicationFactor=0
level=info ts=2026-01-06T14:13:39.023323681Z caller=compactor.go:266 msg="compacting block" version=vParquet4 tenantID=tenant-1 blockID=6cd295f3-b07f-42e4-9355-1d09275d676d startTime="2026-01-06 14:05:00 +0000 UTC" endTime="2026-01-06 14:07:53 +0000 UTC" totalObjects=117011 size=496398602 compactionLevel=0 encoding=none totalRecords=117011 bloomShardCount=2 footerSize=33850 replicationFactor=0
level=info ts=2026-01-06T14:13:39.025730824Z caller=compactor.go:266 msg="compacting block" version=vParquet4 tenantID=tenant-1 blockID=2a73c391-21cf-4ed2-a4de-ca9fad244f84 startTime="2026-01-06 14:06:00 +0000 UTC" endTime="2026-01-06 14:08:54 +0000 UTC" totalObjects=117301 size=497622597 compactionLevel=0 encoding=none totalRecords=117301 bloomShardCount=2 footerSize=33850 replicationFactor=0
level=info ts=2026-01-06T14:13:39.02759146Z caller=compactor.go:266 msg="compacting block" version=vParquet4 tenantID=tenant-1 blockID=c91b27cc-887b-4732-88ee-c59a8adfb38e startTime="2026-01-06 14:01:01 +0000 UTC" endTime="2026-01-06 14:03:54 +0000 UTC" totalObjects=117448 size=498253285 compactionLevel=0 encoding=none totalRecords=117448 bloomShardCount=2 footerSize=33850 replicationFactor=0
level=info ts=2026-01-06T14:14:29.512597902Z caller=compactor.go:263 msg="flushed to block" bytes=336733179 objects=79338 values=99999551
level=info ts=2026-01-06T14:14:47.445683613Z caller=compactor.go:263 msg="flushed to block" bytes=336732811 objects=79335 values=99999378
level=info ts=2026-01-06T14:15:03.899228093Z caller=compactor.go:263 msg="flushed to block" bytes=336730127 objects=79335 values=99999858
level=info ts=2026-01-06T14:15:31.771437858Z caller=poller.go:305 msg="writing tenant index" tenant=tenant-1 metas=20 compactedMetas=30
level=info ts=2026-01-06T14:15:32.582944617Z caller=poller.go:252 msg="blocklist poll complete" seconds=0.890554858
level=info ts=2026-01-06T14:15:34.355898638Z caller=compactor.go:263 msg="flushed to block" bytes=336730909 objects=79334 values=99999021
level=info ts=2026-01-06T14:15:59.260002433Z caller=compactor.go:263 msg="flushed to block" bytes=336738494 objects=79337 values=99999926
level=info ts=2026-01-06T14:16:14.434601644Z caller=compactor.go:277 msg="wrote compacted block" version=vParquet4 tenantID=tenant-1 blockID=aa2f6b76-e791-4205-b224-2def500c5074 startTime="2026-01-06 14:01:01 +0000 UTC" endTime="2026-01-06 14:08:54 +0000 UTC" totalObjects=468436 size=1988566389 compactionLevel=1 encoding=none totalRecords=468436 bloomShardCount=6 footerSize=93905 replicationFactor=0 dedicatedColumns=[]
level=info ts=2026-01-06T14:16:14.472927384Z caller=compactor.go:360 msg="compaction complete" elapsed=2m35.451724933s blockID=aa2f6b76-e791-4205-b224-2def500c5074
level=info ts=2026-01-06T14:16:14.473002922Z caller=compactor.go:184 msg="compacted blocks for a maintenance cycle, bailing out" tenantID=tenant-1
level=info ts=2026-01-06T14:16:14.473071072Z caller=compactor.go:145 msg="starting compaction cycle" tenantID=tenant-1 offset=0
level=info ts=2026-01-06T14:16:14.473096978Z caller=compactor.go:170 msg="Compacting hash" hashString=tenant-1-0-491030-0
level=info ts=2026-01-06T14:16:14.47312652Z caller=compactor.go:266 msg="compacting block" version=vParquet4 tenantID=tenant-1 blockID=d580ae49-1b36-45c1-83c2-455ed8f62267 startTime="2026-01-06 14:11:00 +0000 UTC" endTime="2026-01-06 14:13:53 +0000 UTC" totalObjects=113829 size=482889404 compactionLevel=0 encoding=none totalRecords=113829 bloomShardCount=2 footerSize=33814 replicationFactor=0
level=info ts=2026-01-06T14:16:14.475756315Z caller=compactor.go:266 msg="compacting block" version=vParquet4 tenantID=tenant-1 blockID=958dcdd8-9a46-4347-9688-8f4bcc46e3fa startTime="2026-01-06 14:07:00 +0000 UTC" endTime="2026-01-06 14:09:54 +0000 UTC" totalObjects=117108 size=496805132 compactionLevel=0 encoding=none totalRecords=117108 bloomShardCount=2 footerSize=33850 replicationFactor=0
level=info ts=2026-01-06T14:16:14.47790072Z caller=compactor.go:266 msg="compacting block" version=vParquet4 tenantID=tenant-1 blockID=52fd100e-e37a-4864-8e84-0743e87ae83a startTime="2026-01-06 14:09:01 +0000 UTC" endTime="2026-01-06 14:11:54 +0000 UTC" totalObjects=117407 size=498090545 compactionLevel=0 encoding=none totalRecords=117407 bloomShardCount=2 footerSize=33850 replicationFactor=0
level=info ts=2026-01-06T14:16:14.479489577Z caller=compactor.go:266 msg="compacting block" version=vParquet4 tenantID=tenant-1 blockID=a1bd90b9-3575-4480-aab6-f6a03c9bb7b0 startTime="2026-01-06 14:03:00 +0000 UTC" endTime="2026-01-06 14:05:54 +0000 UTC" totalObjects=117526 size=498591911 compactionLevel=0 encoding=none totalRecords=117526 bloomShardCount=2 footerSize=33850 replicationFactor=0
level=info ts=2026-01-06T14:17:05.71639219Z caller=compactor.go:263 msg="flushed to block" bytes=336733011 objects=79337 values=99999856
level=info ts=2026-01-06T14:17:23.467345798Z caller=compactor.go:263 msg="flushed to block" bytes=336741675 objects=79338 values=99998915
level=info ts=2026-01-06T14:17:40.420032137Z caller=compactor.go:263 msg="flushed to block" bytes=336722178 objects=79333 values=99999460
level=info ts=2026-01-06T14:18:08.407704563Z caller=compactor.go:263 msg="flushed to block" bytes=336738443 objects=79337 values=99999546
level=info ts=2026-01-06T14:18:30.711408389Z caller=compactor.go:263 msg="flushed to block" bytes=336736202 objects=79335 values=99999043
level=info ts=2026-01-06T14:18:45.995783342Z caller=compactor.go:277 msg="wrote compacted block" version=vParquet4 tenantID=tenant-1 blockID=869b1001-f93f-4526-ace1-b2b9789d866c startTime="2026-01-06 14:03:00 +0000 UTC" endTime="2026-01-06 14:13:53 +0000 UTC" totalObjects=465870 size=1977635394 compactionLevel=1 encoding=none totalRecords=465870 bloomShardCount=6 footerSize=93905 replicationFactor=0 dedicatedColumns=[]
level=info ts=2026-01-06T14:18:46.050718229Z caller=compactor.go:360 msg="compaction complete" elapsed=2m31.577595924s blockID=869b1001-f93f-4526-ace1-b2b9789d866c
level=info ts=2026-01-06T14:18:46.050782392Z caller=compactor.go:170 msg="Compacting hash" hashString=tenant-1-0-491030-0
level=info ts=2026-01-06T14:18:46.050806712Z caller=compactor.go:266 msg="compacting block" version=vParquet4 tenantID=tenant-1 blockID=39729e11-84e6-4551-bd40-fea5cce87516 startTime="2026-01-06 14:10:00 +0000 UTC" endTime="2026-01-06 14:12:54 +0000 UTC" totalObjects=118172 size=501324103 compactionLevel=0 encoding=none totalRecords=118172 bloomShardCount=2 footerSize=33850 replicationFactor=0
level=info ts=2026-01-06T14:18:46.054284486Z caller=compactor.go:266 msg="compacting block" version=vParquet4 tenantID=tenant-1 blockID=bd6844f0-c392-48e0-862b-7d5ade52bb33 startTime="2026-01-06 14:08:00 +0000 UTC" endTime="2026-01-06 14:10:54 +0000 UTC" totalObjects=118560 size=502979321 compactionLevel=0 encoding=none totalRecords=118560 bloomShardCount=2 footerSize=33850 replicationFactor=0
level=info ts=2026-01-06T14:19:25.457597708Z caller=compactor.go:263 msg="flushed to block" bytes=336744034 objects=79335 values=99999367
level=info ts=2026-01-06T14:19:44.02905122Z caller=compactor.go:263 msg="flushed to block" bytes=336745221 objects=79338 values=99999528
level=info ts=2026-01-06T14:20:01.901724177Z caller=compactor.go:277 msg="wrote compacted block" version=vParquet4 tenantID=tenant-1 blockID=caac0d1a-32a2-4123-81bb-abdcbd8bcef1 startTime="2026-01-06 14:08:00 +0000 UTC" endTime="2026-01-06 14:12:54 +0000 UTC" totalObjects=236732 size=1005013421 compactionLevel=1 encoding=none totalRecords=236732 bloomShardCount=3 footerSize=48917 replicationFactor=0 dedicatedColumns=[]
level=info ts=2026-01-06T14:20:01.923619224Z caller=compactor.go:360 msg="compaction complete" elapsed=1m15.872816798s blockID=caac0d1a-32a2-4123-81bb-abdcbd8bcef1
level=info ts=2026-01-06T14:20:01.923684931Z caller=compactor.go:170 msg="Compacting hash" hashString=tenant-1-0-491029-0
level=info ts=2026-01-06T14:20:01.923713206Z caller=compactor.go:266 msg="compacting block" version=vParquet4 tenantID=tenant-1 blockID=1556aeff-07a5-477f-af4a-1397e1f25a5c startTime="2026-01-06 13:54:01 +0000 UTC" endTime="2026-01-06 13:56:54 +0000 UTC" totalObjects=112709 size=478130404 compactionLevel=0 encoding=none totalRecords=112709 bloomShardCount=2 footerSize=33813 replicationFactor=0
level=info ts=2026-01-06T14:20:01.927223321Z caller=compactor.go:266 msg="compacting block" version=vParquet4 tenantID=tenant-1 blockID=9616f1a0-7d6d-4c7d-856e-371035f28018 startTime="2026-01-06 13:53:00 +0000 UTC" endTime="2026-01-06 13:55:54 +0000 UTC" totalObjects=115003 size=487877009 compactionLevel=0 encoding=none totalRecords=115003 bloomShardCount=2 footerSize=33814 replicationFactor=0
level=info ts=2026-01-06T14:20:01.930625938Z caller=compactor.go:266 msg="compacting block" version=vParquet4 tenantID=tenant-1 blockID=fbde7d7f-9c0a-4c95-8e7a-bccc366fb9f7 startTime="2026-01-06 13:55:01 +0000 UTC" endTime="2026-01-06 13:57:54 +0000 UTC" totalObjects=115157 size=488522434 compactionLevel=0 encoding=none totalRecords=115157 bloomShardCount=2 footerSize=33815 replicationFactor=0
level=info ts=2026-01-06T14:20:01.934006117Z caller=compactor.go:266 msg="compacting block" version=vParquet4 tenantID=tenant-1 blockID=ea239c77-5eed-4761-9a17-5b6fa1d7fd93 startTime="2026-01-06 13:56:00 +0000 UTC" endTime="2026-01-06 13:58:54 +0000 UTC" totalObjects=115649 size=490613158 compactionLevel=0 encoding=none totalRecords=115649 bloomShardCount=2 footerSize=33815 replicationFactor=0
level=info ts=2026-01-06T14:20:31.751468073Z caller=poller.go:305 msg="writing tenant index" tenant=tenant-1 metas=19 compactedMetas=40
level=info ts=2026-01-06T14:20:31.7680471Z caller=poller.go:252 msg="blocklist poll complete" seconds=0.075737007
level=info ts=2026-01-06T14:20:39.977063726Z caller=compactor.go:263 msg="flushed to block" bytes=336732544 objects=79337 values=99999030
level=info ts=2026-01-06T14:20:56.10604833Z caller=compactor.go:263 msg="flushed to block" bytes=336742231 objects=79337 values=99999404
level=info ts=2026-01-06T14:21:12.226071932Z caller=compactor.go:263 msg="flushed to block" bytes=336739990 objects=79337 values=99999603
level=info ts=2026-01-06T14:21:38.625765941Z caller=compactor.go:263 msg="flushed to block" bytes=336730375 objects=79336 values=99998766
level=info ts=2026-01-06T14:21:57.407988381Z caller=compactor.go:263 msg="flushed to block" bytes=336741310 objects=79336 values=99999587
level=info ts=2026-01-06T14:22:09.917099867Z caller=compactor.go:277 msg="wrote compacted block" version=vParquet4 tenantID=tenant-1 blockID=2c83e0c1-b83f-45ef-ae23-8ca3f8a303de startTime="2026-01-06 13:53:00 +0000 UTC" endTime="2026-01-06 13:58:54 +0000 UTC" totalObjects=458518 size=1946343640 compactionLevel=1 encoding=none totalRecords=458518 bloomShardCount=6 footerSize=93898 replicationFactor=0 dedicatedColumns=[]
level=info ts=2026-01-06T14:22:09.950494707Z caller=compactor.go:360 msg="compaction complete" elapsed=2m8.026783836s blockID=2c83e0c1-b83f-45ef-ae23-8ca3f8a303de
level=info ts=2026-01-06T14:22:09.950616794Z caller=compactor.go:184 msg="compacted blocks for a maintenance cycle, bailing out" tenantID=tenant-1
level=info ts=2026-01-06T14:22:09.950696195Z caller=compactor.go:145 msg="starting compaction cycle" tenantID=tenant-1 offset=0
level=info ts=2026-01-06T14:22:09.950726956Z caller=compactor.go:170 msg="Compacting hash" hashString=tenant-1-0-491030-0
level=info ts=2026-01-06T14:22:09.950761752Z caller=compactor.go:266 msg="compacting block" version=vParquet4 tenantID=tenant-1 blockID=209e856c-16ab-4f1c-a418-2a151aa97147 startTime="2026-01-06 14:12:00 +0000 UTC" endTime="2026-01-06 14:14:54 +0000 UTC" totalObjects=117403 size=498050939 compactionLevel=0 encoding=none totalRecords=117403 bloomShardCount=2 footerSize=33850 replicationFactor=0
level=info ts=2026-01-06T14:22:09.954527607Z caller=compactor.go:266 msg="compacting block" version=vParquet4 tenantID=tenant-1 blockID=dadbf0c4-a70d-4171-b2ac-b7da23d4cab8 startTime="2026-01-06 14:15:00 +0000 UTC" endTime="2026-01-06 14:17:54 +0000 UTC" totalObjects=119214 size=505735054 compactionLevel=0 encoding=none totalRecords=119214 bloomShardCount=2 footerSize=33852 replicationFactor=0
level=info ts=2026-01-06T14:22:09.958007351Z caller=compactor.go:266 msg="compacting block" version=vParquet4 tenantID=tenant-1 blockID=e67be305-0c76-4606-ac29-e8d76ca49573 startTime="2026-01-06 14:13:02 +0000 UTC" endTime="2026-01-06 14:15:53 +0000 UTC" totalObjects=119490 size=506919511 compactionLevel=0 encoding=none totalRecords=119490 bloomShardCount=2 footerSize=33853 replicationFactor=0
level=info ts=2026-01-06T14:22:09.961296625Z caller=compactor.go:266 msg="compacting block" version=vParquet4 tenantID=tenant-1 blockID=002edbeb-629e-4771-914a-166009de53a3 startTime="2026-01-06 14:14:00 +0000 UTC" endTime="2026-01-06 14:16:54 +0000 UTC" totalObjects=119627 size=507497893 compactionLevel=0 encoding=none totalRecords=119627 bloomShardCount=2 footerSize=33855 replicationFactor=0
level=info ts=2026-01-06T14:22:55.291086191Z caller=compactor.go:263 msg="flushed to block" bytes=336731783 objects=79338 values=99999313
level=info ts=2026-01-06T14:23:11.998443718Z caller=compactor.go:263 msg="flushed to block" bytes=336736692 objects=79339 values=99999596
level=info ts=2026-01-06T14:23:29.109437059Z caller=compactor.go:263 msg="flushed to block" bytes=336733953 objects=79336 values=99999000
level=info ts=2026-01-06T14:23:51.882527682Z caller=compactor.go:263 msg="flushed to block" bytes=336730032 objects=79337 values=99999958
level=info ts=2026-01-06T14:24:09.54987657Z caller=compactor.go:263 msg="flushed to block" bytes=336730134 objects=79337 values=99999748
level=info ts=2026-01-06T14:24:26.526056316Z caller=compactor.go:277 msg="wrote compacted block" version=vParquet4 tenantID=tenant-1 blockID=0ba43afd-f345-4bb8-8834-cfb0566334f1 startTime="2026-01-06 14:12:00 +0000 UTC" endTime="2026-01-06 14:17:54 +0000 UTC" totalObjects=475734 size=2019567559 compactionLevel=1 encoding=none totalRecords=475734 bloomShardCount=6 footerSize=93941 replicationFactor=0 dedicatedColumns=[]
level=info ts=2026-01-06T14:24:26.58018906Z caller=compactor.go:360 msg="compaction complete" elapsed=2m16.629431391s blockID=0ba43afd-f345-4bb8-8834-cfb0566334f1
level=info ts=2026-01-06T14:24:26.58027395Z caller=compactor.go:170 msg="Compacting hash" hashString=tenant-1-0-491030-0
level=info ts=2026-01-06T14:24:26.580303181Z caller=compactor.go:266 msg="compacting block" version=vParquet4 tenantID=tenant-1 blockID=5d7f1533-00f4-4424-93a7-318848365000 startTime="2026-01-06 14:16:01 +0000 UTC" endTime="2026-01-06 14:18:54 +0000 UTC" totalObjects=119861 size=508500979 compactionLevel=0 encoding=none totalRecords=119861 bloomShardCount=2 footerSize=33855 replicationFactor=0
level=info ts=2026-01-06T14:24:26.584639807Z caller=compactor.go:266 msg="compacting block" version=vParquet4 tenantID=tenant-1 blockID=11427176-97ed-4db5-bb66-6f0b54ff6928 startTime="2026-01-06 14:17:00 +0000 UTC" endTime="2026-01-06 14:19:53 +0000 UTC" totalObjects=120538 size=511371471 compactionLevel=0 encoding=none totalRecords=120538 bloomShardCount=2 footerSize=33855 replicationFactor=0
level=info ts=2026-01-06T14:24:57.825764705Z caller=compactor.go:263 msg="flushed to block" bytes=336737568 objects=79336 values=99999260
level=info ts=2026-01-06T14:25:18.070401495Z caller=compactor.go:263 msg="flushed to block" bytes=336761978 objects=79337 values=99999884
level=info ts=2026-01-06T14:25:31.762204469Z caller=poller.go:305 msg="writing tenant index" tenant=tenant-1 metas=17 compactedMetas=48
level=info ts=2026-01-06T14:25:31.780507572Z caller=poller.go:252 msg="blocklist poll complete" seconds=0.088627406
level=info ts=2026-01-06T14:25:38.131135422Z caller=compactor.go:263 msg="flushed to block" bytes=336743659 objects=79334 values=99999323
level=info ts=2026-01-06T14:25:38.649474567Z caller=compactor.go:277 msg="wrote compacted block" version=vParquet4 tenantID=tenant-1 blockID=3b5657ff-e288-4292-9aee-d64d548fcc11 startTime="2026-01-06 14:16:01 +0000 UTC" endTime="2026-01-06 14:19:53 +0000 UTC" totalObjects=240399 size=1020515048 compactionLevel=1 encoding=none totalRecords=240399 bloomShardCount=3 footerSize=63558 replicationFactor=0 dedicatedColumns=[]
level=info ts=2026-01-06T14:25:38.673800992Z caller=compactor.go:360 msg="compaction complete" elapsed=1m12.093502485s blockID=3b5657ff-e288-4292-9aee-d64d548fcc11
level=info ts=2026-01-06T14:25:38.673868886Z caller=compactor.go:170 msg="Compacting hash" hashString=tenant-1-0-491029-0
level=info ts=2026-01-06T14:25:38.673896919Z caller=compactor.go:266 msg="compacting block" version=vParquet4 tenantID=tenant-1 blockID=47de9e8b-3469-422b-b5a5-d89ce206e374 startTime="2026-01-06 13:57:00 +0000 UTC" endTime="2026-01-06 13:59:54 +0000 UTC" totalObjects=115732 size=490975498 compactionLevel=0 encoding=none totalRecords=115732 bloomShardCount=2 footerSize=33814 replicationFactor=0
level=info ts=2026-01-06T14:25:38.677593399Z caller=compactor.go:266 msg="compacting block" version=vParquet4 tenantID=tenant-1 blockID=7b18c91f-3486-4387-82be-6ef7e5a33205 startTime="2026-01-06 13:51:50 +0000 UTC" endTime="2026-01-06 13:54:54 +0000 UTC" totalObjects=125051 size=530589462 compactionLevel=0 encoding=none totalRecords=125051 bloomShardCount=2 footerSize=33855 replicationFactor=0
level=info ts=2026-01-06T14:25:38.681085571Z caller=compactor.go:266 msg="compacting block" version=vParquet4 tenantID=tenant-1 blockID=24458f74-58bd-4f3a-925f-25672a0f276d startTime="2026-01-06 13:50:40 +0000 UTC" endTime="2026-01-06 13:53:45 +0000 UTC" totalObjects=130768 size=554901256 compactionLevel=0 encoding=none totalRecords=130768 bloomShardCount=2 footerSize=33860 replicationFactor=0
level=info ts=2026-01-06T14:26:14.3476564Z caller=compactor.go:263 msg="flushed to block" bytes=336737152 objects=79335 values=99999211
level=info ts=2026-01-06T14:26:32.338513577Z caller=compactor.go:263 msg="flushed to block" bytes=336738622 objects=79335 values=99999284
level=info ts=2026-01-06T14:26:53.696775256Z caller=compactor.go:263 msg="flushed to block" bytes=336742506 objects=79334 values=99999775
level=info ts=2026-01-06T14:27:12.760286064Z caller=compactor.go:263 msg="flushed to block" bytes=336728507 objects=79333 values=99998995
level=info ts=2026-01-06T14:27:24.043546121Z caller=compactor.go:277 msg="wrote compacted block" version=vParquet4 tenantID=tenant-1 blockID=b6363232-a14b-43e0-a7da-7de582805ead startTime="2026-01-06 13:50:40 +0000 UTC" endTime="2026-01-06 13:59:54 +0000 UTC" totalObjects=371551 size=1577115437 compactionLevel=1 encoding=none totalRecords=371551 bloomShardCount=5 footerSize=78884 replicationFactor=0 dedicatedColumns=[]
level=info ts=2026-01-06T14:27:24.060614831Z caller=compactor.go:360 msg="compaction complete" elapsed=1m45.386720997s blockID=b6363232-a14b-43e0-a7da-7de582805ead
level=info ts=2026-01-06T14:27:24.06068338Z caller=compactor.go:184 msg="compacted blocks for a maintenance cycle, bailing out" tenantID=tenant-1
level=info ts=2026-01-06T14:27:24.060742457Z caller=compactor.go:145 msg="starting compaction cycle" tenantID=tenant-1 offset=0
level=info ts=2026-01-06T14:27:24.060784572Z caller=compactor.go:170 msg="Compacting hash" hashString=tenant-1-0-491030-0
level=info ts=2026-01-06T14:27:24.060816938Z caller=compactor.go:266 msg="compacting block" version=vParquet4 tenantID=tenant-1 blockID=94554039-9091-4504-8926-a0c7a265411c startTime="2026-01-06 14:20:00 +0000 UTC" endTime="2026-01-06 14:22:54 +0000 UTC" totalObjects=117835 size=499889162 compactionLevel=0 encoding=none totalRecords=117835 bloomShardCount=2 footerSize=33850 replicationFactor=0
level=info ts=2026-01-06T14:27:24.062372759Z caller=compactor.go:266 msg="compacting block" version=vParquet4 tenantID=tenant-1 blockID=63fe15a3-6bfd-4b31-9777-888be7501256 startTime="2026-01-06 14:21:00 +0000 UTC" endTime="2026-01-06 14:23:54 +0000 UTC" totalObjects=118714 size=503623864 compactionLevel=0 encoding=none totalRecords=118714 bloomShardCount=2 footerSize=33850 replicationFactor=0
level=info ts=2026-01-06T14:27:24.064117871Z caller=compactor.go:266 msg="compacting block" version=vParquet4 tenantID=tenant-1 blockID=a8ded98a-9b31-4a69-a49f-bb53688517b9 startTime="2026-01-06 14:18:00 +0000 UTC" endTime="2026-01-06 14:20:53 +0000 UTC" totalObjects=119639 size=507547437 compactionLevel=0 encoding=none totalRecords=119639 bloomShardCount=2 footerSize=33855 replicationFactor=0
level=info ts=2026-01-06T14:27:24.065612753Z caller=compactor.go:266 msg="compacting block" version=vParquet4 tenantID=tenant-1 blockID=b9b2917b-0aa9-4ac7-890c-797c12be1098 startTime="2026-01-06 14:19:00 +0000 UTC" endTime="2026-01-06 14:21:54 +0000 UTC" totalObjects=119918 size=508728869 compactionLevel=0 encoding=none totalRecords=119918 bloomShardCount=2 footerSize=33855 replicationFactor=0
level=info ts=2026-01-06T14:28:06.629316774Z caller=compactor.go:263 msg="flushed to block" bytes=336728171 objects=79338 values=99999675
level=info ts=2026-01-06T14:28:22.816842856Z caller=compactor.go:263 msg="flushed to block" bytes=336739794 objects=79338 values=99999640
level=info ts=2026-01-06T14:28:38.982039127Z caller=compactor.go:263 msg="flushed to block" bytes=336737850 objects=79337 values=99999283
level=info ts=2026-01-06T14:29:01.69666419Z caller=compactor.go:263 msg="flushed to block" bytes=336736512 objects=79338 values=99999659
level=info ts=2026-01-06T14:29:21.753720383Z caller=compactor.go:263 msg="flushed to block" bytes=336723870 objects=79335 values=99999621
level=info ts=2026-01-06T14:29:38.897467827Z caller=compactor.go:263 msg="flushed to block" bytes=336733350 objects=79338 values=99998805
level=info ts=2026-01-06T14:29:39.009228712Z caller=compactor.go:277 msg="wrote compacted block" version=vParquet4 tenantID=tenant-1 blockID=e72dc54d-16e9-4348-8103-be6bb74e69ed startTime="2026-01-06 14:18:00 +0000 UTC" endTime="2026-01-06 14:23:54 +0000 UTC" totalObjects=476106 size=2021173453 compactionLevel=1 encoding=none totalRecords=476106 bloomShardCount=6 footerSize=108381 replicationFactor=0 dedicatedColumns=[]
level=info ts=2026-01-06T14:29:39.044680318Z caller=compactor.go:360 msg="compaction complete" elapsed=2m14.983867077s blockID=e72dc54d-16e9-4348-8103-be6bb74e69ed
level=info ts=2026-01-06T14:29:39.044733544Z caller=compactor.go:170 msg="Compacting hash" hashString=tenant-1-1-491030-0
level=info ts=2026-01-06T14:29:39.044753074Z caller=compactor.go:266 msg="compacting block" version=vParquet4 tenantID=tenant-1 blockID=caac0d1a-32a2-4123-81bb-abdcbd8bcef1 startTime="2026-01-06 14:08:00 +0000 UTC" endTime="2026-01-06 14:12:54 +0000 UTC" totalObjects=236732 size=1005013421 compactionLevel=1 encoding=none totalRecords=236732 bloomShardCount=3 footerSize=48917 replicationFactor=0
level=info ts=2026-01-06T14:29:39.047545108Z caller=compactor.go:266 msg="compacting block" version=vParquet4 tenantID=tenant-1 blockID=3b5657ff-e288-4292-9aee-d64d548fcc11 startTime="2026-01-06 14:16:01 +0000 UTC" endTime="2026-01-06 14:19:53 +0000 UTC" totalObjects=240399 size=1020515048 compactionLevel=1 encoding=none totalRecords=240399 bloomShardCount=3 footerSize=63558 replicationFactor=0
level=info ts=2026-01-06T14:29:39.050401051Z caller=compactor.go:266 msg="compacting block" version=vParquet4 tenantID=tenant-1 blockID=81738df9-9dd9-41cb-8613-94631cf89775 startTime="2026-01-06 13:58:00 +0000 UTC" endTime="2026-01-06 14:06:54 +0000 UTC" totalObjects=459145 size=1949031067 compactionLevel=1 encoding=none totalRecords=459145 bloomShardCount=6 footerSize=93898 replicationFactor=0
level=info ts=2026-01-06T14:29:39.053108158Z caller=compactor.go:266 msg="compacting block" version=vParquet4 tenantID=tenant-1 blockID=869b1001-f93f-4526-ace1-b2b9789d866c startTime="2026-01-06 14:03:00 +0000 UTC" endTime="2026-01-06 14:13:53 +0000 UTC" totalObjects=465870 size=1977635394 compactionLevel=1 encoding=none totalRecords=465870 bloomShardCount=6 footerSize=93905 replicationFactor=0
level=info ts=2026-01-06T14:30:13.816032847Z caller=compactor.go:263 msg="flushed to block" bytes=336701154 objects=79337 values=99999627
level=info ts=2026-01-06T14:30:29.851196711Z caller=compactor.go:263 msg="flushed to block" bytes=336713684 objects=79336 values=99998951
level=info ts=2026-01-06T14:30:31.77231985Z caller=poller.go:305 msg="writing tenant index" tenant=tenant-1 metas=16 compactedMetas=57
level=info ts=2026-01-06T14:30:31.798933727Z caller=poller.go:252 msg="blocklist poll complete" seconds=0.106933556
level=info ts=2026-01-06T14:30:46.555607415Z caller=compactor.go:263 msg="flushed to block" bytes=336726998 objects=79337 values=99999063
level=info ts=2026-01-06T14:31:17.135446794Z caller=compactor.go:263 msg="flushed to block" bytes=336722199 objects=79335 values=99999158
level=info ts=2026-01-06T14:31:36.337574989Z caller=compactor.go:263 msg="flushed to block" bytes=336722935 objects=79335 values=99999419
level=info ts=2026-01-06T14:32:01.383928135Z caller=compactor.go:263 msg="flushed to block" bytes=336713843 objects=79336 values=99999140
level=info ts=2026-01-06T14:32:25.694456864Z caller=compactor.go:263 msg="flushed to block" bytes=336708297 objects=79334 values=99998930
level=info ts=2026-01-06T14:32:42.158743522Z caller=compactor.go:263 msg="flushed to block" bytes=336711223 objects=79336 values=99999718
level=info ts=2026-01-06T14:32:58.606330088Z caller=compactor.go:263 msg="flushed to block" bytes=336715101 objects=79338 values=99999257
level=info ts=2026-01-06T14:33:29.723728609Z caller=compactor.go:263 msg="flushed to block" bytes=336727123 objects=79338 values=99999806
level=info ts=2026-01-06T14:33:46.589461104Z caller=compactor.go:263 msg="flushed to block" bytes=336712199 objects=79334 values=99999358
level=info ts=2026-01-06T14:34:13.999443025Z caller=compactor.go:263 msg="flushed to block" bytes=336711312 objects=79336 values=99999910
level=info ts=2026-01-06T14:34:37.510459514Z caller=compactor.go:263 msg="flushed to block" bytes=336718580 objects=79335 values=99999424
level=info ts=2026-01-06T14:34:54.673788697Z caller=compactor.go:263 msg="flushed to block" bytes=336718054 objects=79335 values=99998868
level=info ts=2026-01-06T14:35:11.596355884Z caller=compactor.go:263 msg="flushed to block" bytes=336726081 objects=79338 values=99999444
level=info ts=2026-01-06T14:35:31.777906308Z caller=poller.go:305 msg="writing tenant index" tenant=tenant-1 metas=22 compactedMetas=57
level=info ts=2026-01-06T14:35:31.798537261Z caller=poller.go:252 msg="blocklist poll complete" seconds=0.106746555
level=info ts=2026-01-06T14:35:36.410738715Z caller=compactor.go:263 msg="flushed to block" bytes=336727124 objects=79335 values=99999135
level=info ts=2026-01-06T14:35:52.532271611Z caller=compactor.go:263 msg="flushed to block" bytes=336721872 objects=79336 values=99999037
level=info ts=2026-01-06T14:36:09.3368658Z caller=compactor.go:277 msg="wrote compacted block" version=vParquet4 tenantID=tenant-1 blockID=23b278ba-865d-4cce-aa05-5b895a51a011 startTime="2026-01-06 13:58:00 +0000 UTC" endTime="2026-01-06 14:19:53 +0000 UTC" totalObjects=1402146 size=5951910083 compactionLevel=2 encoding=none totalRecords=1402146 bloomShardCount=17 footerSize=273988 replicationFactor=0 dedicatedColumns=[]
level=info ts=2026-01-06T14:36:09.363872282Z caller=compactor.go:360 msg="compaction complete" elapsed=6m30.319120774s blockID=23b278ba-865d-4cce-aa05-5b895a51a011
level=info ts=2026-01-06T14:36:09.363999634Z caller=compactor.go:184 msg="compacted blocks for a maintenance cycle, bailing out" tenantID=tenant-1
level=info ts=2026-01-06T14:36:09.36407212Z caller=compactor.go:145 msg="starting compaction cycle" tenantID=tenant-1 offset=0
level=info ts=2026-01-06T14:36:09.364091569Z caller=compactor.go:170 msg="Compacting hash" hashString=tenant-1-0-491030-0
level=info ts=2026-01-06T14:36:09.364119977Z caller=compactor.go:266 msg="compacting block" version=vParquet4 tenantID=tenant-1 blockID=1bb82bd9-6ad9-4939-9dda-e5a761068636 startTime="2026-01-06 14:31:00 +0000 UTC" endTime="2026-01-06 14:33:53 +0000 UTC" totalObjects=118338 size=502022205 compactionLevel=0 encoding=none totalRecords=118338 bloomShardCount=2 footerSize=33850 replicationFactor=0
level=info ts=2026-01-06T14:36:09.366842281Z caller=compactor.go:266 msg="compacting block" version=vParquet4 tenantID=tenant-1 blockID=cb518ab2-6fe7-4dcf-af93-65d1ef0ff9fb startTime="2026-01-06 14:22:00 +0000 UTC" endTime="2026-01-06 14:24:54 +0000 UTC" totalObjects=119656 size=507623793 compactionLevel=0 encoding=none totalRecords=119656 bloomShardCount=2 footerSize=33855 replicationFactor=0
level=info ts=2026-01-06T14:36:09.36967766Z caller=compactor.go:266 msg="compacting block" version=vParquet4 tenantID=tenant-1 blockID=cacc00a8-d8f5-4bed-ae90-c0204520b736 startTime="2026-01-06 14:26:02 +0000 UTC" endTime="2026-01-06 14:28:54 +0000 UTC" totalObjects=120596 size=511614616 compactionLevel=0 encoding=none totalRecords=120596 bloomShardCount=2 footerSize=33855 replicationFactor=0
level=info ts=2026-01-06T14:36:09.372627135Z caller=compactor.go:266 msg="compacting block" version=vParquet4 tenantID=tenant-1 blockID=8f0c6621-9a3f-44dd-ad91-71314f08f2ed startTime="2026-01-06 14:27:01 +0000 UTC" endTime="2026-01-06 14:29:54 +0000 UTC" totalObjects=121095 size=513731993 compactionLevel=0 encoding=none totalRecords=121095 bloomShardCount=2 footerSize=33854 replicationFactor=0
level=info ts=2026-01-06T14:37:57.093306066Z caller=compactor.go:263 msg="flushed to block" bytes=336725647 objects=79338 values=99999838
level=info ts=2026-01-06T14:38:15.904463122Z caller=compactor.go:263 msg="flushed to block" bytes=336734587 objects=79336 values=99999519
level=info ts=2026-01-06T14:38:38.070124611Z caller=compactor.go:263 msg="flushed to block" bytes=336741101 objects=79337 values=99999735
level=info ts=2026-01-06T14:39:11.933162044Z caller=compactor.go:263 msg="flushed to block" bytes=336735235 objects=79335 values=99999399
level=info ts=2026-01-06T14:39:46.864535086Z caller=compactor.go:263 msg="flushed to block" bytes=336738498 objects=79336 values=99998777
level=info ts=2026-01-06T14:40:06.598780645Z caller=compactor.go:263 msg="flushed to block" bytes=336749846 objects=79340 values=99999979
level=info ts=2026-01-06T14:40:07.543518806Z caller=compactor.go:277 msg="wrote compacted block" version=vParquet4 tenantID=tenant-1 blockID=54650700-3aef-4076-a233-c8bce9cdd9ff startTime="2026-01-06 14:22:00 +0000 UTC" endTime="2026-01-06 14:33:53 +0000 UTC" totalObjects=479685 size=2036252670 compactionLevel=1 encoding=none totalRecords=479685 bloomShardCount=6 footerSize=108626 replicationFactor=0 dedicatedColumns=[]
level=info ts=2026-01-06T14:40:07.59180829Z caller=compactor.go:360 msg="compaction complete" elapsed=3m58.227692405s blockID=54650700-3aef-4076-a233-c8bce9cdd9ff
level=info ts=2026-01-06T14:40:07.591876722Z caller=compactor.go:170 msg="Compacting hash" hashString=tenant-1-0-491030-0
level=info ts=2026-01-06T14:40:07.591902815Z caller=compactor.go:266 msg="compacting block" version=vParquet4 tenantID=tenant-1 blockID=e77356eb-a7d9-462c-9de2-a8074218c060 startTime="2026-01-06 14:24:00 +0000 UTC" endTime="2026-01-06 14:26:53 +0000 UTC" totalObjects=121102 size=513773767 compactionLevel=0 encoding=none totalRecords=121102 bloomShardCount=2 footerSize=33855 replicationFactor=0
level=info ts=2026-01-06T14:40:07.595805617Z caller=compactor.go:266 msg="compacting block" version=vParquet4 tenantID=tenant-1 blockID=7a4a98b7-2e9c-4eff-af51-0922401b7f8a startTime="2026-01-06 14:32:00 +0000 UTC" endTime="2026-01-06 14:34:54 +0000 UTC" totalObjects=121179 size=514104908 compactionLevel=0 encoding=none totalRecords=121179 bloomShardCount=2 footerSize=33855 replicationFactor=0
level=info ts=2026-01-06T14:40:07.599591852Z caller=compactor.go:266 msg="compacting block" version=vParquet4 tenantID=tenant-1 blockID=7e6ae7fe-9366-4795-a29d-350b72f5d256 startTime="2026-01-06 14:25:00 +0000 UTC" endTime="2026-01-06 14:27:54 +0000 UTC" totalObjects=121202 size=514190150 compactionLevel=0 encoding=none totalRecords=121202 bloomShardCount=2 footerSize=33855 replicationFactor=0
level=info ts=2026-01-06T14:40:07.603135445Z caller=compactor.go:266 msg="compacting block" version=vParquet4 tenantID=tenant-1 blockID=03d903dc-4f7a-4e75-87ab-b7f570fa4908 startTime="2026-01-06 14:29:00 +0000 UTC" endTime="2026-01-06 14:31:53 +0000 UTC" totalObjects=121485 size=515398866 compactionLevel=0 encoding=none totalRecords=121485 bloomShardCount=2 footerSize=33855 replicationFactor=0
level=info ts=2026-01-06T14:40:31.692571488Z caller=retention.go:113 msg="deleting block" blockID=ce150002-9c72-432f-954a-b1f941e8a5f9 tenantID=tenant-1
level=info ts=2026-01-06T14:40:31.720488638Z caller=retention.go:113 msg="deleting block" blockID=ed69106a-0504-466a-8bec-4a18fe8fe20f tenantID=tenant-1
level=info ts=2026-01-06T14:40:31.743070308Z caller=retention.go:113 msg="deleting block" blockID=31081209-a512-4348-9b75-e1d1c532c1ec tenantID=tenant-1
level=info ts=2026-01-06T14:40:31.761483007Z caller=poller.go:305 msg="writing tenant index" tenant=tenant-1 metas=21 compactedMetas=63
level=info ts=2026-01-06T14:40:31.765032582Z caller=retention.go:113 msg="deleting block" blockID=45e36df8-c756-4cf2-9bdc-448f174b65d6 tenantID=tenant-1
level=info ts=2026-01-06T14:40:31.77564639Z caller=poller.go:252 msg="blocklist poll complete" seconds=0.083302611
level=info ts=2026-01-06T14:41:38.71079852Z caller=compactor.go:263 msg="flushed to block" bytes=336734041 objects=79336 values=99999102
level=info ts=2026-01-06T14:41:57.185070305Z caller=compactor.go:263 msg="flushed to block" bytes=336727591 objects=79335 values=99999625
level=info ts=2026-01-06T14:42:16.039500063Z caller=compactor.go:263 msg="flushed to block" bytes=336744240 objects=79337 values=99998926
level=info ts=2026-01-06T14:42:57.998729824Z caller=compactor.go:263 msg="flushed to block" bytes=336744395 objects=79336 values=99999584
level=info ts=2026-01-06T14:43:38.7307322Z caller=compactor.go:263 msg="flushed to block" bytes=336732532 objects=79335 values=99998948
level=info ts=2026-01-06T14:43:57.401657224Z caller=compactor.go:263 msg="flushed to block" bytes=336739160 objects=79338 values=99999502
level=info ts=2026-01-06T14:43:59.316918012Z caller=compactor.go:277 msg="wrote compacted block" version=vParquet4 tenantID=tenant-1 blockID=a9e7e1af-90e4-4cbf-b42c-5a45fc648c74 startTime="2026-01-06 14:24:00 +0000 UTC" endTime="2026-01-06 14:34:54 +0000 UTC" totalObjects=484968 size=2058577834 compactionLevel=1 encoding=none totalRecords=484968 bloomShardCount=6 footerSize=108747 replicationFactor=0 dedicatedColumns=[]
level=info ts=2026-01-06T14:43:59.354189165Z caller=compactor.go:360 msg="compaction complete" elapsed=3m51.762288532s blockID=a9e7e1af-90e4-4cbf-b42c-5a45fc648c74
level=info ts=2026-01-06T14:43:59.354306403Z caller=compactor.go:184 msg="compacted blocks for a maintenance cycle, bailing out" tenantID=tenant-1
level=info ts=2026-01-06T14:43:59.354380925Z caller=compactor.go:145 msg="starting compaction cycle" tenantID=tenant-1 offset=0
level=info ts=2026-01-06T14:43:59.354405042Z caller=compactor.go:170 msg="Compacting hash" hashString=tenant-1-0-491030-0
level=info ts=2026-01-06T14:43:59.35443823Z caller=compactor.go:266 msg="compacting block" version=vParquet4 tenantID=tenant-1 blockID=f21a03a1-aac3-4e89-bc22-a26cf680ce98 startTime="2026-01-06 14:30:00 +0000 UTC" endTime="2026-01-06 14:32:54 +0000 UTC" totalObjects=121506 size=515473084 compactionLevel=0 encoding=none totalRecords=121506 bloomShardCount=2 footerSize=33855 replicationFactor=0
level=info ts=2026-01-06T14:43:59.358379052Z caller=compactor.go:266 msg="compacting block" version=vParquet4 tenantID=tenant-1 blockID=e8857aa8-3558-4ac7-bc15-818007a0898f startTime="2026-01-06 14:28:00 +0000 UTC" endTime="2026-01-06 14:30:53 +0000 UTC" totalObjects=121538 size=515630691 compactionLevel=0 encoding=none totalRecords=121538 bloomShardCount=2 footerSize=33854 replicationFactor=0
level=info ts=2026-01-06T14:43:59.362522687Z caller=compactor.go:266 msg="compacting block" version=vParquet4 tenantID=tenant-1 blockID=db077519-70b1-4c51-81c6-fde5b41b28da startTime="2026-01-06 14:23:00 +0000 UTC" endTime="2026-01-06 14:25:54 +0000 UTC" totalObjects=121923 size=517257766 compactionLevel=0 encoding=none totalRecords=121923 bloomShardCount=2 footerSize=33854 replicationFactor=0
level=info ts=2026-01-06T14:43:59.36630803Z caller=compactor.go:266 msg="compacting block" version=vParquet4 tenantID=tenant-1 blockID=5bdc402b-7c05-4d1d-9fa2-e0e6bd1cdc69 startTime="2026-01-06 14:36:01 +0000 UTC" endTime="2026-01-06 14:38:54 +0000 UTC" totalObjects=121979 size=517503866 compactionLevel=0 encoding=none totalRecords=121979 bloomShardCount=2 footerSize=33855 replicationFactor=0
