level=warn ts=2026-01-08T06:41:59.674937407Z caller=main.go:119 msg="-- CONFIGURATION WARNINGS --"
level=warn ts=2026-01-08T06:41:59.674973287Z caller=main.go:125 msg="Inline, unscoped overrides are deprecated. Please use the new overrides config format."
level=info ts=2026-01-08T06:41:59.67513549Z caller=main.go:103 msg="Starting Tempo" version="(version=2.9.0, branch=HEAD, revision=f1b3ef152)" target=compactor
level=info msg="server listening on addresses" http=[::]:3101 grpc=[::]:43257
level=info ts=2026-01-08T06:41:59.685968085Z caller=cache.go:55 msg="caches available to storage backend" parquet-footer=false bloom=false parquet-offset-idx=false parquet-column-idx=false trace-id-index=false parquet-page=false
level=info ts=2026-01-08T06:41:59.687054098Z caller=server.go:281 msg="server listening on addresses" http=[::]:3200 grpc=[::]:9095
level=info ts=2026-01-08T06:41:59.68851677Z caller=memberlist_client.go:484 msg="Using memberlist cluster label and node name" cluster_label= node=tempo-tempostack-compactor-658c6b97d9-9w6m2-f9b7ffb8
level=info ts=2026-01-08T06:41:59.689379776Z caller=module_service.go:82 msg=starting module=cache-provider
level=info ts=2026-01-08T06:41:59.68938141Z caller=module_service.go:82 msg=starting module=internal-server
level=info ts=2026-01-08T06:41:59.689485537Z caller=module_service.go:82 msg=starting module=store
level=info ts=2026-01-08T06:41:59.689757373Z caller=module_service.go:82 msg=starting module=server
level=info ts=2026-01-08T06:41:59.689945028Z caller=module_service.go:82 msg=starting module=overrides
level=info ts=2026-01-08T06:41:59.690097265Z caller=module_service.go:82 msg=starting module=memberlist-kv
level=info ts=2026-01-08T06:41:59.690179587Z caller=module_service.go:82 msg=starting module=compactor
level=info ts=2026-01-08T06:41:59.690500393Z caller=memberlist_client.go:628 msg="memberlist fast-join starting" nodes_found=1 to_join=2
ts=2026-01-08T06:41:59.692675959Z caller=memberlist_logger.go:74 level=warn msg="Failed to resolve tempo-tempostack-gossip-ring: lookup tempo-tempostack-gossip-ring on 172.30.0.10:53: no such host"
level=info ts=2026-01-08T06:41:59.692695192Z caller=memberlist_client.go:634 msg="fast-joining node failed" node=tempo-tempostack-gossip-ring err="1 error occurred:\n\t* Failed to resolve tempo-tempostack-gossip-ring: lookup tempo-tempostack-gossip-ring on 172.30.0.10:53: no such host\n\n"
level=warn ts=2026-01-08T06:41:59.692712678Z caller=memberlist_client.go:644 msg="memberlist fast-join failed because no node has been successfully reached" elapsed_time=2.2147ms
level=error ts=2026-01-08T06:41:59.69272137Z caller=memberlist_client.go:521 msg="failed to fast-join the memberlist cluster at startup" err="no memberlist node reached during fast-join procedure"
level=info ts=2026-01-08T06:41:59.692735344Z caller=memberlist_client.go:666 phase=startup msg="joining memberlist cluster" join_members=tempo-tempostack-gossip-ring
level=info ts=2026-01-08T06:41:59.692761859Z caller=basic_lifecycler.go:321 msg="instance not found in the ring" instance=tempo-tempostack-compactor-658c6b97d9-9w6m2 ring=compactor
level=info ts=2026-01-08T06:41:59.692832569Z caller=ring.go:365 msg="ring doesn't exist in KV store yet"
level=info ts=2026-01-08T06:41:59.693157708Z caller=compactor.go:125 msg="waiting until compactor is ACTIVE in the ring"
ts=2026-01-08T06:41:59.694566262Z caller=memberlist_logger.go:74 level=warn msg="Failed to resolve tempo-tempostack-gossip-ring: lookup tempo-tempostack-gossip-ring on 172.30.0.10:53: no such host"
level=warn ts=2026-01-08T06:41:59.694583304Z caller=memberlist_client.go:700 phase=startup msg="joining memberlist cluster" attempts=1 max_attempts=10 err="1 error occurred:\n\t* Failed to resolve tempo-tempostack-gossip-ring: lookup tempo-tempostack-gossip-ring on 172.30.0.10:53: no such host\n\n"
level=info ts=2026-01-08T06:41:59.84176633Z caller=compactor.go:131 msg="compactor is ACTIVE in the ring"
level=info ts=2026-01-08T06:41:59.841800007Z caller=compactor.go:140 msg="waiting until compactor ring topology is stable" min_waiting=1m0s max_waiting=5m0s
ts=2026-01-08T06:42:01.604729923Z caller=memberlist_logger.go:74 level=warn msg="Failed to resolve tempo-tempostack-gossip-ring: lookup tempo-tempostack-gossip-ring on 172.30.0.10:53: no such host"
level=warn ts=2026-01-08T06:42:01.604761316Z caller=memberlist_client.go:700 phase=startup msg="joining memberlist cluster" attempts=2 max_attempts=10 err="1 error occurred:\n\t* Failed to resolve tempo-tempostack-gossip-ring: lookup tempo-tempostack-gossip-ring on 172.30.0.10:53: no such host\n\n"
level=info ts=2026-01-08T06:42:03.872268282Z caller=memberlist_client.go:673 phase=startup msg="joining memberlist cluster succeeded" reached_nodes=6 elapsed_time=4.179526005s
level=info ts=2026-01-08T06:43:04.842825227Z caller=compactor.go:144 msg="compactor ring topology is stable"
level=info ts=2026-01-08T06:43:04.8428662Z caller=tempodb.go:638 msg="polling enabled" interval=5m0s blocklist_concurrency=50
level=info ts=2026-01-08T06:43:04.853189596Z caller=poller.go:252 msg="blocklist poll complete" seconds=0.010276149
level=info ts=2026-01-08T06:43:04.853228635Z caller=compactor.go:157 msg="enabling compaction"
level=info ts=2026-01-08T06:43:04.853238294Z caller=tempodb.go:598 msg="compaction and retention enabled."
level=info ts=2026-01-08T06:43:04.853264314Z caller=app.go:213 msg="Tempo started"
level=info ts=2026-01-08T06:48:04.86448732Z caller=poller.go:252 msg="blocklist poll complete" seconds=0.010672353
level=info ts=2026-01-08T06:53:04.878341677Z caller=poller.go:305 msg="writing tenant index" tenant=tenant-1 metas=1 compactedMetas=0
level=info ts=2026-01-08T06:53:04.889913705Z caller=poller.go:252 msg="blocklist poll complete" seconds=0.036324702
level=info ts=2026-01-08T06:53:34.865961281Z caller=compactor.go:145 msg="starting compaction cycle" tenantID=tenant-1 offset=0
level=info ts=2026-01-08T06:53:34.866028399Z caller=compactor.go:158 msg="compaction cycle complete. No more blocks to compact" tenantID=tenant-1
level=info ts=2026-01-08T06:54:04.866376662Z caller=compactor.go:145 msg="starting compaction cycle" tenantID=tenant-1 offset=0
level=info ts=2026-01-08T06:54:04.866441752Z caller=compactor.go:158 msg="compaction cycle complete. No more blocks to compact" tenantID=tenant-1
level=info ts=2026-01-08T06:54:34.867215928Z caller=compactor.go:145 msg="starting compaction cycle" tenantID=tenant-1 offset=0
level=info ts=2026-01-08T06:54:34.867259519Z caller=compactor.go:158 msg="compaction cycle complete. No more blocks to compact" tenantID=tenant-1
level=info ts=2026-01-08T06:55:04.867719258Z caller=compactor.go:145 msg="starting compaction cycle" tenantID=tenant-1 offset=0
level=info ts=2026-01-08T06:55:04.867776066Z caller=compactor.go:158 msg="compaction cycle complete. No more blocks to compact" tenantID=tenant-1
level=info ts=2026-01-08T06:55:34.868388764Z caller=compactor.go:145 msg="starting compaction cycle" tenantID=tenant-1 offset=0
level=info ts=2026-01-08T06:55:34.868429219Z caller=compactor.go:158 msg="compaction cycle complete. No more blocks to compact" tenantID=tenant-1
level=info ts=2026-01-08T06:56:04.868865163Z caller=compactor.go:145 msg="starting compaction cycle" tenantID=tenant-1 offset=0
level=info ts=2026-01-08T06:56:04.868913803Z caller=compactor.go:158 msg="compaction cycle complete. No more blocks to compact" tenantID=tenant-1
level=info ts=2026-01-08T06:56:34.869843205Z caller=compactor.go:145 msg="starting compaction cycle" tenantID=tenant-1 offset=0
level=info ts=2026-01-08T06:56:34.869885856Z caller=compactor.go:158 msg="compaction cycle complete. No more blocks to compact" tenantID=tenant-1
level=info ts=2026-01-08T06:57:04.870306041Z caller=compactor.go:145 msg="starting compaction cycle" tenantID=tenant-1 offset=0
level=info ts=2026-01-08T06:57:04.870350511Z caller=compactor.go:158 msg="compaction cycle complete. No more blocks to compact" tenantID=tenant-1
level=info ts=2026-01-08T06:57:34.871046767Z caller=compactor.go:145 msg="starting compaction cycle" tenantID=tenant-1 offset=0
level=info ts=2026-01-08T06:57:34.871122618Z caller=compactor.go:158 msg="compaction cycle complete. No more blocks to compact" tenantID=tenant-1
level=info ts=2026-01-08T06:58:04.87058826Z caller=poller.go:305 msg="writing tenant index" tenant=tenant-1 metas=1 compactedMetas=0
level=info ts=2026-01-08T06:58:04.871457922Z caller=compactor.go:145 msg="starting compaction cycle" tenantID=tenant-1 offset=0
level=info ts=2026-01-08T06:58:04.871483269Z caller=compactor.go:158 msg="compaction cycle complete. No more blocks to compact" tenantID=tenant-1
level=info ts=2026-01-08T06:58:04.888133306Z caller=poller.go:252 msg="blocklist poll complete" seconds=0.034490839
level=info ts=2026-01-08T06:58:34.872396883Z caller=compactor.go:145 msg="starting compaction cycle" tenantID=tenant-1 offset=0
level=info ts=2026-01-08T06:58:34.872435816Z caller=compactor.go:158 msg="compaction cycle complete. No more blocks to compact" tenantID=tenant-1
level=info ts=2026-01-08T06:59:04.872412708Z caller=compactor.go:145 msg="starting compaction cycle" tenantID=tenant-1 offset=0
level=info ts=2026-01-08T06:59:04.872473234Z caller=compactor.go:158 msg="compaction cycle complete. No more blocks to compact" tenantID=tenant-1
level=info ts=2026-01-08T06:59:34.873173331Z caller=compactor.go:145 msg="starting compaction cycle" tenantID=tenant-1 offset=0
level=info ts=2026-01-08T06:59:34.873214531Z caller=compactor.go:158 msg="compaction cycle complete. No more blocks to compact" tenantID=tenant-1
level=info ts=2026-01-08T07:00:04.873325507Z caller=compactor.go:145 msg="starting compaction cycle" tenantID=tenant-1 offset=0
level=info ts=2026-01-08T07:00:04.873370777Z caller=compactor.go:158 msg="compaction cycle complete. No more blocks to compact" tenantID=tenant-1
level=info ts=2026-01-08T07:00:34.873940472Z caller=compactor.go:145 msg="starting compaction cycle" tenantID=tenant-1 offset=0
level=info ts=2026-01-08T07:00:34.873980522Z caller=compactor.go:158 msg="compaction cycle complete. No more blocks to compact" tenantID=tenant-1
level=info ts=2026-01-08T07:01:04.874993752Z caller=compactor.go:145 msg="starting compaction cycle" tenantID=tenant-1 offset=0
level=info ts=2026-01-08T07:01:04.875035412Z caller=compactor.go:158 msg="compaction cycle complete. No more blocks to compact" tenantID=tenant-1
level=info ts=2026-01-08T07:01:34.875133495Z caller=compactor.go:145 msg="starting compaction cycle" tenantID=tenant-1 offset=0
level=info ts=2026-01-08T07:01:34.875187992Z caller=compactor.go:158 msg="compaction cycle complete. No more blocks to compact" tenantID=tenant-1
level=info ts=2026-01-08T07:02:04.87516064Z caller=compactor.go:145 msg="starting compaction cycle" tenantID=tenant-1 offset=0
level=info ts=2026-01-08T07:02:04.875220519Z caller=compactor.go:158 msg="compaction cycle complete. No more blocks to compact" tenantID=tenant-1
level=info ts=2026-01-08T07:02:34.875319002Z caller=compactor.go:145 msg="starting compaction cycle" tenantID=tenant-1 offset=0
level=info ts=2026-01-08T07:02:34.875361319Z caller=compactor.go:158 msg="compaction cycle complete. No more blocks to compact" tenantID=tenant-1
level=info ts=2026-01-08T07:03:04.875317393Z caller=compactor.go:145 msg="starting compaction cycle" tenantID=tenant-1 offset=0
level=info ts=2026-01-08T07:03:04.875350037Z caller=compactor.go:158 msg="compaction cycle complete. No more blocks to compact" tenantID=tenant-1
level=info ts=2026-01-08T07:03:04.877721265Z caller=poller.go:305 msg="writing tenant index" tenant=tenant-1 metas=2 compactedMetas=0
level=info ts=2026-01-08T07:03:04.896459422Z caller=poller.go:252 msg="blocklist poll complete" seconds=0.042219044
level=info ts=2026-01-08T07:03:34.875873794Z caller=compactor.go:145 msg="starting compaction cycle" tenantID=tenant-1 offset=0
level=info ts=2026-01-08T07:03:34.875916161Z caller=compactor.go:158 msg="compaction cycle complete. No more blocks to compact" tenantID=tenant-1
level=info ts=2026-01-08T07:04:04.87616386Z caller=compactor.go:145 msg="starting compaction cycle" tenantID=tenant-1 offset=0
level=info ts=2026-01-08T07:04:04.876228117Z caller=compactor.go:158 msg="compaction cycle complete. No more blocks to compact" tenantID=tenant-1
level=info ts=2026-01-08T07:04:34.876608618Z caller=compactor.go:145 msg="starting compaction cycle" tenantID=tenant-1 offset=0
level=info ts=2026-01-08T07:04:34.876658227Z caller=compactor.go:158 msg="compaction cycle complete. No more blocks to compact" tenantID=tenant-1
level=info ts=2026-01-08T07:05:04.876799686Z caller=compactor.go:145 msg="starting compaction cycle" tenantID=tenant-1 offset=0
level=info ts=2026-01-08T07:05:04.876856199Z caller=compactor.go:158 msg="compaction cycle complete. No more blocks to compact" tenantID=tenant-1
level=info ts=2026-01-08T07:05:34.87715769Z caller=compactor.go:145 msg="starting compaction cycle" tenantID=tenant-1 offset=0
level=info ts=2026-01-08T07:05:34.877202631Z caller=compactor.go:158 msg="compaction cycle complete. No more blocks to compact" tenantID=tenant-1
level=info ts=2026-01-08T07:06:04.877322552Z caller=compactor.go:145 msg="starting compaction cycle" tenantID=tenant-1 offset=0
level=info ts=2026-01-08T07:06:04.877367335Z caller=compactor.go:158 msg="compaction cycle complete. No more blocks to compact" tenantID=tenant-1
level=info ts=2026-01-08T07:06:34.877626361Z caller=compactor.go:145 msg="starting compaction cycle" tenantID=tenant-1 offset=0
level=info ts=2026-01-08T07:06:34.877670622Z caller=compactor.go:158 msg="compaction cycle complete. No more blocks to compact" tenantID=tenant-1
level=info ts=2026-01-08T07:07:04.878618657Z caller=compactor.go:145 msg="starting compaction cycle" tenantID=tenant-1 offset=0
level=info ts=2026-01-08T07:07:04.878657206Z caller=compactor.go:158 msg="compaction cycle complete. No more blocks to compact" tenantID=tenant-1
level=info ts=2026-01-08T07:07:34.87915777Z caller=compactor.go:145 msg="starting compaction cycle" tenantID=tenant-1 offset=0
level=info ts=2026-01-08T07:07:34.879218689Z caller=compactor.go:158 msg="compaction cycle complete. No more blocks to compact" tenantID=tenant-1
level=info ts=2026-01-08T07:08:04.870080268Z caller=poller.go:305 msg="writing tenant index" tenant=tenant-1 metas=2 compactedMetas=0
level=info ts=2026-01-08T07:08:04.879215302Z caller=compactor.go:145 msg="starting compaction cycle" tenantID=tenant-1 offset=0
level=info ts=2026-01-08T07:08:04.879244968Z caller=compactor.go:158 msg="compaction cycle complete. No more blocks to compact" tenantID=tenant-1
level=info ts=2026-01-08T07:08:04.888019545Z caller=poller.go:252 msg="blocklist poll complete" seconds=0.034347165
level=info ts=2026-01-08T07:08:34.879370731Z caller=compactor.go:145 msg="starting compaction cycle" tenantID=tenant-1 offset=0
level=info ts=2026-01-08T07:08:34.879409992Z caller=compactor.go:158 msg="compaction cycle complete. No more blocks to compact" tenantID=tenant-1
level=info ts=2026-01-08T07:09:04.879977136Z caller=compactor.go:145 msg="starting compaction cycle" tenantID=tenant-1 offset=0
level=info ts=2026-01-08T07:09:04.880020833Z caller=compactor.go:158 msg="compaction cycle complete. No more blocks to compact" tenantID=tenant-1
level=info ts=2026-01-08T07:09:34.880054916Z caller=compactor.go:145 msg="starting compaction cycle" tenantID=tenant-1 offset=0
level=info ts=2026-01-08T07:09:34.880090034Z caller=compactor.go:158 msg="compaction cycle complete. No more blocks to compact" tenantID=tenant-1
level=info ts=2026-01-08T07:10:04.880257421Z caller=compactor.go:145 msg="starting compaction cycle" tenantID=tenant-1 offset=0
level=info ts=2026-01-08T07:10:04.880299812Z caller=compactor.go:158 msg="compaction cycle complete. No more blocks to compact" tenantID=tenant-1
level=info ts=2026-01-08T07:10:34.880568497Z caller=compactor.go:145 msg="starting compaction cycle" tenantID=tenant-1 offset=0
level=info ts=2026-01-08T07:10:34.880599828Z caller=compactor.go:158 msg="compaction cycle complete. No more blocks to compact" tenantID=tenant-1
level=info ts=2026-01-08T07:11:04.880647564Z caller=compactor.go:145 msg="starting compaction cycle" tenantID=tenant-1 offset=0
level=info ts=2026-01-08T07:11:04.880687253Z caller=compactor.go:158 msg="compaction cycle complete. No more blocks to compact" tenantID=tenant-1
level=info ts=2026-01-08T07:11:34.881235894Z caller=compactor.go:145 msg="starting compaction cycle" tenantID=tenant-1 offset=0
level=info ts=2026-01-08T07:11:34.881275453Z caller=compactor.go:158 msg="compaction cycle complete. No more blocks to compact" tenantID=tenant-1
level=info ts=2026-01-08T07:12:04.881326529Z caller=compactor.go:145 msg="starting compaction cycle" tenantID=tenant-1 offset=0
level=info ts=2026-01-08T07:12:04.881370189Z caller=compactor.go:158 msg="compaction cycle complete. No more blocks to compact" tenantID=tenant-1
level=info ts=2026-01-08T07:12:34.882401173Z caller=compactor.go:145 msg="starting compaction cycle" tenantID=tenant-1 offset=0
level=info ts=2026-01-08T07:12:34.882429492Z caller=compactor.go:158 msg="compaction cycle complete. No more blocks to compact" tenantID=tenant-1
level=info ts=2026-01-08T07:13:04.877021584Z caller=poller.go:305 msg="writing tenant index" tenant=tenant-1 metas=3 compactedMetas=0
level=info ts=2026-01-08T07:13:04.88309929Z caller=compactor.go:145 msg="starting compaction cycle" tenantID=tenant-1 offset=0
level=info ts=2026-01-08T07:13:04.883144713Z caller=compactor.go:158 msg="compaction cycle complete. No more blocks to compact" tenantID=tenant-1
level=info ts=2026-01-08T07:13:04.895755961Z caller=poller.go:252 msg="blocklist poll complete" seconds=0.041951957
level=info ts=2026-01-08T07:13:34.883468333Z caller=compactor.go:145 msg="starting compaction cycle" tenantID=tenant-1 offset=0
level=info ts=2026-01-08T07:13:34.883513374Z caller=compactor.go:170 msg="Compacting hash" hashString=tenant-1-0-491071-0
level=info ts=2026-01-08T07:13:34.883554001Z caller=compactor.go:266 msg="compacting block" version=vParquet4 tenantID=tenant-1 blockID=64af0ed4-2bdb-41c8-a663-70ef51abdaec startTime="2026-01-08 07:01:10 +0000 UTC" endTime="2026-01-08 07:12:39 +0000 UTC" totalObjects=10800 size=45581307 compactionLevel=0 encoding=none totalRecords=10800 bloomShardCount=1 footerSize=18354 replicationFactor=0
level=info ts=2026-01-08T07:13:34.886897414Z caller=compactor.go:266 msg="compacting block" version=vParquet4 tenantID=tenant-1 blockID=0cea3f5c-b2ee-4b75-83ee-1518549938e8 startTime="2026-01-08 06:50:50 +0000 UTC" endTime="2026-01-08 07:02:39 +0000 UTC" totalObjects=10980 size=46345018 compactionLevel=0 encoding=none totalRecords=10980 bloomShardCount=1 footerSize=18380 replicationFactor=0
level=info ts=2026-01-08T07:13:38.988861045Z caller=compactor.go:277 msg="wrote compacted block" version=vParquet4 tenantID=tenant-1 blockID=1a9a6f9b-716e-4521-bc1c-f9cc382dc83b startTime="2026-01-08 06:50:50 +0000 UTC" endTime="2026-01-08 07:12:39 +0000 UTC" totalObjects=21780 size=92104743 compactionLevel=1 encoding=none totalRecords=21780 bloomShardCount=1 footerSize=18506 replicationFactor=0 dedicatedColumns=[]
level=info ts=2026-01-08T07:13:39.008988355Z caller=compactor.go:360 msg="compaction complete" elapsed=4.125439398s blockID=1a9a6f9b-716e-4521-bc1c-f9cc382dc83b
level=info ts=2026-01-08T07:13:39.009037484Z caller=compactor.go:158 msg="compaction cycle complete. No more blocks to compact" tenantID=tenant-1
level=info ts=2026-01-08T07:14:04.884091054Z caller=compactor.go:145 msg="starting compaction cycle" tenantID=tenant-1 offset=0
level=info ts=2026-01-08T07:14:04.884151118Z caller=compactor.go:158 msg="compaction cycle complete. No more blocks to compact" tenantID=tenant-1
level=info ts=2026-01-08T07:14:34.884598066Z caller=compactor.go:145 msg="starting compaction cycle" tenantID=tenant-1 offset=0
level=info ts=2026-01-08T07:14:34.884640486Z caller=compactor.go:158 msg="compaction cycle complete. No more blocks to compact" tenantID=tenant-1
level=info ts=2026-01-08T07:15:04.88463135Z caller=compactor.go:145 msg="starting compaction cycle" tenantID=tenant-1 offset=0
level=info ts=2026-01-08T07:15:04.884673115Z caller=compactor.go:158 msg="compaction cycle complete. No more blocks to compact" tenantID=tenant-1
level=info ts=2026-01-08T07:15:34.884699496Z caller=compactor.go:145 msg="starting compaction cycle" tenantID=tenant-1 offset=0
level=info ts=2026-01-08T07:15:34.884734776Z caller=compactor.go:158 msg="compaction cycle complete. No more blocks to compact" tenantID=tenant-1
level=info ts=2026-01-08T07:16:04.885471918Z caller=compactor.go:145 msg="starting compaction cycle" tenantID=tenant-1 offset=0
level=info ts=2026-01-08T07:16:04.885525154Z caller=compactor.go:158 msg="compaction cycle complete. No more blocks to compact" tenantID=tenant-1
level=info ts=2026-01-08T07:16:34.886522415Z caller=compactor.go:145 msg="starting compaction cycle" tenantID=tenant-1 offset=0
level=info ts=2026-01-08T07:16:34.886555802Z caller=compactor.go:158 msg="compaction cycle complete. No more blocks to compact" tenantID=tenant-1
level=info ts=2026-01-08T07:17:04.887147513Z caller=compactor.go:145 msg="starting compaction cycle" tenantID=tenant-1 offset=0
level=info ts=2026-01-08T07:17:04.887180109Z caller=compactor.go:158 msg="compaction cycle complete. No more blocks to compact" tenantID=tenant-1
level=info ts=2026-01-08T07:17:34.887504976Z caller=compactor.go:145 msg="starting compaction cycle" tenantID=tenant-1 offset=0
level=info ts=2026-01-08T07:17:34.887533644Z caller=compactor.go:158 msg="compaction cycle complete. No more blocks to compact" tenantID=tenant-1
level=info ts=2026-01-08T07:18:04.870894634Z caller=poller.go:305 msg="writing tenant index" tenant=tenant-1 metas=2 compactedMetas=2
level=info ts=2026-01-08T07:18:04.888373816Z caller=compactor.go:145 msg="starting compaction cycle" tenantID=tenant-1 offset=0
level=info ts=2026-01-08T07:18:04.888396981Z caller=compactor.go:158 msg="compaction cycle complete. No more blocks to compact" tenantID=tenant-1
level=info ts=2026-01-08T07:18:04.889608754Z caller=poller.go:252 msg="blocklist poll complete" seconds=0.035617795
level=info ts=2026-01-08T07:18:34.88901839Z caller=compactor.go:145 msg="starting compaction cycle" tenantID=tenant-1 offset=0
level=info ts=2026-01-08T07:18:34.889051163Z caller=compactor.go:158 msg="compaction cycle complete. No more blocks to compact" tenantID=tenant-1
level=info ts=2026-01-08T07:19:04.889598308Z caller=compactor.go:145 msg="starting compaction cycle" tenantID=tenant-1 offset=0
level=info ts=2026-01-08T07:19:04.889635176Z caller=compactor.go:158 msg="compaction cycle complete. No more blocks to compact" tenantID=tenant-1
level=info ts=2026-01-08T07:19:34.890586528Z caller=compactor.go:145 msg="starting compaction cycle" tenantID=tenant-1 offset=0
level=info ts=2026-01-08T07:19:34.890616406Z caller=compactor.go:158 msg="compaction cycle complete. No more blocks to compact" tenantID=tenant-1
level=info ts=2026-01-08T07:20:04.890708214Z caller=compactor.go:145 msg="starting compaction cycle" tenantID=tenant-1 offset=0
level=info ts=2026-01-08T07:20:04.890750507Z caller=compactor.go:158 msg="compaction cycle complete. No more blocks to compact" tenantID=tenant-1
level=info ts=2026-01-08T07:20:34.890951399Z caller=compactor.go:145 msg="starting compaction cycle" tenantID=tenant-1 offset=0
level=info ts=2026-01-08T07:20:34.89100043Z caller=compactor.go:158 msg="compaction cycle complete. No more blocks to compact" tenantID=tenant-1
level=info ts=2026-01-08T07:21:04.891823309Z caller=compactor.go:145 msg="starting compaction cycle" tenantID=tenant-1 offset=0
level=info ts=2026-01-08T07:21:04.891856547Z caller=compactor.go:158 msg="compaction cycle complete. No more blocks to compact" tenantID=tenant-1
level=info ts=2026-01-08T07:21:34.891877691Z caller=compactor.go:145 msg="starting compaction cycle" tenantID=tenant-1 offset=0
level=info ts=2026-01-08T07:21:34.891911741Z caller=compactor.go:158 msg="compaction cycle complete. No more blocks to compact" tenantID=tenant-1
level=info ts=2026-01-08T07:22:04.892095961Z caller=compactor.go:145 msg="starting compaction cycle" tenantID=tenant-1 offset=0
level=info ts=2026-01-08T07:22:04.892151895Z caller=compactor.go:158 msg="compaction cycle complete. No more blocks to compact" tenantID=tenant-1
level=info ts=2026-01-08T07:22:34.89255028Z caller=compactor.go:145 msg="starting compaction cycle" tenantID=tenant-1 offset=0
level=info ts=2026-01-08T07:22:34.892582243Z caller=compactor.go:158 msg="compaction cycle complete. No more blocks to compact" tenantID=tenant-1
level=info ts=2026-01-08T07:23:04.875829796Z caller=poller.go:305 msg="writing tenant index" tenant=tenant-1 metas=3 compactedMetas=2
level=info ts=2026-01-08T07:23:04.893487027Z caller=compactor.go:145 msg="starting compaction cycle" tenantID=tenant-1 offset=0
level=info ts=2026-01-08T07:23:04.893510533Z caller=compactor.go:158 msg="compaction cycle complete. No more blocks to compact" tenantID=tenant-1
level=info ts=2026-01-08T07:23:04.894508081Z caller=poller.go:252 msg="blocklist poll complete" seconds=0.041109409
level=info ts=2026-01-08T07:23:34.893661294Z caller=compactor.go:145 msg="starting compaction cycle" tenantID=tenant-1 offset=0
level=info ts=2026-01-08T07:23:34.893694722Z caller=compactor.go:158 msg="compaction cycle complete. No more blocks to compact" tenantID=tenant-1
level=info ts=2026-01-08T07:24:04.894228534Z caller=compactor.go:145 msg="starting compaction cycle" tenantID=tenant-1 offset=0
level=info ts=2026-01-08T07:24:04.894258425Z caller=compactor.go:158 msg="compaction cycle complete. No more blocks to compact" tenantID=tenant-1
level=info ts=2026-01-08T07:24:34.895040582Z caller=compactor.go:145 msg="starting compaction cycle" tenantID=tenant-1 offset=0
level=info ts=2026-01-08T07:24:34.895075236Z caller=compactor.go:158 msg="compaction cycle complete. No more blocks to compact" tenantID=tenant-1
level=info ts=2026-01-08T07:25:04.89572927Z caller=compactor.go:145 msg="starting compaction cycle" tenantID=tenant-1 offset=0
level=info ts=2026-01-08T07:25:04.895774382Z caller=compactor.go:158 msg="compaction cycle complete. No more blocks to compact" tenantID=tenant-1
level=info ts=2026-01-08T07:25:34.896220407Z caller=compactor.go:145 msg="starting compaction cycle" tenantID=tenant-1 offset=0
level=info ts=2026-01-08T07:25:34.896249614Z caller=compactor.go:158 msg="compaction cycle complete. No more blocks to compact" tenantID=tenant-1
level=info ts=2026-01-08T07:26:04.897215933Z caller=compactor.go:145 msg="starting compaction cycle" tenantID=tenant-1 offset=0
level=info ts=2026-01-08T07:26:04.897256999Z caller=compactor.go:158 msg="compaction cycle complete. No more blocks to compact" tenantID=tenant-1
level=info ts=2026-01-08T07:26:34.897775114Z caller=compactor.go:145 msg="starting compaction cycle" tenantID=tenant-1 offset=0
level=info ts=2026-01-08T07:26:34.897824236Z caller=compactor.go:158 msg="compaction cycle complete. No more blocks to compact" tenantID=tenant-1
level=info ts=2026-01-08T07:27:04.89857284Z caller=compactor.go:145 msg="starting compaction cycle" tenantID=tenant-1 offset=0
level=info ts=2026-01-08T07:27:04.898620181Z caller=compactor.go:158 msg="compaction cycle complete. No more blocks to compact" tenantID=tenant-1
level=info ts=2026-01-08T07:27:34.899464952Z caller=compactor.go:145 msg="starting compaction cycle" tenantID=tenant-1 offset=0
level=info ts=2026-01-08T07:27:34.899499835Z caller=compactor.go:158 msg="compaction cycle complete. No more blocks to compact" tenantID=tenant-1
level=info ts=2026-01-08T07:28:04.872000928Z caller=poller.go:305 msg="writing tenant index" tenant=tenant-1 metas=3 compactedMetas=2
level=info ts=2026-01-08T07:28:04.895203793Z caller=poller.go:252 msg="blocklist poll complete" seconds=0.041867043
level=info ts=2026-01-08T07:28:04.900317311Z caller=compactor.go:145 msg="starting compaction cycle" tenantID=tenant-1 offset=0
level=info ts=2026-01-08T07:28:04.900342716Z caller=compactor.go:158 msg="compaction cycle complete. No more blocks to compact" tenantID=tenant-1
level=info ts=2026-01-08T07:28:34.900540664Z caller=compactor.go:145 msg="starting compaction cycle" tenantID=tenant-1 offset=0
level=info ts=2026-01-08T07:28:34.900572758Z caller=compactor.go:158 msg="compaction cycle complete. No more blocks to compact" tenantID=tenant-1
level=info ts=2026-01-08T07:29:04.901045778Z caller=compactor.go:145 msg="starting compaction cycle" tenantID=tenant-1 offset=0
level=info ts=2026-01-08T07:29:04.901076554Z caller=compactor.go:158 msg="compaction cycle complete. No more blocks to compact" tenantID=tenant-1
level=info ts=2026-01-08T07:29:34.90139678Z caller=compactor.go:145 msg="starting compaction cycle" tenantID=tenant-1 offset=0
level=info ts=2026-01-08T07:29:34.901428338Z caller=compactor.go:158 msg="compaction cycle complete. No more blocks to compact" tenantID=tenant-1
level=info ts=2026-01-08T07:30:04.902222072Z caller=compactor.go:145 msg="starting compaction cycle" tenantID=tenant-1 offset=0
level=info ts=2026-01-08T07:30:04.90226117Z caller=compactor.go:158 msg="compaction cycle complete. No more blocks to compact" tenantID=tenant-1
level=info ts=2026-01-08T07:30:34.902453597Z caller=compactor.go:145 msg="starting compaction cycle" tenantID=tenant-1 offset=0
level=info ts=2026-01-08T07:30:34.902484075Z caller=compactor.go:158 msg="compaction cycle complete. No more blocks to compact" tenantID=tenant-1
level=info ts=2026-01-08T07:31:04.903519712Z caller=compactor.go:145 msg="starting compaction cycle" tenantID=tenant-1 offset=0
level=info ts=2026-01-08T07:31:04.903548825Z caller=compactor.go:158 msg="compaction cycle complete. No more blocks to compact" tenantID=tenant-1
level=info ts=2026-01-08T07:31:34.904594812Z caller=compactor.go:145 msg="starting compaction cycle" tenantID=tenant-1 offset=0
level=info ts=2026-01-08T07:31:34.904630108Z caller=compactor.go:158 msg="compaction cycle complete. No more blocks to compact" tenantID=tenant-1
level=info ts=2026-01-08T07:32:04.905033568Z caller=compactor.go:145 msg="starting compaction cycle" tenantID=tenant-1 offset=0
level=info ts=2026-01-08T07:32:04.905079943Z caller=compactor.go:158 msg="compaction cycle complete. No more blocks to compact" tenantID=tenant-1
level=info ts=2026-01-08T07:32:34.905714842Z caller=compactor.go:145 msg="starting compaction cycle" tenantID=tenant-1 offset=0
level=info ts=2026-01-08T07:32:34.905765384Z caller=compactor.go:158 msg="compaction cycle complete. No more blocks to compact" tenantID=tenant-1
level=info ts=2026-01-08T07:33:04.87169217Z caller=poller.go:305 msg="writing tenant index" tenant=tenant-1 metas=3 compactedMetas=2
level=info ts=2026-01-08T07:33:04.890778242Z caller=poller.go:252 msg="blocklist poll complete" seconds=0.037288488
level=info ts=2026-01-08T07:33:04.905893053Z caller=compactor.go:145 msg="starting compaction cycle" tenantID=tenant-1 offset=0
level=info ts=2026-01-08T07:33:04.905916085Z caller=compactor.go:158 msg="compaction cycle complete. No more blocks to compact" tenantID=tenant-1
level=info ts=2026-01-08T07:33:34.906850317Z caller=compactor.go:145 msg="starting compaction cycle" tenantID=tenant-1 offset=0
level=info ts=2026-01-08T07:33:34.906894342Z caller=compactor.go:158 msg="compaction cycle complete. No more blocks to compact" tenantID=tenant-1
level=info ts=2026-01-08T07:34:04.907563326Z caller=compactor.go:145 msg="starting compaction cycle" tenantID=tenant-1 offset=0
level=info ts=2026-01-08T07:34:04.907622366Z caller=compactor.go:158 msg="compaction cycle complete. No more blocks to compact" tenantID=tenant-1
level=info ts=2026-01-08T07:34:34.907719985Z caller=compactor.go:145 msg="starting compaction cycle" tenantID=tenant-1 offset=0
level=info ts=2026-01-08T07:34:34.907754895Z caller=compactor.go:158 msg="compaction cycle complete. No more blocks to compact" tenantID=tenant-1
level=info ts=2026-01-08T07:35:04.90822759Z caller=compactor.go:145 msg="starting compaction cycle" tenantID=tenant-1 offset=0
level=info ts=2026-01-08T07:35:04.908257146Z caller=compactor.go:158 msg="compaction cycle complete. No more blocks to compact" tenantID=tenant-1
level=info ts=2026-01-08T07:35:34.908909846Z caller=compactor.go:145 msg="starting compaction cycle" tenantID=tenant-1 offset=0
level=info ts=2026-01-08T07:35:34.908947978Z caller=compactor.go:158 msg="compaction cycle complete. No more blocks to compact" tenantID=tenant-1
level=info ts=2026-01-08T07:36:04.909241617Z caller=compactor.go:145 msg="starting compaction cycle" tenantID=tenant-1 offset=0
level=info ts=2026-01-08T07:36:04.909298355Z caller=compactor.go:158 msg="compaction cycle complete. No more blocks to compact" tenantID=tenant-1
level=info ts=2026-01-08T07:36:34.910229891Z caller=compactor.go:145 msg="starting compaction cycle" tenantID=tenant-1 offset=0
level=info ts=2026-01-08T07:36:34.910267444Z caller=compactor.go:158 msg="compaction cycle complete. No more blocks to compact" tenantID=tenant-1
level=info ts=2026-01-08T07:37:04.910742485Z caller=compactor.go:145 msg="starting compaction cycle" tenantID=tenant-1 offset=0
level=info ts=2026-01-08T07:37:04.91077374Z caller=compactor.go:158 msg="compaction cycle complete. No more blocks to compact" tenantID=tenant-1
level=info ts=2026-01-08T07:37:34.910924643Z caller=compactor.go:145 msg="starting compaction cycle" tenantID=tenant-1 offset=0
level=info ts=2026-01-08T07:37:34.910977392Z caller=compactor.go:158 msg="compaction cycle complete. No more blocks to compact" tenantID=tenant-1
level=info ts=2026-01-08T07:38:04.879837746Z caller=poller.go:305 msg="writing tenant index" tenant=tenant-1 metas=4 compactedMetas=2
level=info ts=2026-01-08T07:38:04.89891032Z caller=poller.go:252 msg="blocklist poll complete" seconds=0.04506935
level=info ts=2026-01-08T07:38:04.910985112Z caller=compactor.go:145 msg="starting compaction cycle" tenantID=tenant-1 offset=0
level=info ts=2026-01-08T07:38:04.91101489Z caller=compactor.go:170 msg="Compacting hash" hashString=tenant-1-0-491071-0
level=info ts=2026-01-08T07:38:04.911048535Z caller=compactor.go:266 msg="compacting block" version=vParquet4 tenantID=tenant-1 blockID=d57aca52-a91f-40a5-8b19-4e172a8bf9f2 startTime="2026-01-08 07:10:57 +0000 UTC" endTime="2026-01-08 07:22:49 +0000 UTC" totalObjects=10980 size=46342327 compactionLevel=0 encoding=none totalRecords=10980 bloomShardCount=1 footerSize=18380 replicationFactor=0
level=info ts=2026-01-08T07:38:04.912982476Z caller=compactor.go:266 msg="compacting block" version=vParquet4 tenantID=tenant-1 blockID=4f13c45c-b2b9-4973-9f39-b96634865995 startTime="2026-01-08 07:21:09 +0000 UTC" endTime="2026-01-08 07:32:59 +0000 UTC" totalObjects=10980 size=46345426 compactionLevel=0 encoding=none totalRecords=10980 bloomShardCount=1 footerSize=18380 replicationFactor=0
level=info ts=2026-01-08T07:38:09.039136146Z caller=compactor.go:277 msg="wrote compacted block" version=vParquet4 tenantID=tenant-1 blockID=d2704644-d32e-457a-9a70-53a17dfb4335 startTime="2026-01-08 07:10:57 +0000 UTC" endTime="2026-01-08 07:32:59 +0000 UTC" totalObjects=21960 size=92865616 compactionLevel=1 encoding=none totalRecords=21960 bloomShardCount=1 footerSize=18489 replicationFactor=0 dedicatedColumns=[]
level=info ts=2026-01-08T07:38:09.054640319Z caller=compactor.go:360 msg="compaction complete" elapsed=4.143595996s blockID=d2704644-d32e-457a-9a70-53a17dfb4335
level=info ts=2026-01-08T07:38:09.054689601Z caller=compactor.go:158 msg="compaction cycle complete. No more blocks to compact" tenantID=tenant-1
level=info ts=2026-01-08T07:38:34.911212006Z caller=compactor.go:145 msg="starting compaction cycle" tenantID=tenant-1 offset=0
level=info ts=2026-01-08T07:38:34.911265066Z caller=compactor.go:170 msg="Compacting hash" hashString=tenant-1-1-491071-0
level=info ts=2026-01-08T07:38:34.911292128Z caller=compactor.go:266 msg="compacting block" version=vParquet4 tenantID=tenant-1 blockID=1a9a6f9b-716e-4521-bc1c-f9cc382dc83b startTime="2026-01-08 06:50:50 +0000 UTC" endTime="2026-01-08 07:12:39 +0000 UTC" totalObjects=21780 size=92104743 compactionLevel=1 encoding=none totalRecords=21780 bloomShardCount=1 footerSize=18506 replicationFactor=0
level=info ts=2026-01-08T07:38:34.914511025Z caller=compactor.go:266 msg="compacting block" version=vParquet4 tenantID=tenant-1 blockID=d2704644-d32e-457a-9a70-53a17dfb4335 startTime="2026-01-08 07:10:57 +0000 UTC" endTime="2026-01-08 07:32:59 +0000 UTC" totalObjects=21960 size=92865616 compactionLevel=1 encoding=none totalRecords=21960 bloomShardCount=1 footerSize=18489 replicationFactor=0
level=info ts=2026-01-08T07:38:42.982393337Z caller=compactor.go:277 msg="wrote compacted block" version=vParquet4 tenantID=tenant-1 blockID=dcfc6e5a-692e-448a-b52d-a0e8bf3216f7 startTime="2026-01-08 06:50:50 +0000 UTC" endTime="2026-01-08 07:32:59 +0000 UTC" totalObjects=43740 size=185373820 compactionLevel=2 encoding=none totalRecords=43740 bloomShardCount=1 footerSize=18850 replicationFactor=0 dedicatedColumns=[]
level=info ts=2026-01-08T07:38:42.99813878Z caller=compactor.go:360 msg="compaction complete" elapsed=8.086851706s blockID=dcfc6e5a-692e-448a-b52d-a0e8bf3216f7
level=info ts=2026-01-08T07:38:42.998179458Z caller=compactor.go:158 msg="compaction cycle complete. No more blocks to compact" tenantID=tenant-1
level=info ts=2026-01-08T07:39:04.912042323Z caller=compactor.go:145 msg="starting compaction cycle" tenantID=tenant-1 offset=0
level=info ts=2026-01-08T07:39:04.912076279Z caller=compactor.go:158 msg="compaction cycle complete. No more blocks to compact" tenantID=tenant-1
level=info ts=2026-01-08T07:39:34.912555351Z caller=compactor.go:145 msg="starting compaction cycle" tenantID=tenant-1 offset=0
level=info ts=2026-01-08T07:39:34.912585517Z caller=compactor.go:158 msg="compaction cycle complete. No more blocks to compact" tenantID=tenant-1
level=info ts=2026-01-08T07:40:04.913300728Z caller=compactor.go:145 msg="starting compaction cycle" tenantID=tenant-1 offset=0
level=info ts=2026-01-08T07:40:04.913330796Z caller=compactor.go:158 msg="compaction cycle complete. No more blocks to compact" tenantID=tenant-1
level=info ts=2026-01-08T07:40:34.913609546Z caller=compactor.go:145 msg="starting compaction cycle" tenantID=tenant-1 offset=0
level=info ts=2026-01-08T07:40:34.913637686Z caller=compactor.go:158 msg="compaction cycle complete. No more blocks to compact" tenantID=tenant-1
level=info ts=2026-01-08T07:41:04.914457217Z caller=compactor.go:145 msg="starting compaction cycle" tenantID=tenant-1 offset=0
level=info ts=2026-01-08T07:41:04.914494778Z caller=compactor.go:158 msg="compaction cycle complete. No more blocks to compact" tenantID=tenant-1
level=info ts=2026-01-08T07:41:34.915147766Z caller=compactor.go:145 msg="starting compaction cycle" tenantID=tenant-1 offset=0
level=info ts=2026-01-08T07:41:34.91518102Z caller=compactor.go:158 msg="compaction cycle complete. No more blocks to compact" tenantID=tenant-1
level=info ts=2026-01-08T07:42:04.915196271Z caller=compactor.go:145 msg="starting compaction cycle" tenantID=tenant-1 offset=0
level=info ts=2026-01-08T07:42:04.915227234Z caller=compactor.go:158 msg="compaction cycle complete. No more blocks to compact" tenantID=tenant-1
level=info ts=2026-01-08T07:42:34.915782563Z caller=compactor.go:145 msg="starting compaction cycle" tenantID=tenant-1 offset=0
level=info ts=2026-01-08T07:42:34.915831867Z caller=compactor.go:158 msg="compaction cycle complete. No more blocks to compact" tenantID=tenant-1
level=info ts=2026-01-08T07:43:04.870890681Z caller=poller.go:305 msg="writing tenant index" tenant=tenant-1 metas=2 compactedMetas=6
level=info ts=2026-01-08T07:43:04.893952997Z caller=poller.go:252 msg="blocklist poll complete" seconds=0.040184325
level=info ts=2026-01-08T07:43:04.916067267Z caller=compactor.go:145 msg="starting compaction cycle" tenantID=tenant-1 offset=0
level=info ts=2026-01-08T07:43:04.916090175Z caller=compactor.go:158 msg="compaction cycle complete. No more blocks to compact" tenantID=tenant-1
level=info ts=2026-01-08T07:43:34.917021493Z caller=compactor.go:145 msg="starting compaction cycle" tenantID=tenant-1 offset=0
level=info ts=2026-01-08T07:43:34.917074242Z caller=compactor.go:158 msg="compaction cycle complete. No more blocks to compact" tenantID=tenant-1
level=info ts=2026-01-08T07:44:04.917532653Z caller=compactor.go:145 msg="starting compaction cycle" tenantID=tenant-1 offset=0
level=info ts=2026-01-08T07:44:04.91756205Z caller=compactor.go:158 msg="compaction cycle complete. No more blocks to compact" tenantID=tenant-1
level=info ts=2026-01-08T07:44:34.917567002Z caller=compactor.go:145 msg="starting compaction cycle" tenantID=tenant-1 offset=0
level=info ts=2026-01-08T07:44:34.917612699Z caller=compactor.go:158 msg="compaction cycle complete. No more blocks to compact" tenantID=tenant-1
level=info ts=2026-01-08T07:45:04.918579794Z caller=compactor.go:145 msg="starting compaction cycle" tenantID=tenant-1 offset=0
level=info ts=2026-01-08T07:45:04.91862803Z caller=compactor.go:158 msg="compaction cycle complete. No more blocks to compact" tenantID=tenant-1
level=info ts=2026-01-08T07:45:34.919630763Z caller=compactor.go:145 msg="starting compaction cycle" tenantID=tenant-1 offset=0
level=info ts=2026-01-08T07:45:34.919678873Z caller=compactor.go:158 msg="compaction cycle complete. No more blocks to compact" tenantID=tenant-1
level=info ts=2026-01-08T07:46:04.920012605Z caller=compactor.go:145 msg="starting compaction cycle" tenantID=tenant-1 offset=0
level=info ts=2026-01-08T07:46:04.920046556Z caller=compactor.go:158 msg="compaction cycle complete. No more blocks to compact" tenantID=tenant-1
level=info ts=2026-01-08T07:46:34.920850677Z caller=compactor.go:145 msg="starting compaction cycle" tenantID=tenant-1 offset=0
level=info ts=2026-01-08T07:46:34.92087908Z caller=compactor.go:158 msg="compaction cycle complete. No more blocks to compact" tenantID=tenant-1
level=info ts=2026-01-08T07:47:04.921678203Z caller=compactor.go:145 msg="starting compaction cycle" tenantID=tenant-1 offset=0
level=info ts=2026-01-08T07:47:04.921716601Z caller=compactor.go:158 msg="compaction cycle complete. No more blocks to compact" tenantID=tenant-1
level=info ts=2026-01-08T07:47:34.922581906Z caller=compactor.go:145 msg="starting compaction cycle" tenantID=tenant-1 offset=0
level=info ts=2026-01-08T07:47:34.922616351Z caller=compactor.go:158 msg="compaction cycle complete. No more blocks to compact" tenantID=tenant-1
level=info ts=2026-01-08T07:48:04.879159693Z caller=poller.go:305 msg="writing tenant index" tenant=tenant-1 metas=3 compactedMetas=6
level=info ts=2026-01-08T07:48:04.89872495Z caller=poller.go:252 msg="blocklist poll complete" seconds=0.045213332
level=info ts=2026-01-08T07:48:04.922854269Z caller=compactor.go:145 msg="starting compaction cycle" tenantID=tenant-1 offset=0
level=info ts=2026-01-08T07:48:04.922878027Z caller=compactor.go:158 msg="compaction cycle complete. No more blocks to compact" tenantID=tenant-1
level=info ts=2026-01-08T07:48:34.923070977Z caller=compactor.go:145 msg="starting compaction cycle" tenantID=tenant-1 offset=0
level=info ts=2026-01-08T07:48:34.923097805Z caller=compactor.go:158 msg="compaction cycle complete. No more blocks to compact" tenantID=tenant-1
level=info ts=2026-01-08T07:49:04.923128826Z caller=compactor.go:145 msg="starting compaction cycle" tenantID=tenant-1 offset=0
level=info ts=2026-01-08T07:49:04.92316659Z caller=compactor.go:158 msg="compaction cycle complete. No more blocks to compact" tenantID=tenant-1
level=info ts=2026-01-08T07:49:34.924011435Z caller=compactor.go:145 msg="starting compaction cycle" tenantID=tenant-1 offset=0
level=info ts=2026-01-08T07:49:34.924042681Z caller=compactor.go:158 msg="compaction cycle complete. No more blocks to compact" tenantID=tenant-1
level=info ts=2026-01-08T07:50:04.924876714Z caller=compactor.go:145 msg="starting compaction cycle" tenantID=tenant-1 offset=0
level=info ts=2026-01-08T07:50:04.924929236Z caller=compactor.go:158 msg="compaction cycle complete. No more blocks to compact" tenantID=tenant-1
level=info ts=2026-01-08T07:50:34.925753365Z caller=compactor.go:145 msg="starting compaction cycle" tenantID=tenant-1 offset=0
level=info ts=2026-01-08T07:50:34.925781062Z caller=compactor.go:158 msg="compaction cycle complete. No more blocks to compact" tenantID=tenant-1
level=info ts=2026-01-08T07:51:04.926535816Z caller=compactor.go:145 msg="starting compaction cycle" tenantID=tenant-1 offset=0
level=info ts=2026-01-08T07:51:04.926570171Z caller=compactor.go:158 msg="compaction cycle complete. No more blocks to compact" tenantID=tenant-1
level=info ts=2026-01-08T07:51:34.927392561Z caller=compactor.go:145 msg="starting compaction cycle" tenantID=tenant-1 offset=0
level=info ts=2026-01-08T07:51:34.927442445Z caller=compactor.go:158 msg="compaction cycle complete. No more blocks to compact" tenantID=tenant-1
level=info ts=2026-01-08T07:52:04.928319593Z caller=compactor.go:145 msg="starting compaction cycle" tenantID=tenant-1 offset=0
level=info ts=2026-01-08T07:52:04.928358001Z caller=compactor.go:158 msg="compaction cycle complete. No more blocks to compact" tenantID=tenant-1
level=info ts=2026-01-08T07:52:34.929312711Z caller=compactor.go:145 msg="starting compaction cycle" tenantID=tenant-1 offset=0
level=info ts=2026-01-08T07:52:34.929341547Z caller=compactor.go:158 msg="compaction cycle complete. No more blocks to compact" tenantID=tenant-1
level=info ts=2026-01-08T07:53:04.872260988Z caller=poller.go:305 msg="writing tenant index" tenant=tenant-1 metas=3 compactedMetas=6
level=info ts=2026-01-08T07:53:04.891217051Z caller=poller.go:252 msg="blocklist poll complete" seconds=0.037834987
level=info ts=2026-01-08T07:53:04.930338345Z caller=compactor.go:145 msg="starting compaction cycle" tenantID=tenant-1 offset=0
level=info ts=2026-01-08T07:53:04.930371944Z caller=compactor.go:158 msg="compaction cycle complete. No more blocks to compact" tenantID=tenant-1
level=info ts=2026-01-08T07:53:34.930516936Z caller=compactor.go:145 msg="starting compaction cycle" tenantID=tenant-1 offset=0
level=info ts=2026-01-08T07:53:34.930548331Z caller=compactor.go:158 msg="compaction cycle complete. No more blocks to compact" tenantID=tenant-1
level=info ts=2026-01-08T07:54:04.931052255Z caller=compactor.go:145 msg="starting compaction cycle" tenantID=tenant-1 offset=0
level=info ts=2026-01-08T07:54:04.931080248Z caller=compactor.go:158 msg="compaction cycle complete. No more blocks to compact" tenantID=tenant-1
level=info ts=2026-01-08T07:54:34.931813404Z caller=compactor.go:145 msg="starting compaction cycle" tenantID=tenant-1 offset=0
level=info ts=2026-01-08T07:54:34.931845135Z caller=compactor.go:158 msg="compaction cycle complete. No more blocks to compact" tenantID=tenant-1
level=info ts=2026-01-08T07:55:04.932310151Z caller=compactor.go:145 msg="starting compaction cycle" tenantID=tenant-1 offset=0
level=info ts=2026-01-08T07:55:04.932349931Z caller=compactor.go:158 msg="compaction cycle complete. No more blocks to compact" tenantID=tenant-1
level=info ts=2026-01-08T07:55:34.933097674Z caller=compactor.go:145 msg="starting compaction cycle" tenantID=tenant-1 offset=0
level=info ts=2026-01-08T07:55:34.933157921Z caller=compactor.go:158 msg="compaction cycle complete. No more blocks to compact" tenantID=tenant-1
level=info ts=2026-01-08T07:56:04.933550001Z caller=compactor.go:145 msg="starting compaction cycle" tenantID=tenant-1 offset=0
level=info ts=2026-01-08T07:56:04.933580483Z caller=compactor.go:158 msg="compaction cycle complete. No more blocks to compact" tenantID=tenant-1
level=info ts=2026-01-08T07:56:34.934637933Z caller=compactor.go:145 msg="starting compaction cycle" tenantID=tenant-1 offset=0
level=info ts=2026-01-08T07:56:34.934693464Z caller=compactor.go:158 msg="compaction cycle complete. No more blocks to compact" tenantID=tenant-1
level=info ts=2026-01-08T07:57:04.935157186Z caller=compactor.go:145 msg="starting compaction cycle" tenantID=tenant-1 offset=0
level=info ts=2026-01-08T07:57:04.935192644Z caller=compactor.go:158 msg="compaction cycle complete. No more blocks to compact" tenantID=tenant-1
