level=warn ts=2026-01-06T08:22:06.587667089Z caller=main.go:119 msg="-- CONFIGURATION WARNINGS --"
level=warn ts=2026-01-06T08:22:06.58769879Z caller=main.go:125 msg="Inline, unscoped overrides are deprecated. Please use the new overrides config format."
level=info ts=2026-01-06T08:22:06.587805832Z caller=main.go:103 msg="Starting Tempo" version="(version=2.9.0, branch=HEAD, revision=f1b3ef152)" target=distributor
level=info msg="server listening on addresses" http=[::]:3101 grpc=[::]:36337
level=info ts=2026-01-06T08:22:06.589074889Z caller=server.go:281 msg="server listening on addresses" http=[::]:3200 grpc=[::]:9095
level=info ts=2026-01-06T08:22:06.590219315Z caller=memberlist_client.go:484 msg="Using memberlist cluster label and node name" cluster_label= node=tempo-tempostack-distributor-765f44c8c5-t5wb4-ed1ee0de
ts=2026-01-06T08:22:06Z level=info msg="OTel Shim Logger Initialized" component=tempo
level=info ts=2026-01-06T08:22:06.591229787Z caller=memberlist_client.go:628 msg="memberlist fast-join starting" nodes_found=1 to_join=2
level=info ts=2026-01-06T08:22:06.59261285Z caller=module_service.go:82 msg=starting module=internal-server
level=info ts=2026-01-06T08:22:06.592726265Z caller=module_service.go:82 msg=starting module=server
level=info ts=2026-01-06T08:22:06.592963482Z caller=module_service.go:82 msg=starting module=overrides
level=info ts=2026-01-06T08:22:06.59306801Z caller=module_service.go:82 msg=starting module=memberlist-kv
level=info ts=2026-01-06T08:22:06.593215917Z caller=module_service.go:82 msg=starting module=metrics-generator-ring
level=info ts=2026-01-06T08:22:06.593221837Z caller=module_service.go:82 msg=starting module=live-store-ring
level=info ts=2026-01-06T08:22:06.59334027Z caller=module_service.go:82 msg=starting module=ring
level=info ts=2026-01-06T08:22:06.603502131Z caller=memberlist_client.go:648 msg="memberlist fast-join finished" joined_nodes=3 elapsed_time=12.274967ms
level=info ts=2026-01-06T08:22:06.603529154Z caller=memberlist_client.go:666 phase=startup msg="joining memberlist cluster" join_members=tempo-tempostack-gossip-ring
level=info ts=2026-01-06T08:22:06.603586265Z caller=ring.go:365 msg="ring doesn't exist in KV store yet"
level=info ts=2026-01-06T08:22:06.603603432Z caller=ring.go:365 msg="ring doesn't exist in KV store yet"
level=info ts=2026-01-06T08:22:06.603575095Z caller=ring.go:365 msg="ring doesn't exist in KV store yet"
level=info ts=2026-01-06T08:22:06.603687445Z caller=module_service.go:82 msg=starting module=distributor
ts=2026-01-06T08:22:06Z level=info msg="Starting GRPC server" component=tempo endpoint=0.0.0.0:4317
ts=2026-01-06T08:22:06Z level=info msg="Starting HTTP server" component=tempo endpoint=0.0.0.0:4318
level=info ts=2026-01-06T08:22:06.604496491Z caller=app.go:213 msg="Tempo started"
level=info ts=2026-01-06T08:22:06.610854576Z caller=memberlist_client.go:673 phase=startup msg="joining memberlist cluster succeeded" reached_nodes=3 elapsed_time=7.318757ms
